Version 4
Tests from build 97ec2d1486c479631165182da325d6f72d8bddb6
Tag: rbernon-w10pro64-win64
Build info:
    Compiler: clang 19.1.7 (3+b1) (msvc 1933)
Operating system version:
    Platform=x86_64
    bRunningUnderWine=0
    bRunningOnVisibleDesktop=1
    Account=admin, elevated
    Submitter=Remi Bernon <rbernon@codeweavers.com>
    Description=Windows 10 Pro 64bit / QEMU running on Debian GNU/Linux trixie/sid / Linux 5f7dae4429f9 6.11.0-1018-azure #18~24.04.1-Ubuntu SMP Sat Jun 28 04:46:03 UTC 2025 x86_64 GNU/Linux, [CPU:2*AMD EPYC 7763 64-Core Processor RAM:4G display:1920x1080 virtio-vga x1]
    dwMajorVersion=10
    dwMinorVersion=0
    dwBuildNumber=19045
    PlatformId=2
    szCSDVersion=
    UBR=2965
    wServicePackMajor=0
    wServicePackMinor=0
    wSuiteMask=256
    wProductType=1
    wReserved=0
    dwProductInfo=48
    SystemDefaultLCID=0409
    UserDefaultLCID=0409
    ThreadLocale=0409
    SystemPreferredUILanguages=0409
    UserDefaultUILanguage=0409
    ThreadUILanguage=0409
    KeyboardLayout=0000000004090409
    Country=244
    ACP=1252
Dll info:
    activeds=10.0.19041.746
    adsldp=10.0.19041.1320
    advapi32=10.0.19041.2913
    advpack=11.0.19041.1
    amstream=10.0.19041.746
    apphelp=10.0.19041.2913
    atl100=dll is missing
    atl110=dll is missing
    atl80=dll is missing the requested side-by-side version
    atlthunk=10.0.19041.546
    atl=3.5.2284.0
    avifil32=10.0.19041.1
    bcp47langs=10.0.19041.1566
    bcrypt=10.0.19041.2486
    bluetoothapis=10.0.19041.546
    browseui=10.0.19041.1
    cabinet=5.0.1.1
    cfgmgr32=10.0.19041.1620
    cmd.exe=10.0.19041.746
    combase=10.0.19041.2788
    comcat=10.0.19041.1
    comctl32=6.10.19041.1110
    comdlg32=10.0.19041.1806
    compstui=10.0.19041.1806
    comsvcs=2001.12.10941.16384
    concrt140=dll is missing
    conhost.exe=10.0.19041.2546
    coremessaging=10.0.19041.2193
    credui=10.0.19041.2788
    crypt32=10.0.19041.2965
    cryptext=10.0.19041.746
    cryptnet=10.0.19041.906
    cryptowinrt=10.0.19041.746
    cryptui=10.0.19041.2486
    cryptxml=10.0.19041.1
    d2d1=10.0.19041.546
    d3d10core=10.0.19041.1
    d3d10_1=10.0.19041.1
    d3d10=10.0.19041.1
    d3d11=10.0.19041.2913
    d3d12=10.0.19041.1266
    d3d8=dll is missing
    d3d9=10.0.19041.2788
    d3dcompiler_42=dll is missing
    d3dcompiler_43=dll is missing
    d3dcompiler_46=dll is missing
    d3dcompiler_47=10.0.19041.868
    d3drm=dll is missing
    d3dx10_33=dll is missing
    d3dx10_34=dll is missing
    d3dx10_35=dll is missing
    d3dx10_36=dll is missing
    d3dx10_37=dll is missing
    d3dx10_38=dll is missing
    d3dx10_39=dll is missing
    d3dx10_40=dll is missing
    d3dx10_41=dll is missing
    d3dx10_42=dll is missing
    d3dx10_43=dll is missing
    d3dx11_42=dll is missing
    d3dx11_43=dll is missing
    d3dx9_35=dll is missing
    d3dx9_36=dll is missing
    d3dx9_42=dll is missing
    d3dx9_43=dll is missing
    d3dxof=dll is missing
    dataexchange=10.0.19041.1387
    dbgeng=10.0.19041.1503
    dbghelp=10.0.19041.867
    ddrawex=10.0.19041.1
    ddraw=10.0.19041.1
    devenum=10.0.19041.746
    dhcpcsvc=10.0.19041.2673
    dinput=10.0.19041.1
    directmanipulation=10.0.19041.1566
    dispex=5.812.10240.16384
    dmband=dll is missing
    dmcompos=dll is missing
    dmime=dll is missing
    dmloader=10.0.19041.2728
    dmscript=dll is missing
    dmstyle=dll is missing
    dmsynth=10.0.19041.2728
    dmusic=10.0.19041.2728
    dnsapi=10.0.19041.2546
    dplayx=dll is missing
    dpnet=dll is a stub
    dpvoice=dll is missing
    dsdmo=10.0.19041.2728
    dsound=10.0.19041.2728
    dssenh=10.0.19041.1052
    dswave=10.0.19041.2728
    dwmapi=10.0.19041.746
    dwrite=10.0.19041.1566
    dxcore=10.0.19041.546
    dxdiagn=10.0.19041.2075
    dxgi=10.0.19041.2311
    dxva2=10.0.19041.1
    evr=10.0.19041.546
    explorer.exe=10.0.19041.2913
    explorerframe=10.0.19041.1949
    faultrep=10.0.19041.2546
    fc.exe=10.0.19041.1
    find.exe=10.0.19041.1806
    findstr.exe=10.0.19041.1
    fsutil.exe=10.0.19041.1
    fusion=dll is missing
    gameux=10.0.19041.746
    gdi32=10.0.19041.2913
    gdiplus=10.0.19041.2251
    geolocation=10.0.19041.746
    glu32=10.0.19041.2193
    graphicscapture=10.0.19041.2673
    hid=10.0.19041.546
    hlink=10.0.19041.2673
    hnetcfg=10.0.19041.1865
    httpapi=10.0.19041.1110
    hvsimanagementapi=version not present 1813
    iccvid=dll is missing
    icmui=10.0.19041.1
    ieframe=11.0.19041.2913
    iertutil=11.0.19041.2965
    imagehlp=10.0.19041.1415
    imm32=10.0.19041.2673
    inetcomm=10.0.19041.928
    inetmib1=10.0.19041.1
    infosoft=dll is missing
    iphlpapi=10.0.19041.2788
    ir50_32=dll is missing
    itss=10.0.19041.1
    jscript=5.812.10240.16384
    jsproxy=11.0.19041.2193
    kernel32=10.0.19041.2913
    kernelbase=10.0.19041.2913
    localspl=10.0.19041.2913
    localui=10.0.19041.2913
    lz32=5.0.1.1
    mapi32=1.0.2536.0
    mfmediaengine=10.0.19041.1865
    mfplat=10.0.19041.746
    mfplay=10.0.19041.746
    mfreadwrite=10.0.19041.746
    mfsrcsnk=10.0.19041.906
    mf=10.0.19041.2965
    mlang=10.0.19041.746
    mmcndmgr=10.0.19041.1566
    mmdevapi=10.0.19041.1503
    mp3dmod=10.0.19041.1
    mpr=10.0.19041.1806
    msacm32=10.0.19041.1
    msado15=dll is missing
    msasn1=10.0.19041.2251
    mscms=10.0.19041.746
    mscoree=10.0.19041.1
    msctf=10.0.19041.2673
    msdasql=dll is missing
    msdmo=10.0.19041.1
    msftedit=10.0.19041.1288
    mshtml=11.0.19041.2965
    msi=5.0.19041.2251
    mspatcha=5.0.1.1
    msrle32=10.0.19041.1
    msscript.ocx=dll is missing
    mstask=10.0.19041.1
    msvcirt=7.0.19041.1
    msvcp100=dll is missing
    msvcp110=dll is missing
    msvcp120=dll is missing
    msvcp140_1=dll is missing
    msvcp140_2=dll is missing
    msvcp140_atomic_wait=dll is missing
    msvcp140=dll is missing
    msvcp60=7.0.19041.1
    msvcp90=9.0.30729.9625
    msvcr100=dll is missing
    msvcr110=dll is missing
    msvcr120=dll is missing
    msvcr70=dll is missing
    msvcr71=dll is missing
    msvcr80=8.0.50727.9672
    msvcr90=9.0.30729.9625
    msvcrtd=dll is missing
    msvcrt=7.0.19041.546
    msvfw32=10.0.19041.1
    msxml3=8.110.19041.844
    msxml4=dll is missing
    msxml6=6.30.19041.1023
    ncrypt=10.0.19041.2788
    ndis.sys=dll is missing
    net.exe=10.0.19041.1
    netapi32=10.0.19041.2130
    netcfgx=10.0.19041.746
    netprofm=10.0.19041.2913
    ninput=10.0.19041.546
    nsi=10.0.19041.610
    ntdll=10.0.19041.2788
    ntdsapi=10.0.19041.2486
    ntoskrnl.exe=skipped
    ntprint=10.0.19041.1806
    odbc32=10.0.19041.1741
    odbccp32=10.0.19041.1
    ole32=10.0.19041.2965
    oleacc=7.2.19041.746
    oleaut32=10.0.19041.985
    oledb32=6.2.19041.746
    oledlg=10.0.19041.746
    opcservices=10.0.19041.2075
    opengl32=10.0.19041.2193
    packager=10.0.19041.1023
    pdh=10.0.19041.1202
    prntvpt=10.0.19041.1806
    propsys=7.0.19041.1741
    psapi=10.0.19041.546
    pstorec=10.0.19041.1
    qasf=12.0.19041.1
    qcap=10.0.19041.1
    qdvd=10.0.19041.746
    qedit=10.0.19041.746
    qmgr=7.8.19041.2311
    quartz=10.0.19041.746
    qwave=10.0.19041.1741
    rasapi32=10.0.19041.1620
    reg.exe=10.0.19041.1
    regedit.exe=10.0.19041.746
    riched20=5.31.23.1231
    riched32=10.0.19041.1
    rometadata=4.8.3673.0
    rpcrt4=10.0.19041.2965
    rsaenh=10.0.19041.1052
    rtworkq=10.0.19041.1741
    sapi=dll is missing
    sc.exe=10.0.19041.1
    schannel=10.0.19041.2913
    schedsvc=10.0.19041.2486
    schtasks.exe=10.0.19041.1503
    scrobj=5.812.10240.16384
    scrrun=5.812.10240.16384
    secur32=10.0.19041.546
    serialui=10.0.19041.1
    services.exe=10.0.19041.2788
    setupapi=10.0.19041.2193
    shcore=10.0.19041.1865
    shdocvw=10.0.19041.2728
    shell32=10.0.19041.2788
    shlwapi=10.0.19041.2075
    slc=10.0.19041.1682
    snmpapi=10.0.19041.1
    spoolss=10.0.19041.1806
    sti=10.0.19041.2193
    sxs=10.0.19041.2788
    t2embed=10.0.19041.264
    tapi32=10.0.19041.423
    tasklist.exe=10.0.19041.1
    taskschd=10.0.19041.1266
    tdh=10.0.19041.2788
    threadpoolwinrt=10.0.19041.746
    timeout.exe=10.0.19041.1
    twain_32=1.7.1.3
    twinapi.appcore=dll is missing
    ucrtbase=10.0.19041.789
    uianimation=10.0.19041.746
    uiautomationcore=7.2.19041.2788
    urlmon=11.0.19041.2788
    user32=10.0.19041.2788
    userenv=10.0.19041.572
    usp10=10.0.19041.546
    uxtheme=10.0.19041.2193
    vbscript=5.812.10240.16384
    vccorlib140=dll is missing
    vcomp110=dll is missing
    vcomp=dll is missing
    version=10.0.19041.546
    virtdisk=10.0.19041.2311
    vulkan-1=dll is missing
    wbemdisp=10.0.19041.1
    wbemprox=10.0.19041.1320
    webservices=10.0.19041.546
    wer=10.0.19041.2913
    wevtapi=10.0.19041.2193
    wiaservc=10.0.19041.2193
    win32u=10.0.19041.2913
    windows.applicationmodel=dll is missing
    windows.devices.bluetooth=dll is missing
    windows.devices.enumeration=dll is missing
    windows.devices.usb=dll is missing
    windows.gaming.input=dll is missing
    windows.gaming.ui.gamebar=dll is missing
    windows.globalization=dll is missing
    windows.media.devices=dll is missing
    windows.media.mediacontrol=dll is missing
    windows.media.playback.backgroundmediaplayer=dll is missing
    windows.media.playback.mediaplayer=dll is missing
    windows.media.speech=dll is missing
    windows.media=dll is missing
    windows.networking.connectivity=dll is missing
    windows.networking.hostname=dll is missing
    windows.perception.stub=dll is missing
    windows.security.authentication.onlineid=dll is missing
    windows.security.credentials.ui.userconsentverifier=dll is missing
    windows.storage.applicationdata=dll is missing
    windows.storage=dll is missing
    windows.system.profile.systemid=dll is missing
    windows.system.profile.systemmanufacturers=dll is missing
    windows.ui.core.textinput=dll is missing
    windows.ui.xaml=dll is missing
    windows.ui=dll is missing
    windows.web=dll is missing
    windowscodecsext=10.0.19041.546
    windowscodecs=10.0.19041.1706
    wing32=dll is missing
    winhttp=10.0.19041.2673
    wininet=11.0.19041.2193
    winmm=10.0.19041.546
    winscard=10.0.19041.844
    winspool.drv=10.0.19041.2788
    wintab32=dll is missing
    wintrust=10.0.19041.2913
    wintypes=10.0.19041.2788
    wlanapi=10.0.19041.2546
    wldap32=10.0.19041.2006
    wldp=10.0.19041.2788
    wmiutils=10.0.19041.1320
    wmp=12.0.19041.1566
    wmvcore=12.0.19041.2364
    wpcap=dll is missing
    wpc=10.0.19041.1566
    ws2_32=10.0.19041.546
    wscript.exe=5.812.10240.16384
    wsdapi=10.0.19041.1806
    wshom.ocx=5.812.10240.16384
    wsnmp32=10.0.19041.1
    wtsapi32=10.0.19041.546
    xactengine3_7=dll is missing
    xaudio2_7=dll is missing
    xaudio2_8=10.0.19041.1
    xcopy.exe=10.0.19041.1
    xinput1_3=dll is missing
    xmllite=10.0.19041.546
Test output:
activeds:activeds start dlls/activeds/tests/activeds.c
1d88:activeds: 73 tests executed (0 marked as todo, 0 as flaky, 0 failures), 0 skipped.
activeds:activeds:1d88 done (0) in 0s 89B
adsldp:ldap start dlls/adsldp/tests/ldap.c
ldap.c:647: Tests skipped: Computer is not part of an Active Directory Domain
ldap.c:254: search DN L"LDAP://ldap.forumsys.com"
ldap.c:254: search DN L"LDAP://ldap.forumsys.com/OU=scientists,DC=example,DC=com"
ldap.c:254: search DN L"LDAP://ldap.forumsys.com/OU=scientists,DC=example,DC=com"
1a48:ldap: 367 tests executed (0 marked as todo, 0 as flaky, 0 failures), 1 skipped.
adsldp:ldap:1a48 done (0) in 11s 382B
adsldp:sysinfo start dlls/adsldp/tests/sysinfo.c
sysinfo.c:161: Tests skipped: Computer is not part of a domain, skipping the tests
1214:sysinfo: 13 tests executed (0 marked as todo, 0 as flaky, 0 failures), 1 skipped.
adsldp:sysinfo:1214 done (0) in 0s 172B
advapi32:cred start dlls/advapi32/tests/cred.c
cred.c:802: generic:
cred.c:808: domain password:
cred.c:814: domain visible password:
174c:cred: 372 tests executed (0 marked as todo, 0 as flaky, 0 failures), 0 skipped.
advapi32:cred:174c done (0) in 0s 176B
advapi32:crypt start dlls/advapi32/tests/crypt.c
1d28:crypt: 166 tests executed (0 marked as todo, 0 as flaky, 0 failures), 0 skipped.
advapi32:crypt:1d28 done (0) in 0s 87B
advapi32:crypt_lmhash start dlls/advapi32/tests/crypt_lmhash.c
1d40:crypt_lmhash: 75 tests executed (0 marked as todo, 0 as flaky, 0 failures), 0 skipped.
advapi32:crypt_lmhash:1d40 done (0) in 0s 93B
advapi32:crypt_md4 start dlls/advapi32/tests/crypt_md4.c
1d6c:crypt_md4: 11 tests executed (0 marked as todo, 0 as flaky, 0 failures), 0 skipped.
advapi32:crypt_md4:1d6c done (0) in 0s 90B
advapi32:crypt_md5 start dlls/advapi32/tests/crypt_md5.c
1d34:crypt_md5: 5 tests executed (0 marked as todo, 0 as flaky, 0 failures), 0 skipped.
advapi32:crypt_md5:1d34 done (0) in 0s 89B
advapi32:crypt_sha start dlls/advapi32/tests/crypt_sha.c
1b44:crypt_sha: 1 tests executed (0 marked as todo, 0 as flaky, 0 failures), 0 skipped.
advapi32:crypt_sha:1b44 done (0) in 0s 89B
advapi32:eventlog start dlls/advapi32/tests/eventlog.c
eventlog.c:836: Tests skipped: Win7 fails when using incorrect event types
eventlog.c:944: Tests skipped: There is no DWORD alignment enforced for UserSid on Vista, W2K8 or Win7
1d50:eventlog: 622 tests executed (0 marked as todo, 0 as flaky, 0 failures), 2 skipped.
advapi32:eventlog:1d50 done (0) in 2s 270B
advapi32:lsa start dlls/advapi32/tests/lsa.c
lsa.c:103: Running on a standalone system.
lsa.c:148: Running on a standalone system.
1dc8:lsa: 97 tests executed (0 marked as todo, 0 as flaky, 0 failures), 0 skipped.
advapi32:lsa:1dc8 done (0) in 0s 172B
advapi32:perf start dlls/advapi32/tests/perf.c
1dec:perf: 101 tests executed (0 marked as todo, 0 as flaky, 0 failures), 0 skipped.
advapi32:perf:1dec done (0) in 0s 86B
advapi32:registry start dlls/advapi32/tests/registry.c
registry.c:4649: 0: 009 has 8694 entries
registry.c:4649: 1: CurrentLanguage has 8694 entries
1ba0:registry: 137332 tests executed (0 marked as todo, 0 as flaky, 0 failures), 0 skipped.
advapi32:registry:1ba0 done (0) in 1s 189B
advapi32:security start dlls/advapi32/tests/security.c
security.c:353: Tests skipped: 31: failed to convert CA.
security.c:353: Tests skipped: 32: failed to convert DA.
security.c:353: Tests skipped: 33: failed to convert DC.
security.c:353: Tests skipped: 34: failed to convert DD.
security.c:353: Line has been silenced after 4 occurrences
security.c:2119: Tests skipped: Well known SID 38 not implemented
security.c:2119: Tests skipped: Well known SID 39 not implemented
security.c:2119: Tests skipped: Well known SID 40 not implemented
security.c:2119: Tests skipped: Well known SID 41 not implemented
security.c:2119: Line has been silenced after 4 occurrences
security.c:1406: AccessCheck with MAXIMUM_ALLOWED got Access 0x00060019
security.c:1824: TokenGroups:
security.c:1838: S-1-5-21-2586161475-1897639756-1686236147-513, DOCKERW-I0CMQ6H\None use: 2 attr: 0x00000007
security.c:1838: S-1-1-0, \Everyone use: 5 attr: 0x00000007
security.c:1838: S-1-5-114, NT AUTHORITY\Local account and member of Administrators group use: 5 attr: 0x00000007
security.c:1838: S-1-5-32-544, BUILTIN\Administrators use: 4 attr: 0x0000000f
security.c:1838: Line has been silenced after 4 occurrences
security.c:1855: TokenUser: S-1-5-21-2586161475-1897639756-1686236147-1000 attr: 0x00000000
security.c:1869: TokenOwner: S-1-5-32-544
security.c:1891: TokenLogon: S-1-5-5-0-131097
security.c:1914: TokenPrivileges:
security.c:1920: 	SeIncreaseQuotaPrivilege, 0x0
security.c:1920: 	SeSecurityPrivilege, 0x0
security.c:1920: 	SeTakeOwnershipPrivilege, 0x0
security.c:1920: 	SeLoadDriverPrivilege, 0x0
security.c:1920: Line has been silenced after 4 occurrences
security.c:2353: Well Known SIDs:
security.c:2364:  0: S-1-0-0 \NULL SID 5
security.c:2364:  1: S-1-1-0 \Everyone 5
security.c:2364:  2: S-1-2-0 \LOCAL 5
security.c:2364:  3: S-1-3-0 \CREATOR OWNER 5
security.c:2364: Line has been silenced after 4 occurrences
security.c:2373:  21: not supported
security.c:2373:  38: not supported
security.c:2373:  39: not supported
security.c:2373:  40: not supported
security.c:2373: Line has been silenced after 4 occurrences
security.c:2028:  S-1-5-21-2586161475-1897639756-1686236147 DOCKERW-I0CMQ6H\ 3
security.c:2028:  S-1-5-21-2586161475-1897639756-1686236147-500 DOCKERW-I0CMQ6H\Administrator 1
security.c:2028:  S-1-5-21-2586161475-1897639756-1686236147-501 DOCKERW-I0CMQ6H\Guest 1
security.c:2030:  S-1-5-21-2586161475-1897639756-1686236147-512 couldn't be mapped
security.c:2028:  S-1-5-21-2586161475-1897639756-1686236147-513 DOCKERW-I0CMQ6H\None 2
security.c:2030:  S-1-5-21-2586161475-1897639756-1686236147-514 couldn't be mapped
security.c:2030:  S-1-5-21-2586161475-1897639756-1686236147-515 couldn't be mapped
security.c:2030:  S-1-5-21-2586161475-1897639756-1686236147-516 couldn't be mapped
security.c:2030: Line has been silenced after 4 occurrences
security.c:2028: Line has been silenced after 4 occurrences
1d04:security: 22 tests executed (0 marked as todo, 0 as flaky, 0 failures), 0 skipped.
security.c:7674: Well known SID 21 not supported
security.c:7674: Well known SID 38 not supported
security.c:7674: Well known SID 39 not supported
security.c:7674: Well known SID 40 not supported
security.c:7674: Line has been silenced after 4 occurrences
0ad4:security: 14 tests executed (0 marked as todo, 0 as flaky, 0 failures), 0 skipped.
035c:security: 1 tests executed (0 marked as todo, 0 as flaky, 0 failures), 0 skipped.
040c:security: 1 tests executed (0 marked as todo, 0 as flaky, 0 failures), 0 skipped.
1fe8:security: 1 tests executed (0 marked as todo, 0 as flaky, 0 failures), 0 skipped.
1fdc:security: 2 tests executed (0 marked as todo, 0 as flaky, 0 failures), 0 skipped.
security.c:8578: Tests skipped: could not open process, error 5
1dc4:security: 25 tests executed (0 marked as todo, 0 as flaky, 0 failures), 0 skipped.
1e3c:security: Silenced 0 todos, 19 skips and 101 traces.
1e3c:security: 3683 tests executed (0 marked as todo, 0 as flaky, 0 failures), 9 skipped.
advapi32:security:1e3c done (0) in 2s 4000B
advapi32:service start dlls/advapi32/tests/service.c
service.c:1968: Tests skipped: Not running under WoW64.
1d00:service: 3752 tests executed (0 marked as todo, 0 as flaky, 0 failures), 1 skipped.
advapi32:service:1d00 done (0) in 5s 147B
advpack:advpack start dlls/advpack/tests/advpack.c
advpack.c:103: kernel32.dll Language ID: 0x00000409, Codepage ID: 0x000004b0
advpack.c:110: kernel32.dll version: 10.0.19041.2913
advpack.c:117: advpack.dll Language ID: 0x00000409, Codepage ID: 0x000004b0
advpack.c:124: advpack.dll version: 11.0.19041.1
0ce8:advpack: 101 tests executed (0 marked as todo, 0 as flaky, 0 failures), 0 skipped.
advpack:advpack:0ce8 done (0) in 0s 348B
advpack:files start dlls/advpack/tests/files.c
104c:files: 207 tests executed (0 marked as todo, 0 as flaky, 0 failures), 0 skipped.
advpack:files:104c done (0) in 0s 87B
advpack:install start dlls/advpack/tests/install.c
09b0:install: 42 tests executed (0 marked as todo, 0 as flaky, 0 failures), 0 skipped.
advpack:install:09b0 done (0) in 0s 88B
amstream:amstream start dlls/amstream/tests/amstream.c
01fc:amstream: 4175 tests executed (0 marked as todo, 0 as flaky, 0 failures), 0 skipped.
amstream:amstream:01fc done (0) in 4s 91B
apphelp:apphelp start dlls/apphelp/tests/apphelp.c
1fe4:apphelp: 15 tests executed (0 marked as todo, 0 as flaky, 0 failures), 0 skipped.
apphelp:apphelp:1fe4 done (0) in 0s 88B
atlthunk:atlthunk start dlls/atlthunk/tests/atlthunk.c
10e4:atlthunk: 3078 tests executed (0 marked as todo, 0 as flaky, 0 failures), 0 skipped.
atlthunk:atlthunk:10e4 done (0) in 0s 91B
atl:atl_ax start dlls/atl/tests/atl_ax.c
0410:atl_ax: 12 tests executed (0 marked as todo, 0 as flaky, 0 failures), 0 skipped.
atl:atl_ax:0410 done (0) in 0s 87B
atl:module start dlls/atl/tests/module.c
07f8:module: 550 tests executed (0 marked as todo, 0 as flaky, 0 failures), 0 skipped.
atl:module:07f8 done (0) in 0s 88B
atl:registrar start dlls/atl/tests/registrar.c
07e0:registrar: 31 tests executed (0 marked as todo, 0 as flaky, 0 failures), 0 skipped.
atl:registrar:07e0 done (0) in 0s 90B
avifil32:api start dlls/avifil32/tests/api.c
api.c:603: Working around COM aggregation ref counting bug
api.c:603: Working around COM aggregation ref counting bug
api.c:603: Working around COM aggregation ref counting bug
api.c:603: Working around COM aggregation ref counting bug
12c0:api: 228 tests executed (0 marked as todo, 0 as flaky, 0 failures), 0 skipped.
avifil32:api:12c0 done (0) in 0s 325B
bcp47langs:bcp47langs start dlls/bcp47langs/tests/bcp47langs.c
09a8:bcp47langs: 13 tests executed (0 marked as todo, 0 as flaky, 0 failures), 0 skipped.
bcp47langs:bcp47langs:09a8 done (0) in 0s 91B
bcrypt:bcrypt start dlls/bcrypt/tests/bcrypt.c
0a58:bcrypt: 23277 tests executed (0 marked as todo, 0 as flaky, 0 failures), 0 skipped.
bcrypt:bcrypt:0a58 done (0) in 0s 90B
bluetoothapis:device start dlls/bluetoothapis/tests/device.c
device.c:123: Tests skipped: No Bluetooth radios found.
device.c:208: Tests skipped: No Bluetooth radios found.
device.c:365: Tests skipped: No Bluetooth radios found.
device.c:417: Tests skipped: No Bluetooth radios found.
144c:device: 20 tests executed (0 marked as todo, 0 as flaky, 0 failures), 4 skipped.
bluetoothapis:device:144c done (0) in 0s 315B
bluetoothapis:gatt start dlls/bluetoothapis/tests/gatt.c
gatt.c:195: Tests skipped: No LE devices found.
gatt.c:229: Tests skipped: No LE devices found.
1f6c:gatt: 6 tests executed (0 marked as todo, 0 as flaky, 0 failures), 2 skipped.
bluetoothapis:gatt:1f6c done (0) in 0s 182B
bluetoothapis:radio start dlls/bluetoothapis/tests/radio.c
radio.c:83: Tests skipped: No Bluetooth radios found.
radio.c:284: Tests skipped: No Bluetooth radios found.
radio.c:217: Tests skipped: No Bluetooth radios found.
radio.c:199: Tests skipped: No Bluetooth radios found.
radio.c:242: Tests skipped: No Bluetooth radios found.
radio.c:275: Tests skipped: No Bluetooth radios found.
0ca4:radio: 16 tests executed (0 marked as todo, 0 as flaky, 0 failures), 6 skipped.
bluetoothapis:radio:0ca4 done (0) in 0s 421B
bluetoothapis:sdp start dlls/bluetoothapis/tests/sdp.c
0ccc:sdp: 161 tests executed (0 marked as todo, 0 as flaky, 0 failures), 0 skipped.
bluetoothapis:sdp:0ccc done (0) in 0s 85B
browseui:autocomplete start dlls/browseui/tests/autocomplete.c
autocomplete.c:81: ACL(0000020ACBF13DB0): addref (2)
autocomplete.c:81: ACL(0000020ACBF13DB0): addref (3)
autocomplete.c:81: ACL(0000020ACBF13DB0): addref (4)
autocomplete.c:81: ACL(0000020ACBF14030): addref (2)
autocomplete.c:81: Line has been silenced after 4 occurrences
autocomplete.c:125: ACL(0000020ACBF13DB0): read 1 item(s)
autocomplete.c:125: ACL(0000020ACBF13DB0): read 1 item(s)
autocomplete.c:125: ACL(0000020ACBF13DB0): read 1 item(s)
autocomplete.c:125: ACL(0000020ACBF13DB0): read 1 item(s)
autocomplete.c:125: Line has been silenced after 4 occurrences
autocomplete.c:159: ACL(0000020ACBF13DB0): Reset
autocomplete.c:159: ACL(0000020ACBF14030): Reset
autocomplete.c:167: ACL(0000020ACBF13DB0): Expand
autocomplete.c:167: ACL(0000020ACBF14030): Expand
autocomplete.c:167: ACL(0000020ACBF13DB0): Expand
autocomplete.c:167: ACL(0000020ACBF14030): Expand
autocomplete.c:167: Line has been silenced after 4 occurrences
autocomplete.c:91: ACL(0000020ACBF13DB0): release (3)
autocomplete.c:91: ACL(0000020ACBF13DB0): release (2)
autocomplete.c:91: ACL(0000020ACBF13DB0): release (1)
autocomplete.c:159: ACL(0000020ACBF14030): Reset
autocomplete.c:91: ACL(0000020ACBF14030): release (3)
autocomplete.c:91: Line has been silenced after 4 occurrences
0cd0:autocomplete: Silenced 0 todos, 0 skips and 25 traces.
0cd0:autocomplete: 66 tests executed (0 marked as todo, 0 as flaky, 0 failures), 0 skipped.
browseui:autocomplete:0cd0 done (0) in 0s 1434B
browseui:progressdlg start dlls/browseui/tests/progressdlg.c
1d54:progressdlg: 4 tests executed (0 marked as todo, 0 as flaky, 0 failures), 0 skipped.
browseui:progressdlg:1d54 done (0) in 0s 91B
cabinet:extract start dlls/cabinet/tests/extract.c
1e44:extract: 347 tests executed (0 marked as todo, 0 as flaky, 0 failures), 0 skipped.
cabinet:extract:1e44 done (0) in 0s 89B
cabinet:fdi start dlls/cabinet/tests/fdi.c
fdi.c:751: mem_open(memory\block,8000,180) => 000001B5CEC4B640
fdi.c:751: mem_open(memory\block,8000,180) => 000001B5CEC4B700
fdi.c:751: mem_open(memory\block,8000,180) => 000001B5CEC4B6A0
fdi.c:843: mem_notify(0,000001B5CEC4E678)
fdi.c:843: mem_notify(5,000001B5CEC4E678)
fdi.c:843: mem_notify(5,000001B5CEC4E678)
174c:fdi: 255 tests executed (0 marked as todo, 0 as flaky, 0 failures), 0 skipped.
cabinet:fdi:174c done (0) in 0s 406B
cfgmgr32:cfgmgr32 start dlls/cfgmgr32/tests/cfgmgr32.c
0450:cfgmgr32: 20072 tests executed (0 marked as todo, 0 as flaky, 0 failures), 0 skipped.
cfgmgr32:cfgmgr32:0450 done (0) in 1s 92B
cmd.exe:batch start programs/cmd/tests/batch.c
batch.c:496: running TEST_BUILTINS.BAT test...
batch.c:496: running TEST_BUILTINS.CMD test...
batch.c:496: running TEST_CMDLINE.CMD test...
164c:batch: 2734 tests executed (0 marked as todo, 0 as flaky, 0 failures), 0 skipped.
cmd.exe:batch:164c done (0) in 19s 231B
cmd.exe:directory start programs/cmd/tests/directory.c
1bb4:directory: 24 tests executed (0 marked as todo, 0 as flaky, 0 failures), 0 skipped.
cmd.exe:directory:1bb4 done (0) in 0s 90B
combase:roapi start dlls/combase/tests/roapi.c
0ccc:roapi: 309 tests executed (0 marked as todo, 0 as flaky, 0 failures), 0 skipped.
combase:roapi:0ccc done (0) in 1s 87B
combase:string start dlls/combase/tests/string.c
1bfc:string: 598 tests executed (0 marked as todo, 0 as flaky, 0 failures), 0 skipped.
combase:string:1bfc done (0) in 0s 88B
comcat:comcat start dlls/comcat/tests/comcat.c
07dc:comcat: 9 tests executed (0 marked as todo, 0 as flaky, 0 failures), 0 skipped.
comcat:comcat:07dc done (0) in 0s 86B
comctl32:animate start dlls/comctl32/tests/animate.c
06e8:animate: 16 tests executed (0 marked as todo, 0 as flaky, 0 failures), 0 skipped.
comctl32:animate:06e8 done (0) in 0s 88B
comctl32:button start dlls/comctl32/tests/button.c
v6util.h:92: created cc6.manifest
07e0:button: 14184 tests executed (0 marked as todo, 0 as flaky, 0 failures), 0 skipped.
comctl32:button:07e0 done (0) in 12s 125B
comctl32:combo start dlls/comctl32/tests/combo.c
v6util.h:92: created cc6.manifest
1eb0:combo: 1060 tests executed (0 marked as todo, 0 as flaky, 0 failures), 0 skipped.
comctl32:combo:1eb0 done (0) in 5s 123B
comctl32:datetime start dlls/comctl32/tests/datetime.c
v6util.h:92: created cc6.manifest
0598:datetime: 943 tests executed (0 marked as todo, 0 as flaky, 0 failures), 0 skipped.
comctl32:datetime:0598 done (0) in 0s 125B
comctl32:dpa start dlls/comctl32/tests/dpa.c
v6util.h:92: created cc6.manifest
1cf4:dpa: 853 tests executed (0 marked as todo, 0 as flaky, 0 failures), 0 skipped.
comctl32:dpa:1cf4 done (0) in 0s 120B
comctl32:edit start dlls/comctl32/tests/edit.c
v6util.h:92: created cc6.manifest
edit.c:774: EDIT: Single line
edit.c:788: EDIT: Single line want returns
edit.c:801: EDIT: Multiline line
edit.c:814: EDIT: Multi line want returns
edit.c:855: EDIT: SETTEXT atomicity
edit.c:1052: EDIT: Test notifications
edit.c:1062: EDIT: Single line, no ES_AUTOHSCROLL
edit.c:1112: EDIT: Single line, ES_AUTOHSCROLL
edit.c:1158: EDIT: Multline, no ES_AUTOHSCROLL, no ES_AUTOVSCROLL
edit.c:1205: EDIT: Multline, ES_AUTOHSCROLL, no ES_AUTOVSCROLL
edit.c:1247: EDIT: Multline, ES_AUTOHSCROLL and ES_AUTOVSCROLL
edit.c:1540: EDIT: buffer limit for single-line
edit.c:1550: EDIT: buffer limit for multi-line
edit.c:2027: Tests skipped: Ume P Gothic is not available, skipping some margin tests
edit.c:2306: EDIT: Using new model for height computation
edit.c:2308: EDIT: Text position (Single line)
edit.c:2310: EDIT: Text position (Multi line)
edit.c:2926: EDIT: Oversized font (Multi line)
edit.c:3156: EDIT: EM_GETHANDLE
050c:edit: 267472 tests executed (0 marked as todo, 0 as flaky, 0 failures), 1 skipped.
comctl32:edit:050c done (0) in 1s 1065B
comctl32:header start dlls/comctl32/tests/header.c
header.c:1763: customdraw height: 18 (dpi: 96)
v6util.h:92: created cc6.manifest
1a0c:header: 1132 tests executed (0 marked as todo, 0 as flaky, 0 failures), 0 skipped.
comctl32:header:1a0c done (0) in 0s 172B
comctl32:imagelist start dlls/comctl32/tests/imagelist.c
v6util.h:92: created cc6.manifest
1194:imagelist: 11189 tests executed (0 marked as todo, 0 as flaky, 0 failures), 0 skipped.
comctl32:imagelist:1194 done (0) in 0s 128B
comctl32:ipaddress start dlls/comctl32/tests/ipaddress.c
v6util.h:92: created cc6.manifest
0150:ipaddress: 91 tests executed (0 marked as todo, 0 as flaky, 0 failures), 0 skipped.
comctl32:ipaddress:0150 done (0) in 0s 125B
comctl32:listbox start dlls/comctl32/tests/listbox.c
v6util.h:92: created cc6.manifest
075c:listbox: 7867 tests executed (0 marked as todo, 0 as flaky, 0 failures), 0 skipped.
comctl32:listbox:075c done (0) in 3s 125B
comctl32:listview start dlls/comctl32/tests/listview.c
v6util.h:92: created cc6.manifest
172c:listview: 11750 tests executed (0 marked as todo, 0 as flaky, 0 failures), 0 skipped.
comctl32:listview:172c done (0) in 5s 127B
comctl32:misc start dlls/comctl32/tests/misc.c
v6util.h:92: created cc6.manifest
1a90:misc: 2605 tests executed (0 marked as todo, 0 as flaky, 0 failures), 0 skipped.
comctl32:misc:1a90 done (0) in 25s 122B
comctl32:monthcal start dlls/comctl32/tests/monthcal.c
monthcal.c:657: 	old style: 0x50800000, new style: 0x50800002
monthcal.c:657: 	old style: 0x50800000, new style: 0x50800000
monthcal.c:657: 	old style: 0x50800002, new style: 0x50800000
monthcal.c:657: 	old style: 0x50800002, new style: 0x50800002
monthcal.c:657: Line has been silenced after 4 occurrences
v6util.h:92: created cc6.manifest
1b50:monthcal: Silenced 0 todos, 0 skips and 4 traces.
1b50:monthcal: 2230 tests executed (0 marked as todo, 0 as flaky, 0 failures), 0 skipped.
comctl32:monthcal:1b50 done (0) in 0s 494B
comctl32:mru start dlls/comctl32/tests/mru.c
0980:mru: 94 tests executed (0 marked as todo, 0 as flaky, 0 failures), 0 skipped.
comctl32:mru:0980 done (0) in 0s 84B
comctl32:pager start dlls/comctl32/tests/pager.c
0fb4:pager: 2958 tests executed (0 marked as todo, 0 as flaky, 0 failures), 0 skipped.
comctl32:pager:0fb4 done (0) in 0s 88B
comctl32:progress start dlls/comctl32/tests/progress.c
v6util.h:92: created cc6.manifest
1630:progress: 353 tests executed (0 marked as todo, 0 as flaky, 0 failures), 0 skipped.
comctl32:progress:1630 done (0) in 0s 125B
comctl32:propsheet start dlls/comctl32/tests/propsheet.c
v6util.h:92: created cc6.manifest
03f8:propsheet: 1460 tests executed (0 marked as todo, 0 as flaky, 0 failures), 0 skipped.
comctl32:propsheet:03f8 done (0) in 1s 127B
comctl32:rebar start dlls/comctl32/tests/rebar.c
0a54:rebar: 1355 tests executed (0 marked as todo, 0 as flaky, 0 failures), 0 skipped.
comctl32:rebar:0a54 done (0) in 0s 88B
comctl32:static start dlls/comctl32/tests/static.c
v6util.h:92: created cc6.manifest
static.c:88: Testing style 0x0
static.c:88: Testing style 0x3
static.c:88: Testing style 0x4
static.c:88: Testing style 0x6
static.c:88: Line has been silenced after 4 occurrences
19e8:static: Silenced 0 todos, 0 skips and 11 traces.
19e8:static: 506 tests executed (0 marked as todo, 0 as flaky, 0 failures), 0 skipped.
comctl32:static:19e8 done (0) in 1s 363B
comctl32:status start dlls/comctl32/tests/status.c
status.c:244: dpi=96 (min height: 24 or 20) SM_CYSIZE: 22
04a4:status: 4849 tests executed (0 marked as todo, 0 as flaky, 0 failures), 0 skipped.
comctl32:status:04a4 done (0) in 3s 148B
comctl32:subclass start dlls/comctl32/tests/subclass.c
062c:subclass: 288 tests executed (0 marked as todo, 0 as flaky, 0 failures), 0 skipped.
comctl32:subclass:062c done (0) in 0s 90B
comctl32:syslink start dlls/comctl32/tests/syslink.c
v6util.h:92: created cc6.manifest
076c:syslink: 175 tests executed (0 marked as todo, 0 as flaky, 0 failures), 0 skipped.
comctl32:syslink:076c done (0) in 0s 124B
comctl32:tab start dlls/comctl32/tests/tab.c
tab.c:695: Testing with the 'System' font
tab.c:699: Testing with default MinWidth
tab.c:537: Tab1 text size: size.cx=36 size.cy=16
tab.c:543: default_min_tab_width: 54
tab.c:544:   TCS_FIXEDWIDTH tabs no icon...
tab.c:551:   TCS_FIXEDWIDTH tabs with icon...
tab.c:564:   TCS_FIXEDWIDTH buttons no icon...
tab.c:572:   TCS_FIXEDWIDTH buttons with icon...
tab.c:587:   TCS_FIXEDWIDTH | TCS_BOTTOM tabs...
tab.c:607:   non fixed width, with text...
tab.c:641:   non fixed width, no text...
tab.c:701: Testing with MinWidth set to -3
tab.c:537: Tab1 text size: size.cx=36 size.cy=16
tab.c:543: default_min_tab_width: 54
tab.c:544:   TCS_FIXEDWIDTH tabs no icon...
tab.c:551:   TCS_FIXEDWIDTH tabs with icon...
tab.c:564:   TCS_FIXEDWIDTH buttons no icon...
tab.c:572:   TCS_FIXEDWIDTH buttons with icon...
tab.c:587:   TCS_FIXEDWIDTH | TCS_BOTTOM tabs...
tab.c:607:   non fixed width, with text...
tab.c:641:   non fixed width, no text...
tab.c:703: Testing with MinWidth set to 24
tab.c:537: Tab1 text size: size.cx=36 size.cy=16
tab.c:543: default_min_tab_width: 54
tab.c:544:   TCS_FIXEDWIDTH tabs no icon...
tab.c:551:   TCS_FIXEDWIDTH tabs with icon...
tab.c:564:   TCS_FIXEDWIDTH buttons no icon...
tab.c:572:   TCS_FIXEDWIDTH buttons with icon...
tab.c:587:   TCS_FIXEDWIDTH | TCS_BOTTOM tabs...
tab.c:607:   non fixed width, with text...
tab.c:641:   non fixed width, no text...
tab.c:705: Testing with MinWidth set to 54
tab.c:537: Tab1 text size: size.cx=36 size.cy=16
tab.c:543: default_min_tab_width: 54
tab.c:544:   TCS_FIXEDWIDTH tabs no icon...
tab.c:551:   TCS_FIXEDWIDTH tabs with icon...
tab.c:564:   TCS_FIXEDWIDTH buttons no icon...
tab.c:572:   TCS_FIXEDWIDTH buttons with icon...
tab.c:587:   TCS_FIXEDWIDTH | TCS_BOTTOM tabs...
tab.c:607:   non fixed width, with text...
tab.c:641:   non fixed width, no text...
tab.c:707: Testing with MinWidth set to 94
tab.c:537: Line has been silenced after 4 occurrences
tab.c:543: Line has been silenced after 4 occurrences
tab.c:544: Line has been silenced after 4 occurrences
tab.c:551: Line has been silenced after 4 occurrences
tab.c:564: Line has been silenced after 4 occurrences
tab.c:572: Line has been silenced after 4 occurrences
tab.c:587: Line has been silenced after 4 occurrences
tab.c:607: Line has been silenced after 4 occurrences
tab.c:641: Line has been silenced after 4 occurrences
tab.c:695: Testing with the 'Arial' font
tab.c:699: Testing with default MinWidth
tab.c:701: Testing with MinWidth set to -3
tab.c:703: Testing with MinWidth set to 24
tab.c:705: Testing with MinWidth set to 54
tab.c:707: Testing with MinWidth set to 94
tab.c:695: Testing with the 'Tahoma' font
tab.c:699: Testing with default MinWidth
tab.c:701: Testing with MinWidth set to -3
tab.c:703: Testing with MinWidth set to 24
tab.c:705: Testing with MinWidth set to 54
tab.c:707: Testing with MinWidth set to 94
tab.c:695: Testing with the 'Courier New' font
tab.c:699: Testing with default MinWidth
tab.c:701: Testing with MinWidth set to -3
tab.c:703: Testing with MinWidth set to 24
tab.c:705: Testing with MinWidth set to 54
tab.c:707: Testing with MinWidth set to 94
tab.c:695: Line has been silenced after 4 occurrences
tab.c:699: Line has been silenced after 4 occurrences
tab.c:701: Line has been silenced after 4 occurrences
tab.c:703: Line has been silenced after 4 occurrences
tab.c:705: Line has been silenced after 4 occurrences
tab.c:707: Line has been silenced after 4 occurrences
0e14:tab: Silenced 0 todos, 0 skips and 195 traces.
0e14:tab: 5422 tests executed (0 marked as todo, 0 as flaky, 0 failures), 0 skipped.
comctl32:tab:0e14 done (0) in 0s 3668B
comctl32:taskdialog start dlls/comctl32/tests/taskdialog.c
v6util.h:92: created cc6.manifest
0900:taskdialog: 2391 tests executed (0 marked as todo, 0 as flaky, 0 failures), 0 skipped.
comctl32:taskdialog:0900 done (0) in 3s 128B
comctl32:toolbar start dlls/comctl32/tests/toolbar.c
v6util.h:92: created cc6.manifest
11ac:toolbar: 2195 tests executed (0 marked as todo, 0 as flaky, 0 failures), 0 skipped.
comctl32:toolbar:11ac done (0) in 1s 125B
comctl32:tooltips start dlls/comctl32/tests/tooltips.c
v6util.h:92: created cc6.manifest
14a0:tooltips: 1533 tests executed (0 marked as todo, 0 as flaky, 0 failures), 0 skipped.
comctl32:tooltips:14a0 done (0) in 4s 126B
comctl32:trackbar start dlls/comctl32/tests/trackbar.c
v6util.h:92: created cc6.manifest
1fa4:trackbar: 3530 tests executed (0 marked as todo, 0 as flaky, 0 failures), 0 skipped.
comctl32:trackbar:1fa4 done (0) in 0s 126B
comctl32:treeview start dlls/comctl32/tests/treeview.c
v6util.h:92: created cc6.manifest
1aac:treeview: 7208 tests executed (0 marked as todo, 0 as flaky, 0 failures), 0 skipped.
comctl32:treeview:1aac done (0) in 1s 126B
comctl32:updown start dlls/comctl32/tests/updown.c
v6util.h:92: created cc6.manifest
09b4:updown: 1565 tests executed (0 marked as todo, 0 as flaky, 0 failures), 0 skipped.
comctl32:updown:09b4 done (0) in 0s 124B
comdlg32:filedlg start dlls/comdlg32/tests/filedlg.c
filedlg.c:932: Tests skipped: some interactive resizable dialog tests (set WINETEST_INTERACTIVE=1)
00bc:filedlg: 288 tests executed (0 marked as todo, 0 as flaky, 0 failures), 1 skipped.
comdlg32:filedlg:00bc done (0) in 7s 189B
comdlg32:finddlg start dlls/comdlg32/tests/finddlg.c
1fc8:finddlg: 43 tests executed (0 marked as todo, 0 as flaky, 0 failures), 0 skipped.
comdlg32:finddlg:1fc8 done (0) in 0s 88B
comdlg32:fontdlg start dlls/comdlg32/tests/fontdlg.c
1a38:fontdlg: 13 tests executed (0 marked as todo, 0 as flaky, 0 failures), 0 skipped.
comdlg32:fontdlg:1a38 done (0) in 0s 88B
comdlg32:itemdlg start dlls/comdlg32/tests/itemdlg.c
itemdlg.c:1120: Testing FileOpenDialog (advise)
itemdlg.c:1128: Testing FileSaveDialog (advise)
03d8:itemdlg: 1281 tests executed (0 marked as todo, 0 as flaky, 0 failures), 0 skipped.
comdlg32:itemdlg:03d8 done (0) in 6s 188B
comdlg32:printdlg start dlls/comdlg32/tests/printdlg.c
printdlg.c:219: driver 'winspool' device 'Microsoft Print to PDF' port 'PORTPROMPT:'
printdlg.c:632: Tests skipped: interactive PrintDlgEx tests (set WINETEST_INTERACTIVE=1)
0900:printdlg: 53 tests executed (0 marked as todo, 0 as flaky, 0 failures), 1 skipped.
comdlg32:printdlg:0900 done (0) in 1s 265B
compstui:compstui start dlls/compstui/tests/compstui.c
0700:compstui: 146 tests executed (0 marked as todo, 0 as flaky, 0 failures), 0 skipped.
compstui:compstui:0700 done (0) in 0s 90B
comsvcs:comsvcs start dlls/comsvcs/tests/comsvcs.c
1ac0:comsvcs: 117 tests executed (0 marked as todo, 0 as flaky, 0 failures), 0 skipped.
comsvcs:comsvcs:1ac0 done (0) in 0s 89B
comsvcs:property start dlls/comsvcs/tests/property.c
1504:property: 11 tests executed (0 marked as todo, 0 as flaky, 0 failures), 0 skipped.
comsvcs:property:1504 done (0) in 0s 89B
concrt140:concrt140 start dlls/concrt140/tests/concrt140.c
concrt140.c:105: Tests skipped: concrt140.dll not installed
1f48:concrt140: 0 tests executed (0 marked as todo, 0 as flaky, 0 failures), 1 skipped.
concrt140:concrt140:1f48 done (0) in 0s 150B
conhost.exe:tty start programs/conhost/tests/tty.c
1d98:tty: 2086 tests executed (0 marked as todo, 0 as flaky, 0 failures), 0 skipped.
0664:tty: 6495 tests executed (0 marked as todo, 0 as flaky, 0 failures), 0 skipped.
conhost.exe:tty:0664 done (0) in 7s 172B
coremessaging:coremessaging start dlls/coremessaging/tests/coremessaging.c
1920:coremessaging: 226 tests executed (0 marked as todo, 0 as flaky, 0 failures), 0 skipped.
coremessaging:coremessaging:1920 done (0) in 1s 95B
credui:credui start dlls/credui/tests/credui.c
1d5c:credui: 7 tests executed (0 marked as todo, 0 as flaky, 0 failures), 0 skipped.
credui:credui:1d5c done (0) in 0s 86B
crypt32:base64 start dlls/crypt32/tests/base64.c
140c:base64: 3723 tests executed (0 marked as todo, 0 as flaky, 0 failures), 0 skipped.
crypt32:base64:140c done (0) in 0s 89B
crypt32:cert start dlls/crypt32/tests/cert.c
1734:cert: 634 tests executed (0 marked as todo, 0 as flaky, 0 failures), 0 skipped.
crypt32:cert:1734 done (0) in 0s 86B
crypt32:chain start dlls/crypt32/tests/chain.c
chain.c:4577: info[0] = 102
chain.c:4577: info[1] = 102
chain.c:4577: info[2] = 10c
1480:chain: 2952 tests executed (0 marked as todo, 0 as flaky, 0 failures), 0 skipped.
crypt32:chain:1480 done (0) in 0s 175B
crypt32:crl start dlls/crypt32/tests/crl.c
1b58:crl: 140 tests executed (0 marked as todo, 0 as flaky, 0 failures), 0 skipped.
crypt32:crl:1b58 done (0) in 0s 85B
crypt32:ctl start dlls/crypt32/tests/ctl.c
19e0:ctl: 37 tests executed (0 marked as todo, 0 as flaky, 0 failures), 0 skipped.
crypt32:ctl:19e0 done (0) in 0s 84B
crypt32:encode start dlls/crypt32/tests/encode.c
1764:encode: 6326 tests executed (0 marked as todo, 0 as flaky, 0 failures), 0 skipped.
crypt32:encode:1764 done (0) in 0s 89B
crypt32:main start dlls/crypt32/tests/main.c
1194:main: 100 tests executed (0 marked as todo, 0 as flaky, 0 failures), 0 skipped.
crypt32:main:1194 done (0) in 0s 86B
crypt32:message start dlls/crypt32/tests/message.c
0d44:message: 155 tests executed (0 marked as todo, 0 as flaky, 0 failures), 0 skipped.
crypt32:message:0d44 done (0) in 0s 89B
crypt32:msg start dlls/crypt32/tests/msg.c
156c:msg: 1027 tests executed (0 marked as todo, 0 as flaky, 0 failures), 0 skipped.
crypt32:msg:156c done (0) in 0s 86B
crypt32:object start dlls/crypt32/tests/object.c
0704:object: 16 tests executed (0 marked as todo, 0 as flaky, 0 failures), 0 skipped.
crypt32:object:0704 done (0) in 0s 87B
crypt32:oid start dlls/crypt32/tests/oid.c
1580:oid: 175 tests executed (0 marked as todo, 0 as flaky, 0 failures), 0 skipped.
crypt32:oid:1580 done (0) in 0s 85B
crypt32:protectdata start dlls/crypt32/tests/protectdata.c
1bf8:protectdata: 42 tests executed (0 marked as todo, 0 as flaky, 0 failures), 0 skipped.
crypt32:protectdata:1bf8 done (0) in 0s 92B
crypt32:sip start dlls/crypt32/tests/sip.c
1d0c:sip: 50 tests executed (0 marked as todo, 0 as flaky, 0 failures), 0 skipped.
crypt32:sip:1d0c done (0) in 0s 84B
crypt32:store start dlls/crypt32/tests/store.c
189c:store: 607 tests executed (0 marked as todo, 0 as flaky, 0 failures), 0 skipped.
crypt32:store:189c done (0) in 0s 87B
crypt32:str start dlls/crypt32/tests/str.c
14a0:str: 1592 tests executed (0 marked as todo, 0 as flaky, 0 failures), 0 skipped.
crypt32:str:14a0 done (0) in 0s 86B
cryptext:cryptext start dlls/cryptext/tests/cryptext.c
cryptext.c:42: Tests skipped: CryptExtOpenCER test needs user interaction
1c08:cryptext: 0 tests executed (0 marked as todo, 0 as flaky, 0 failures), 1 skipped.
cryptext:cryptext:1c08 done (0) in 0s 163B
cryptnet:cryptnet start dlls/cryptnet/tests/cryptnet.c
cryptnet.c:342: Tests skipped: File URLs not supported
1af4:cryptnet: 125 tests executed (0 marked as todo, 0 as flaky, 0 failures), 1 skipped.
cryptnet:cryptnet:1af4 done (0) in 0s 146B
cryptowinrt:crypto start dlls/cryptowinrt/tests/crypto.c
crypto.c:166: {ecc8691b-c1db-4dc0-855e-65f6c551af49} not implemented, returning E_NOINTERFACE.
crypto.c:166: {00000039-0000-0000-c000-000000000046} not implemented, returning E_NOINTERFACE.
crypto.c:166: {0000001b-0000-0000-c000-000000000046} not implemented, returning E_NOINTERFACE.
crypto.c:186: iface 00000058950FF990, async 000001C49EDE1800, status 1
crypto.c:166: {ecc8691b-c1db-4dc0-855e-65f6c551af49} not implemented, returning E_NOINTERFACE.
crypto.c:166: Line has been silenced after 4 occurrences
crypto.c:105: Skipping async_id check, got id 201515
crypto.c:105: Skipping async_id check, got id 201515
1704:crypto: Silenced 0 todos, 0 skips and 2 traces.
1704:crypto: 68 tests executed (0 marked as todo, 0 as flaky, 0 failures), 0 skipped.
cryptowinrt:crypto:1704 done (0) in 0s 763B
cryptui:cryptui start dlls/cryptui/tests/cryptui.c
1e88:cryptui: 30 tests executed (0 marked as todo, 0 as flaky, 0 failures), 0 skipped.
cryptui:cryptui:1e88 done (0) in 0s 88B
cryptxml:cryptxml start dlls/cryptxml/tests/cryptxml.c
09a4:cryptxml: 43 tests executed (0 marked as todo, 0 as flaky, 0 failures), 0 skipped.
cryptxml:cryptxml:09a4 done (0) in 0s 89B
d2d1:d2d1 start dlls/d2d1/tests/d2d1.c
d2d1.c:1294: Adapter: L"Microsoft Basic Render Driver", 1414:008c.
d2d1.c:10835: Tests skipped: Failed to create REF d3d device, hr 0x80004002.
0594:d2d1: 17119 tests executed (0 marked as todo, 0 as flaky, 0 failures), 1 skipped.
d2d1:d2d1:0594 done (0) in 5s 234B
d3d10core:d3d10core start dlls/d3d10core/tests/d3d10core.c
d3d10core.c:1295: Adapter: L"Microsoft Basic Render Driver", 1414:008c.
d3d10core.c:6310: Tests skipped: DXGI_FORMAT_B8G8R8X8_UNORM not supported.
d3d10core.c:16431: Tests skipped: B8G8R8A8_UNORM not supported.
d3d10core.c:17358: Tests skipped: Skipping test with DXGI_FORMAT_R8G8B8A8_UINT on WARP.
d3d10core.c:17358: Tests skipped: Skipping test with DXGI_FORMAT_R8G8B8A8_UINT on WARP.
d3d10core.c:17358: Tests skipped: Skipping test with DXGI_FORMAT_R8G8B8A8_UINT on WARP.
d3d10core.c:17358: Tests skipped: Skipping test with DXGI_FORMAT_R8G8B8A8_UINT on WARP.
d3d10core.c:17490: Tests skipped: Creating the next texture crashes WARP on some testbot boxes.
1dec:d3d10core: 195846 tests executed (0 marked as todo, 0 as flaky, 0 failures), 7 skipped.
d3d10core:d3d10core:1dec done (0) in 6s 761B
d3d10_1:d3d10_1 start dlls/d3d10_1/tests/d3d10_1.c
d3d10_1.c:330: Tests skipped: Failed to create device for feature level 0xa100.
d3d10_1.c:330: Tests skipped: Failed to create device for feature level 0xa000.
d3d10_1.c:330: Tests skipped: Failed to create device for feature level 0x9300.
d3d10_1.c:330: Tests skipped: Failed to create device for feature level 0x9200.
d3d10_1.c:330: Line has been silenced after 4 occurrences
0e74:d3d10_1: Silenced 0 todos, 1 skips and 0 traces.
0e74:d3d10_1: 580 tests executed (0 marked as todo, 0 as flaky, 0 failures), 4 skipped.
d3d10_1:d3d10_1:0e74 done (0) in 0s 527B
d3d10_1:reflection start dlls/d3d10_1/tests/reflection.c
1ac4:reflection: 624 tests executed (0 marked as todo, 0 as flaky, 0 failures), 0 skipped.
d3d10_1:reflection:1ac4 done (0) in 0s 92B
d3d10:device start dlls/d3d10/tests/device.c
1fd8:device: 206 tests executed (0 marked as todo, 0 as flaky, 0 failures), 0 skipped.
d3d10:device:1fd8 done (0) in 0s 88B
d3d10:effect start dlls/d3d10/tests/effect.c
129c:effect: 5041 tests executed (0 marked as todo, 0 as flaky, 0 failures), 0 skipped.
d3d10:effect:129c done (0) in 0s 89B
d3d10:reflection start dlls/d3d10/tests/reflection.c
1668:reflection: 624 tests executed (0 marked as todo, 0 as flaky, 0 failures), 0 skipped.
d3d10:reflection:1668 done (0) in 0s 92B
d3d11:d3d11 start dlls/d3d11/tests/d3d11.c
d3d11.c:1638: Adapter: L"Microsoft Basic Render Driver", 1414:008c.
d3d11.c:2145: Feature level 0xb000.
d3d11.c:2402: Tests skipped: Feature level 0xb100: Failed to create debug device.
d3d11.c:2402: Tests skipped: Feature level 0xb000: Failed to create debug device.
d3d11.c:2402: Tests skipped: Feature level 0xa100: Failed to create debug device.
d3d11.c:2402: Tests skipped: Feature level 0xa000: Failed to create debug device.
d3d11.c:2402: Line has been silenced after 4 occurrences
19ec:d3d11: 4 tests executed (0 marked as todo, 0 as flaky, 0 failures), 0 skipped.
d3d11.c:19886: Compute shader support via SM4 0x1.
d3d11.c:21333: Feature level 0xa100: Optional format 0x59 - display supported.
d3d11.c:21333: Feature level 0xa000: Optional format 0x59 - display supported.
d3d11.c:21333: Feature level 0xa000: Optional format 0xb - blendable supported.
d3d11.c:21333: Feature level 0xa000: Optional format 0x23 - blendable supported.
d3d11.c:21333: Line has been silenced after 4 occurrences
d3d11.c:24866: Tests skipped: Test 8: Broken WARP.
d3d11.c:25145: Tests skipped: Feature level 0xa100: Feature level 11_0 required for unaligned UAV test.
d3d11.c:25145: Tests skipped: Feature level 0xa000: Feature level 11_0 required for unaligned UAV test.
d3d11.c:32036: Tests skipped: Sample shading tests fail on WARP.
d3d11.c:35740: Tests skipped: The device does not support stencil ref export.
d3d11.c:36945: Tests skipped: Failed to get ID3D11VideoDevice.
d3d11.c:30680: Tests skipped: Skipping test with DXGI_FORMAT_R8G8B8A8_UINT on WARP.
d3d11.c:30680: Tests skipped: Skipping test with DXGI_FORMAT_R8G8B8A8_UINT on WARP.
d3d11.c:30680: Tests skipped: Skipping test with DXGI_FORMAT_R8G8B8A8_UINT on WARP.
d3d11.c:30680: Tests skipped: Skipping test with DXGI_FORMAT_R8G8B8A8_UINT on WARP.
0cc0:d3d11: Silenced 0 todos, 3 skips and 1 traces.
0cc0:d3d11: 5561796 tests executed (0 marked as todo, 0 as flaky, 0 failures), 14 skipped.
d3d11:d3d11:0cc0 done (0) in 18s 1971B
d3d12:d3d12 start dlls/d3d12/tests/d3d12.c
d3d12.c:156: Adapter: L"Microsoft Basic Render Driver", 1414:008c.
1d7c:d3d12: 671 tests executed (0 marked as todo, 0 as flaky, 0 failures), 0 skipped.
d3d12:d3d12:1d7c done (0) in 1s 155B
d3d9:d3d9ex start dlls/d3d9/tests/d3d9ex.c
d3d9ex.c:494: GetDisplayModeEx returned Width = 1920, Height = 1080, RefreshRate = 64, Format = 16, ScanLineOrdering = 1, rotation = 1.
d3d9ex.c:427: Adapter luid: 00000000:00005ac3.
d3d9ex.c:569: Tests skipped: Graphics mode is not supported.
d3d9ex.c:2446: Tests skipped: This GPU supports SM3, skipping unsupported shader test.
d3d9ex.c:2885: device_window 00000000006A0332, focus_window 0000000001AC02B0, dummy_window 0000000000250330.
d3d9ex.c:2885: device_window 0000000000260330, focus_window 000000000042016C, dummy_window 00000000020C029E.
d3d9ex.c:3303: device_window 00000000020D029E, focus_window 00000000008200FE, dummy_window 0000000000CD0196.
d3d9ex.c:4391: Tests skipped: ATI2N texture not supported.
d3d9ex.c:4391: Tests skipped: ATI2N texture not supported.
d3d9ex.c:4391: Tests skipped: ATI2N texture not supported.
d3d9ex.c:4391: Tests skipped: ATI2N texture not supported.
d3d9ex.c:4391: Line has been silenced after 4 occurrences
172c:d3d9ex: Silenced 0 todos, 36 skips and 0 traces.
172c:d3d9ex: 2388 tests executed (0 marked as todo, 0 as flaky, 0 failures), 6 skipped.
d3d9:d3d9ex:172c done (0) in 14s 1108B
d3d9:device start dlls/d3d9/tests/device.c
device.c:4178: device_window 0000000001440246, focus_window 0000000000780332, dummy_window 00000000003602B4.
device.c:4178: device_window 0000000000290232, focus_window 000000000212029E, dummy_window 0000000000D80374.
device.c:4647: device_window 0000000001BE02B0, focus_window 0000000000D90374, dummy_window 00000000017202A4.
device.c:5675: Tests skipped: Following tests require two adapters.
device.c:6754: Expects 0x0000000104000000 samples.
device.c:7279: SetPixelShaderConstantF was able to set 224 shader constants.
device.c:7560: Tests skipped: This GPU supports SM3, skipping unsupported shader test.
device.c:7763: Tests skipped: No cube mipmap generation support, skipping tests.
device.c:7930: Tests skipped: No mipmap generation support, skipping tests.
device.c:8132: Tests skipped: D3DFMT_A32B32G32R32F supports filtering, skipping tests.
device.c:8488: Tests skipped: Format ATI1N not supported, skipping lockrect offset tests.
device.c:8488: Tests skipped: Format ATI2N not supported, skipping lockrect offset tests.
device.c:9059: Tests skipped: Failed to create surface for format R8G8B8 (hr 0x8876086c), skipping tests.
device.c:9059: Tests skipped: Failed to create surface for format R3G3B2 (hr 0x8876086c), skipping tests.
device.c:9392: Tests skipped: No D3DFMT_NULL support, skipping test.
device.c:9773: Tests skipped: Format ATI1N not supported, skipping lockrect offset tests.
device.c:9773: Tests skipped: Format ATI2N not supported, skipping lockrect offset tests.
device.c:9895: Tests skipped: Dynamic D3DFMT_YUY2 textures not supported, skipping mipmap test.
device.c:9773: Tests skipped: Format D3DFMT_UYVY not supported, skipping lockrect offset tests.
device.c:12758: Tests skipped: D3DFMT_ATI1 textures not supported, skipping tests.
device.c:12758: Tests skipped: D3DFMT_ATI2 textures not supported, skipping tests.
device.c:13168: Max user clip planes: 8.
device.c:13168: Max user clip planes: 6.
device.c:13821: Tests skipped: ATI2N texture not supported.
1d6c:device: 160248 tests executed (0 marked as todo, 0 as flaky, 0 failures), 17 skipped.
d3d9:device:1d6c done (0) in 21s 2111B
d3d9:stateblock start dlls/d3d9/tests/stateblock.c
stateblock.c:426: Running initial read state tests
stateblock.c:139: event 0.
stateblock.c:429: Running write-read state tests
stateblock.c:139: event 0.
stateblock.c:139: event 1.
stateblock.c:432: Running stateblock abort state tests
stateblock.c:139: event 0.
stateblock.c:139: Line has been silenced after 4 occurrences
stateblock.c:435: Running stateblock apply state tests
stateblock.c:438: Running stateblock capture/reapply state tests
stateblock.c:442: Running create stateblock capture/apply all state tests
stateblock.c:446: Running create stateblock apply state all tests
stateblock.c:450: Running create stateblock capture/apply vertex state tests
stateblock.c:454: Running create stateblock apply vertex state tests
stateblock.c:458: Running create stateblock capture/apply pixel state tests
stateblock.c:462: Running create stateblock apply pixel state tests
stateblock.c:466: Running rendertarget switch state tests
stateblock.c:470: Running stateblock apply over rendertarget switch interrupt tests
1c68:stateblock: Silenced 0 todos, 0 skips and 36 traces.
1c68:stateblock: 14738 tests executed (0 marked as todo, 0 as flaky, 0 failures), 0 skipped.
d3d9:stateblock:1c68 done (0) in 0s 1187B
d3d9:visual start dlls/d3d9/tests/visual.c
visual.c:29159: Driver string: "d3d10warp.dll"
visual.c:29160: Description string: "Microsoft Basic Render Driver"
visual.c:29163: Device name string: "\\.\DISPLAY1"
visual.c:29165: Driver version 10.0.19041.2788
visual.c:1435: sRGB writing to D3DFMT_A8R8G8B8 is supported.
visual.c:1844: Tests skipped: Offscreenplain D3DFMT_DXT1 surfaces not supported, skipping colorfill test
visual.c:8422: Tests skipped: R5G6R5 textures with SRGBREAD are not supported.
visual.c:8422: Tests skipped: A1R5G5R5 textures with SRGBREAD are not supported.
visual.c:8422: Tests skipped: X1R5G5R5 textures with SRGBREAD are not supported.
visual.c:5813: Tests skipped: No autogenmipmap support.
visual.c:9890: Tests skipped: Card has unconditional NP2 support, skipping conditional NP2 tests
visual.c:10286: Tests skipped: L6V5U5 / D3DTOP_BUMPENVMAPLUMINANCE not supported, skipping tests.
visual.c:12837: Tests skipped: D3DFMT_UYVY is not supported.
visual.c:12847: Tests skipped: Driver cannot blit D3DFMT_YUY2 surfaces.
visual.c:12991: Tests skipped: D3DFMT_UYVY is not supported.
visual.c:12997: Tests skipped: Driver cannot blit D3DFMT_YUY2 surfaces.
visual.c:12991: Tests skipped: D3DFMT_YV12 is not supported.
visual.c:12991: Tests skipped: D3DFMT_NV12 is not supported.
visual.c:14929: Tests skipped: No INTZ support, skipping INTZ test.
visual.c:15496: Tests skipped: No DF24 support, skipping Fetch4 test.
visual.c:14337: Tests skipped: No NVDB (depth bounds test) support, skipping tests.
visual.c:17604: Tests skipped: No INTZ support, skipping RESZ test.
visual.c:19701: Tests skipped: ATI1N textures are not supported, skipping test.
visual.c:20644: Tests skipped: Format D3DFMT_X8L8V8U8 not supported, skipping.
visual.c:20644: Tests skipped: Format D3DFMT_L6V5U5 not supported, skipping.
visual.c:21646: Tests skipped: 2D mipmapped ATI2N textures are not supported, skipping some tests.
visual.c:211: Can't read the render target data, hr 0x88760868.
visual.c:211: Can't read the render target data, hr 0x88760868.
visual.c:211: Can't read the render target data, hr 0x88760868.
visual.c:211: Can't read the render target data, hr 0x88760868.
visual.c:211: Line has been silenced after 4 occurrences
visual.c:21646: Tests skipped: Cube ATI2N textures are not supported, skipping some tests.
visual.c:21646: Tests skipped: Volume ATI2N textures are not supported, skipping some tests.
visual.c:21911: Tests skipped: Depth format 71 not supported, skipping.
visual.c:21911: Tests skipped: Depth format 1515474505 not supported, skipping.
visual.c:23714: Line antialiasing support: 0x20.
visual.c:24804: Tests skipped: No NULL format support, skipping NULL test.
visual.c:25051: Tests skipped: Running on WARP, skipping test.
visual.c:26479: Tests skipped: Sampling attached render targets is not supported.
visual.c:26568: Tests skipped: Alpha to coverage is not supported.
1c58:visual: Silenced 0 todos, 0 skips and 27 traces.
1c58:visual: 204302 tests executed (0 marked as todo, 0 as flaky, 0 failures), 29 skipped.
d3d9:visual:1c58 done (0) in 15s 3056B
d3dcompiler_47:asm start dlls/d3dcompiler_47/tests/asm.c
asm.c:1438: D3DAssemble messages:
C:\Users\Docker\AppData\Local\Temp\wct\Shader@0x00007FF7259E3223(3,1-9): error X2000: syntax error : unexpected token 'texldd_x2'
C:\Users\Docker\AppData\Local\Temp\wct\Shader@0x00007FF7259E3223(3,1-9): error X2024: invalid instruction modifiers 'texldd_x2'
asm.c:1438: D3DAssemble messages:
C:\Users\Docker\AppData\Local\Temp\wct\Shader@0x00007FF7259E3252(3,2-4): error X2027: instruction coissue is not supported in this shader version
asm.c:1438: D3DAssemble messages:
C:\Users\Docker\AppData\Local\Temp\wct\Shader@0x00007FF7259E3280(4,2-4): error X2027: instruction coissue is not supported in this shader version
asm.c:1438: D3DAssemble messages:
C:\Users\Docker\AppData\Local\Temp\wct\Shader@0x00007FF7259E32BE(2,2-3): error X2005: invalid register 'p0'
C:\Users\Docker\AppData\Local\Temp\wct\Shader@0x00007FF7259E32BE(2,6-8): error X2028: instruction predication is not supported in this shader version
asm.c:1438: Line has been silenced after 4 occurrences
asm.c:1458: include_type = 0, filename incl.vsh
asm.c:1459: parent_data (0000000000000000) -> (null)
asm.c:1601: D3DAssemble messages:
(1,1): error X2001: shader version expected
asm.c:1691: D3DPreprocess messages:
C:\Users\Docker\AppData\Local\Temp\wct\<memory>(3,3): error X1005: string continues past end of line
asm.c:1458: include_type = 0, filename incl.vsh
asm.c:1459: parent_data (0000000000000000) -> (null)
asm.c:1458: include_type = 0, filename incl2.vsh
asm.c:1459: parent_data (0000000000000000) -> (null)
asm.c:1458: include_type = 0, filename incl3.vsh
asm.c:1459: parent_data (00000147A06B1720) -> #include "incl3.vsh"

asm.c:1458: Line has been silenced after 4 occurrences
asm.c:1459: Line has been silenced after 4 occurrences
0cdc:asm: Silenced 0 todos, 0 skips and 52 traces.
0cdc:asm: 259 tests executed (0 marked as todo, 0 as flaky, 0 failures), 0 skipped.
d3dcompiler_47:asm:0cdc done (0) in 0s 1908B
d3dcompiler_47:blob start dlls/d3dcompiler_47/tests/blob.c
047c:blob: 258 tests executed (0 marked as todo, 0 as flaky, 0 failures), 0 skipped.
d3dcompiler_47:blob:047c done (0) in 0s 86B
d3dcompiler_47:hlsl_d3d11 start dlls/d3dcompiler_47/tests/hlsl_d3d11.c
0a24:hlsl_d3d11: 1064 tests executed (0 marked as todo, 0 as flaky, 0 failures), 0 skipped.
d3dcompiler_47:hlsl_d3d11:0a24 done (0) in 0s 93B
d3dcompiler_47:hlsl_d3d9 start dlls/d3dcompiler_47/tests/hlsl_d3d9.c
hlsl_d3d9.c:1857: Tests skipped: Failed to load d3dx9_36.dll.
0f10:hlsl_d3d9: 0 tests executed (0 marked as todo, 0 as flaky, 0 failures), 1 skipped.
d3dcompiler_47:hlsl_d3d9:0f10 done (0) in 0s 152B
d3dcompiler_47:reflection start dlls/d3dcompiler_47/tests/reflection.c
0a94:reflection: 1348 tests executed (0 marked as todo, 0 as flaky, 0 failures), 0 skipped.
d3dcompiler_47:reflection:0a94 done (0) in 0s 93B
d3dxof:d3dxof start dlls/d3dxof/tests/d3dxof.c
d3dxof.c:415: Tests skipped: DirectXFileCreate is not available
d3dxof.c:482: Tests skipped: DirectXFileCreate is not available
d3dxof.c:552: Tests skipped: DirectXFileCreate is not available
d3dxof.c:621: Tests skipped: DirectXFileCreate is not available
d3dxof.c:658: Tests skipped: DirectXFileCreate is not available
d3dxof.c:700: Tests skipped: DirectXFileCreate is not available
d3dxof.c:783: Tests skipped: DirectXFileCreate is not available
d3dxof.c:891: Tests skipped: DirectXFileCreate is not available
d3dxof.c:986: Tests skipped: DirectXFileCreate is not available
d3dxof.c:1015: Tests skipped: DirectXFileCreate is not available
d3dxof.c:1035: Tests skipped: DirectXFileCreate is not available
1100:d3dxof: 0 tests executed (0 marked as todo, 0 as flaky, 0 failures), 11 skipped.
d3dxof:d3dxof:1100 done (0) in 0s 804B
dataexchange:dataexchange start dlls/dataexchange/tests/dataexchange.c
0dbc:dataexchange: 32 tests executed (0 marked as todo, 0 as flaky, 0 failures), 0 skipped.
dataexchange:dataexchange:0dbc done (0) in 0s 93B
dbgeng:dbgeng start dlls/dbgeng/tests/dbgeng.c
10d4:dbgeng: 2 tests executed (0 marked as todo, 0 as flaky, 0 failures), 0 skipped.
1e8c:dbgeng: 2 tests executed (0 marked as todo, 0 as flaky, 0 failures), 0 skipped.
1d10:dbgeng: 94 tests executed (0 marked as todo, 0 as flaky, 0 failures), 0 skipped.
dbgeng:dbgeng:1d10 done (0) in 0s 259B
dbghelp:dbghelp start dlls/dbghelp/tests/dbghelp.c
13fc:dbghelp: 3443 tests executed (0 marked as todo, 0 as flaky, 0 failures), 0 skipped.
dbghelp:dbghelp:13fc done (0) in 7s 90B
dbghelp:minidump start dlls/dbghelp/tests/minidump.c
1e74:minidump: 1871 tests executed (0 marked as todo, 0 as flaky, 0 failures), 0 skipped.
dbghelp:minidump:1e74 done (0) in 0s 91B
dbghelp:path start dlls/dbghelp/tests/path.c
088c:path: 5495 tests executed (0 marked as todo, 0 as flaky, 0 failures), 0 skipped.
dbghelp:path:088c done (0) in 0s 87B
ddrawex:ddrawex start dlls/ddrawex/tests/ddrawex.c
1ae4:ddrawex: 12 tests executed (0 marked as todo, 0 as flaky, 0 failures), 0 skipped.
ddrawex:ddrawex:1ae4 done (0) in 0s 88B
ddrawex:surface start dlls/ddrawex/tests/surface.c
115c:surface: 160 tests executed (0 marked as todo, 0 as flaky, 0 failures), 0 skipped.
ddrawex:surface:115c done (0) in 0s 89B
ddraw:d3d start dlls/ddraw/tests/d3d.c
d3d.c:2070: Tests skipped: Skipping d3d7 tests
d3d.c:2090: Tests skipped: Skipping d3d2 tests.
d3d.c:2098: Tests skipped: Skipping d3d1 tests
168c:d3d: 9 tests executed (0 marked as todo, 0 as flaky, 0 failures), 3 skipped.
ddraw:d3d:168c done (0) in 0s 228B
ddraw:ddraw1 start dlls/ddraw/tests/ddraw1.c
ddraw1.c:16384: Driver string: "d3d10warp.dll"
ddraw1.c:16385: Description string: "Red Hat VirtIO GPU DOD controller"
ddraw1.c:16386: Driver version 0.0.0.0
ddraw1.c:1285: Tests skipped: Failed to create a 3D device, skipping test.
ddraw1.c:1370: Tests skipped: Failed to create a 3D device, skipping test.
ddraw1.c:1521: Tests skipped: Failed to create a 3D device, skipping test.
ddraw1.c:1744: Tests skipped: Failed to create a 3D device, skipping test.
ddraw1.c:1744: Tests skipped: Failed to create a 3D device, skipping test.
ddraw1.c:1880: Tests skipped: Failed to create a 3D device, skipping test.
ddraw1.c:1880: Tests skipped: Failed to create a 3D device, skipping test.
ddraw1.c:2053: Tests skipped: Failed to create a 3D device, skipping test.
ddraw1.c:2213: Tests skipped: Failed to create a 3D device, skipping test.
ddraw1.c:2441: Tests skipped: Failed to create a 3D device, skipping test.
ddraw1.c:2524: Tests skipped: Failed to create a 3D device, skipping test.
ddraw1.c:4105: Tests skipped: Following tests require two monitors.
ddraw1.c:4334: Tests skipped: D3D interface is not available, skipping test.
ddraw1.c:4426: Tests skipped: Failed to create a 3D device, skipping test.
ddraw1.c:4658: Tests skipped: Failed to create a 3D device, skipping test.
ddraw1.c:4890: Tests skipped: Failed to create a 3D device, skipping test.
ddraw1.c:4890: Tests skipped: Failed to create a 3D device, skipping test.
ddraw1.c:5230: Tests skipped: Failed to create a 3D device, skipping test.
ddraw1.c:5322: Tests skipped: Failed to create a 3D device, skipping test.
ddraw1.c:5675: Tests skipped: Failed to set 8 bpp display mode, skipping test.
ddraw1.c:6932: Tests skipped: Failed to create a 3D device, skipping test.
ddraw1.c:7164: Tests skipped: Failed to create a 3D device, skipping test.
ddraw1.c:7585: Tests skipped: Failed to create a 3D device, skipping test.
ddraw1.c:7902: Tests skipped: Failed to set 8 bpp display mode, skipping test.
ddraw1.c:8087: Tests skipped: Failed to set 8 bpp display mode, skipping test.
ddraw1.c:8674: Tests skipped: Failed to create a 3D device, skipping test.
ddraw1.c:9090: Tests skipped: Failed to create a 3D device, skipping test.
ddraw1.c:9305: Tests skipped: Failed to create a 3D device, skipping test.
ddraw1.c:9723: Tests skipped: Failed to create a 3D device, skipping test.
ddraw1.c:10145: Tests skipped: Failed to create a 3D device, skipping test.
ddraw1.c:10393: Tests skipped: Failed to create a YV12 overlay, skipping test.
ddraw1.c:10515: Tests skipped: Failed to create a UYVY overlay, skipping test.
ddraw1.c:10595: Tests skipped: Failed to create a UYVY overlay, skipping test.
ddraw1.c:10713: Tests skipped: Failed to create a 3D device, skipping test.
ddraw1.c:10877: Tests skipped: Failed to create a 3D device.
ddraw1.c:11078: Tests skipped: Failed to create surface for format D3DFMT_A2R10G10B10 (hr 0x88760091), skipping tests.
ddraw1.c:11449: Tests skipped: Failed to create a 3D device, skipping test.
ddraw1.c:12205: Tests skipped: Failed to create a 3D device, skipping test.
ddraw1.c:12845: Tests skipped: Failed to create a D3D device, skipping tests.
ddraw1.c:12950: Tests skipped: Failed to create a 3D device, skipping test.
ddraw1.c:13407: Tests skipped: Failed to create a 3D device, skipping test.
ddraw1.c:13573: Tests skipped: Failed to create a 3D device, skipping test.
ddraw1.c:13744: Tests skipped: D3D interface is not available, skipping test.
ddraw1.c:14044: Tests skipped: Failed to create a 3D device.
ddraw1.c:15006: Tests skipped: Failed to create a 3D device, skipping test.
ddraw1.c:15006: Tests skipped: Failed to create a 3D device, skipping test.
ddraw1.c:15420: Tests skipped: Failed to create a 3D device.
ddraw1.c:15736: Tests skipped: D3D interface is not available, skipping test.
ddraw1.c:15859: Tests skipped: Failed to create a 3D device, skipping test.
ddraw1.c:16165: Tests skipped: format UYVY: Failed to create surface, hr 0x88760091.
ddraw1.c:16165: Tests skipped: format YV12: Failed to create surface, hr 0x80004001.
ddraw1.c:16165: Tests skipped: format NV12: Failed to create surface, hr 0x80004001.
1b30:ddraw1: 4411 tests executed (0 marked as todo, 0 as flaky, 0 failures), 52 skipped.
ddraw:ddraw1:1b30 done (0) in 13s 4273B
ddraw:ddraw2 start dlls/ddraw/tests/ddraw2.c
ddraw2.c:17455: Driver string: "d3d10warp.dll"
ddraw2.c:17456: Description string: "Red Hat VirtIO GPU DOD controller"
ddraw2.c:17457: Driver version 0.0.0.0
ddraw2.c:1145: Tests skipped: Skipping test that crashes WARP occasionally.
ddraw2.c:1269: Tests skipped: Failed to create a 3D device, skipping test.
ddraw2.c:1403: Tests skipped: Failed to create a 3D device, skipping test.
ddraw2.c:1403: Tests skipped: Failed to create a 3D device, skipping test.
ddraw2.c:1590: Tests skipped: Could not get Direct3DTexture interface, skipping texture::Load color keying tests.
ddraw2.c:1705: Tests skipped: Failed to create a 3D device, skipping test.
ddraw2.c:1939: Tests skipped: Failed to create a 3D device, skipping test.
ddraw2.c:1939: Tests skipped: Failed to create a 3D device, skipping test.
ddraw2.c:2054: Tests skipped: Failed to create a 3D device, skipping test.
ddraw2.c:2054: Tests skipped: Failed to create a 3D device, skipping test.
ddraw2.c:2191: Tests skipped: Failed to create a 3D device, skipping test.
ddraw2.c:2295: Tests skipped: Failed to create a 3D device, skipping test.
ddraw2.c:2523: Tests skipped: Failed to create a 3D device, skipping test.
ddraw2.c:2605: Tests skipped: Failed to create a 3D device, skipping test.
ddraw2.c:3321: Test marked flaky: Expected (0,0)-(640,480), got (-8,-8)-(648,488).
ddraw2.c:4308: Tests skipped: Following tests require two monitors.
ddraw2.c:4610: Tests skipped: Failed to create a 3D device, skipping test.
ddraw2.c:4871: Tests skipped: Failed to create a 3D device, skipping test.
ddraw2.c:5123: Tests skipped: Failed to create a 3D device, skipping test.
ddraw2.c:5399: Tests skipped: Failed to create a 3D device, skipping test.
ddraw2.c:5399: Tests skipped: Failed to create a 3D device, skipping test.
ddraw2.c:5817: Tests skipped: Failed to create a 3D device, skipping test.
ddraw2.c:5909: Tests skipped: Failed to create a 3D device, skipping test.
ddraw2.c:6817: Tests skipped: Failed to set 8 bpp display mode, skipping test.
ddraw2.c:8082: Tests skipped: Failed to create a 3D device, skipping test.
ddraw2.c:8298: Tests skipped: Failed to create a 3D device, skipping test.
ddraw2.c:8655: Tests skipped: Failed to create a 3D device, skipping test.
ddraw2.c:8935: Tests skipped: Failed to set 8 bpp display mode, skipping test.
ddraw2.c:9121: Tests skipped: Failed to set 8 bpp display mode, skipping test.
ddraw2.c:9711: Tests skipped: Failed to create a 3D device, skipping test.
ddraw2.c:10013: Tests skipped: Failed to create a 3D device, skipping test.
ddraw2.c:10228: Tests skipped: Failed to create a 3D device, skipping test.
ddraw2.c:10643: Tests skipped: Failed to create a 3D device, skipping test.
ddraw2.c:11042: Tests skipped: Failed to create a 3D device, skipping test.
ddraw2.c:11271: Tests skipped: Failed to create a YV12 overlay, skipping test.
ddraw2.c:11393: Tests skipped: Failed to create a UYVY overlay, skipping test.
ddraw2.c:11473: Tests skipped: Failed to create a UYVY overlay, skipping test.
ddraw2.c:11591: Tests skipped: Failed to create a 3D device, skipping test.
ddraw2.c:11755: Tests skipped: Failed to create a 3D device.
ddraw2.c:11956: Tests skipped: Failed to create surface for format D3DFMT_A2R10G10B10 (hr 0x88760091), skipping tests.
ddraw2.c:12243: Tests skipped: Failed to create a 3D device, skipping test.
ddraw2.c:12323: Tests skipped: Failed to create a 3D device.
ddraw2.c:12600: Tests skipped: Failed to create a 3D device, skipping test.
ddraw2.c:13928: Tests skipped: Failed to create 3D device.
ddraw2.c:13998: Tests skipped: Failed to create a D3D device, skipping tests.
ddraw2.c:14116: Tests skipped: Failed to create a 3D device, skipping test.
ddraw2.c:14606: Tests skipped: Failed to create a 3D device, skipping test.
ddraw2.c:14794: Tests skipped: D3D interface is not available, skipping test.
ddraw2.c:15091: Tests skipped: Failed to create a 3D device.
ddraw2.c:15933: Tests skipped: Failed to find a display mode with a different frequency.
ddraw2.c:15990: Tests skipped: Failed to create a 3D device, skipping test.
ddraw2.c:15990: Tests skipped: Failed to create a 3D device, skipping test.
ddraw2.c:16390: Tests skipped: Failed to create a 3D device.
ddraw2.c:16771: Tests skipped: D3D interface is not available, skipping test.
ddraw2.c:16826: Tests skipped: Failed to create a 3D device, skipping test.
ddraw2.c:17046: Tests skipped: Failed to create 3D device.
ddraw2.c:17236: Tests skipped: format UYVY: Failed to create surface, hr 0x88760091.
ddraw2.c:17236: Tests skipped: format YV12: Failed to create surface, hr 0x80004001.
ddraw2.c:17236: Tests skipped: format NV12: Failed to create surface, hr 0x80004001.
1798:ddraw2: 4749 tests executed (0 marked as todo, 1 as flaky, 0 failures), 58 skipped.
ddraw:ddraw2:1798 done (0) in 15s 4821B
ddraw:ddraw4 start dlls/ddraw/tests/ddraw4.c
ddraw4.c:20536: Driver string: "d3d10warp.dll"
ddraw4.c:20537: Description string: "Red Hat VirtIO GPU DOD controller"
ddraw4.c:20538: Driver version 0.0.0.0
ddraw4.c:836: Tests skipped: Failed to create a 3D device, skipping test.
ddraw4.c:1336: Tests skipped: Failed to create a 3D device, skipping test.
ddraw4.c:1470: Tests skipped: D3D interface is not available, skipping test.
ddraw4.c:1581: Tests skipped: Failed to create a 3D device, skipping test.
ddraw4.c:1581: Tests skipped: Failed to create a 3D device, skipping test.
ddraw4.c:1766: Tests skipped: Could not get Direct3DTexture2 interface, skipping texture::Load color keying tests.
ddraw4.c:1874: Tests skipped: Failed to create a 3D device, skipping test.
ddraw4.c:2186: Tests skipped: Failed to create a 3D device, skipping test.
ddraw4.c:2186: Tests skipped: Failed to create a 3D device, skipping test.
ddraw4.c:2298: Tests skipped: Failed to create a 3D device, skipping test.
ddraw4.c:2298: Tests skipped: Failed to create a 3D device, skipping test.
ddraw4.c:2434: Tests skipped: Failed to create a 3D device, skipping test.
ddraw4.c:2535: Tests skipped: Failed to create a 3D device, skipping test.
ddraw4.c:2765: Tests skipped: Failed to create a 3D device, skipping test.
ddraw4.c:2847: Tests skipped: Failed to create a 3D device, skipping test.
ddraw4.c:4536: Tests skipped: Following tests require two monitors.
ddraw4.c:4821: Tests skipped: Failed to create a 3D device, skipping test.
ddraw4.c:4928: Tests skipped: Failed to create a 3D device, skipping test.
ddraw4.c:5099: Tests skipped: Failed to create a 3D device, skipping test.
ddraw4.c:5578: Tests skipped: Failed to create a 3D device, skipping test.
ddraw4.c:5765: Tests skipped: Failed to create a 3D device, skipping test.
ddraw4.c:6070: Tests skipped: Failed to create a 3D device, skipping test.
ddraw4.c:6505: Tests skipped: Failed to create a 3D device, skipping test.
ddraw4.c:6728: Tests skipped: Failed to create a 3D device, skipping test.
ddraw4.c:7027: Tests skipped: D3D interface is not available, skipping test.
ddraw4.c:7027: Tests skipped: D3D interface is not available, skipping test.
ddraw4.c:7467: Tests skipped: D3D interface is not available, skipping test.
ddraw4.c:7569: Tests skipped: Failed to create a 3D device, skipping test.
ddraw4.c:8499: Tests skipped: Failed to set 8 bpp display mode, skipping test.
ddraw4.c:9990: Tests skipped: Failed to create a 3D device, skipping test.
ddraw4.c:10249: Tests skipped: Failed to set 8 bpp display mode, skipping test.
ddraw4.c:10434: Tests skipped: Failed to set 8 bpp display mode, skipping test.
ddraw4.c:10576: Tests skipped: Failed to create a 3D device, skipping test.
ddraw4.c:11137: Tests skipped: Failed to create a 3D device, skipping test.
ddraw4.c:11649: Tests skipped: Failed to create a 3D device, skipping test.
ddraw4.c:11959: Tests skipped: Failed to create a 3D device, skipping test.
ddraw4.c:12346: Tests skipped: Failed to create a 3D device, skipping test.
ddraw4.c:12569: Tests skipped: Failed to create a 3D device, skipping test.
ddraw4.c:12978: Tests skipped: Failed to create a 3D device, skipping test.
ddraw4.c:13240: Tests skipped: Failed to create a YV12 overlay, skipping test.
ddraw4.c:13362: Tests skipped: Failed to create a UYVY overlay, skipping test.
ddraw4.c:13442: Tests skipped: Failed to create a UYVY overlay, skipping test.
ddraw4.c:13559: Tests skipped: Failed to create a 3D device, skipping test.
ddraw4.c:13727: Tests skipped: Failed to create a 3D device.
ddraw4.c:13874: Tests skipped: Failed to create a 3D device, skipping test.
ddraw4.c:14029: Tests skipped: Failed to create surface for format D3DFMT_A2R10G10B10 (hr 0x88760091), skipping tests.
ddraw4.c:14313: Tests skipped: Failed to create a 3D device, skipping test.
ddraw4.c:14444: Tests skipped: Failed to create a 3D device.
ddraw4.c:14732: Tests skipped: Failed to create a 3D device.
ddraw4.c:16133: Tests skipped: Failed to create a 3D device, skipping test.
ddraw4.c:16247: Tests skipped: Failed to create a 3D device, skipping test.
ddraw4.c:16295: Tests skipped: Failed to create 3D device.
ddraw4.c:16345: Tests skipped: Failed to create 3D device.
ddraw4.c:16437: Tests skipped: Failed to create a D3D device, skipping tests.
ddraw4.c:16612: Tests skipped: Failed to create a D3D device, skipping tests.
ddraw4.c:16740: Tests skipped: Failed to create 3D device.
ddraw4.c:17215: Tests skipped: Failed to create a 3D device, skipping test.
ddraw4.c:17402: Tests skipped: D3D interface is not available, skipping test.
ddraw4.c:17605: Tests skipped: Failed to create a 3D device, skipping test.
ddraw4.c:17841: Tests skipped: Failed to create a 3D device.
ddraw4.c:18535: Tests skipped: Failed to create a 3D device, skipping test.
ddraw4.c:19005: Tests skipped: Failed to find a display mode with a different frequency.
ddraw4.c:19071: Tests skipped: Failed to create a 3D device, skipping test.
ddraw4.c:19071: Tests skipped: Failed to create a 3D device, skipping test.
ddraw4.c:19486: Tests skipped: Failed to create 3D device.
ddraw4.c:19852: Tests skipped: D3D interface is not available, skipping test.
ddraw4.c:19900: Tests skipped: Failed to create a 3D device, skipping test.
ddraw4.c:20063: Tests skipped: D3D interface is not available, skipping test.
ddraw4.c:20121: Tests skipped: Failed to create 3D device.
ddraw4.c:20317: Tests skipped: format UYVY: Failed to create surface, hr 0x88760091.
ddraw4.c:20317: Tests skipped: format YV12: Failed to create surface, hr 0x80004001.
ddraw4.c:20317: Tests skipped: format NV12: Failed to create surface, hr 0x80004001.
0e68:ddraw4: 5027 tests executed (0 marked as todo, 0 as flaky, 0 failures), 72 skipped.
ddraw:ddraw4:0e68 done (0) in 16s 5774B
ddraw:ddraw7 start dlls/ddraw/tests/ddraw7.c
ddraw7.c:20946: Driver string: "d3d10warp.dll"
ddraw7.c:20947: Description string: "Red Hat VirtIO GPU DOD controller"
ddraw7.c:20948: Driver version 0.0.0.0
ddraw7.c:20963: D3D interface is not available.
ddraw7.c:882: Tests skipped: Failed to create a 3D device, skipping test.
ddraw7.c:1420: Tests skipped: Failed to create a 3D device, skipping test.
ddraw7.c:1556: Tests skipped: D3D interface is not available, skipping test.
ddraw7.c:1661: Tests skipped: Hardware device: Failed to create a 3D device, skipping test.
ddraw7.c:1661: Tests skipped: Software device: Failed to create a 3D device, skipping test.
ddraw7.c:1824: Tests skipped: Failed to create a 3D device, skipping test.
ddraw7.c:1919: Tests skipped: Hardware device: Failed to create a 3D device, skipping test.
ddraw7.c:1919: Tests skipped: Software device: Failed to create a 3D device, skipping test.
ddraw7.c:2023: Tests skipped: Hardware device: Failed to create a 3D device, skipping test.
ddraw7.c:2023: Tests skipped: Software device: Failed to create a 3D device, skipping test.
ddraw7.c:2149: Tests skipped: Failed to create a 3D device, skipping test.
ddraw7.c:2243: Tests skipped: Failed to create a 3D device, skipping test.
ddraw7.c:2527: Tests skipped: Failed to create a 3D device, skipping test.
ddraw7.c:2609: Tests skipped: Failed to create a 3D device, skipping test.
ddraw7.c:4297: Tests skipped: Following tests require two monitors.
ddraw7.c:4582: Tests skipped: Failed to create a 3D device, skipping test.
ddraw7.c:4687: Tests skipped: Failed to create a 3D device, skipping test.
ddraw7.c:4854: Tests skipped: Failed to create a 3D device, skipping test.
ddraw7.c:5353: Tests skipped: Failed to create a 3D device, skipping test.
ddraw7.c:5514: Tests skipped: Failed to create a 3D device, skipping test.
ddraw7.c:5717: Tests skipped: Failed to create a 3D device, skipping test.
ddraw7.c:5910: Tests skipped: Failed to create a 3D device, skipping test.
ddraw7.c:6349: Tests skipped: Failed to create a 3D device, skipping test.
ddraw7.c:6572: Tests skipped: Failed to create a 3D device, skipping test.
ddraw7.c:6871: Tests skipped: Hardware device: D3D interface is not available, skipping test.
ddraw7.c:6871: Tests skipped: Software device: D3D interface is not available, skipping test.
ddraw7.c:7346: Tests skipped: D3D interface is not available, skipping test.
ddraw7.c:7484: Tests skipped: Failed to create a 3D device, skipping test.
ddraw7.c:7784: Tests skipped: Failed to create 3D device.
ddraw7.c:8125: Tests skipped: Mipmaps are not supported.
ddraw7.c:8467: Tests skipped: Failed to set 8 bpp display mode, skipping test.
ddraw7.c:8642: Tests skipped: Failed to create a texture, skipping tests.
ddraw7.c:9072: Tests skipped: Mipmapped textures not supported, skipping mipmap private data test.
ddraw7.c:9556: Tests skipped: Mipmapped textures not supported, skipping tests.
ddraw7.c:9661: Tests skipped: Mipmapped textures not supported, skipping mipmap palette test.
ddraw7.c:9920: Tests skipped: Failed to create a 3D device, skipping test.
ddraw7.c:10111: Tests skipped: Failed to set 8 bpp display mode, skipping test.
ddraw7.c:10296: Tests skipped: Failed to set 8 bpp display mode, skipping test.
ddraw7.c:10443: Tests skipped: Failed to create a 3D device, skipping test.
ddraw7.c:11149: Tests skipped: Failed to create a 3D device, skipping test.
ddraw7.c:11304: Tests skipped: Failed to create a 3D device, skipping test.
ddraw7.c:11488: Tests skipped: Failed to create a 3D device, skipping test.
ddraw7.c:11599: Tests skipped: Failed to create a 3D device, skipping test.
ddraw7.c:11758: Tests skipped: Failed to create a 3D device, skipping test.
ddraw7.c:12047: Tests skipped: Failed to create a 3D device, skipping test.
ddraw7.c:12438: Tests skipped: Failed to create a 3D device, skipping test.
ddraw7.c:12674: Tests skipped: Failed to create a 3D device, skipping test.
ddraw7.c:13073: Tests skipped: Failed to create a 3D device, skipping test.
ddraw7.c:13345: Tests skipped: Failed to create a YV12 overlay, skipping test.
ddraw7.c:13467: Tests skipped: Failed to create a UYVY overlay, skipping test.
ddraw7.c:13547: Tests skipped: Failed to create a UYVY overlay, skipping test.
ddraw7.c:13664: Tests skipped: Failed to create a 3D device, skipping test.
ddraw7.c:13832: Tests skipped: Failed to create a 3D device.
ddraw7.c:13977: Tests skipped: Failed to create a 3D device, skipping test.
ddraw7.c:14241: Tests skipped: Failed to create cube texture for format D3DFMT_A8R8G8B8 (hr 0x80004002), skipping tests.
ddraw7.c:14241: Tests skipped: Failed to create cube texture for format D3DFMT_X8R8G8B8 (hr 0x80004002), skipping tests.
ddraw7.c:14241: Tests skipped: Failed to create cube texture for format D3DFMT_R5G6B5 (hr 0x80004002), skipping tests.
ddraw7.c:14241: Tests skipped: Failed to create cube texture for format D3DFMT_X1R5G5B5 (hr 0x80004002), skipping tests.
ddraw7.c:14241: Line has been silenced after 4 occurrences
ddraw7.c:14131: Tests skipped: Failed to create surface for format D3DFMT_A2R10G10B10 (hr 0x88760091), skipping tests.
ddraw7.c:14131: Tests skipped: Failed to create surface for format D3DFMT_R3G3B2 (hr 0x80004002), skipping tests.
ddraw7.c:14131: Tests skipped: Failed to create surface for format D3DFMT_DXT1 (hr 0x80004002), skipping tests.
ddraw7.c:14131: Tests skipped: Failed to create surface for format D3DFMT_DXT2 (hr 0x80004002), skipping tests.
ddraw7.c:14131: Line has been silenced after 4 occurrences
ddraw7.c:14417: Tests skipped: Failed to create a 3D device, skipping test.
ddraw7.c:14552: Tests skipped: Failed to create a 3D device.
ddraw7.c:14790: Tests skipped: SetDisplayMode failed, skipping test.ddraw7.c:14880: Tests skipped: Failed to create surface, type systemmemory texture.
ddraw7.c:14880: Tests skipped: Failed to create surface, type videomemory texture.
ddraw7.c:15618: Tests skipped: Failed to create a 3D device, skipping test.
ddraw7.c:15740: Tests skipped: Failed to create a 3D device, skipping test.
ddraw7.c:15787: Tests skipped: Failed to create 3D device.
ddraw7.c:15858: Tests skipped: Failed to create 3D device.
ddraw7.c:15905: Tests skipped: Failed to create 3D device.
ddraw7.c:15995: Tests skipped: Failed to create a D3D device, skipping tests.
ddraw7.c:16177: Tests skipped: Failed to create a D3D device, skipping tests.
ddraw7.c:16321: Tests skipped: Failed to create 3D device.
ddraw7.c:16574: Tests skipped: Failed to create a texture, skipping tests.
ddraw7.c:16754: Tests skipped: Failed to create a 3D device, skipping test.
ddraw7.c:16992: Tests skipped: Failed to create a 3D device, skipping test.
ddraw7.c:17451: Tests skipped: Failed to create a 3D device, skipping test.
ddraw7.c:17590: Tests skipped: Failed to create a 3D device, skipping test.
ddraw7.c:17818: Tests skipped: Failed to create 3D device.
ddraw7.c:17919: Tests skipped: Failed to create a 3D device.
ddraw7.c:18161: Tests skipped: Failed to create 3D device.
ddraw7.c:18668: Tests skipped: Failed to create a 3D device, skipping test.
ddraw7.c:18878: Tests skipped: Failed to create a 3D device, skipping test.
ddraw7.c:19385: Tests skipped: Failed to find a display mode with a different frequency.
ddraw7.c:19442: Tests skipped: Hardware device: Failed to create a 3D device, skipping test.
ddraw7.c:19442: Tests skipped: Software device: Failed to create a 3D device, skipping test.
ddraw7.c:19849: Tests skipped: Failed to create 3D device.
ddraw7.c:20013: Tests skipped: D3D interface is not available, skipping test.
ddraw7.c:698: Tests skipped: Hardware device: Failed to create a D3D device.
ddraw7.c:698: Tests skipped: Software device: Failed to create a D3D device.
ddraw7.c:721: Tests skipped: Failed to create a D3D device.
ddraw7.c:20348: Tests skipped: Failed to create a 3D device, skipping test.
ddraw7.c:20473: Tests skipped: D3D interface is not available, skipping test.
ddraw7.c:20530: Tests skipped: Failed to create 3D device.
ddraw7.c:20717: Tests skipped: format UYVY: Failed to create surface, hr 0x88760091.
ddraw7.c:20717: Tests skipped: format YV12: Failed to create surface, hr 0x80004001.
ddraw7.c:20717: Tests skipped: format NV12: Failed to create surface, hr 0x80004001.
06b4:ddraw7: Silenced 0 todos, 4 skips and 0 traces.
06b4:ddraw7: 3418 tests executed (0 marked as todo, 0 as flaky, 0 failures), 99 skipped.
ddraw:ddraw7:06b4 done (0) in 16s 8453B
ddraw:ddrawmodes start dlls/ddraw/tests/ddrawmodes.c
ddrawmodes.c:144: Calling DirectDrawEnumerateA with test_nullcontext_callbackA callback and NULL context.
ddrawmodes.c:110: test_nullcontext_callbackA: 0000000000000000 Primary Display Driver display 0000000000000000
ddrawmodes.c:149: Calling DirectDrawEnumerateA with test_context_callbackA callback and non-NULL context.
ddrawmodes.c:121: test_context_callbackA: 0000000000000000 Primary Display Driver display 00000000DEADBEEF
ddrawmodes.c:245: Calling DirectDrawEnumerateExA with empty flags and NULL context.
ddrawmodes.c:193: test_nullcontext_callbackExA: 0000000000000000 Primary Display Driver display 0000000000000000 0000000000000000
ddrawmodes.c:250: Calling DirectDrawEnumerateExA with empty flags and non-NULL context.
ddrawmodes.c:204: test_context_callbackExA: 0000000000000000 Primary Display Driver display 00000000DEADBEEF 0000000000000000
ddrawmodes.c:217: test_count_callbackExA: 0000000000000000 Primary Display Driver display 000000BDC4EFF770 0000000000000000
ddrawmodes.c:217: test_count_callbackExA: 0000000000000000 Primary Display Driver display 000000BDC4EFF770 0000000000000000
ddrawmodes.c:270: Calling DirectDrawEnumerateExA with all flags set and NULL context.
ddrawmodes.c:193: test_nullcontext_callbackExA: 0000000000000000 Primary Display Driver display 0000000000000000 0000000000000000
0374:ddrawmodes: 166 tests executed (0 marked as todo, 0 as flaky, 0 failures), 0 skipped.
ddraw:ddrawmodes:0374 done (0) in 0s 1426B
ddraw:dsurface start dlls/ddraw/tests/dsurface.c
dsurface.c:2365: Tests skipped: D3DFMT_UYVY surfaces not supported, skipping partial block lock test
dsurface.c:2365: Tests skipped: D3DFMT_YUY2 surfaces not supported, skipping partial block lock test
1444:dsurface: 1206 tests executed (0 marked as todo, 0 as flaky, 0 failures), 2 skipped.
ddraw:dsurface:1444 done (0) in 0s 295B
ddraw:refcount start dlls/ddraw/tests/refcount.c
refcount.c:252: Tests skipped: no IDirect3D7 support
refcount.c:373: Tests skipped: no IDirect3D support
0644:refcount: 49 tests executed (0 marked as todo, 0 as flaky, 0 failures), 2 skipped.
ddraw:refcount:0644 done (0) in 0s 196B
ddraw:visual start dlls/ddraw/tests/visual.c
visual.c:1606: Tests skipped: Cannot initialize DirectDraw and Direct3D, skipping
0490:visual: 3 tests executed (0 marked as todo, 0 as flaky, 0 failures), 1 skipped.
ddraw:visual:0490 done (0) in 0s 169B
devenum:devenum start dlls/devenum/tests/devenum.c
devenum.c:1102: Tests skipped: VFW codecs are not enumerated on 64-bit Windows
devenum.c:1173: Tests skipped: No video capture devices present.
1078:devenum: 1604 tests executed (0 marked as todo, 0 as flaky, 0 failures), 2 skipped.
devenum:devenum:1078 done (0) in 0s 236B
dhcpcsvc:dhcpcsvc start dlls/dhcpcsvc/tests/dhcpcsvc.c
dhcpcsvc.c:57: adapter 'L"Red Hat VirtIO Ethernet Adapter"' type 6 dhcpv4 enabled 1
dhcpcsvc.c:108: 0: Data 000001A883801420 (00ffffff) nBytesData 4 OptionId 1 Flags 00000000 IsVendor 0
dhcpcsvc.c:108: 1: Data 000001A883801424 (01141414) nBytesData 4 OptionId 3 Flags 00000000 IsVendor 0
dhcpcsvc.c:121: 2: Data 000001A883801428 (qemu) nBytesData 4 OptionId 12 Flags 00000000 IsVendor 0
dhcpcsvc.c:108: 3: Data 000001A88380142C (ff141414) nBytesData 4 OptionId 28 Flags 00000000 IsVendor 0
dhcpcsvc.c:57: adapter 'L"Software Loopback Interface 1"' type 24 dhcpv4 enabled 0
1ef4:dhcpcsvc: 7 tests executed (0 marked as todo, 0 as flaky, 0 failures), 0 skipped.
dhcpcsvc:dhcpcsvc:1ef4 done (0) in 0s 667B
dinput:device8 start dlls/dinput/tests/device8.c
device8.c:3270: Subtest hid
device8.c:3270: Subtest driver
device8.c:3270: Subtest driver_bus
device8.c:3270: Subtest driver_hid
device8.c:3270: Subtest driver_hid_poll
device8.c:2337: Tests skipped: 0x500: keyboard type 0x4 doesn't match for lang 0x411
device8.c:2465: Tests skipped: 0x500: keyboard type 0x4 doesn't match for lang 0x411
device8.c:2337: Tests skipped: 0x700: keyboard type 0x4 doesn't match for lang 0x411
device8.c:2465: Tests skipped: 0x700: keyboard type 0x4 doesn't match for lang 0x411
device8.c:2337: Tests skipped: 0x800: keyboard type 0x4 doesn't match for lang 0x411
device8.c:2465: Tests skipped: 0x800: keyboard type 0x4 doesn't match for lang 0x411
0004:driver_hid: 54 tests executed (0 marked as todo, 0 as flaky, 0 failures), 0 skipped.
0004:driver_hid: 61 tests executed (0 marked as todo, 0 as flaky, 0 failures), 0 skipped.
0004:driver_hid: 138 tests executed (0 marked as todo, 0 as flaky, 0 failures), 0 skipped.
0004:driver_hid_poll: 369 tests executed (0 marked as todo, 0 as flaky, 0 failures), 0 skipped.
0004:driver_bus: 190 tests executed (0 marked as todo, 0 as flaky, 0 failures), 0 skipped.
1f44:device8: 4527 tests executed (0 marked as todo, 0 as flaky, 0 failures), 6 skipped.
dinput:device8:1f44 done (0) in 6s 1243B
dinput:dinput start dlls/dinput/tests/dinput.c
dinput.c:1067: Subtest hid
dinput.c:1067: Subtest driver
dinput.c:1067: Subtest driver_bus
dinput.c:1067: Subtest driver_hid
dinput.c:1067: Subtest driver_hid_poll
dinput.c:828: Tests skipped: Failed to instantiate a IDirectInputJoyConfig8 instance: 0x0x80004002
1f24:dinput: 2523 tests executed (0 marked as todo, 0 as flaky, 0 failures), 1 skipped.
dinput:dinput:1f24 done (0) in 0s 358B
dinput:force_feedback start dlls/dinput/tests/force_feedback.c
force_feedback.c:7964: Subtest hid
force_feedback.c:7964: Subtest driver
force_feedback.c:7964: Subtest driver_bus
force_feedback.c:7964: Subtest driver_hid
force_feedback.c:7964: Subtest driver_hid_poll
0004:driver_hid: 957 tests executed (0 marked as todo, 0 as flaky, 0 failures), 0 skipped.
0004:driver_hid: 957 tests executed (0 marked as todo, 0 as flaky, 0 failures), 0 skipped.
0004:driver_hid: 957 tests executed (0 marked as todo, 0 as flaky, 0 failures), 0 skipped.
0004:driver_hid: 579 tests executed (0 marked as todo, 0 as flaky, 0 failures), 0 skipped.
0004:driver_hid: 131 tests executed (0 marked as todo, 0 as flaky, 0 failures), 0 skipped.
0004:driver_hid: 670 tests executed (0 marked as todo, 0 as flaky, 0 failures), 0 skipped.
0004:driver_bus: 5065 tests executed (0 marked as todo, 0 as flaky, 0 failures), 0 skipped.
1700:force_feedback: 15170 tests executed (0 marked as todo, 0 as flaky, 0 failures), 0 skipped.
dinput:force_feedback:1700 done (0) in 2s 952B
dinput:hid start dlls/dinput/tests/hid.c
hid.c:4203: Subtest hid
hid.c:4203: Subtest driver
hid.c:4203: Subtest driver_bus
hid.c:4203: Subtest driver_hid
hid.c:4203: Subtest driver_hid_poll
0004:driver_bus: 3 tests executed (0 marked as todo, 0 as flaky, 0 failures), 0 skipped.
0004:driver_hid: 47 tests executed (0 marked as todo, 0 as flaky, 0 failures), 0 skipped.
0004:driver_bus: 21 tests executed (0 marked as todo, 0 as flaky, 0 failures), 0 skipped.
0004:driver_hid: 47 tests executed (0 marked as todo, 0 as flaky, 0 failures), 0 skipped.
0004:driver_hid: 180 tests executed (0 marked as todo, 0 as flaky, 0 failures), 0 skipped.
0004:driver_hid: 152 tests executed (0 marked as todo, 0 as flaky, 0 failures), 0 skipped.
0004:driver_hid_poll: 1552 tests executed (0 marked as todo, 0 as flaky, 0 failures), 0 skipped.
0004:driver_hid_poll: 1503 tests executed (0 marked as todo, 0 as flaky, 0 failures), 0 skipped.
0004:driver_hid: 75 tests executed (0 marked as todo, 0 as flaky, 0 failures), 0 skipped.
0004:driver_bus: 1317 tests executed (0 marked as todo, 0 as flaky, 0 failures), 0 skipped.
1180:hid: 9402 tests executed (0 marked as todo, 0 as flaky, 0 failures), 0 skipped.
dinput:hid:1180 done (0) in 12s 1167B
dinput:hotplug start dlls/dinput/tests/hotplug.c
hotplug.c:1610: Subtest hid
hotplug.c:1610: Subtest driver
hotplug.c:1610: Subtest driver_bus
hotplug.c:1610: Subtest driver_hid
hotplug.c:1610: Subtest driver_hid_poll
0004:driver_hid: 54 tests executed (0 marked as todo, 0 as flaky, 0 failures), 0 skipped.
0004:driver_hid: 47 tests executed (0 marked as todo, 0 as flaky, 0 failures), 0 skipped.
0004:driver_hid: 54 tests executed (0 marked as todo, 0 as flaky, 0 failures), 0 skipped.
0004:driver_hid: 47 tests executed (0 marked as todo, 0 as flaky, 0 failures), 0 skipped.
0004:driver_hid: 54 tests executed (0 marked as todo, 0 as flaky, 0 failures), 0 skipped.
0004:driver_hid: 47 tests executed (0 marked as todo, 0 as flaky, 0 failures), 0 skipped.
0004:driver_hid: 47 tests executed (0 marked as todo, 0 as flaky, 0 failures), 0 skipped.
0004:driver_hid: 47 tests executed (0 marked as todo, 0 as flaky, 0 failures), 0 skipped.
0004:driver_hid: 47 tests executed (0 marked as todo, 0 as flaky, 0 failures), 0 skipped.
0004:driver_hid: 47 tests executed (0 marked as todo, 0 as flaky, 0 failures), 0 skipped.
0004:driver_hid: 47 tests executed (0 marked as todo, 0 as flaky, 0 failures), 0 skipped.
0004:driver_hid: 47 tests executed (0 marked as todo, 0 as flaky, 0 failures), 0 skipped.
0004:driver_bus: 219 tests executed (0 marked as todo, 0 as flaky, 0 failures), 0 skipped.
19c0:hotplug: 1550 tests executed (0 marked as todo, 0 as flaky, 0 failures), 0 skipped.
dinput:hotplug:19c0 done (0) in 1s 1448B
dinput:joystick8 start dlls/dinput/tests/joystick8.c
joystick8.c:5992: Subtest hid
joystick8.c:5992: Subtest driver
joystick8.c:5992: Subtest driver_bus
joystick8.c:5992: Subtest driver_hid
joystick8.c:5992: Subtest driver_hid_poll
1fb0:joystick8: 41 tests executed (0 marked as todo, 0 as flaky, 0 failures), 0 skipped.
16f8:joystick8: 43 tests executed (0 marked as todo, 0 as flaky, 0 failures), 0 skipped.
joystick8.c:5331: Test failed: pGameInputCreate returned 0x80004001
joystick8.c:5331: this is the last test seen before the exception
1c14:joystick8: unhandled exception c0000005 at 00007FF6FC58570E
dinput:joystick8:1c14 done (-1073741819) in 6s 566B
directmanipulation:manipulation start dlls/directmanipulation/tests/manipulation.c
1bd8:manipulation: 2 tests executed (0 marked as todo, 0 as flaky, 0 failures), 0 skipped.
directmanipulation:manipulation:1bd8 done (0) in 0s 92B
dispex:marshal start dlls/dispex/tests/marshal.c
marshal.c:153: QI {ecc8691b-c1db-4dc0-855e-65f6c551af49}
marshal.c:153: QI {94ea2b94-e9cc-49e0-c0ff-ee64ca8f5b90}
marshal.c:153: QI {2132b005-c604-4354-85bd-8f2e24181b0c}
marshal.c:153: QI {00000003-0000-0000-c000-000000000046}
marshal.c:153: Line has been silenced after 4 occurrences
marshal.c:171: AddRef
marshal.c:171: AddRef
marshal.c:180: Release
marshal.c:171: AddRef
marshal.c:171: AddRef
marshal.c:180: Release
marshal.c:180: Release
marshal.c:180: Release
marshal.c:180: Line has been silenced after 4 occurrences
0d38:marshal: Silenced 0 todos, 0 skips and 34 traces.
0d38:marshal: 23 tests executed (0 marked as todo, 0 as flaky, 0 failures), 0 skipped.
dispex:marshal:0d38 done (0) in 0s 682B
dmband:dmband start dlls/dmband/tests/dmband.c
dmband.c:602: Tests skipped: dmband not available
1704:dmband: 0 tests executed (0 marked as todo, 0 as flaky, 0 failures), 1 skipped.
dmband:dmband:1704 done (0) in 0s 137B
dmcompos:dmcompos start dlls/dmcompos/tests/dmcompos.c
dmcompos.c:660: Tests skipped: dmcompos not available
126c:dmcompos: 0 tests executed (0 marked as todo, 0 as flaky, 0 failures), 1 skipped.
dmcompos:dmcompos:126c done (0) in 0s 143B
dmime:dmime start dlls/dmime/tests/dmime.c
dmime.c:5197: Tests skipped: dmime not available
1df0:dmime: 0 tests executed (0 marked as todo, 0 as flaky, 0 failures), 1 skipped.
dmime:dmime:1df0 done (0) in 0s 135B
dmloader:loader start dlls/dmloader/tests/loader.c
loader.c:195: Tests skipped: GetObject failed with 0x80040154, skipping segment tests
loader.c:238: Tests skipped: CoCreateInstance failed.
1028:loader: 95 tests executed (0 marked as todo, 0 as flaky, 0 failures), 2 skipped.
dmloader:loader:1028 done (0) in 0s 229B
dmscript:dmscript start dlls/dmscript/tests/dmscript.c
dmscript.c:418: Tests skipped: dmscript not available
1654:dmscript: 0 tests executed (0 marked as todo, 0 as flaky, 0 failures), 1 skipped.
dmscript:dmscript:1654 done (0) in 0s 143B
dmstyle:dmstyle start dlls/dmstyle/tests/dmstyle.c
dmstyle.c:669: Tests skipped: dmstyle not available
1b00:dmstyle: 0 tests executed (0 marked as todo, 0 as flaky, 0 failures), 1 skipped.
dmstyle:dmstyle:1b00 done (0) in 0s 140B
dmsynth:dmsynth start dlls/dmsynth/tests/dmsynth.c
dmsynth.c:1236: Rendered samples to L"C:\\Users\\Docker\\AppData\\Local\\Temp\\synEBAF.tmp"
1d34:dmsynth: 2958 tests executed (0 marked as todo, 0 as flaky, 0 failures), 0 skipped.
dmsynth:dmsynth:1d34 done (0) in 2s 183B
dmusic:dmusic start dlls/dmusic/tests/dmusic.c
dmusic.c:175: Port 0:
dmusic.c:176:   dwFlags            = 100
dmusic.c:177:   guidPort           = {89f34b01-9efc-47a0-9ac6-33e9e65bf108}
dmusic.c:178:   dwClass            = 1
dmusic.c:179:   dwType             = 0
dmusic.c:180:   dwMemorySize       = 0
dmusic.c:181:   dwMaxChannelGroups = 1
dmusic.c:182:   dwMaxVoices        = 0
dmusic.c:183:   dwMaxAudioChannels = 0
dmusic.c:184:   dwEffectFlags      = 0
dmusic.c:185:   wszDescription     = L"Microsoft MIDI Mapper [Emulated]"
dmusic.c:175: Port 1:
dmusic.c:176:   dwFlags            = 100
dmusic.c:177:   guidPort           = {ae197d48-6f5a-4b98-b2e3-3bc5f4dae691}
dmusic.c:178:   dwClass            = 1
dmusic.c:179:   dwType             = 0
dmusic.c:180:   dwMemorySize       = 0
dmusic.c:181:   dwMaxChannelGroups = 1
dmusic.c:182:   dwMaxVoices        = 0
dmusic.c:183:   dwMaxAudioChannels = 0
dmusic.c:184:   dwEffectFlags      = 0
dmusic.c:185:   wszDescription     = L"Microsoft GS Wavetable Synth [Emulated]"
dmusic.c:175: Port 2:
dmusic.c:176:   dwFlags            = e85
dmusic.c:177:   guidPort           = {58c2b4d0-46e7-11d1-89ac-00a0c9054129}
dmusic.c:178:   dwClass            = 1
dmusic.c:179:   dwType             = 1
dmusic.c:180:   dwMemorySize       = 2147483647
dmusic.c:181:   dwMaxChannelGroups = 1000
dmusic.c:182:   dwMaxVoices        = 1000
dmusic.c:183:   dwMaxAudioChannels = 2
dmusic.c:184:   dwEffectFlags      = 1
dmusic.c:185:   wszDescription     = L"Microsoft Synthesizer"
dmusic.c:785: Test failed: ParseDescriptor failed: 0x88781210, expected S_OK
dmusic.c:786: Test failed: Got valid data 0, expected DMUS_OBJ_CLASS
dmusic.c:1014: Port wszDescription: L"Microsoft Synthesizer"
dmusic.c:1680: 234: got 0x80000038 L"SFX         "
dmusic.c:1680: 233: got 0x80000030 L"Orchestra   "
dmusic.c:1680: 232: got 0x80000028 L"Brush       "
dmusic.c:1680: 231: got 0x80000020 L"Jazz        "
dmusic.c:1680: Line has been silenced after 4 occurrences
1bec:dmusic: Silenced 0 todos, 0 skips and 231 traces.
1bec:dmusic: 675 tests executed (0 marked as todo, 0 as flaky, 2 failures), 0 skipped.
dmusic:dmusic:1bec done (2) in 0s 2120B
dnsapi:cache start dlls/dnsapi/tests/cache.c
0e90:cache: 3 tests executed (0 marked as todo, 0 as flaky, 0 failures), 0 skipped.
dnsapi:cache:0e90 done (0) in 0s 85B
dnsapi:name start dlls/dnsapi/tests/name.c
1444:name: 124 tests executed (0 marked as todo, 0 as flaky, 0 failures), 0 skipped.
dnsapi:name:1444 done (0) in 0s 86B
dnsapi:query start dlls/dnsapi/tests/query.c
query.c:205: Tests skipped: computer is not in a domain
0498:query: 63 tests executed (0 marked as todo, 0 as flaky, 0 failures), 1 skipped.
dnsapi:query:0498 done (0) in 1s 143B
dnsapi:record start dlls/dnsapi/tests/record.c
05b4:record: 136 tests executed (0 marked as todo, 0 as flaky, 0 failures), 0 skipped.
dnsapi:record:05b4 done (0) in 0s 88B
dplayx:dplayx start dlls/dplayx/tests/dplayx.c
dplayx.c:10713: Tests skipped: dplayx is missing or a stub dll, skipping tests
0750:dplayx: 0 tests executed (0 marked as todo, 0 as flaky, 0 failures), 1 skipped.
dplayx:dplayx:0750 done (0) in 0s 166B
dpvoice:voice start dlls/dpvoice/tests/voice.c
voice.c:342: Tests skipped: IDirectPlayVoiceClient not supported on this platform
voice.c:143: Tests skipped: IDirectPlayVoiceServer not supported on this platform
voice.c:551: Tests skipped: server failed to initialize
1d2c:voice: 1 tests executed (0 marked as todo, 0 as flaky, 0 failures), 3 skipped.
dpvoice:voice:1d2c done (0) in 0s 308B
dsdmo:dsdmo start dlls/dsdmo/tests/dsdmo.c
07f4:dsdmo: 3011 tests executed (0 marked as todo, 0 as flaky, 0 failures), 0 skipped.
dsdmo:dsdmo:07f4 done (0) in 0s 88B
dsound:capture start dlls/dsound/tests/capture.c
capture.c:699: Tests skipped: No driver
capture.c:185: Testing IDirectSoundCapture
capture.c:140:   No Driver
capture.c:140:   No Driver
capture.c:140:   No Driver
capture.c:449: *** Testing Primary Sound Capture Driver -  ***
capture.c:459:   No Driver
0a00:capture: 33 tests executed (0 marked as todo, 0 as flaky, 0 failures), 1 skipped.
dsound:capture:0a00 done (0) in 0s 349B
dsound:ds3d start dlls/dsound/tests/ds3d.c
ds3d.c:1577: *** Testing Primary Sound Driver -  ***
ds3d.c:1592:   Testing the primary buffer
ds3d.c:1595:   Testing 3D primary buffer
ds3d.c:1598:   Testing 3D primary buffer with listener
ds3d.c:1577: *** Testing Speakers (High Definition Audio Device) - {0.0.0.00000000}.{197b2f96-0da3-491b-8c1f-c14ba2744a15} ***
ds3d.c:1592:   Testing the primary buffer
ds3d.c:1595:   Testing 3D primary buffer
ds3d.c:1598:   Testing 3D primary buffer with listener
ds3d.c:1627: tested 2 DirectSound drivers
1b6c:ds3d: 4009 tests executed (0 marked as todo, 0 as flaky, 0 failures), 0 skipped.
dsound:ds3d:1b6c done (0) in 1s 594B
dsound:ds3d8 start dlls/dsound/tests/ds3d8.c
ds3d8.c:1090: *** Testing Primary Sound Driver -  ***
ds3d8.c:1105:   Testing the primary buffer
ds3d8.c:1108:   Testing 3D primary buffer
ds3d8.c:1111:   Testing 3D primary buffer with listener
ds3d8.c:1090: *** Testing Speakers (High Definition Audio Device) - {0.0.0.00000000}.{197b2f96-0da3-491b-8c1f-c14ba2744a15} ***
ds3d8.c:1105:   Testing the primary buffer
ds3d8.c:1108:   Testing 3D primary buffer
ds3d8.c:1111:   Testing 3D primary buffer with listener
ds3d8.c:1138: tested 2 DirectSound drivers
18c8:ds3d8: 757 tests executed (0 marked as todo, 0 as flaky, 0 failures), 0 skipped.
dsound:ds3d8:18c8 done (0) in 0s 603B
dsound:dsound start dlls/dsound/tests/dsound.c
dsound.c:208: Testing IDirectSound
dsound.c:1997: *** Testing Primary Sound Driver -  ***
dsound.c:1997: *** Testing Speakers (High Definition Audio Device) - {0.0.0.00000000}.{197b2f96-0da3-491b-8c1f-c14ba2744a15} ***
dsound.c:1208: testing duplicated buffer without notifications.
dsound.c:1225: testing duplicated buffer with a notification.
dsound.c:1236: testing original buffer with a notification.
dsound.c:2110: dwMaxHwMixingAllBuffers: 1
dsound.c:2111: dwMaxHwMixingStaticBuffers: 1
dsound.c:2112: dwMaxHwMixingStreamingBuffers: 1
0f1c:dsound: 3499 tests executed (0 marked as todo, 0 as flaky, 0 failures), 0 skipped.
dsound:dsound:0f1c done (0) in 5s 638B
dsound:dsound8 start dlls/dsound/tests/dsound8.c
dsound8.c:196: Testing IDirectSound8
dsound8.c:923: *** Testing Primary Sound Driver -  ***
dsound8.c:923: *** Testing Speakers (High Definition Audio Device) - {0.0.0.00000000}.{197b2f96-0da3-491b-8c1f-c14ba2744a15} ***
dsound8.c:1021: dwMaxHwMixingAllBuffers: 1
dsound8.c:1022: dwMaxHwMixingStaticBuffers: 1
dsound8.c:1023: dwMaxHwMixingStreamingBuffers: 1
dsound8.c:1068: guid: 0000000000000000, desc: Primary Sound Driver
dsound8.c:1068: guid: 000002A5EFD10AD4, desc: Speakers (High Definition Audio Device)
dsound8.c:1204: 0xf1f
1cd8:dsound8: 5316 tests executed (0 marked as todo, 0 as flaky, 0 failures), 0 skipped.
dsound:dsound8:1cd8 done (0) in 1s 633B
dsound:duplex start dlls/dsound/tests/duplex.c
duplex.c:281: Tests skipped: No driver
duplex.c:112: Testing IDirectSoundFullDuplex
0d38:duplex: 45 tests executed (0 marked as todo, 0 as flaky, 0 failures), 1 skipped.
dsound:duplex:0d38 done (0) in 0s 173B
dsound:propset start dlls/dsound/tests/propset.c
propset.c:408: *** Testing DSPROPERTY_DIRECTSOUNDDEVICE_ENUMERATE ***
propset.c:57:   found device:
propset.c:58:     Type: WDM
propset.c:62:     DataFlow: Render
propset.c:66:     DeviceId: {197b2f96-0da3-491b-8c1f-c14ba2744a15}
propset.c:67:     Description: Speakers (High Definition Audio Device)
propset.c:68:     Module: {0.0.0.00000000}.{197b2f96-0da3-491b-8c1f-c14ba2744a15}
propset.c:69:     Interface: \\?\HDAUDIO#FUNC_01&VEN_1AF4&DEV_0012&SUBSYS_1AF40012&REV_1001#4&FC8F738&0&0001#{6994AD04-93EF-11D0-A3CC-00A0C9223196}\ELINEOUTWAVE
propset.c:70:     WaveDeviceId: 0
propset.c:446: *** Testing DSPROPERTY_DIRECTSOUNDDEVICE_ENUMERATE_1 ***
propset.c:81:   found device:
propset.c:82:     Type: WDM
propset.c:86:     DataFlow: Render
propset.c:90:     DeviceId: {197b2f96-0da3-491b-8c1f-c14ba2744a15}
propset.c:91:     DescriptionA: Speakers (High Definition Audio Device)
propset.c:93:     DescriptionW: Speakers (High Definition Audio Device)
propset.c:94:     ModuleA: {0.0.0.00000000}.{197b2f96-0da3-491b-8c1f-c14ba2744a15}
propset.c:96:     ModuleW: {0.0.0.00000000}.{197b2f96-0da3-491b-8c1f-c14ba2744a15}
propset.c:97:     WaveDeviceId: 0
propset.c:476: *** Testing DSPROPERTY_DIRECTSOUNDDEVICE_ENUMERATE_A ***
propset.c:105:   found device:
propset.c:106:     Type: WDM
propset.c:110:     DataFlow: Render
propset.c:114:     DeviceId: {197b2f96-0da3-491b-8c1f-c14ba2744a15}
propset.c:115:     Description: Speakers (High Definition Audio Device)
propset.c:116:     Module: {0.0.0.00000000}.{197b2f96-0da3-491b-8c1f-c14ba2744a15}
propset.c:117:     Interface: \\?\HDAUDIO#FUNC_01&VEN_1AF4&DEV_0012&SUBSYS_1AF40012&REV_1001#4&FC8F738&0&0001#{6994AD04-93EF-11D0-A3CC-00A0C9223196}\ELINEOUTWAVE
propset.c:118:     WaveDeviceId: 0
propset.c:506: *** Testing DSPROPERTY_DIRECTSOUNDDEVICE_ENUMERATE_W ***
propset.c:130: found device:
propset.c:131: 	Type: WDM
propset.c:135: 	DataFlow: Render
propset.c:139: 	DeviceId: {197b2f96-0da3-491b-8c1f-c14ba2744a15}
propset.c:143: 	Description: Speakers (High Definition Audio Device)
propset.c:144: 	Module: {0.0.0.00000000}.{197b2f96-0da3-491b-8c1f-c14ba2744a15}
propset.c:145: 	Interface: \\?\HDAUDIO#FUNC_01&VEN_1AF4&DEV_0012&SUBSYS_1AF40012&REV_1001#4&FC8F738&0&0001#{6994AD04-93EF-11D0-A3CC-00A0C9223196}\ELINEOUTWAVE
propset.c:146: 	WaveDeviceId: 0
propset.c:549: *** Testing Primary Sound Driver -  ***
propset.c:600:   Testing a secondary buffer at 44100x16x1
propset.c:613:   Supports property sets
propset.c:622:     DSPROPSETID_VoiceManager not supported
propset.c:630:     DSPROPSETID_EAX20_ListenerProperties not supported
propset.c:638:     DSPROPSETID_EAX20_BufferProperties not supported
propset.c:647:     DSPROPSETID_I3DL2_ListenerProperties not supported
propset.c:655:     DSPROPSETID_I3DL2_BufferProperties not supported
propset.c:664:     DSPROPSETID_ZOOMFX_BufferProperties not supported
propset.c:549: *** Testing Speakers (High Definition Audio Device) - {0.0.0.00000000}.{197b2f96-0da3-491b-8c1f-c14ba2744a15} ***
propset.c:600:   Testing a secondary buffer at 44100x16x1
propset.c:613:   Supports property sets
propset.c:622:     DSPROPSETID_VoiceManager not supported
propset.c:630:     DSPROPSETID_EAX20_ListenerProperties not supported
propset.c:638:     DSPROPSETID_EAX20_BufferProperties not supported
propset.c:647:     DSPROPSETID_I3DL2_ListenerProperties not supported
propset.c:655:     DSPROPSETID_I3DL2_BufferProperties not supported
propset.c:664:     DSPROPSETID_ZOOMFX_BufferProperties not supported
propset.c:697: tested 2 DirectSound drivers
1704:propset: 74 tests executed (0 marked as todo, 0 as flaky, 0 failures), 0 skipped.
dsound:propset:1704 done (0) in 0s 3681B
dssenh:dssenh start dlls/dssenh/tests/dssenh.c
dssenh.c:1278: Tests skipped: skipping key exchange tests
1aac:dssenh: 1308 tests executed (0 marked as todo, 0 as flaky, 0 failures), 1 skipped.
dssenh:dssenh:1aac done (0) in 1s 148B
dswave:dswave start dlls/dswave/tests/dswave.c
dswave.c:228: Test failed: ParseDescriptor failed: 0x80030019, expected S_OK
1d04:dswave: 39 tests executed (0 marked as todo, 0 as flaky, 1 failure), 0 skipped.
dswave:dswave:1d04 done (1) in 0s 164B
dwmapi:dwmapi start dlls/dwmapi/tests/dwmapi.c
1d6c:dwmapi: 26 tests executed (0 marked as todo, 0 as flaky, 0 failures), 0 skipped.
dwmapi:dwmapi:1d6c done (0) in 0s 87B
dwrite:analyzer start dlls/dwrite/tests/analyzer.c
1478:analyzer: 3960848 tests executed (0 marked as todo, 0 as flaky, 0 failures), 0 skipped.
dwrite:analyzer:1478 done (0) in 3s 94B
dwrite:font start dlls/dwrite/tests/font.c
font.c:2445: Tests skipped: GetMetrics() test does not support variable fonts.
font.c:2880: Tests skipped: ConvertFontFaceToLOGFONT() test does not support variable fonts.
font.c:3916: Tests skipped: GetUnicodeRanges() test does not support symbol fonts.
font.c:4915: Tests skipped: ConvertFontToLOGFONT() test does not support variable fonts.
0e98:font: 261677 tests executed (0 marked as todo, 0 as flaky, 0 failures), 4 skipped.
dwrite:font:0e98 done (0) in 2s 437B
dwrite:layout start dlls/dwrite/tests/layout.c
1644:layout: 6792 tests executed (0 marked as todo, 0 as flaky, 0 failures), 0 skipped.
dwrite:layout:1644 done (0) in 0s 89B
dxcore:dxcore start dlls/dxcore/tests/dxcore.c
1a5c:dxcore: 91 tests executed (0 marked as todo, 0 as flaky, 0 failures), 0 skipped.
dxcore:dxcore:1a5c done (0) in 0s 87B
dxdiagn:container start dlls/dxdiagn/tests/container.c
container.c:162: Starting child container enumeration of the root container:
container.c:215: pddc[0] = L"DxDiag_SystemInfo", length = 18
container.c:215: pddc[1] = L"DxDiag_DisplayDevices", length = 22
container.c:215: pddc[2] = L"DxDiag_DirectSound", length = 19
container.c:215: pddc[3] = L"DxDiag_DirectMusic", length = 19
container.c:215: Line has been silenced after 4 occurrences
container.c:366: Testing IDxDiagContainer::GetChildContainer dot parsing with container L"DxDiag_DisplayDevices" and child container L"0".
container.c:382: Trying container name L"DxDiag_DisplayDevices.0"
container.c:382: Trying container name L"DxDiag_DisplayDevices.0."
container.c:382: Trying container name L".DxDiag_DisplayDevices.0"
container.c:382: Trying container name L"DxDiag_DisplayDevices.0.."
container.c:382: Line has been silenced after 4 occurrences
container.c:468: Starting property enumeration of the L"DxDiag_SystemInfo" container:
container.c:520: child[0] = L"dwOSMajorVersion", length = 17
container.c:520: child[1] = L"dwOSMinorVersion", length = 17
container.c:520: child[2] = L"dwOSBuildNumber", length = 16
container.c:520: child[3] = L"dwOSPlatformID", length = 15
container.c:520: Line has been silenced after 4 occurrences
container.c:840: Testing container DxDiag_SystemInfo
container.c:776: L"dwOSMajorVersion" = 000000E28633F000 {VT_UI4: 6}
container.c:776: L"dwOSMinorVersion" = 000000E28633F000 {VT_UI4: 2}
container.c:776: L"dwOSBuildNumber" = 000000E28633F000 {VT_UI4: 9200}
container.c:776: L"dwOSPlatformID" = 000000E28633F000 {VT_UI4: 2}
container.c:776: Line has been silenced after 4 occurrences
container.c:928: Testing container L"0"
container.c:982: Testing container L"0"
1938:container: Silenced 0 todos, 0 skips and 189 traces.
1938:container: 4844 tests executed (0 marked as todo, 0 as flaky, 0 failures), 0 skipped.
dxdiagn:container:1938 done (0) in 16s 1883B
dxdiagn:provider start dlls/dxdiagn/tests/provider.c
0c08:provider: 14 tests executed (0 marked as todo, 0 as flaky, 0 failures), 0 skipped.
dxdiagn:provider:0c08 done (0) in 0s 89B
dxgi:dxgi start dlls/dxgi/tests/dxgi.c
dxgi.c:971: L"Microsoft Basic Render Driver".
dxgi.c:972: 0000: 1414:008c (rev 00).
dxgi.c:974: Dedicated video memory: 0 (0 MB).
dxgi.c:976: Dedicated system memory: 0 (0 MB).
dxgi.c:978: Shared system memory: 2144997376 (2045 MB).
dxgi.c:980: LUID: 00000000:00005ac3.
dxgi.c:1004: Flags: 00000000.
dxgi.c:1216: UMD version: 10.0.19041.2788.
dxgi.c:1976: Test 1: Failed to change fullscreen state.
dxgi.c:3296: Tests skipped: d3d10: Adapter 0: output 0: test 4: Test 6: Window (0,0)-(2006,1029) does not fit on screen (0,0)-(1920,1080).
dxgi.c:3296: Tests skipped: d3d10: Adapter 0: output 0: test 5: Test 6: Window (0,0)-(2006,1029) does not fit on screen (0,0)-(1920,1080).
dxgi.c:3296: Tests skipped: d3d10: Adapter 0: output 0: test 6: Test 6: Window (10,10)-(2016,1039) does not fit on screen (0,0)-(1920,1080).
dxgi.c:3296: Tests skipped: d3d10: Adapter 0: output 0: test 7: Test 6: Window (10,10)-(2016,1039) does not fit on screen (0,0)-(1920,1080).
dxgi.c:3296: Line has been silenced after 4 occurrences
dxgi.c:2561: Tests skipped: d3d10: This test requires two outputs.
dxgi.c:7775: Tests skipped: d3d10: Following tests require two monitors.
dxgi.c:2561: Tests skipped: d3d12: This test requires two outputs.
dxgi.c:7775: Tests skipped: d3d12: Following tests require two monitors.
06d0:dxgi: Silenced 0 todos, 12 skips and 0 traces.
06d0:dxgi: 18600 tests executed (0 marked as todo, 0 as flaky, 0 failures), 8 skipped.
dxgi:dxgi:06d0 done (0) in 39s 1454B
dxva2:dxva2 start dlls/dxva2/tests/dxva2.c
dxva2.c:623: Tests skipped: VideoProcProgressiveDevice is not supported.
1a1c:dxva2: 148 tests executed (0 marked as todo, 0 as flaky, 0 failures), 1 skipped.
dxva2:dxva2:1a1c done (0) in 0s 161B
evr:evr start dlls/evr/tests/evr.c
evr.c:3489: Tests skipped: Skipping unsupported NV12 format
evr.c:124: created L"C:\\Users\\Docker\\AppData\\Local\\Temp\\rgb32frame-flip.bmp"
evr.c:124: created L"C:\\Users\\Docker\\AppData\\Local\\Temp\\rgb32frame-flip.bmp"
evr.c:124: created L"C:\\Users\\Docker\\AppData\\Local\\Temp\\rgb32frame-crop.bmp"
evr.c:124: created L"C:\\Users\\Docker\\AppData\\Local\\Temp\\rgb32frame-crop.bmp"
1748:evr: 1205 tests executed (0 marked as todo, 0 as flaky, 0 failures), 1 skipped.
evr:evr:1748 done (0) in 1s 483B
explorer.exe:explorer start programs/explorer/tests/explorer.c
0c90:explorer: 2 tests executed (0 marked as todo, 0 as flaky, 0 failures), 0 skipped.
explorer.exe:explorer:0c90 done (0) in 0s 88B
explorerframe:nstc start dlls/explorerframe/tests/nstc.c
nstc.c:1583: height: 20
nstc.c:1922: Test failed: Got event 17, count 10
1054:nstc: 10985 tests executed (0 marked as todo, 0 as flaky, 1 failure), 0 skipped.
explorerframe:nstc:1054 done (1) in 28s 162B
explorerframe:taskbarlist start dlls/explorerframe/tests/taskbarlist.c
1af0:taskbarlist: 33 tests executed (0 marked as todo, 0 as flaky, 0 failures), 0 skipped.
explorerframe:taskbarlist:1af0 done (0) in 0s 92B
faultrep:faultrep start dlls/faultrep/tests/faultrep.c
1ebc:faultrep: 4 tests executed (0 marked as todo, 0 as flaky, 0 failures), 0 skipped.
faultrep:faultrep:1ebc done (0) in 0s 88B
fc.exe:fc start programs/fc/tests/fc.c
0fd4:fc: 90 tests executed (0 marked as todo, 0 as flaky, 0 failures), 0 skipped.
fc.exe:fc:0fd4 done (0) in 0s 83B
find.exe:find start programs/find/tests/find.c
1194:find: 94 tests executed (0 marked as todo, 0 as flaky, 0 failures), 0 skipped.
find.exe:find:1194 done (0) in 0s 85B
findstr.exe:findstr start programs/findstr/tests/findstr.c
1b04:findstr: 121 tests executed (0 marked as todo, 0 as flaky, 0 failures), 0 skipped.
findstr.exe:findstr:1b04 done (0) in 0s 89B
fsutil.exe:fsutil start programs/fsutil/tests/fsutil.c
---- Commands Supported ----

8dot3name         8dot3name management
behavior          Control file system behavior
dax               Dax volume management
dirty             Manage volume dirty bit
file              File specific commands
fsInfo            File system information
hardlink          Hardlink management
objectID          Object ID management
quota             Quota management
repair            Self healing management
reparsePoint      Reparse point management
storageReserve    Storage Reserve management
resource          Transactional Resource Manager management
sparse            Sparse file control
tiering           Storage tiering property management
transaction       Transaction management
usn               USN management
volume            Volume management
wim               Transparent wim hosting management
---- HARDLINK Commands Supported ----

create          Create a hardlink
list            Enumerate hardlinks on a file
Hardlink created for C:\Users\Docker\AppData\Local\Temp\link <<===>> C:\Users\Docker\AppData\Local\Temp\file
Error:  Cannot create a file when that file already exists.
Error:  The system cannot find the file specified.
1fb0:fsutil: 11 tests executed (0 marked as todo, 0 as flaky, 0 failures), 0 skipped.
fsutil.exe:fsutil:1fb0 done (0) in 0s 1292B
fusion:asmcache start dlls/fusion/tests/asmcache.c
asmcache.c:783: using .NET version 4
1080:asmcache: 196 tests executed (0 marked as todo, 0 as flaky, 0 failures), 0 skipped.
fusion:asmcache:1080 done (0) in 0s 128B
fusion:asmenum start dlls/fusion/tests/asmenum.c
asmenum.c:80: using .NET version 4
0ac0:asmenum: 539 tests executed (0 marked as todo, 0 as flaky, 0 failures), 0 skipped.
fusion:asmenum:0ac0 done (0) in 0s 125B
fusion:asmname start dlls/fusion/tests/asmname.c
asmname.c:73: using .NET version 4
17d0:asmname: 1025 tests executed (0 marked as todo, 0 as flaky, 0 failures), 0 skipped.
fusion:asmname:17d0 done (0) in 0s 126B
fusion:fusion start dlls/fusion/tests/fusion.c
fusion.c:70: using .NET version 4
1bdc:fusion: 17 tests executed (0 marked as todo, 0 as flaky, 0 failures), 0 skipped.
fusion:fusion:1bdc done (0) in 0s 122B
gameux:gameexplorer start dlls/gameux/tests/gameexplorer.c
gameexplorer.c:192: Running multithreaded tests.
gameexplorer.c:97: prepared EXE name: L"C:\\Users\\Docker\\AppData\\Local\\Temp\\wct\\gameux_test.exe"
gameexplorer.c:98: prepared EXE path: L"C:\\Users\\Docker\\AppData\\Local\\Temp\\wct"
gameexplorer.c:155: prepared EXE name: L"C:\\Users\\Docker\\AppData\\Local\\Temp\\wct\\gameux_test.exe"
gameexplorer.c:156: prepared EXE path: L"C:\\Users\\Docker\\AppData\\Local\\Temp\\wct"
gameexplorer.c:198: Running apartment threaded tests.
gameexplorer.c:97: prepared EXE name: L"C:\\Users\\Docker\\AppData\\Local\\Temp\\wct\\gameux_test.exe"
gameexplorer.c:98: prepared EXE path: L"C:\\Users\\Docker\\AppData\\Local\\Temp\\wct"
gameexplorer.c:155: prepared EXE name: L"C:\\Users\\Docker\\AppData\\Local\\Temp\\wct\\gameux_test.exe"
gameexplorer.c:156: prepared EXE path: L"C:\\Users\\Docker\\AppData\\Local\\Temp\\wct"
1a1c:gameexplorer: 36 tests executed (0 marked as todo, 0 as flaky, 0 failures), 0 skipped.
gameux:gameexplorer:1a1c done (0) in 0s 966B
gameux:gamestatistics start dlls/gameux/tests/gamestatistics.c
gamestatistics.c:164: Tests skipped: gameux is partially stubbed, skipping tests
040c:gamestatistics: 5 tests executed (0 marked as todo, 0 as flaky, 0 failures), 1 skipped.
gameux:gamestatistics:040c done (0) in 0s 176B
gdi32:bitmap start dlls/gdi32/tests/bitmap.c
0e8c:bitmap: 1548973 tests executed (0 marked as todo, 0 as flaky, 0 failures), 0 skipped.
gdi32:bitmap:0e8c done (0) in 8s 92B
gdi32:brush start dlls/gdi32/tests/brush.c
04b8:brush: 699 tests executed (0 marked as todo, 0 as flaky, 0 failures), 0 skipped.
gdi32:brush:04b8 done (0) in 0s 87B
gdi32:clipping start dlls/gdi32/tests/clipping.c
clipping.c:147: size 32, type 1, count 0, rgn size 0, bound (0,0)-(0,0)
clipping.c:147: size 32, type 1, count 0, rgn size 0, bound (0,0)-(0,0)
clipping.c:147: size 32, type 1, count 1, rgn size 16, bound (111,222)-(333,444)
clipping.c:153: rect (111,222)-(333,444)
clipping.c:147: size 32, type 1, count 1, rgn size 16, bound (76,151)-(187,262)
clipping.c:153: rect (76,151)-(187,262)
clipping.c:453: screen resolution 1920 x 1080
104c:clipping: 129 tests executed (0 marked as todo, 0 as flaky, 0 failures), 0 skipped.
gdi32:clipping:104c done (0) in 0s 529B
gdi32:dc start dlls/gdi32/tests/dc.c
dc.c:1391: hdc 000000001B210AC2 for driver 'C:\Windows\System32\DriverStore\FileRepository\ntprint.inf_amd64_8c12706b076a4ca4\Amd64\mxdwdrv.dll' printer 'Microsoft Print to PDF' port 'PORTPROMPT:' is NOT PostScript
dc.c:1391: hdc FFFFFFFFDC2107EB for driver 'C:\Windows\System32\DriverStore\FileRepository\ntprint.inf_amd64_8c12706b076a4ca4\Amd64\mxdwdrv.dll' printer 'Microsoft Print to PDF' port 'PORTPROMPT:' is NOT PostScript
dc.c:1391: hdc FFFFFFFFDE2107EB for driver 'C:\Windows\System32\DriverStore\FileRepository\ntprint.inf_amd64_8c12706b076a4ca4\Amd64\mxdwdrv.dll' printer 'Microsoft Print to PDF' port 'PORTPROMPT:' is NOT PostScript
dc.c:1391: hdc 000000001521067F for driver 'C:\Windows\System32\DriverStore\FileRepository\ntprint.inf_amd64_8c12706b076a4ca4\Amd64\mxdwdrv.dll' printer 'Microsoft Print to PDF' port 'PORTPROMPT:' is NOT PostScript
dc.c:1552: Tests skipped: Default printer is not a PostScript device
dc.c:1391: Line has been silenced after 4 occurrences
151c:dc: Silenced 0 todos, 0 skips and 1 traces.
151c:dc: 1963 tests executed (0 marked as todo, 0 as flaky, 0 failures), 1 skipped.
gdi32:dc:151c done (0) in 1s 1124B
gdi32:dib start dlls/gdi32/tests/dib.c
dib.c:3167: 8888
dib.c:3198: 8888 - bitfields
dib.c:3225: a8b8g8r8
dib.c:3251: r10g10b10
dib.c:3277: r6g6b6
dib.c:3303: 24
dib.c:3320: 555
dib.c:3343: 444
dib.c:3368: 8 color
dib.c:3392: 8 grayscale
dib.c:3412: 8
dib.c:3446: 4
dib.c:3464: 4 grayscale
dib.c:3482: 1
dib.c:3509: 1 ddb
15f8:dib: 2369757 tests executed (0 marked as todo, 0 as flaky, 0 failures), 0 skipped.
gdi32:dib:15f8 done (0) in 8s 387B
gdi32:font start dlls/gdi32/tests/font.c
font.c:381: found bitmap font System, height 16
font.c:873: system language id 0009
font.c:882: ACP 1252 -> charset 0
font.c:887: logpixelsX 96, logpixelsY 96
font.c:902: best font resolution is 96
font.c:4175: ACP 1252 -> charset 0
font.c:3293: Tests skipped: Font Segoe MDL2 Assets doesn't contain 'x', skipping the test
font.c:3293: Tests skipped: Font HoloLens MDL2 Assets doesn't contain 'x', skipping the test
font.c:4876: Tests skipped: Fixed-pitch TrueType font for charset 129 is not available
font.c:4876: Tests skipped: Fixed-pitch TrueType font for charset 136 is not available
font.c:7729: Tests skipped: GCP_USEKERNING is broken on this platform
font.c:7563: Tests skipped: Ume Gothic is not installed
font.c:5600: Tests skipped: Lucida Sans Demibold Roman is not installed
font.c:5600: Tests skipped: Lucida Sans Italic is not installed
font.c:5600: Tests skipped: Lucida Sans Regular is not installed
font.c:5661: Tests skipped: DejaVu Sans is not installed
font.c:5661: Tests skipped: Lucida Sans is not installed
font.c:5661: Tests skipped: MingLiu is not installed
font.c:5661: Tests skipped: PMingLiu is not installed
font.c:5661: Line has been silenced after 4 occurrences
font.c:6321: Tests skipped: @Ume Gothic is not installed
font.c:5976: created C:\Users\Docker\AppData\Local\Temp\ttfEDF6.tmp
06b8:font: 62 tests executed (0 marked as todo, 0 as flaky, 0 failures), 0 skipped.
1934:font: Silenced 0 todos, 18 skips and 0 traces.
1934:font: 133103 tests executed (0 marked as todo, 0 as flaky, 0 failures), 14 skipped.
gdi32:font:1934 done (0) in 2s 1569B
gdi32:gdiobj start dlls/gdi32/tests/gdiobj.c
gdiobj.c:268: current color space is not NULL
1384:gdiobj: 173 tests executed (0 marked as todo, 0 as flaky, 0 failures), 0 skipped.
gdi32:gdiobj:1384 done (0) in 0s 135B
gdi32:generated start dlls/gdi32/tests/generated.c
105c:generated: 0 tests executed (0 marked as todo, 0 as flaky, 0 failures), 0 skipped.
gdi32:generated:105c done (0) in 0s 89B
gdi32:icm start dlls/gdi32/tests/icm.c
icm.c:79: C:\Windows\system32\spool\drivers\color\sRGB Color Space Profile.icm
icm.c:132: L"C:\\Windows\\system32\\spool\\drivers\\color\\sRGB Color Space Profile.icm"
09e4:icm: 53 tests executed (0 marked as todo, 0 as flaky, 0 failures), 0 skipped.
gdi32:icm:09e4 done (0) in 0s 254B
gdi32:mapping start dlls/gdi32/tests/mapping.c
mapping.c:103: dc size 508 x 286, resolution 1920 x 1080 dpi 96 x 96
1340:mapping: 477 tests executed (0 marked as todo, 0 as flaky, 0 failures), 0 skipped.
gdi32:mapping:1340 done (0) in 0s 159B
gdi32:metafile start dlls/gdi32/tests/metafile.c
metafile.c:9344: Testing MF->EMF conversion (MM_ANISOTROPIC)
metafile.c:9369: Testing MF->EMF conversion (MM_TEXT)
metafile.c:9394: Testing MF->EMF conversion (NULL mfp)
0754:metafile: 33880 tests executed (0 marked as todo, 0 as flaky, 0 failures), 0 skipped.
gdi32:metafile:0754 done (0) in 0s 265B
gdi32:palette start dlls/gdi32/tests/palette.c
18f0:palette: 1618 tests executed (0 marked as todo, 0 as flaky, 0 failures), 0 skipped.
gdi32:palette:18f0 done (0) in 0s 90B
gdi32:path start dlls/gdi32/tests/path.c
0e88:path: 2152 tests executed (0 marked as todo, 0 as flaky, 0 failures), 0 skipped.
gdi32:path:0e88 done (0) in 0s 87B
gdi32:pen start dlls/gdi32/tests/pen.c
pen.c:85: 0: testing style 0
pen.c:85: 1: testing style 0
pen.c:85: 2: testing style 0
pen.c:85: 3: testing style 1
pen.c:85: Line has been silenced after 4 occurrences
pen.c:602: testing brush style 0
pen.c:602: testing brush style 1
pen.c:602: testing brush style 2
pen.c:602: testing brush style 3
pen.c:602: Line has been silenced after 4 occurrences
03e0:pen: Silenced 0 todos, 0 skips and 21 traces.
03e0:pen: 907 tests executed (0 marked as todo, 0 as flaky, 0 failures), 0 skipped.
gdi32:pen:03e0 done (0) in 0s 502B
gdiplus:brush start dlls/gdiplus/tests/brush.c
1f48:brush: 1178 tests executed (0 marked as todo, 0 as flaky, 0 failures), 0 skipped.
gdiplus:brush:1f48 done (0) in 0s 88B
gdiplus:customlinecap start dlls/gdiplus/tests/customlinecap.c
08b4:customlinecap: 123 tests executed (0 marked as todo, 0 as flaky, 0 failures), 0 skipped.
gdiplus:customlinecap:08b4 done (0) in 0s 95B
gdiplus:font start dlls/gdiplus/tests/font.c
font.c:1004: fallback font Arial
font.c:844: gdiplus:
font.c:845: L"Tahoma",-13: EmHeight 2048, LineSpacing 2472, CellAscent 2049, CellDescent 423, FontHeight 15.691406, FontSize 13.000000
font.c:851: gdi:
font.c:852: L"Tahoma",-13: EmHeight 2048, LineSpacing 2472, CellAscent 2048, CellDescent 424, FontHeight 15.691406, FontSize 13.000000
font.c:863: gdi:
font.c:864: L"Tahoma",-13: EmHeight 2048, LineSpacing 2472, CellAscent 2048, CellDescent 424, FontHeight 15.691406, FontSize 13.000000
font.c:885: gdiplus:
font.c:886: L"Tahoma",13: EmHeight 2048, LineSpacing 2472, CellAscent 2049, CellDescent 423, FontHeight 13.277344, FontSize 11.000000
font.c:892: gdi:
font.c:893: L"Tahoma",13: EmHeight 2048, LineSpacing 2472, CellAscent 2048, CellDescent 424, FontHeight 13.277344, FontSize 11.000000
font.c:904: gdi:
font.c:905: L"Tahoma",-11: EmHeight 2048, LineSpacing 2472, CellAscent 2048, CellDescent 424, FontHeight 13.277344, FontSize 11.000000
font.c:923: gdiplus:
font.c:924: L"Tahoma",-11: EmHeight 2048, LineSpacing 2472, CellAscent 2049, CellDescent 423, FontHeight 15.691406, FontSize 13.000000
font.c:933: gdi:
font.c:934: L"Tahoma",-13: EmHeight 2048, LineSpacing 2472, CellAscent 2048, CellDescent 424, FontHeight 15.691406, FontSize 13.000000
1bfc:font: 714 tests executed (0 marked as todo, 0 as flaky, 0 failures), 0 skipped.
gdiplus:font:1bfc done (0) in 0s 1362B
gdiplus:graphics start dlls/gdiplus/tests/graphics.c
graphics.c:4493: test bounds: 0.000000,0.000000,42.705070,13.320310
graphics.c:4504: test region: 1.666667,-0.000000,39.374996,12.072915
graphics.c:7342: hdc FFFFFFFF89210A1B for driver 'C:\Windows\System32\DriverStore\FileRepository\ntprint.inf_amd64_8c12706b076a4ca4\Amd64\mxdwdrv.dll' printer 'Microsoft Print to PDF' port 'PORTPROMPT:'
1c98:graphics: 5685 tests executed (0 marked as todo, 0 as flaky, 0 failures), 0 skipped.
gdiplus:graphics:1c98 done (0) in 0s 434B
gdiplus:graphicspath start dlls/gdiplus/tests/graphicspath.c
11a4:graphicspath: 1168 tests executed (0 marked as todo, 0 as flaky, 0 failures), 0 skipped.
gdiplus:graphicspath:11a4 done (0) in 0s 95B
gdiplus:image start dlls/gdiplus/tests/image.c
image.c:6281: width 256, height 256, stride 768
1bc4:image: 5326 tests executed (0 marked as todo, 0 as flaky, 0 failures), 0 skipped.
gdiplus:image:1bc4 done (0) in 0s 137B
gdiplus:matrix start dlls/gdiplus/tests/matrix.c
14d4:matrix: 115 tests executed (0 marked as todo, 0 as flaky, 0 failures), 0 skipped.
gdiplus:matrix:14d4 done (0) in 0s 88B
gdiplus:metafile start dlls/gdiplus/tests/metafile.c
metafile.c:3513: hdc FFFFFFFFC221016D for driver 'C:\Windows\System32\DriverStore\FileRepository\ntprint.inf_amd64_8c12706b076a4ca4\Amd64\mxdwdrv.dll' printer 'Microsoft Print to PDF' port 'PORTPROMPT:'
1d90:metafile: 1855 tests executed (0 marked as todo, 0 as flaky, 0 failures), 0 skipped.
gdiplus:metafile:1d90 done (0) in 0s 295B
gdiplus:pathiterator start dlls/gdiplus/tests/pathiterator.c
1f44:pathiterator: 253 tests executed (0 marked as todo, 0 as flaky, 0 failures), 0 skipped.
gdiplus:pathiterator:1f44 done (0) in 0s 94B
gdiplus:pen start dlls/gdiplus/tests/pen.c
pen.c:61: gdiplus version is 2
1fd0:pen: 257 tests executed (0 marked as todo, 0 as flaky, 0 failures), 0 skipped.
gdiplus:pen:1fd0 done (0) in 0s 117B
gdiplus:region start dlls/gdiplus/tests/region.c
region.c:194: buf[1] = a322349b
region.c:212: buf[1] = 1b9e53fe
region.c:230: buf[1] = a322349b
region.c:255: buf[1] = 4e94a042
region.c:311: buf[1] = 7539ecdd
region.c:374: buf[1] = 95cbe768
region.c:409: buf[1] = fa884c8f
region.c:454: buf[1] = e5c2ac69
region.c:496: buf[1] = eb487a66
region.c:570: buf[1] = a27fd5a4
region.c:621: buf[1] = f53fe423
region.c:675: buf[1] = 1e7561ce
region.c:719: buf[1] = d23b7e88
region.c:765: buf[1] = df3bd75c
region.c:927: buf[1] = cfde25fc
region.c:947: buf[1] = cea9e5a9
region.c:966: buf[1] = a322349b
region.c:993: buf[1] = 1522009d
region.c:78: size 32, type 1, count 0, rgn size 0, bound (0,0)-(0,0)
region.c:78: size 32, type 1, count 1, rgn size 16, bound (10,11)-(20,21)
region.c:85: rect (10,11)-(20,21)
region.c:78: size 32, type 1, count 1, rgn size 16, bound (20,22)-(40,42)
region.c:85: rect (20,22)-(40,42)
region.c:78: size 32, type 1, count 1, rgn size 16, bound (10,11)-(20,21)
region.c:85: rect (10,11)-(20,21)
region.c:78: Line has been silenced after 4 occurrences
region.c:85: rect (20,22)-(40,42)
region.c:85: Line has been silenced after 4 occurrences
1c24:region: Silenced 0 todos, 0 skips and 19 traces.
1c24:region: 6031 tests executed (0 marked as todo, 0 as flaky, 0 failures), 0 skipped.
gdiplus:region:1c24 done (0) in 0s 1287B
gdiplus:stringformat start dlls/gdiplus/tests/stringformat.c
0dc8:stringformat: 142 tests executed (0 marked as todo, 0 as flaky, 0 failures), 0 skipped.
gdiplus:stringformat:0dc8 done (0) in 0s 94B
geolocation:geolocator start dlls/geolocation/tests/geolocator.c
1874:geolocator: 27 tests executed (0 marked as todo, 0 as flaky, 0 failures), 0 skipped.
geolocation:geolocator:1874 done (0) in 0s 91B
glu32:glu start dlls/glu32/tests/glu.c
glu.c:141: OpenGL renderer: GDI Generic
glu.c:142: OpenGL driver version: 1.1.0
glu.c:143: OpenGL vendor: Microsoft Corporation
1a38:glu: 15 tests executed (0 marked as todo, 0 as flaky, 0 failures), 0 skipped.
glu32:glu:1a38 done (0) in 0s 215B
graphicscapture:graphicscapture start dlls/graphicscapture/tests/graphicscapture.c
0e94:graphicscapture: 11 tests executed (0 marked as todo, 0 as flaky, 0 failures), 0 skipped.
graphicscapture:graphicscapture:0e94 done (0) in 0s 96B
hid:device start dlls/hid/tests/device.c
device.c:114: Not enough permissions to read device L"\\\\?\\hid#vid_0627&pid_0001#6&25ad3554&0&0000#{4d1e55b2-f16f-11cf-88cb-001111000030}".
device.c:167: Not enough permissions to read device L"\\\\?\\hid#vid_0627&pid_0001#6&25ad3554&0&0000#{4d1e55b2-f16f-11cf-88cb-001111000030}".
device.c:167: Not enough permissions to read device L"\\\\?\\hid#vid_0627&pid_0001#6&25ad3554&0&0000#{4d1e55b2-f16f-11cf-88cb-001111000030}".
device.c:315: No device found for reading
device.c:167: Not enough permissions to read device L"\\\\?\\hid#vid_0627&pid_0001#6&25ad3554&0&0000#{4d1e55b2-f16f-11cf-88cb-001111000030}".
device.c:167: Not enough permissions to read device L"\\\\?\\hid#vid_0627&pid_0001#6&25ad3554&0&0000#{4d1e55b2-f16f-11cf-88cb-001111000030}".
device.c:404: No device found for testing
1bd0:device: 0 tests executed (0 marked as todo, 0 as flaky, 0 failures), 0 skipped.
hid:device:1bd0 done (0) in 0s 887B
hlink:browse_ctx start dlls/hlink/tests/browse_ctx.c
1ba8:browse_ctx: 30 tests executed (0 marked as todo, 0 as flaky, 0 failures), 0 skipped.
hlink:browse_ctx:1ba8 done (0) in 0s 91B
hlink:hlink start dlls/hlink/tests/hlink.c
hlink.c:2344: Tests skipped: interactive IHlink_Navigate tests
0154:hlink: 739 tests executed (0 marked as todo, 0 as flaky, 0 failures), 1 skipped.
hlink:hlink:0154 done (0) in 0s 151B
hnetcfg:policy start dlls/hnetcfg/tests/policy.c
policy.c:316: Tests skipped: UPNP gateway not found.
122c:policy: 28 tests executed (0 marked as todo, 0 as flaky, 0 failures), 1 skipped.
hnetcfg:policy:122c done (0) in 5s 141B
httpapi:httpapi start dlls/httpapi/tests/httpapi.c
072c:httpapi: 758 tests executed (0 marked as todo, 0 as flaky, 0 failures), 0 skipped.
httpapi:httpapi:072c done (0) in 1s 89B
hvsimanagementapi:isolation start dlls/hvsimanagementapi/tests/isolation.c
1da0:isolation: 11 tests executed (0 marked as todo, 0 as flaky, 0 failures), 0 skipped.
hvsimanagementapi:isolation:1da0 done (0) in 0s 90B
iccvid:iccvid start dlls/iccvid/tests/iccvid.c
iccvid.c:193: Tests skipped: Failed to open codec.
0804:iccvid: 0 tests executed (0 marked as todo, 0 as flaky, 0 failures), 1 skipped.
iccvid:iccvid:0804 done (0) in 0s 138B
icmui:icmui start dlls/icmui/tests/icmui.c
1764:icmui: 2 tests executed (0 marked as todo, 0 as flaky, 0 failures), 0 skipped.
icmui:icmui:1764 done (0) in 0s 85B
ieframe:ie start dlls/ieframe/tests/ie.c
ie.c:360: Test failed: Navigate2 failed: 800700aa
ie.c:332: Tests skipped: Navigation timed out, skipping tests...
01a0:ie: 75 tests executed (0 marked as todo, 0 as flaky, 1 failure), 1 skipped.
ieframe:ie:01a0 done (1) in 6s 199B
ieframe:intshcut start dlls/ieframe/tests/intshcut.c
1f2c:intshcut: 71 tests executed (0 marked as todo, 0 as flaky, 0 failures), 0 skipped.
ieframe:intshcut:1f2c done (0) in 0s 89B
ieframe:webbrowser start dlls/ieframe/tests/webbrowser.c
webbrowser.c:4440: init_count 2
webbrowser.c:4524: Testing WebBrowser (no download)...
webbrowser.c:1820: interface IID_IOleCommandTarget
webbrowser.c:1816: interface IID_IDocHostShowUI
webbrowser.c:1820: interface IID_IOleCommandTarget
webbrowser.c:1827: {b6ea2050-048a-11d1-82b9-00c04fb9942e}: interface not supported
webbrowser.c:1820: interface IID_IOleCommandTarget
webbrowser.c:1816: interface IID_IDocHostShowUI
webbrowser.c:1820: interface IID_IOleCommandTarget
webbrowser.c:1827: {b6ea2050-048a-11d1-82b9-00c04fb9942e}: interface not supported
webbrowser.c:4340: OnClose(00007FF6B064B100)
webbrowser.c:4340: OnClose(00007FF6B064B100)
webbrowser.c:4529: Testing WebBrowser...
webbrowser.c:1820: Line has been silenced after 4 occurrences
webbrowser.c:1816: interface IID_IDocHostShowUI
webbrowser.c:1827: {b6ea2050-048a-11d1-82b9-00c04fb9942e}: interface not supported
webbrowser.c:3068: Downloading...
webbrowser.c:3245: put_href(L"about:test")...
webbrowser.c:3068: Downloading...
webbrowser.c:3895: Navigate2 repeated...
webbrowser.c:3068: Downloading...
webbrowser.c:1816: interface IID_IDocHostShowUI
webbrowser.c:3904: Navigate2 http URL...
webbrowser.c:3068: Downloading...
webbrowser.c:1816: Line has been silenced after 4 occurrences
webbrowser.c:3158: Refresh...
webbrowser.c:3068: Line has been silenced after 4 occurrences
webbrowser.c:3158: Refresh...
webbrowser.c:3914: put_href http URL...
webbrowser.c:3245: put_href(L"http://test.winehq.org/tests/winehq_snapshot/")...
webbrowser.c:3918: GoBack...
webbrowser.c:3924: GoForward...
webbrowser.c:3928: GoBack...
webbrowser.c:3934: GoForward...
webbrowser.c:4531: Testing WebBrowser(no olecmd)...
webbrowser.c:1827: {b6ea2050-048a-11d1-82b9-00c04fb9942e}: interface not supported
webbrowser.c:3245: put_href(L"about:test")...
webbrowser.c:3895: Navigate2 repeated...
webbrowser.c:3904: Navigate2 http URL...
webbrowser.c:3158: Refresh...
webbrowser.c:3158: Refresh...
webbrowser.c:3914: put_href http URL...
webbrowser.c:3245: put_href(L"http://test.winehq.org/tests/winehq_snapshot/")...
webbrowser.c:3918: GoBack...
webbrowser.c:3924: GoForward...
webbrowser.c:3928: GoBack...
webbrowser.c:3934: GoForward...
webbrowser.c:4537: Testing WebBrowser DoVerb
webbrowser.c:4539: Testing WebBrowser (with close)...
webbrowser.c:1827: Line has been silenced after 4 occurrences
webbrowser.c:3245: Line has been silenced after 4 occurrences
webbrowser.c:3895: Navigate2 repeated...
webbrowser.c:3938: Navigate2 repeated with the same URL...
webbrowser.c:4340: OnClose(00007FF6B064B100)
webbrowser.c:4340: OnClose(00007FF6B064B100)
webbrowser.c:4541: Testing WebBrowser w/o container-based olecmd...
webbrowser.c:4543: Testing WebBrowserV1...
webbrowser.c:4545: Testing file protocol...
webbrowser.c:4547: Testing SetAdvise...
07d8:webbrowser: Silenced 0 todos, 0 skips and 55 traces.
07d8:webbrowser: 24863 tests executed (0 marked as todo, 0 as flaky, 0 failures), 0 skipped.
ieframe:webbrowser:07d8 done (0) in 3s 3002B
iertutil:iertutil start dlls/iertutil/tests/iertutil.c
1f0c:iertutil: 30 tests executed (0 marked as todo, 0 as flaky, 0 failures), 0 skipped.
iertutil:iertutil:1f0c done (0) in 0s 89B
imagehlp:image start dlls/imagehlp/tests/image.c
1678:image: 115 tests executed (0 marked as todo, 0 as flaky, 0 failures), 0 skipped.
imagehlp:image:1678 done (0) in 0s 87B
imagehlp:integrity start dlls/imagehlp/tests/integrity.c
integrity.c:188: added cert index 1
integrity.c:188: added cert index 1
integrity.c:188: added cert index 2
0eec:integrity: 67 tests executed (0 marked as todo, 0 as flaky, 0 failures), 0 skipped.
imagehlp:integrity:0eec done (0) in 0s 201B
imm32:imm32 start dlls/imm32/tests/imm32.c
0374:imm32: 2 tests executed (0 marked as todo, 0 as flaky, 0 failures), 0 skipped.
imm32.c:7508: Tests skipped: Got hkl 0000000004090409, skipping Korean IME-specific test
imm32.c:7856: Tests skipped: Got hkl 0000000004090409, skipping Japanese IME-specific test
imm32.c:7261: Test failed: default: 0 (missing): hkl FFFFFFFFE020047F, himc 00000000003D03DC, IME_PROCESS_KEY vkey 0xd, lparam 0x1c0001
imm32.c:7261: Test failed: default: 1 (missing): hkl FFFFFFFFE020047F, himc 00000000003D03DC, IME_TO_ASCII_EX vkey 0xd, vsc 0x1c, flags 0
imm32.c:7266: Test failed: default: 0 (missing): hkl FFFFFFFFE020047F, himc 00000000003D03DC, IME_PROCESS_KEY vkey 0xd, lparam 0xffffffffc01c0001
imm32.c:7266: Test failed: default: 1 (missing): hkl FFFFFFFFE020047F, himc 00000000003D03DC, IME_TO_ASCII_EX vkey 0xd, vsc 0xc01c, flags 0
imm32.c:7261: Test failed: kbd_char_first: 0 (missing): hkl FFFFFFFFE020047F, himc 000000000066022E, IME_PROCESS_KEY vkey 0xd, lparam 0x1c0001
imm32.c:7261: Test failed: kbd_char_first: 1 (missing): hkl FFFFFFFFE020047F, himc 000000000066022E, IME_TO_ASCII_EX vkey 0xd000d, vsc 0x1c, flags 0
imm32.c:7266: Test failed: kbd_char_first: 0 (missing): hkl FFFFFFFFE020047F, himc 000000000066022E, IME_PROCESS_KEY vkey 0xd, lparam 0xffffffffc01c0001
imm32.c:7266: Test failed: kbd_char_first: 1 (missing): hkl FFFFFFFFE020047F, himc 000000000066022E, IME_TO_ASCII_EX vkey 0xd, vsc 0xc01c, flags 0
imm32.c:1166: Tests skipped: This IME doesn't support SCS_SETSTR
0fb0:imm32: 5540 tests executed (0 marked as todo, 0 as flaky, 8 failures), 3 skipped.
imm32:imm32:0fb0 done (8) in 1s 1581B
inetcomm:mimeintl start dlls/inetcomm/tests/mimeintl.c
1768:mimeintl: 52 tests executed (0 marked as todo, 0 as flaky, 0 failures), 0 skipped.
inetcomm:mimeintl:1768 done (0) in 0s 89B
inetcomm:mimeole start dlls/inetcomm/tests/mimeole.c
1108:mimeole: 432 tests executed (0 marked as todo, 0 as flaky, 0 failures), 0 skipped.
inetcomm:mimeole:1108 done (0) in 0s 89B
inetmib1:main start dlls/inetmib1/tests/main.c
0d70:main: 314 tests executed (0 marked as todo, 0 as flaky, 0 failures), 0 skipped.
inetmib1:main:0d70 done (0) in 0s 86B
infosoft:infosoft start dlls/infosoft/tests/infosoft.c
1e74:infosoft: 31 tests executed (0 marked as todo, 0 as flaky, 0 failures), 0 skipped.
infosoft:infosoft:1e74 done (0) in 0s 89B
iphlpapi:iphlpapi start dlls/iphlpapi/tests/iphlpapi.c
iphlpapi.c:220: Entry[0]: addr 20.20.20.21, dwIndex 4, wType 0x5
iphlpapi.c:220: Entry[1]: addr 127.0.0.1, dwIndex 1, wType 0x1
iphlpapi.c:325: IP forward table: 11 entries
iphlpapi.c:334: 0: dest 0.0.0.0 mask 0.0.0.0 gw 20.20.20.1 if 4 type 4 proto 3
iphlpapi.c:334: 1: dest 20.20.20.0 mask 255.255.255.0 gw 20.20.20.21 if 4 type 3 proto 2
iphlpapi.c:334: 2: dest 20.20.20.21 mask 255.255.255.255 gw 20.20.20.21 if 4 type 3 proto 2
iphlpapi.c:334: 3: dest 20.20.20.255 mask 255.255.255.255 gw 20.20.20.21 if 4 type 3 proto 2
iphlpapi.c:334: Line has been silenced after 4 occurrences
iphlpapi.c:1744: adapter '{579D5672-3B7F-4859-AE37-C431AA925C72}', address 20.20.20.21/255.255.255.0 gateway 20.20.20.1/255.255.255.255
iphlpapi.c:1744: adapter '{579D5672-3B7F-4859-AE37-C431AA925C72}', address 20.20.20.21/255.255.255.0 gateway 20.20.20.1/255.255.255.255
iphlpapi.c:1804: GetBestInterface([0.0.0.0], {4}) = 0
iphlpapi.c:1832: GetBestInterfaceEx([0.0.0.0], {4}) = 0
iphlpapi.c:1885: GetBestRoute([0.0.0.0], 0, [...]) = 0
iphlpapi.c:1804: GetBestInterface([0.0.0.0], {4}) = 0
iphlpapi.c:1832: GetBestInterfaceEx([0.0.0.0], {4}) = 0
iphlpapi.c:1885: GetBestRoute([0.0.0.0], 0, [...]) = 0
iphlpapi.c:2082: idx 4 name {579D5672-3B7F-4859-AE37-C431AA925C72} L"Ethernet" dns L"" descr L"Red Hat VirtIO Ethernet Adapter" phys 02-04-E8-1E-1C-A2 mtu 1500 flags 000001c5 type 6
iphlpapi.c:2107:   flags 00000000 origin 2/4 state 4 lifetime 4294967295/4294967295/539 prefix 64
iphlpapi.c:2107:   flags 00000001 origin 3/3 state 4 lifetime 4294967295/4294967295/535 prefix 24
iphlpapi.c:2124: status 1 index 4 zone 4 4 4 4 1 1 1 1 1 1 1 1 1 1 0 1 
iphlpapi.c:2128:   prefix 28/64 flags 00000000
iphlpapi.c:2128:   prefix 28/128 flags 00000000
iphlpapi.c:2128:   prefix 28/8 flags 00000000
iphlpapi.c:2128:   prefix 16/24 flags 00000000
iphlpapi.c:2128: Line has been silenced after 4 occurrences
iphlpapi.c:2134: speed 2540be400/2540be400 metrics 15/15 guid {467b895b-044c-11f0-9ba6-806e6f6e6963} type 1/0
iphlpapi.c:2082: idx 1 name {467B895C-044C-11F0-9BA6-806E6F6E6963} L"Loopback Pseudo-Interface 1" dns L"" descr L"Software Loopback Interface 1" phys  mtu 4294967295 flags 00000181 type 24
iphlpapi.c:2107:   flags 00000000 origin 2/2 state 4 lifetime 4294967295/4294967295/539 prefix 128
iphlpapi.c:2107:   flags 00000000 origin 2/2 state 4 lifetime 4294967295/4294967295/539 prefix 8
iphlpapi.c:2124: status 1 index 1 zone 1 1 1 1 1 1 1 1 1 1 1 1 1 1 0 1 
iphlpapi.c:2134: speed 40000000/40000000 metrics 75/75 guid {467b895b-044c-11f0-9ba6-806e6f6e6963} type 1/0
iphlpapi.c:2315: Tests skipped: AllocateAndGetTcpExTableFromStack not available
iphlpapi.c:3066: GetUnicastIpAddressTable(AF_INET): NumEntries 2
iphlpapi.c:3071: GetUnicastIpAddressTable(AF_INET6): NumEntries 2
iphlpapi.c:3076: GetUnicastIpAddressTable(AF_UNSPEC): NumEntries 4
iphlpapi.c:3759: Tests skipped: Global IPv6 address is unreachable.
1170:iphlpapi: Silenced 0 todos, 0 skips and 18 traces.
1170:iphlpapi: 1511 tests executed (0 marked as todo, 0 as flaky, 0 failures), 2 skipped.
iphlpapi:iphlpapi:1170 done (0) in 0s 3090B
ir50_32:ir50_32 start dlls/ir50_32/tests/ir50_32.c
ir50_32.c:315: Tests skipped: Failed to open codec.
0b50:ir50_32: 0 tests executed (0 marked as todo, 0 as flaky, 0 failures), 1 skipped.
ir50_32:ir50_32:0b50 done (0) in 0s 140B
itss:protocol start dlls/itss/tests/protocol.c
1fbc:protocol: 1585 tests executed (0 marked as todo, 0 as flaky, 0 failures), 0 skipped.
itss:protocol:1fbc done (0) in 0s 91B
jscript:activex start dlls/jscript/tests/activex.c
108c:activex: 906 tests executed (0 marked as todo, 0 as flaky, 0 failures), 0 skipped.
jscript:activex:108c done (0) in 0s 89B
jscript:caller start dlls/jscript/tests/caller.c
16e0:caller: 688 tests executed (0 marked as todo, 0 as flaky, 0 failures), 0 skipped.
jscript:caller:16e0 done (0) in 0s 88B
jscript:jscript start dlls/jscript/tests/jscript.c
jscript.c:2440: Testing JScript object...
jscript.c:2041: Testing TypeInfo for script dispatch...
jscript.c:2039: Testing TypeInfo for function L"some_func_name"...
jscript.c:2452: Testing JScriptEncode object...
06b8:jscript: 1733 tests executed (0 marked as todo, 0 as flaky, 0 failures), 0 skipped.
jscript:jscript:06b8 done (0) in 0s 307B
jscript:run start dlls/jscript/tests/run.c
run.c:4608: invoke version 0
run.c:4612: invoke version 2
run.c:4615: JSctipt.Encode tests...
run.c:4617: ParseProcedureText tests...
1978:run: 96038 tests executed (0 marked as todo, 0 as flaky, 0 failures), 0 skipped.
jscript:run:1978 done (0) in 0s 225B
jsproxy:jsproxy start dlls/jsproxy/tests/jsproxy.c
1384:jsproxy: 36 tests executed (0 marked as todo, 0 as flaky, 0 failures), 0 skipped.
jsproxy:jsproxy:1384 done (0) in 0s 88B
kernel32:actctx start dlls/kernel32/tests/actctx.c
actctx.c:2240: default actctx
actctx.c:2320: manifest1
actctx.c:2346: manifest2 depmanifest1
actctx.c:2365: manifest2 depmanifest2
actctx.c:2389: manifest2 depmanifest3
actctx.c:2420: manifest3
actctx.c:2477: manifest6
actctx.c:2490: manifest7
actctx.c:2506: manifest8
actctx.c:2522: manifest9
actctx.c:2564: manifest4
actctx.c:2583: manifest1 in subdir
actctx.c:2607: UTF-16 manifest1, with BOM
actctx.c:2623: UTF-16 manifest1, reverse endian, with BOM
actctx.c:1208: wrong_manifest1
actctx.c:1210: wrong_manifest2
actctx.c:1212: wrong_manifest3
actctx.c:1214: wrong_manifest4
actctx.c:1216: wrong_manifest5
actctx.c:1218: wrong_manifest6
actctx.c:1220: wrong_manifest7
actctx.c:1222: wrong_manifest8
actctx.c:1224: wrong_manifest9
actctx.c:1226: wrong_manifest10
actctx.c:1228: wrong_manifest11
actctx.c:1230: UTF-16 manifest1 without BOM
actctx.c:1232: manifest2
actctx.c:1234: manifest2+depmanifest1
actctx.c:2661: child process manifest1
1eac:actctx: 51 tests executed (0 marked as todo, 0 as flaky, 0 failures), 0 skipped.
actctx.c:3370: manifest1
actctx.c:3402: no_supportedOs
actctx.c:3419: manifest_vista
actctx.c:3440: manifest_vista_7_8_10_81
actctx.c:3470: manifest_other_guid
19b0:actctx: 29 tests executed (0 marked as todo, 0 as flaky, 0 failures), 0 skipped.
1928:actctx: 20 tests executed (0 marked as todo, 0 as flaky, 0 failures), 0 skipped.
0554:actctx: 20 tests executed (0 marked as todo, 0 as flaky, 0 failures), 0 skipped.
1f48:actctx: 26 tests executed (0 marked as todo, 0 as flaky, 0 failures), 0 skipped.
1718:actctx: 8 tests executed (0 marked as todo, 0 as flaky, 0 failures), 0 skipped.
1e64:actctx: 44 tests executed (0 marked as todo, 0 as flaky, 0 failures), 0 skipped.
0bf8:actctx: 3288 tests executed (0 marked as todo, 0 as flaky, 0 failures), 0 skipped.
kernel32:actctx:0bf8 done (0) in 0s 1834B
kernel32:atom start dlls/kernel32/tests/atom.c
1958:atom: 1049715 tests executed (0 marked as todo, 0 as flaky, 0 failures), 0 skipped.
kernel32:atom:1958 done (0) in 0s 90B
kernel32:change start dlls/kernel32/tests/change.c
0af4:change: 333 tests executed (0 marked as todo, 0 as flaky, 0 failures), 0 skipped.
kernel32:change:0af4 done (0) in 0s 88B
kernel32:codepage start dlls/kernel32/tests/codepage.c
14d4:codepage: 394761 tests executed (0 marked as todo, 0 as flaky, 0 failures), 0 skipped.
kernel32:codepage:14d4 done (0) in 0s 93B
kernel32:comm start dlls/kernel32/tests/comm.c
comm.c:708: Found Com port COM1. Connected devices may disturb results
comm.c:708: Found Com port COM1. Connected devices may disturb results
comm.c:708: Found Com port COM1. Connected devices may disturb results
comm.c:739: GetCommModemStatus returned 0x000000b0->MS_RLSD_ON MS_DSR_ON MS_CTS_ON 
comm.c:708: Found Com port COM1. Connected devices may disturb results
comm.c:885: WaitCommEvent for EV_TXEMPTY took 0 ms (timeout 1500)
comm.c:708: Line has been silenced after 4 occurrences
comm.c:971: recovering after WAIT_TIMEOUT...
comm.c:1552: test_AbortWaitCts timeout 500 handle 000000000000013C
comm.c:1519:  Changing CommMask on the fly for handle 000000000000013C after timeout 500
comm.c:1560: Thread created
comm.c:1570: Success 0x00000000 err 997 evtmask 0x00000000
comm.c:1572: overlapped WaitCommEvent returned.
comm.c:1523: SetCommMask changed
comm.c:1579: Success 0x00000001 err 0 evtmask 0x00000000 diff1 0, diff2 500
comm.c:2122: waiting 3 secs for modem response...
comm.c:2236: Tests skipped: interactive tests (set WINETEST_INTERACTIVE=1)
1d38:comm: Silenced 0 todos, 0 skips and 5 traces.
1d38:comm: 11178 tests executed (0 marked as todo, 0 as flaky, 0 failures), 1 skipped.
kernel32:comm:1d38 done (0) in 9s 1216B
kernel32:console start dlls/kernel32/tests/console.c
console.c:5926: Visible area: 0x0 - 119x29 Buffer size: 120x9001
console.c:3945: Tests skipped: GetConsoleFontInfo is not implemented
console.c:4047: Tests skipped: SetConsoleFont is not implemented
0a8c:console: 124 tests executed (0 marked as todo, 0 as flaky, 0 failures), 0 skipped.
1b10:console: 35 tests executed (0 marked as todo, 0 as flaky, 0 failures), 0 skipped.
19a4:console: 33899 tests executed (0 marked as todo, 0 as flaky, 0 failures), 2 skipped.
kernel32:console:19a4 done (0) in 28s 470B
kernel32:debugger start dlls/kernel32/tests/debugger.c
debugger.c:790: HKLM\Software\Microsoft\Windows NT\CurrentVersion\AeDebug\debugger is set to '(null)'
debugger.c:835: Tests skipped: "none" debugger test needs user interaction
debugger.c:657: running dbg,event,order...
debugger.c:668: waiting for child exit...
debugger.c:204: child: crashing...
debugger.c:706: waiting for the debugger...
debugger.c:172: debugger traces:>>>
setting event
waiting for the start signal...
done debugging...

<<< Done.
debugger.c:657: running dbg,attach,event,code2...
debugger.c:668: waiting for child exit...
debugger.c:204: child: crashing...
debugger.c:706: waiting for the debugger...
debugger.c:172: debugger traces:>>>
setting event
done debugging...

<<< Done.
debugger.c:657: running dbg,attach,event,nokill...
debugger.c:668: waiting for child exit...
debugger.c:204: child: crashing...
debugger.c:706: waiting for the debugger...
debugger.c:172: debugger traces:>>>
setting event
done debugging...

<<< Done.
debugger.c:657: running dbg,attach,event,detach...
debugger.c:668: waiting for child exit...
debugger.c:204: child: crashing...
debugger.c:706: waiting for the debugger...
debugger.c:172: debugger traces:>>>
setting event
done debugging...

<<< Done.
debugger.c:657: Line has been silenced after 4 occurrences
debugger.c:668: Line has been silenced after 4 occurrences
debugger.c:204: child: crashing...
debugger.c:706: Line has been silenced after 4 occurrences
debugger.c:172: Line has been silenced after 4 occurrences
debugger.c:204: child: crashing...
05a4:debugger: 24 tests executed (0 marked as todo, 0 as flaky, 0 failures), 0 skipped.
debugger.c:1386: starting debugger loop
08f4:debugger: 0 tests executed (0 marked as todo, 0 as flaky, 0 failures), 0 skipped.
0f4c:debugger: 9 tests executed (0 marked as todo, 0 as flaky, 0 failures), 0 skipped.
debugger.c:1386: starting debugger loop
0afc:debugger: 0 tests executed (0 marked as todo, 0 as flaky, 0 failures), 0 skipped.
193c:debugger: 9 tests executed (0 marked as todo, 0 as flaky, 0 failures), 0 skipped.
debugger.c:1386: starting debugger loop
072c:debugger: 0 tests executed (0 marked as todo, 0 as flaky, 0 failures), 0 skipped.
173c:debugger: 9 tests executed (0 marked as todo, 0 as flaky, 0 failures), 0 skipped.
debugger.c:1386: starting debugger loop
1a48:debugger: 0 tests executed (0 marked as todo, 0 as flaky, 0 failures), 0 skipped.
1b98:debugger: 9 tests executed (0 marked as todo, 0 as flaky, 0 failures), 0 skipped.
debugger.c:1386: Line has been silenced after 4 occurrences
1f28:debugger: 0 tests executed (0 marked as todo, 0 as flaky, 0 failures), 0 skipped.
1960:debugger: 9 tests executed (0 marked as todo, 0 as flaky, 0 failures), 0 skipped.
1f74:debugger: 0 tests executed (0 marked as todo, 0 as flaky, 0 failures), 0 skipped.
1fe8:debugger: 9 tests executed (0 marked as todo, 0 as flaky, 0 failures), 0 skipped.
debugger.c:2028: received 1 exceptions
0fdc:debugger: Silenced 0 todos, 0 skips and 10 traces.
0fdc:debugger: 1448 tests executed (0 marked as todo, 0 as flaky, 0 failures), 1 skipped.
kernel32:debugger:0fdc done (0) in 12s 3113B
kernel32:directory start dlls/kernel32/tests/directory.c
directory.c:561: Tests skipped: not an administrator
0858:directory: 97 tests executed (0 marked as todo, 0 as flaky, 0 failures), 1 skipped.
kernel32:directory:0858 done (0) in 0s 144B
kernel32:drive start dlls/kernel32/tests/drive.c
16cc:drive: 130 tests executed (0 marked as todo, 0 as flaky, 0 failures), 0 skipped.
kernel32:drive:16cc done (0) in 0s 87B
kernel32:environ start dlls/kernel32/tests/environ.c
environ.c:333: Tests skipped: GetACP() == 1252, need 932 for A/W tests
environ.c:661: Tests skipped: Skipping japanese language tests
environ.c:696: computer name is "DOCKERW-I0CMQ6H"
environ.c:751: domain name is ""
environ.c:768: fully qualified hostname is "DOCKERW-I0CMQ6H"
environ.c:785: hostname is "DOCKERW-I0CMQ6H"
environ.c:809: NetBIOS name is "DOCKERW-I0CMQ6H"
0e3c:environ: 432 tests executed (0 marked as todo, 0 as flaky, 0 failures), 2 skipped.
kernel32:environ:0e3c done (0) in 0s 468B
kernel32:fiber start dlls/kernel32/tests/fiber.c
1590:fiber: 32924 tests executed (0 marked as todo, 0 as flaky, 0 failures), 0 skipped.
kernel32:fiber:1590 done (0) in 0s 89B
kernel32:file start dlls/kernel32/tests/file.c
file.c:1478: buffer is
file.c:1266: 0010: eb 52 90 4e 54 46 53 20 20 20 20 00 02 08 00 00 - .R.NTFS    .....
file.c:1266: 0020: 00 00 00 00 00 f8 00 00 3f 00 ff 00 00 08 08 00 - ........?.......
file.c:1266: 0030: 00 00 00 00 80 00 80 00 ff ef f7 01 00 00 00 00 - ................
file.c:1266: 0040: 00 00 0c 00 00 00 00 00 02 00 00 00 00 00 00 00 - ................
file.c:1611: buffer is
file.c:1266: Line has been silenced after 4 occurrences
file.c:2967: Running FindFirstFileExA tests with level=0, search_ops=0, flags=0
file.c:2967: Running FindFirstFileExA tests with level=0, search_ops=0, flags=1
file.c:3043: FindFirstFileExA flag FIND_FIRST_EX_CASE_SENSITIVE is ignored
file.c:2967: Running FindFirstFileExA tests with level=0, search_ops=0, flags=2
file.c:2967: Running FindFirstFileExA tests with level=1, search_ops=0, flags=0
file.c:2967: Line has been silenced after 4 occurrences
file.c:3043: FindFirstFileExA flag FIND_FIRST_EX_CASE_SENSITIVE is ignored
0d60:file: Silenced 0 todos, 0 skips and 8 traces.
0d60:file: 571602 tests executed (0 marked as todo, 0 as flaky, 0 failures), 0 skipped.
kernel32:file:0d60 done (0) in 2s 1127B
kernel32:format_msg start dlls/kernel32/tests/format_msg.c
123c:format_msg: 1551 tests executed (0 marked as todo, 0 as flaky, 0 failures), 0 skipped.
kernel32:format_msg:123c done (0) in 0s 93B
kernel32:generated start dlls/kernel32/tests/generated.c
10d4:generated: 0 tests executed (0 marked as todo, 0 as flaky, 0 failures), 0 skipped.
kernel32:generated:10d4 done (0) in 0s 89B
kernel32:heap start dlls/kernel32/tests/heap.c
heap.c:3536: testing global flags 0, heap flags 00000000
heap.c:3234: Tests skipped: realloc in place failed
19f4:heap: 700 tests executed (0 marked as todo, 0 as flaky, 0 failures), 1 skipped.
heap.c:3536: testing global flags 0x10, heap flags 00000020
1eec:heap: 776 tests executed (0 marked as todo, 0 as flaky, 0 failures), 0 skipped.
heap.c:3536: testing global flags 0x20, heap flags 00000040
0eec:heap: 718 tests executed (0 marked as todo, 0 as flaky, 0 failures), 0 skipped.
heap.c:3536: testing global flags 0x40, heap flags 40000060
14f4:heap: 732 tests executed (0 marked as todo, 0 as flaky, 0 failures), 0 skipped.
heap.c:3536: testing global flags 0x80, heap flags 20000060
1694:heap: 732 tests executed (0 marked as todo, 0 as flaky, 0 failures), 0 skipped.
heap.c:3536: testing global flags 0x400, heap flags 00000000
heap.c:2993: Tests skipped: skipping block tests
heap.c:2993: Tests skipped: skipping block tests
heap.c:3234: Tests skipped: realloc in place failed
1edc:heap: 120 tests executed (0 marked as todo, 0 as flaky, 0 failures), 3 skipped.
heap.c:3536: testing global flags 0x800, heap flags 00000000
heap.c:2993: Tests skipped: skipping block tests
heap.c:2993: Tests skipped: skipping block tests
03f8:heap: 122 tests executed (0 marked as todo, 0 as flaky, 0 failures), 2 skipped.
heap.c:3536: testing global flags 0x8000, heap flags 00000000
heap.c:2993: Tests skipped: skipping block tests
heap.c:2993: Tests skipped: skipping block tests
heap.c:3234: Tests skipped: realloc in place failed
0bc0:heap: 120 tests executed (0 marked as todo, 0 as flaky, 0 failures), 3 skipped.
heap.c:3536: testing global flags 0x200000, heap flags 00000080
heap.c:2993: Tests skipped: skipping block tests
heap.c:2993: Tests skipped: skipping block tests
heap.c:3234: Tests skipped: realloc in place failed
1b64:heap: 120 tests executed (0 marked as todo, 0 as flaky, 0 failures), 3 skipped.
heap.c:3536: testing global flags 0x2000000, heap flags 01000000
heap.c:2993: Tests skipped: skipping block tests
heap.c:2993: Tests skipped: skipping block tests
heap.c:3471: Tests skipped: Skipping test with HEAP_PAGE_ALLOCS.
1f0c:heap: 31 tests executed (0 marked as todo, 0 as flaky, 0 failures), 3 skipped.
heap.c:3516: Tests skipped: Session Manager flags not set
1cdc:heap: 0 tests executed (0 marked as todo, 0 as flaky, 0 failures), 1 skipped.
1b10:heap: 282108 tests executed (0 marked as todo, 0 as flaky, 0 failures), 0 skipped.
kernel32:heap:1b10 done (0) in 0s 2489B
kernel32:loader start dlls/kernel32/tests/loader.c
loader.c:4336: creating C:\Users\Docker\AppData\Local\Temp\ldr1AFF.tmp
loader.c:4563: deleting C:\Users\Docker\AppData\Local\Temp\ldr1AFF.tmp
loader.c:3419: phase 0: writing 00007FF7829EDB60 at 0x202
loader.c:3073: dll: 00007FF87E740000, DLL_PROCESS_ATTACH, 0000000000000000
loader.c:3323: dll: 00007FF87E740000, DLL_THREAD_ATTACH, 0000000000000000
loader.c:2958: 1560: mutex_thread_proc: starting
loader.c:3323: dll: 00007FF87E740000, DLL_THREAD_ATTACH, 0000000000000000
loader.c:3501: child: GetExitCodeThread(0) => 1,259
loader.c:3501: child: GetExitCodeThread(1) => 1,259
loader.c:3542: call NtTerminateProcess(0, 195)
loader.c:3566: call LdrShutdownProcess()
loader.c:3108: dll: 00007FF87E740000, DLL_PROCESS_DETACH, 0000000000000001
loader.c:3192: dll: GetExitCodeThread(0) => 1,195
loader.c:3192: dll: GetExitCodeThread(1) => 1,195
loader.c:3319: dll: 00007FF87E740000, DLL_PROCESS_DETACH, 0000000000000001 => DONE
loader.c:3707: child: GetExitCodeThread(0) => 1,195
loader.c:3707: child: GetExitCodeThread(1) => 1,195
loader.c:3714: call ExitProcess(195)
loader.c:3419: phase 1: writing 00007FF7829EDB60 at 0x202
loader.c:3073: dll: 00007FF87E740000, DLL_PROCESS_ATTACH, 0000000000000000
loader.c:3323: dll: 00007FF87E740000, DLL_THREAD_ATTACH, 0000000000000000
loader.c:2958: 1f00: mutex_thread_proc: starting
loader.c:3323: dll: 00007FF87E740000, DLL_THREAD_ATTACH, 0000000000000000
loader.c:3501: child: GetExitCodeThread(0) => 1,259
loader.c:3501: child: GetExitCodeThread(1) => 1,259
loader.c:3707: child: GetExitCodeThread(0) => 1,259
loader.c:3707: child: GetExitCodeThread(1) => 1,259
loader.c:3714: call ExitProcess(195)
loader.c:3108: dll: 00007FF87E740000, DLL_PROCESS_DETACH, 0000000000000001
loader.c:3192: dll: GetExitCodeThread(0) => 1,195
loader.c:3192: dll: GetExitCodeThread(1) => 1,195
loader.c:3319: dll: 00007FF87E740000, DLL_PROCESS_DETACH, 0000000000000001 => DONE
loader.c:3419: phase 2: writing 00007FF7829EDB60 at 0x202
loader.c:3073: dll: 00007FF87E740000, DLL_PROCESS_ATTACH, 0000000000000000
loader.c:3323: dll: 00007FF87E740000, DLL_THREAD_ATTACH, 0000000000000000
loader.c:2958: 0340: mutex_thread_proc: starting
loader.c:3323: dll: 00007FF87E740000, DLL_THREAD_ATTACH, 0000000000000000
loader.c:3501: child: GetExitCodeThread(0) => 1,259
loader.c:3501: child: GetExitCodeThread(1) => 1,259
loader.c:3595: call FreeLibrary(00007FF87E740000)
loader.c:3108: dll: 00007FF87E740000, DLL_PROCESS_DETACH, 0000000000000000
loader.c:3192: dll: GetExitCodeThread(0) => 1,259
loader.c:3192: dll: GetExitCodeThread(1) => 1,259
loader.c:3315: dll: call ExitProcess()
loader.c:3419: phase 3: writing 00007FF7829EDB60 at 0x202
loader.c:3073: dll: 00007FF87E740000, DLL_PROCESS_ATTACH, 0000000000000000
loader.c:3323: dll: 00007FF87E740000, DLL_THREAD_ATTACH, 0000000000000000
loader.c:2958: 19a4: mutex_thread_proc: starting
loader.c:3323: dll: 00007FF87E740000, DLL_THREAD_ATTACH, 0000000000000000
loader.c:3501: child: GetExitCodeThread(0) => 1,259
loader.c:3501: child: GetExitCodeThread(1) => 1,259
loader.c:3611: signalling thread exit
loader.c:2995: 19a4: mutex_thread_proc: exiting
loader.c:3353: dll: 00007FF87E740000, DLL_THREAD_DETACH, 0000000000000000
loader.c:3015: 1f50: semaphore_thread_proc: exiting
loader.c:3353: dll: 00007FF87E740000, DLL_THREAD_DETACH, 0000000000000000
loader.c:3707: child: GetExitCodeThread(0) => 1,196
loader.c:3707: child: GetExitCodeThread(1) => 1,196
loader.c:3714: call ExitProcess(195)
loader.c:3108: dll: 00007FF87E740000, DLL_PROCESS_DETACH, 0000000000000001
loader.c:3192: dll: GetExitCodeThread(0) => 1,196
loader.c:3192: dll: GetExitCodeThread(1) => 1,196
loader.c:3319: dll: 00007FF87E740000, DLL_PROCESS_DETACH, 0000000000000001 => DONE
loader.c:3419: phase 4: writing 00007FF7829EDB60 at 0x202
loader.c:3073: dll: 00007FF87E740000, DLL_PROCESS_ATTACH, 0000000000000000
loader.c:3323: dll: 00007FF87E740000, DLL_THREAD_ATTACH, 0000000000000000
loader.c:2958: 1e80: mutex_thread_proc: starting
loader.c:3323: dll: 00007FF87E740000, DLL_THREAD_ATTACH, 0000000000000000
loader.c:3501: child: GetExitCodeThread(0) => 1,259
loader.c:3501: child: GetExitCodeThread(1) => 1,259
loader.c:3616: setting loader_lock_event
loader.c:2966: 1e80: mutex_thread_proc: Entering loader lock
loader.c:3622: call NtTerminateProcess(0, 198)
loader.c:3632: call NtTerminateProcess(GetCurrentProcess(), 198)
loader.c:3419: phase 5: writing 00007FF7829EDB60 at 0x202
loader.c:3073: dll: 00007FF87E740000, DLL_PROCESS_ATTACH, 0000000000000000
loader.c:3323: dll: 00007FF87E740000, DLL_THREAD_ATTACH, 0000000000000000
loader.c:2958: 1bc0: mutex_thread_proc: starting
loader.c:3323: dll: 00007FF87E740000, DLL_THREAD_ATTACH, 0000000000000000
loader.c:3501: child: GetExitCodeThread(0) => 1,259
loader.c:3501: child: GetExitCodeThread(1) => 1,259
loader.c:3638: setting peb_lock_event
loader.c:2974: 1bc0: mutex_thread_proc: Entering PEB lock
loader.c:3646: call ExitProcess(198)
loader.c:3941: terminating child process
loader.c:3419: phase 6: writing 00007FF7829EDB60 at 0x202
loader.c:3073: dll: 00007FF87E740000, DLL_PROCESS_ATTACH, 0000000000000000
loader.c:3323: dll: 00007FF87E740000, DLL_THREAD_ATTACH, 0000000000000000
loader.c:2958: 0500: mutex_thread_proc: starting
loader.c:3323: dll: 00007FF87E740000, DLL_THREAD_ATTACH, 0000000000000000
loader.c:3501: child: GetExitCodeThread(0) => 1,259
loader.c:3501: child: GetExitCodeThread(1) => 1,259
loader.c:3652: setting heap_lock_event
loader.c:2981: 0500: mutex_thread_proc: Entering heap lock
loader.c:3660: call ExitProcess(1)
loader.c:3969: terminating child process
loader.c:3419: phase 7: writing 00007FF7829EDB60 at 0x202
loader.c:3073: dll: 00007FF881E20000, DLL_PROCESS_ATTACH, 0000000000000000
loader.c:3323: dll: 00007FF881E20000, DLL_THREAD_ATTACH, 0000000000000000
loader.c:2958: 0260: mutex_thread_proc: starting
loader.c:3323: dll: 00007FF881E20000, DLL_THREAD_ATTACH, 0000000000000000
loader.c:3501: child: GetExitCodeThread(0) => 1,259
loader.c:3501: child: GetExitCodeThread(1) => 1,259
loader.c:3666: setting cs_lock_event
loader.c:2988: 0260: mutex_thread_proc: Entering CS lock
loader.c:3674: call ExitProcess(199)
loader.c:3108: dll: 00007FF881E20000, DLL_PROCESS_DETACH, 0000000000000001
loader.c:4769: Tests skipped: Wow64Transition is not present
loader.c:687: 1409: loaded fallback
loader.c:687: 1415: loaded fallback
loader.c:687: 1421: loaded fallback
loader.c:687: 1428: loaded fallback
1c74:loader: 17631 tests executed (0 marked as todo, 0 as flaky, 0 failures), 1 skipped.
kernel32:loader:1c74 done (0) in 14s 6624B
kernel32:locale start dlls/kernel32/tests/locale.c
locale.c:5012: EnumTimeFormatsA(0): h:mm:ss tt
hh:mm:ss tt
H:mm:ss
HH:mm:ss

locale.c:5022: EnumTimeFormatsA(LOCALE_USE_CP_ACP): h:mm:ss tt
hh:mm:ss tt
H:mm:ss
HH:mm:ss

locale.c:4939: EnumDateFormatsA(0): M/d/yyyy
M/d/yy
MM/dd/yy
MM/dd/yyyy
yy/MM/dd
yyyy-MM-dd
dd-MMM-yy
M/d/yy
MM/dd/yy
MM/dd/yyyy

locale.c:4957: EnumDateFormatsA(LOCALE_USE_CP_ACP): M/d/yyyy
M/d/yy
MM/dd/yy
MM/dd/yyyy
yy/MM/dd
yyyy-MM-dd
dd-MMM-yy
M/d/yy
MM/dd/yy
MM/dd/yyyy

locale.c:4968: EnumDateFormatsA(DATE_SHORTDATE): M/d/yyyy
M/d/yy
MM/dd/yy
MM/dd/yyyy
yy/MM/dd
yyyy-MM-dd
dd-MMM-yy
M/d/yy
MM/dd/yy
MM/dd/yyyy

locale.c:4978: EnumDateFormatsA(DATE_LONGDATE): dddd, MMMM d, yyyy
MMMM d, yyyy
dddd, d MMMM, yyyy
d MMMM, yyyy
dddd, MMMM dd, yyyy
MMMM dd, yyyy

locale.c:4994: EnumDateFormatsA(DATE_YEARMONTH): MMMM yyyy
MMMM, yyyy

locale.c:2874: testing LCMapStringW
locale.c:2905: testing LCMapStringEx
locale.c:2986: 00000409, L"en-US"
locale.c:2995: 00000409, L"en-US"
locale.c:3003: 0000007f, L""
locale.c:7999: version 00060305 00060305 00000411 {00000046-57ee-1e5c-00b4-d0000bb1e11e}
locale.c:8215: locale 0409 size deadbeef
030c:locale: 2307472 tests executed (0 marked as todo, 0 as flaky, 0 failures), 0 skipped.
kernel32:locale:030c done (0) in 0s 1259B
kernel32:mailslot start dlls/kernel32/tests/mailslot.c
1994:mailslot: 133 tests executed (0 marked as todo, 0 as flaky, 0 failures), 0 skipped.
kernel32:mailslot:1994 done (0) in 1s 90B
kernel32:module start dlls/kernel32/tests/module.c
module.c:1774: Test failed: Dep 0 (L"advapi32.dll"): Got unexpected module L"user32.dll".
module.c:1774: Test failed: Dep 1 (L"msvcrt.dll"): Got unexpected module L"advapi32.dll".
module.c:1774: Test failed: Dep 2 (L"user32.dll"): Got unexpected module L"msvcrt.dll".
1058:module: 906 tests executed (0 marked as todo, 0 as flaky, 3 failures), 0 skipped.
kernel32:module:1058 done (3) in 0s 359B
kernel32:path start dlls/kernel32/tests/path.c
path.c:1091: TMP=C:\Users\Docker\AppData\Local\Temp
path.c:1105: TMP=C:\Windows
path.c:1115: TMP=C:\
path.c:1126: TMP=C:
path.c:2036: Tests skipped: Skipping DBCS(Japanese) GetFullPathNameA test in this codepage (1252)
0d80:path: 202582 tests executed (0 marked as todo, 0 as flaky, 0 failures), 1 skipped.
kernel32:path:0d80 done (0) in 0s 313B
kernel32:pipe start dlls/kernel32/tests/pipe.c
pipe.c:1424: test_NamedPipe_2 starting
pipe.c:910: serverThreadMain2
pipe.c:177: test_CreateNamedPipe starting in byte mode
pipe.c:179: test_CreateNamedPipe starting in message mode
pipe.c:3241: testing message mode, byte read server->client writes...
pipe.c:3244: testing message mode, byte read client->server writes...
pipe.c:3241: testing message mode, message read server->client writes...
pipe.c:3244: testing message mode, message read client->server writes...
pipe.c:3241: testing byte mode, byte read server->client writes...
pipe.c:3244: testing byte mode, byte read client->server writes...
pipe.c:3389: testing server->client transaction...
pipe.c:3395: testing client->server transaction...
0d38:pipe: 5 tests executed (0 marked as todo, 0 as flaky, 0 failures), 0 skipped.
1330:pipe: 5 tests executed (0 marked as todo, 0 as flaky, 0 failures), 0 skipped.
1a64:pipe: 4 tests executed (0 marked as todo, 0 as flaky, 0 failures), 0 skipped.
1b2c:pipe: 38463 tests executed (0 marked as todo, 0 as flaky, 0 failures), 0 skipped.
kernel32:pipe:1b2c done (0) in 4s 1056B
kernel32:power start dlls/kernel32/tests/power.c
power.c:68: no battery detected
0bcc:power: 5 tests executed (0 marked as todo, 0 as flaky, 0 failures), 0 skipped.
kernel32:power:0bcc done (0) in 0s 118B
kernel32:process start dlls/kernel32/tests/process.c
1a44:process: 3 tests executed (0 marked as todo, 0 as flaky, 0 failures), 0 skipped.
1fe8:process: 3 tests executed (0 marked as todo, 0 as flaky, 0 failures), 0 skipped.
0b08:process: 3 tests executed (0 marked as todo, 0 as flaky, 0 failures), 0 skipped.
1be4:process: 3 tests executed (0 marked as todo, 0 as flaky, 0 failures), 0 skipped.
1d6c:process: 3 tests executed (0 marked as todo, 0 as flaky, 0 failures), 0 skipped.
1f2c:process: 3 tests executed (0 marked as todo, 0 as flaky, 0 failures), 0 skipped.
11c8:process: 3 tests executed (0 marked as todo, 0 as flaky, 0 failures), 0 skipped.
1cc8:process: 3 tests executed (0 marked as todo, 0 as flaky, 0 failures), 0 skipped.
1048:process: 3 tests executed (0 marked as todo, 0 as flaky, 0 failures), 0 skipped.
1dec:process: 3 tests executed (0 marked as todo, 0 as flaky, 0 failures), 0 skipped.
151c:process: 3 tests executed (0 marked as todo, 0 as flaky, 0 failures), 0 skipped.
1b38:process: 3 tests executed (0 marked as todo, 0 as flaky, 0 failures), 0 skipped.
1af8:process: 3 tests executed (0 marked as todo, 0 as flaky, 0 failures), 0 skipped.
199c:process: 3 tests executed (0 marked as todo, 0 as flaky, 0 failures), 0 skipped.
03a0:process: 3 tests executed (0 marked as todo, 0 as flaky, 0 failures), 0 skipped.
19f0:process: 3 tests executed (0 marked as todo, 0 as flaky, 0 failures), 0 skipped.
0fdc:process: 2 tests executed (0 marked as todo, 0 as flaky, 0 failures), 0 skipped.
0ae4:process: 3 tests executed (0 marked as todo, 0 as flaky, 0 failures), 0 skipped.
095c:process: 3 tests executed (0 marked as todo, 0 as flaky, 0 failures), 0 skipped.
1700:process: 3 tests executed (0 marked as todo, 0 as flaky, 0 failures), 0 skipped.
0818:process: 3 tests executed (0 marked as todo, 0 as flaky, 0 failures), 0 skipped.
0cd8:process: 3 tests executed (0 marked as todo, 0 as flaky, 0 failures), 0 skipped.
process.c:2242: Created process C:\Program Files (x86)\Internet Explorer\iexplore.exe
process.c:2262: Created process C:\Program Files\Internet Explorer\iexplore.exe
process.c:4235: session_id = 1
process.c:4238: active_session = 1
0e90:process: 1 tests executed (0 marked as todo, 0 as flaky, 0 failures), 0 skipped.
0f1c:process: 1 tests executed (0 marked as todo, 0 as flaky, 0 failures), 0 skipped.
0388:process: 22 tests executed (0 marked as todo, 0 as flaky, 0 failures), 0 skipped.
0900:process: 5 tests executed (0 marked as todo, 0 as flaky, 0 failures), 0 skipped.
1b0c:process: 1 tests executed (0 marked as todo, 0 as flaky, 0 failures), 0 skipped.
process.c:5680: Tests skipped: GetProcessInformation(ProcessMachineTypeInfo) is not supported.
12a4:process: 1 tests executed (0 marked as todo, 0 as flaky, 0 failures), 0 skipped.
03e4:process: 3 tests executed (0 marked as todo, 0 as flaky, 0 failures), 0 skipped.
0ee0:process: 3 tests executed (0 marked as todo, 0 as flaky, 0 failures), 0 skipped.
1f84:process: 47 tests executed (0 marked as todo, 0 as flaky, 0 failures), 0 skipped.
1eec:process: 49 tests executed (0 marked as todo, 0 as flaky, 0 failures), 0 skipped.
0af8:process: 1 tests executed (0 marked as todo, 0 as flaky, 0 failures), 0 skipped.
1cc4:process: 1 tests executed (0 marked as todo, 0 as flaky, 0 failures), 0 skipped.
1cdc:process: 1 tests executed (0 marked as todo, 0 as flaky, 0 failures), 0 skipped.
1764:process: 3269 tests executed (0 marked as todo, 0 as flaky, 0 failures), 1 skipped.
kernel32:process:1764 done (0) in 2s 3470B
kernel32:profile start dlls/kernel32/tests/profile.c
profile.c:253: section3 return: =val5
profile.c:587: test_GetPrivateProfileStringA: CR+LF
profile.c:587: test_GetPrivateProfileStringA: CR only
0c8c:profile: 578 tests executed (0 marked as todo, 0 as flaky, 0 failures), 0 skipped.
kernel32:profile:0c8c done (0) in 5s 236B
kernel32:resource start dlls/kernel32/tests/resource.c
resource.c:281: Tests skipped: Can't update resource in empty file
0248:resource: 556 tests executed (0 marked as todo, 0 as flaky, 0 failures), 1 skipped.
kernel32:resource:0248 done (0) in 0s 158B
kernel32:sync start dlls/kernel32/tests/sync.c
sync.c:3079: Tests skipped: QueueUserAPC2 is not available.
sync.c:660: memory resource notifications not supported
sync.c:1926: produced 99, c1 33, c2 33, c3 33
sync.c:1930: producer sleep 0, consumer sleep 79
sync.c:2699: number of shared accesses per thread are c1 42, c2 55, c3 34
sync.c:2700: number of total exclusive accesses is 10
1798:sync: 18067595 tests executed (0 marked as todo, 0 as flaky, 0 failures), 1 skipped.
kernel32:sync:1798 done (0) in 25s 436B
kernel32:thread start dlls/kernel32/tests/thread.c
thread.c:1363: 100 QueueUserWorkItem calls took 0ms
1478:thread: 986 tests executed (0 marked as todo, 0 as flaky, 0 failures), 0 skipped.
kernel32:thread:1478 done (0) in 3s 141B
kernel32:time start dlls/kernel32/tests/time.c
time.c:264: tz_id 1 (TIME_ZONE_ID_STANDARD)
time.c:272: bias 480, Pacific Standard Time - Pacific Daylight Time
time.c:273: standard (d/m/y): 1/11/0000 day of week 0 2:00:00.000 bias 0
time.c:279: daylight (d/m/y): 2/03/0000 day of week 0 2:00:00.000 bias -60
time.c:880: Number of Processors : 2
time.c:790: Dyn TimeZoneKeyName L"Pacific Standard Time"
1ee4:time: 2358 tests executed (0 marked as todo, 0 as flaky, 0 failures), 0 skipped.
kernel32:time:1ee4 done (0) in 0s 447B
kernel32:timer start dlls/kernel32/tests/timer.c
1ca4:timer: 31 tests executed (0 marked as todo, 0 as flaky, 0 failures), 0 skipped.
kernel32:timer:1ca4 done (0) in 3s 86B
kernel32:toolhelp start dlls/kernel32/tests/toolhelp.c
toolhelp.c:128: PID=0 [System Process]
toolhelp.c:128: PID=4 System
toolhelp.c:128: PID=5c Registry
toolhelp.c:128: PID=120 smss.exe
toolhelp.c:128: Line has been silenced after 4 occurrences
toolhelp.c:142: PID=0 [System Process]
toolhelp.c:142: PID=4 System
toolhelp.c:142: PID=5c Registry
toolhelp.c:142: PID=120 smss.exe
toolhelp.c:142: Line has been silenced after 4 occurrences
toolhelp.c:506: PID=adc base=00007FF7828B0000 size=dd7000 C:\Users\Docker\AppData\Local\Temp\wct\kernel32_test.exe kernel32_test.exe
toolhelp.c:506: PID=adc base=00007FF888BD0000 size=1f8000 C:\Windows\SYSTEM32\ntdll.dll ntdll.dll
toolhelp.c:506: PID=adc base=00007FF886E40000 size=bf000 C:\Windows\System32\KERNEL32.DLL KERNEL32.DLL
toolhelp.c:506: PID=adc base=00007FF886930000 size=2f6000 C:\Windows\System32\KERNELBASE.dll KERNELBASE.dll
toolhelp.c:506: Line has been silenced after 4 occurrences
toolhelp.c:527: PID=adc base=00007FF7828B0000 size=dd7000 C:\Users\Docker\AppData\Local\Temp\wct\kernel32_test.exe kernel32_test.exe
toolhelp.c:527: PID=adc base=00007FF888BD0000 size=1f8000 C:\Windows\SYSTEM32\ntdll.dll ntdll.dll
toolhelp.c:527: PID=adc base=00007FF886E40000 size=bf000 C:\Windows\System32\KERNEL32.DLL KERNEL32.DLL
toolhelp.c:527: PID=adc base=00007FF886930000 size=2f6000 C:\Windows\System32\KERNELBASE.dll KERNELBASE.dll
toolhelp.c:527: Line has been silenced after 4 occurrences
toolhelp.c:674: testing 32bit
0adc:toolhelp: Silenced 0 todos, 0 skips and 434 traces.
0adc:toolhelp: 217 tests executed (0 marked as todo, 0 as flaky, 0 failures), 0 skipped.
kernel32:toolhelp:0adc done (0) in 0s 1585B
kernel32:version start dlls/kernel32/tests/version.c
version.c:604: Tests skipped: There is no ServicePack on this system. Some tests will be skipped.
version.c:615: Tests skipped: GetVersionEx and VerifyVersionInfo are faking values
0afc:version: 3 tests executed (0 marked as todo, 0 as flaky, 0 failures), 0 skipped.
05f4:version: 3 tests executed (0 marked as todo, 0 as flaky, 0 failures), 0 skipped.
1ce4:version: 3 tests executed (0 marked as todo, 0 as flaky, 0 failures), 0 skipped.
1fc4:version: 3 tests executed (0 marked as todo, 0 as flaky, 0 failures), 0 skipped.
0e10:version: 3 tests executed (0 marked as todo, 0 as flaky, 0 failures), 0 skipped.
173c:version: 3 tests executed (0 marked as todo, 0 as flaky, 0 failures), 0 skipped.
0648:version: 3 tests executed (0 marked as todo, 0 as flaky, 0 failures), 0 skipped.
1f68:version: 3 tests executed (0 marked as todo, 0 as flaky, 0 failures), 0 skipped.
0fc0:version: 3 tests executed (0 marked as todo, 0 as flaky, 0 failures), 0 skipped.
189c:version: 156 tests executed (0 marked as todo, 0 as flaky, 0 failures), 2 skipped.
kernel32:version:189c done (0) in 0s 1055B
kernel32:virtual start dlls/kernel32/tests/virtual.c
virtual.c:4793: system page size 0x1000
0694:virtual: 4 tests executed (0 marked as todo, 0 as flaky, 0 failures), 0 skipped.
04e0:virtual: 3 tests executed (0 marked as todo, 0 as flaky, 0 failures), 0 skipped.
1f28:virtual: 3 tests executed (0 marked as todo, 0 as flaky, 0 failures), 0 skipped.
0490:virtual: 3 tests executed (0 marked as todo, 0 as flaky, 0 failures), 0 skipped.
virtual.c:4041: testing file mapping flags 08000000 
virtual.c:4041: testing file mapping flags 08000000 readonly file
virtual.c:4041: testing file mapping flags 01000000 
virtual.c:4091: 2: CreateFileMapping(0004) failed: 5
virtual.c:4091: 6: CreateFileMapping(0040) failed: 5
virtual.c:4041: testing anonymous mapping flags 08000000 
0e68:virtual: 26455 tests executed (0 marked as todo, 0 as flaky, 0 failures), 0 skipped.
kernel32:virtual:0e68 done (0) in 12s 822B
kernel32:volume start dlls/kernel32/tests/volume.c
volume.c:468: Tests skipped: Please re-run from another device than C:
volume.c:1057: c:\ -> \\?\Volume{bfc31338-d483-4a0d-8081-f0bf7b62dfe4}\
volume.c:1621: Skipping C:, not a CDROM drive.
volume.c:1625: Testing with E:
volume.c:1233: Tests skipped: IOCTL_DVD_READ_STRUCTURE not supported: 1
volume.c:1357: size 124, sense 0+0, data 88+36
volume.c:1407: size 124, sense 56+0, data 88+36
volume.c:1441: size 2136, sense 56+18, data 88+2048
volume.c:1547: size 56, sense 56+0, data 36
volume.c:1581: size 74, sense 56+18, data 2048
1dec:volume: 756 tests executed (0 marked as todo, 0 as flaky, 0 failures), 2 skipped.
kernel32:volume:1dec done (0) in 2s 629B
kernelbase:file start dlls/kernelbase/tests/file.c
file.c:40: Tests skipped: QueryIoRingCapabilities is not available, skipping tests.
0f1c:file: 0 tests executed (0 marked as todo, 0 as flaky, 0 failures), 1 skipped.
kernelbase:file:0f1c done (0) in 0s 169B
kernelbase:memory start dlls/kernelbase/tests/memory.c
167c:memory: 2 tests executed (0 marked as todo, 0 as flaky, 0 failures), 0 skipped.
kernelbase:memory:167c done (0) in 0s 86B
kernelbase:path start dlls/kernelbase/tests/path.c
1c2c:path: 4135 tests executed (0 marked as todo, 0 as flaky, 0 failures), 0 skipped.
kernelbase:path:1c2c done (0) in 0s 87B
kernelbase:process start dlls/kernelbase/tests/process.c
1014:process: 151 tests executed (0 marked as todo, 0 as flaky, 0 failures), 0 skipped.
kernelbase:process:1014 done (0) in 0s 89B
kernelbase:security start dlls/kernelbase/tests/security.c
0ae4:security: 6 tests executed (0 marked as todo, 0 as flaky, 0 failures), 0 skipped.
kernelbase:security:0ae4 done (0) in 0s 88B
kernelbase:sync start dlls/kernelbase/tests/sync.c
1b0c:sync: 68 tests executed (0 marked as todo, 0 as flaky, 0 failures), 0 skipped.
kernelbase:sync:1b0c done (0) in 1s 85B
localspl:localmon start dlls/localspl/tests/localmon.c
1cf0:localmon: 118 tests executed (0 marked as todo, 0 as flaky, 0 failures), 0 skipped.
localspl:localmon:1cf0 done (0) in 0s 90B
localui:localui start dlls/localui/tests/localui.c
188c:localui: 11 tests executed (0 marked as todo, 0 as flaky, 0 failures), 0 skipped.
localui:localui:188c done (0) in 0s 88B
lz32:lzexpand_main start dlls/lz32/tests/lzexpand_main.c
14a0:lzexpand_main: 201 tests executed (0 marked as todo, 0 as flaky, 0 failures), 0 skipped.
lz32:lzexpand_main:14a0 done (0) in 0s 95B
mapi32:imalloc start dlls/mapi32/tests/imalloc.c
imalloc.c:101: Tests skipped: No default mail client installed
1be8:imalloc: 0 tests executed (0 marked as todo, 0 as flaky, 0 failures), 1 skipped.
mapi32:imalloc:1be8 done (0) in 0s 151B
mapi32:prop start dlls/mapi32/tests/prop.c
prop.c:1416: Tests skipped: No default mail client installed
0374:prop: 0 tests executed (0 marked as todo, 0 as flaky, 0 failures), 1 skipped.
mapi32:prop:0374 done (0) in 0s 146B
mapi32:util start dlls/mapi32/tests/util.c
util.c:212: Tests skipped: No default mail client installed
0344:util: 0 tests executed (0 marked as todo, 0 as flaky, 0 failures), 1 skipped.
mapi32:util:0344 done (0) in 0s 145B
mfmediaengine:mfmediaengine start dlls/mfmediaengine/tests/mfmediaengine.c
mfmediaengine.c:160: created L"C:\\Users\\Docker\\AppData\\Local\\Temp\\rgb32frame.bmp"
mfmediaengine.c:160: created L"C:\\Users\\Docker\\AppData\\Local\\Temp\\rgb32frame.bmp"
mfmediaengine.c:160: created L"C:\\Users\\Docker\\AppData\\Local\\Temp\\rgb32frame.bmp"
1024:mfmediaengine: 639 tests executed (0 marked as todo, 0 as flaky, 0 failures), 0 skipped.
mfmediaengine:mfmediaengine:1024 done (0) in 3s 362B
mfplat:mfplat start dlls/mfplat/tests/mfplat.c
0b08:mfplat: 33 tests executed (0 marked as todo, 0 as flaky, 0 failures), 0 skipped.
mfplat.c:4080: Test failed: Unexpected refcount 1.
1cb0:mfplat: 69 tests executed (0 marked as todo, 0 as flaky, 1 failure), 0 skipped.
mfplat.c:78: 1 failures in child process
19a4:mfplat: 16 tests executed (0 marked as todo, 0 as flaky, 0 failures), 0 skipped.
0614:mfplat: 7 tests executed (0 marked as todo, 0 as flaky, 0 failures), 0 skipped.
1030:mfplat: 7 tests executed (0 marked as todo, 0 as flaky, 0 failures), 0 skipped.
1e1c:mfplat: 6 tests executed (0 marked as todo, 0 as flaky, 0 failures), 0 skipped.
0cb4:mfplat: 7 tests executed (0 marked as todo, 0 as flaky, 0 failures), 0 skipped.
1cec:mfplat: 6 tests executed (0 marked as todo, 0 as flaky, 0 failures), 0 skipped.
042c:mfplat: 6 tests executed (0 marked as todo, 0 as flaky, 0 failures), 0 skipped.
04e4:mfplat: 8 tests executed (0 marked as todo, 0 as flaky, 0 failures), 0 skipped.
1be0:mfplat: 8 tests executed (0 marked as todo, 0 as flaky, 0 failures), 0 skipped.
0474:mfplat: 8 tests executed (0 marked as todo, 0 as flaky, 0 failures), 0 skipped.
mfplat.c:6946: Tests skipped: D3D11 manager does not support video processing.
1038:mfplat: 5708816 tests executed (0 marked as todo, 0 as flaky, 1 failure), 1 skipped.
mfplat:mfplat:1038 done (1) in 5s 1299B
mfplay:mfplay start dlls/mfplay/tests/mfplay.c
1498:mfplay: 202 tests executed (0 marked as todo, 0 as flaky, 0 failures), 0 skipped.
mfplay:mfplay:1498 done (0) in 0s 88B
mfreadwrite:mfplat start dlls/mfreadwrite/tests/mfplat.c
0e04:mfplat: 3831 tests executed (0 marked as todo, 0 as flaky, 0 failures), 0 skipped.
mfreadwrite:mfplat:0e04 done (0) in 0s 89B
mfsrcsnk:mfsrcsnk start dlls/mfsrcsnk/tests/mfsrcsnk.c
1db0:mfsrcsnk: 1992 tests executed (0 marked as todo, 0 as flaky, 0 failures), 0 skipped.
mfsrcsnk:mfsrcsnk:1db0 done (0) in 2s 91B
mf:mf start dlls/mf/tests/mf.c
transform.c:1333: created L"C:\\Users\\Docker\\AppData\\Local\\Temp\\rgb32frame-grabber.bmp"
transform.c:1333: created L"C:\\Users\\Docker\\AppData\\Local\\Temp\\nv12frame-grabber.bmp"
157c:mf: 6859 tests executed (0 marked as todo, 0 as flaky, 0 failures), 0 skipped.
mf:mf:157c done (0) in 5s 272B
mf:topology start dlls/mf/tests/topology.c
1a48:topology: 5891 tests executed (0 marked as todo, 0 as flaky, 0 failures), 0 skipped.
mf:topology:1a48 done (0) in 0s 91B
mf:transform start dlls/mf/tests/transform.c
transform.c:1333: aacenc: created L"C:\\Users\\Docker\\AppData\\Local\\Temp\\aacencdata.bin"
transform.c:1333: Line has been silenced after 1 occurrences
transform.c:7905: Tests skipped: wmvdec: Skipping SetInputType tests for video subtype {32564d57-0000-0010-8000-00aa00389b71}.
transform.c:7905: Line has been silenced after 1 occurrences
transform.c:8305: Tests skipped: wmvdec: Skipping GetOutputSizeInfo tests for output subtype {e436eb7b-524f-11ce-9f53-0020af0ba770}.
transform.c:8305: Line has been silenced after 1 occurrences
transform.c:10600: Tests skipped: No hardware video decoding support.
transform.c:11017: Tests skipped: No hardware video decoding support.
0968:transform: Silenced 0 todos, 5 skips and 96 traces.
0968:transform: 52724 tests executed (0 marked as todo, 0 as flaky, 0 failures), 4 skipped.
mf:transform:0968 done (0) in 0s 835B
mlang:mlang start dlls/mlang/tests/mlang.c
mlang.c:2859: IMultiLanguage
mlang.c:2871: IMultiLanguage2
mlang.c:793: total mlang supported codepages 155
mlang.c:822: flags 00000000, enumerated codepages 155
mlang.c:758: target codepage 54936 does not contain 'abc'
mlang.c:758: target codepage 52936 does not contain 'abc'
mlang.c:758: target codepage 50227 does not contain 'abc'
mlang.c:758: target codepage 50229 does not contain 'abc'
mlang.c:758: Line has been silenced after 4 occurrences
mlang.c:901: Tests skipped: Legacy windows bug returning invalid charset of unicodeFEFF
mlang.c:927: Tests skipped: Legacy windows bug returning invalid charset of unicodeFEFF
mlang.c:953: Tests skipped: Legacy windows bug returning invalid charset of unicodeFEFF
mlang.c:793: total mlang supported codepages 155
mlang.c:822: flags 20000000, enumerated codepages 155
mlang.c:901: Tests skipped: Legacy windows bug returning invalid charset of unicodeFEFF
mlang.c:927: Tests skipped: Legacy windows bug returning invalid charset of unicodeFEFF
mlang.c:953: Tests skipped: Legacy windows bug returning invalid charset of unicodeFEFF
mlang.c:793: total mlang supported codepages 155
mlang.c:822: flags 00000002, enumerated codepages 37
mlang.c:793: total mlang supported codepages 155
mlang.c:822: flags 00000004, enumerated codepages 26
mlang.c:793: Line has been silenced after 4 occurrences
mlang.c:822: Line has been silenced after 4 occurrences
mlang.c:901: Tests skipped: Legacy windows bug returning invalid charset of unicodeFEFF
mlang.c:927: Tests skipped: Legacy windows bug returning invalid charset of unicodeFEFF
mlang.c:953: Tests skipped: Legacy windows bug returning invalid charset of unicodeFEFF
mlang.c:1075: total mlang supported scripts 41
mlang.c:1098: flags 00000000, enumerated scripts 41
mlang.c:1075: total mlang supported scripts 41
mlang.c:1098: flags 00010000, enumerated scripts 37
mlang.c:1075: total mlang supported scripts 41
mlang.c:1098: flags 00070000, enumerated scripts 41
mlang.c:2928: IMultiLanguage3
0f70:mlang: Silenced 0 todos, 0 skips and 58 traces.
0f70:mlang: 13832 tests executed (0 marked as todo, 0 as flaky, 0 failures), 9 skipped.
mlang:mlang:0f70 done (0) in 0s 2164B
mmcndmgr:mmcndmgr start dlls/mmcndmgr/tests/mmcndmgr.c
mmcndmgr.c:49: MMC Version is 3.0
1aec:mmcndmgr: 1 tests executed (0 marked as todo, 0 as flaky, 0 failures), 0 skipped.
mmcndmgr:mmcndmgr:1aec done (0) in 0s 123B
mmdevapi:capture start dlls/mmdevapi/tests/capture.c
capture.c:1261: Tests skipped: No sound card available
1a04:capture: 1 tests executed (0 marked as todo, 0 as flaky, 0 failures), 1 skipped.
mmdevapi:capture:1a04 done (0) in 0s 143B
mmdevapi:dependency start dlls/mmdevapi/tests/dependency.c
034c:dependency: 11 tests executed (0 marked as todo, 0 as flaky, 0 failures), 0 skipped.
mmdevapi:dependency:034c done (0) in 0s 91B
mmdevapi:mmdevenum start dlls/mmdevapi/tests/mmdevenum.c
mmdevenum.c:114: Device found: {0.0.0.00000000}.{197b2f96-0da3-491b-8c1f-c14ba2744a15}
mmdevenum.c:393: connector count: 1
mmdevenum.c:408: connector 0 type: 1
10f8:mmdevenum: 72 tests executed (0 marked as todo, 0 as flaky, 0 failures), 0 skipped.
mmdevapi:mmdevenum:10f8 done (0) in 0s 253B
mmdevapi:propstore start dlls/mmdevapi/tests/propstore.c
propstore.c:54: guid: {197B2F96-0DA3-491B-8C1F-C14BA2744A15}
propstore.c:103: device interface: L"{2}.\\\\?\\hdaudio#func_01&ven_1af4&dev_0012&subsys_1af40012&rev_1001#4&fc8f738&0&0001#{6994ad04-93ef-11d0-a3cc-00a0c9223196}\\elineoutwave"
1be8:propstore: 88 tests executed (0 marked as todo, 0 as flaky, 0 failures), 0 skipped.
mmdevapi:propstore:1be8 done (0) in 0s 331B
mmdevapi:render start dlls/mmdevapi/tests/render.c
render.c:223: Returned periods: 10.0000 ms 2.6667 ms
render.c:235: pwfx: 000001F5079B3720
render.c:236: Tag: fffe
render.c:237: bits: 32
render.c:238: chan: 2
render.c:239: rate: 48000
render.c:240: align: 8
render.c:241: extra: 22
render.c:246: Res: 32
render.c:247: Mask: 3
render.c:248: Alg: FLOAT
render.c:399: Initialize(duration=0) GetBufferSize is 1056
render.c:469: Returned latency: 0.0000 ms
render.c:1163: Testing shared mode
render.c:1195: Latency: 0.0000 ms
render.c:1215: BufferSize 24000 estimated fragment 480 x 50 = 24000
render.c:1240: Clock Frequency 384000
render.c:1269: data at 000001F5079DFA30
render.c:1320: padding 11520 past sleep #2
render.c:1339: padding 11520 position 99840 past stop #2
render.c:1373: data at 000001F5079DFA30
render.c:1397: position 31360 past 100ms sleep #3
render.c:1403: Tests skipped: Rerun with WINETEST_DEBUG=2 for GetPosition tests.
render.c:1417: padding 19200 position 38400 past stop #3
render.c:1446: data at 000001F5079DFA30 for prefill 22500
render.c:1478: hpctime 359 after 350ms
render.c:1497: hpctime 465 pcpos 465
render.c:1502: padding 420 position 171960/22080 slept 450ms iteration 0
render.c:1532: data at 000001F5079DFA30
render.c:1497: hpctime 569 pcpos 570
render.c:1502: padding 17640 position 212224/27360 slept 550ms iteration 1
render.c:1537: data at 000001F5079DFA30 (small 6360)
render.c:1497: hpctime 675 pcpos 675
render.c:1502: padding 19200 position 252728/32160 slept 650ms iteration 2
render.c:1537: data at 000001F5079DFA30 (small 4800)
render.c:1497: hpctime 785 pcpos 785
render.c:1502: padding 18720 position 294944/37440 slept 750ms iteration 3
render.c:1537: data at 000001F5079DFA30 (small 5280)
render.c:1497: Line has been silenced after 4 occurrences
render.c:1502: Line has been silenced after 4 occurrences
render.c:1537: data at 000001F5079DFA30 (small 5760)
render.c:1537: Line has been silenced after 4 occurrences
render.c:1553: position 525528
render.c:1562: position 721920 past underrun, 0 padding left, 90240 frames written
render.c:1584: hpctime 2395 after underrun
render.c:1175: Testing exclusive mode at 48000
render.c:1195: Latency: 15.0000 ms
render.c:1215: BufferSize 24576 estimated fragment 720 x 33 = 23760
render.c:1224: Test marked flaky: BufferSize 24576 misfits fragment size 720 at rate 48000
render.c:1240: Clock Frequency 48000
render.c:1269: data at 000001F5079DFA30
render.c:1320: padding 0 past sleep #2
render.c:1339: padding 0 position 24576 past stop #2
render.c:1373: data at 000001F5079DFA30
render.c:1397: position 5956 past 100ms sleep #3
render.c:1403: Tests skipped: Rerun with WINETEST_DEBUG=2 for GetPosition tests.
render.c:1417: padding 18571 position 6005 past stop #3
render.c:1446: data at 000001F5079DFA30 for prefill 22500
render.c:1478: hpctime 356 after 350ms
render.c:1532: data at 000001F5079DFA30
render.c:1553: position 64494
render.c:1562: position 89070 past underrun, 0 padding left, 89070 frames written
render.c:1584: hpctime 2357 after underrun
render.c:1656: Tests skipped: No capture session: 80070490; skipping capture device in render session tests
render.c:2587: Should play 1000ms continuous tone with fragment size 480.
render.c:2642: Released 48000=100x480 -480 frames at 48000 worth 990ms in 1439ms
render.c:2587: Should play 1000ms continuous tone with fragment size 480.
render.c:2642: Released 48000=100x480 -480 frames at 48000 worth 990ms in 1535ms
render.c:2587: Should play 1000ms continuous tone with fragment size 480.
render.c:2642: Released 48000=100x480 -480 frames at 48000 worth 990ms in 1540ms
render.c:2745: got range: [-74.000000,0.000000]/1.000000
render.c:570: IsSupported(exclus., P16000x16x2)
render.c:570: IsSupported(exclus., P22050x16x2)
render.c:570: IsSupported(exclus., P44100x16x2)
render.c:570: IsSupported(exclus., P48000x16x2)
render.c:570: Line has been silenced after 4 occurrences
0374:render: Silenced 0 todos, 0 skips and 54 traces.
0374:render: 4759 tests executed (0 marked as todo, 1 as flaky, 0 failures), 3 skipped.
mmdevapi:render:0374 done (0) in 15s 4098B
mmdevapi:spatialaudio start dlls/mmdevapi/tests/spatialaudio.c
059c:spatialaudio: 444 tests executed (0 marked as todo, 0 as flaky, 0 failures), 0 skipped.
mmdevapi:spatialaudio:059c done (0) in 0s 94B
mp3dmod:mp3dmod start dlls/mp3dmod/tests/mp3dmod.c
1084:mp3dmod: 292 tests executed (0 marked as todo, 0 as flaky, 0 failures), 0 skipped.
mp3dmod:mp3dmod:1084 done (0) in 0s 89B
mpr:mpr start dlls/mpr/tests/mpr.c
mpr.c:258: Tests skipped: WNetCachePassword() is not supported.
15c4:mpr: 320 tests executed (0 marked as todo, 0 as flaky, 0 failures), 1 skipped.
mpr:mpr:15c4 done (0) in 0s 150B
msacm32:msacm start dlls/msacm32/tests/msacm.c
1f04:msacm: 1749 tests executed (0 marked as todo, 0 as flaky, 0 failures), 0 skipped.
msacm32:msacm:1f04 done (0) in 0s 88B
msado15:msado15 start dlls/msado15/tests/msado15.c
msado15.c:3405: code  6, buffer "Component not found in the registry", size 35
msado15.c:1565: Unknown interface ({83693a20-fbea-11cf-a785-00aa00a3f00d})
msado15.c:1565: Unknown interface ({6f1e39e1-05c6-11d0-a78b-00aa00a3f00d})
msado15.c:3007: Tests skipped: Database not available, skipping tests
msado15.c:1565: Unknown interface ({6f1e39e1-05c6-11d0-a78b-00aa00a3f00d})
msado15.c:1565: Unknown interface ({6f1e39e1-05c6-11d0-a78b-00aa00a3f00d})
msado15.c:3434: code  6, buffer "Component not found in the registry", size 35
1e8c:msado15: 1751 tests executed (0 marked as todo, 0 as flaky, 0 failures), 1 skipped.
msado15:msado15:1e8c done (0) in 0s 625B
msasn1:asn1 start dlls/msasn1/tests/asn1.c
1ca0:asn1: 203 tests executed (0 marked as todo, 0 as flaky, 0 failures), 0 skipped.
msasn1:asn1:1ca0 done (0) in 0s 86B
mscms:profile start dlls/mscms/tests/profile.c
0bc0:profile: 212 tests executed (0 marked as todo, 0 as flaky, 0 failures), 0 skipped.
mscms:profile:0bc0 done (0) in 0s 89B
mscoree:comtest start dlls/mscoree/tests/comtest.c
comtest.c:84: Tests skipped: Can't find csc.exe
1448:comtest: 1 tests executed (0 marked as todo, 0 as flaky, 0 failures), 1 skipped.
comtest.c:84: Tests skipped: Can't find csc.exe
0480:comtest: 1 tests executed (0 marked as todo, 0 as flaky, 0 failures), 1 skipped.
comtest.c:84: Tests skipped: Can't find csc.exe
1b30:comtest: 1 tests executed (0 marked as todo, 0 as flaky, 0 failures), 1 skipped.
075c:comtest: 6 tests executed (0 marked as todo, 0 as flaky, 0 failures), 0 skipped.
mscoree:comtest:075c done (0) in 0s 495B
mscoree:debugging start dlls/mscoree/tests/debugging.c
debugging.c:477: Tests skipped: .NET 2.0 or mono not installed.
1a40:debugging: 5 tests executed (0 marked as todo, 0 as flaky, 0 failures), 1 skipped.
mscoree:debugging:1a40 done (0) in 0s 154B
mscoree:metahost start dlls/mscoree/tests/metahost.c
metahost.c:141: runtime found: L"v4.0.30319"
072c:metahost: 26 tests executed (0 marked as todo, 0 as flaky, 0 failures), 0 skipped.
mscoree:metahost:072c done (0) in 0s 135B
mscoree:mscoree start dlls/mscoree/tests/mscoree.c
mscoree.c:196: Tests skipped: No legacy .NET runtimes are installed
mscoree.c:321: Tests skipped: No legacy .NET runtimes are installed
mscoree.c:575: Tests skipped: Can't find csc.exe
mscoree.c:575: Tests skipped: Can't find csc.exe
18a0:mscoree: 42 tests executed (0 marked as todo, 0 as flaky, 0 failures), 4 skipped.
mscoree:mscoree:18a0 done (0) in 0s 326B
msctf:inputprocessor start dlls/msctf/tests/inputprocessor.c
inputprocessor.c:1129: Current Language 409
inputprocessor.c:1012: TextService_Activate
inputprocessor.c:750: Got OnActivated: {dwProfileType 00000001, langid 00000409, clsid {ede1a7ad-66de-47e0-b620-3e92f8246bf3}, catid {34745c63-b2f0-4784-8b67-5e12c8701a31}, guidProfile {ede1a7ad-66de-47e0-b620-3e92f8246bf3}, 0000000000000000, dwFlags 00000003}
inputprocessor.c:840: Got OnActivated: {clsid {ede1a7ad-66de-47e0-b620-3e92f8246bf3}, guidProfile {ede1a7ad-66de-47e0-b620-3e92f8246bf3}, activated 1}
inputprocessor.c:2288: found {544D6A63-E2E8-4752-BBD1-000960BCA083}
inputprocessor.c:2288: found {EDE1A7AD-66DE-47E0-B620-3E92F8246BF3}
inputprocessor.c:2288: found {575F3783-70C8-47C8-AE5D-91A01A1F7592}
inputprocessor.c:2288: found {A94C5FD2-C471-4031-9546-709C17300CB9}
inputprocessor.c:1020: TextService_Deactivate
inputprocessor.c:750: Got OnActivated: {dwProfileType 00000001, langid 00000409, clsid {ede1a7ad-66de-47e0-b620-3e92f8246bf3}, catid {34745c63-b2f0-4784-8b67-5e12c8701a31}, guidProfile {ede1a7ad-66de-47e0-b620-3e92f8246bf3}, 0000000000000000, dwFlags 00000002}
inputprocessor.c:840: Got OnActivated: {clsid {ede1a7ad-66de-47e0-b620-3e92f8246bf3}, guidProfile {ede1a7ad-66de-47e0-b620-3e92f8246bf3}, activated 0}
inputprocessor.c:750: Got OnActivated: {dwProfileType 00000002, langid 00000409, clsid {00000000-0000-0000-0000-000000000000}, catid {34745c63-b2f0-4784-8b67-5e12c8701a31}, guidProfile {00000000-0000-0000-0000-000000000000}, 0000000004090409, dwFlags 00000003}
inputprocessor.c:750: Got OnActivated: {dwProfileType 00000002, langid 00000409, clsid {00000000-0000-0000-0000-000000000000}, catid {34745c63-b2f0-4784-8b67-5e12c8701a31}, guidProfile {00000000-0000-0000-0000-000000000000}, 0000000004090409, dwFlags 00000003}
inputprocessor.c:1249: Disabling
1f0c:inputprocessor: 316 tests executed (0 marked as todo, 0 as flaky, 0 failures), 0 skipped.
msctf:inputprocessor:1f0c done (0) in 3s 1895B
msdasql:provider start dlls/msdasql/tests/provider.c
provider.c:856: code  6, buffer "Component not found in the registry", size 35
provider.c:722: Tests skipped: ODBC source wine_test not available.
provider.c:885: code  6, buffer "Component not found in the registry", size 35
10d4:provider: 209 tests executed (0 marked as todo, 0 as flaky, 0 failures), 1 skipped.
msdasql:provider:10d4 done (0) in 0s 319B
msdmo:msdmo start dlls/msdmo/tests/msdmo.c
14fc:msdmo: 46 tests executed (0 marked as todo, 0 as flaky, 0 failures), 0 skipped.
msdmo:msdmo:14fc done (0) in 0s 86B
msftedit:richole start dlls/msftedit/tests/richole.c
1f1c:richole: 40 tests executed (0 marked as todo, 0 as flaky, 0 failures), 0 skipped.
msftedit:richole:1f1c done (0) in 0s 88B
mshtml:activex start dlls/mshtml/tests/activex.c
activex.c:2782: Testing emulated flash embedding...
activex.c:1440: QI {00000008-0000-0000-c000-000000000046}
activex.c:1440: QI {25336920-03f9-11cf-8fd0-00aa00686f13}
activex.c:1440: QI {0000013d-0000-0000-c000-000000000046}
activex.c:1440: QI {22f55881-280b-11d0-a8a9-00a0c90c2004}
activex.c:1440: Line has been silenced after 4 occurrences
activex.c:2784: Testing plugin without IQuickActivate iface...
activex.c:863: FindConnectionPoint(IID_IPropertyNotifySink)
activex.c:2786: Testing plugin with IDispatch iface only...
activex.c:2788: Testing event object binding...
activex.c:2790: Testing createElement(object)...
1380:activex: Silenced 0 todos, 0 skips and 106 traces.
1380:activex: 973 tests executed (0 marked as todo, 0 as flaky, 0 failures), 0 skipped.
mshtml:activex:1380 done (0) in 0s 780B
mshtml:dom start dlls/mshtml/tests/dom.c
dom.c:13880: is_ie9plus 1
1964:dom: 61221 tests executed (0 marked as todo, 0 as flaky, 0 failures), 0 skipped.
mshtml:dom:1964 done (0) in 3s 114B
mshtml:events start dlls/mshtml/tests/events.c
events.c:7745: is_ie9plus 1
events.c:1904: timeout
events.c:1904: timeout
events.c:1904: timeout
events.c:1904: timeout
events.c:2507: onclick tests in document mode 5
events.c:1091: div_onclick
events.c:1103: div_onclick_attached
events.c:1127: body_onclick
events.c:1077: document_onclick
events.c:2461: invoke_onclick
events.c:1091: div_onclick
events.c:1103: div_onclick_attached
events.c:1127: body_onclick
events.c:1077: document_onclick
events.c:2461: invoke_onclick
events.c:1091: div_onclick
events.c:1975: div_onclick_disp
events.c:1103: div_onclick_attached
events.c:1127: body_onclick
events.c:1077: document_onclick
events.c:1115: doc_onclick_attached
events.c:1849: doccp2_onclick
events.c:1830: doccp_onclick
events.c:2461: invoke_onclick
events.c:2703: click >>>
events.c:1091: div_onclick
events.c:1975: div_onclick_disp
events.c:1103: div_onclick_attached
events.c:1887: elem2_cp_onclick
events.c:1127: body_onclick
events.c:1077: document_onclick
events.c:1115: doc_onclick_attached
events.c:1849: doccp2_onclick
events.c:1830: doccp_onclick
events.c:2461: invoke_onclick
events.c:2706: click <<<
events.c:1103: Line has been silenced after 4 occurrences
events.c:1127: Line has been silenced after 4 occurrences
events.c:1077: Line has been silenced after 4 occurrences
events.c:2461: Line has been silenced after 4 occurrences
events.c:2507: onclick tests in document mode 9
events.c:1091: Line has been silenced after 4 occurrences
events.c:1139: div_onclick_capture
events.c:1151: div_onclick_bubble
events.c:1139: div_onclick_capture
events.c:1151: div_onclick_bubble
events.c:1975: div_onclick_disp
events.c:1115: doc_onclick_attached
events.c:1849: doccp2_onclick
events.c:1830: doccp_onclick
events.c:2703: click >>>
events.c:1139: div_onclick_capture
events.c:1151: div_onclick_bubble
events.c:1975: div_onclick_disp
events.c:1887: elem2_cp_onclick
events.c:1115: doc_onclick_attached
events.c:1849: doccp2_onclick
events.c:1830: doccp_onclick
events.c:2706: click <<<
events.c:1489: iframe_onreadystatechange_loading
events.c:1428: iframedoc_onreadystatechange
events.c:1496: iframe_onreadystatechange_interactive
events.c:1428: iframedoc_onreadystatechange
events.c:1498: iframe_onreadystatechange_complete
events.c:1489: iframe_onreadystatechange_loading
events.c:1428: iframedoc_onreadystatechange
events.c:1496: iframe_onreadystatechange_interactive
events.c:1428: iframedoc_onreadystatechange
events.c:1498: iframe_onreadystatechange_complete
events.c:1163: img_onload
events.c:1163: img_onload
events.c:1163: img_onload
events.c:1214: img_onerror
events.c:1198: img_onload
events.c:1174: input_onload
events.c:1174: input_onload
events.c:1174: input_onload
events.c:1185: link_onload
events.c:1236: div_onfocusin
events.c:1225: input_onfocus
events.c:1236: div_onfocusin
events.c:1247: div_onfocusout
events.c:1258: input_onblur
events.c:1283: form_onclick
events.c:1269: form_onsubmit
events.c:1294: submit_onclick
events.c:1283: form_onclick
events.c:1294: submit_onclick
events.c:1319: submit_onclick_attached
events.c:1283: form_onclick
events.c:1319: submit_onclick_attached
events.c:1283: form_onclick
events.c:1283: Line has been silenced after 4 occurrences
events.c:1867: doccp_onclick_cancel
events.c:1361: submit_onclick_setret
events.c:1269: form_onsubmit
events.c:1361: submit_onclick_setret
events.c:1361: submit_onclick_setret
events.c:1361: submit_onclick_setret
events.c:1401: submit_onclick_cancel
events.c:1336: submit_onclick_attached_check_cancel
events.c:1319: submit_onclick_attached
events.c:1269: form_onsubmit
events.c:1294: submit_onclick
events.c:1294: submit_onclick
events.c:1319: submit_onclick_attached
events.c:1319: Line has been silenced after 4 occurrences
events.c:1867: doccp_onclick_cancel
events.c:1361: Line has been silenced after 4 occurrences
events.c:1269: form_onsubmit
events.c:1401: submit_onclick_cancel
events.c:1336: submit_onclick_attached_check_cancel
events.c:2217: QS_IActiveScriptSite
events.c:2223: QS_GetCaller
events.c:2137: QS_IActiveScriptSite
events.c:2144: QS_GetCaller
events.c:2181: QS_IActiveScriptSite_parent
events.c:2259: QS_IActiveScriptSite_parent2
events.c:2266: QS_GetCaller_parent2
events.c:2303: QS_IActiveScriptSite_parent3
events.c:2048: cmdtarget_Exec
events.c:1519: onmessage
events.c:2303: QS_IActiveScriptSite_parent3
events.c:2310: QS_GetCaller_parent3
events.c:2347: QS_IActiveScriptSite_parent4
events.c:2048: cmdtarget_Exec
events.c:1519: onmessage
events.c:3982: iframe tests...
events.c:1308: iframe_onload
events.c:1308: iframe_onload
events.c:1066: docobj_onclick
events.c:1519: onmessage
events.c:2217: QS_IActiveScriptSite
events.c:2217: QS_IActiveScriptSite
events.c:1519: onmessage
events.c:2137: QS_IActiveScriptSite
events.c:2048: cmdtarget_Exec
events.c:2137: QS_IActiveScriptSite
events.c:2048: cmdtarget_Exec
events.c:1519: Line has been silenced after 4 occurrences
events.c:2259: QS_IActiveScriptSite_parent2
events.c:2048: Line has been silenced after 4 occurrences
events.c:2259: QS_IActiveScriptSite_parent2
events.c:2303: QS_IActiveScriptSite_parent3
events.c:2303: QS_IActiveScriptSite_parent3
events.c:2217: QS_IActiveScriptSite
events.c:2137: QS_IActiveScriptSite
events.c:2259: QS_IActiveScriptSite_parent2
events.c:2303: Line has been silenced after 4 occurrences
events.c:1611: visibilitychange
events.c:1611: visibilitychange
events.c:1641: onbeforeunload
events.c:1664: iframe_onbeforeunload
events.c:1677: pagehide
events.c:1688: onunload
events.c:1704: iframe_pagehide
events.c:1717: iframe_onunload
events.c:1688: onunload
events.c:4549: createEvent tests...
events.c:1163: img_onload
events.c:1163: Line has been silenced after 4 occurrences
events.c:1214: img_onerror
events.c:1198: img_onload
events.c:1174: input_onload
events.c:1174: Line has been silenced after 4 occurrences
events.c:4802: doc1_onstoragecommit
events.c:4832: doc2_onstoragecommit
events.c:4802: doc1_onstoragecommit
events.c:4832: doc2_onstoragecommit
events.c:4802: doc1_onstoragecommit
events.c:4792: doc1_onstorage
events.c:4822: doc2_onstorage
events.c:4792: doc1_onstorage
events.c:4822: doc2_onstorage
events.c:4792: doc1_onstorage
events.c:4895: sync_xhr_done
events.c:4868: async_xhr_done
events.c:4802: doc1_onstoragecommit
events.c:4832: doc2_onstoragecommit
events.c:4802: Line has been silenced after 4 occurrences
events.c:4832: doc2_onstoragecommit
events.c:4812: window1_onstorage
events.c:4792: doc1_onstorage
events.c:4842: window2_onstorage
events.c:4822: doc2_onstorage
events.c:4812: window1_onstorage
events.c:4792: Line has been silenced after 4 occurrences
events.c:4842: window2_onstorage
events.c:4822: doc2_onstorage
events.c:4812: window1_onstorage
events.c:4895: sync_xhr_done
events.c:4868: async_xhr_done
0c44:events: Silenced 0 todos, 0 skips and 72 traces.
0c44:events: 9825 tests executed (0 marked as todo, 0 as flaky, 0 failures), 0 skipped.
mshtml:events:0c44 done (0) in 1s 7096B
mshtml:htmldoc start dlls/mshtml/tests/htmldoc.c
htmldoc.c:9661: is_ie9plus 1
htmldoc.c:8704: Testing HTMLDocument (hlink)...
htmldoc.c:8704: Testing HTMLDocument (hlink)...
htmldoc.c:8427: Testing HTMLDocument (no load, no mime)...
htmldoc.c:8427: Testing HTMLDocument (load, mime)...
htmldoc.c:8427: Testing HTMLDocument (load, no mime)...
htmldoc.c:9170: Testing HTMLDocument (IPersistStreamInit)...
htmldoc.c:9231: Testing HTMLDocument (IPersistStreamInit::InitNew)...
htmldoc.c:8541: Testing MHTMLDocument...
htmldoc.c:9314: Testing HTMLDocument (edit)...
htmldoc.c:9314: Testing HTMLDocument (edit load)...
htmldoc.c:9314: Testing HTMLDocument (edit load using designMode)...
htmldoc.c:8835: Testing HTMLDocument (http)...
htmldoc.c:6312: put_href L"javascript:external%20&&undefined"...
htmldoc.c:6312: put_href L"about:blank"...
htmldoc.c:6312: put_href L"about:replace"...
htmldoc.c:6793: open...
htmldoc.c:6793: open...
htmldoc.c:8835: Testing HTMLDocument (http with IWebBrowserApp)...
htmldoc.c:6312: put_href L"http://test.winehq.org/tests/winehq_snapshot/#test"...
htmldoc.c:6544: Refresh...
htmldoc.c:6567: Reload...
htmldoc.c:6312: Line has been silenced after 4 occurrences
htmldoc.c:6481: LoadHistory...
htmldoc.c:6793: open...
htmldoc.c:6591: SuperNavigate...
htmldoc.c:4773: IE9: NavigateWithBindCtx2
htmldoc.c:8999: Testing submit...
htmldoc.c:9458: Running OleDocumentView_UIActivate tests (0 0 0)
htmldoc.c:9458: Running OleDocumentView_UIActivate tests (0 1 0)
htmldoc.c:9458: Running OleDocumentView_UIActivate tests (0 1 1)
htmldoc.c:9458: Running OleDocumentView_UIActivate tests (1 0 0)
htmldoc.c:9458: Line has been silenced after 4 occurrences
1d9c:htmldoc: Silenced 0 todos, 0 skips and 7 traces.
1d9c:htmldoc: 45015 tests executed (0 marked as todo, 0 as flaky, 0 failures), 0 skipped.
mshtml:htmldoc:1d9c done (0) in 6s 1804B
mshtml:htmllocation start dlls/mshtml/tests/htmllocation.c
19a0:htmllocation: 171 tests executed (0 marked as todo, 0 as flaky, 0 failures), 0 skipped.
mshtml:htmllocation:19a0 done (0) in 0s 94B
mshtml:misc start dlls/mshtml/tests/misc.c
