Version 4
Tests from build d62035da4aa91327c6e38a2c8a66b829eb0983ed
Tag: rbernon-w11ltsc64-win64
Build info:
    Compiler: clang 19.1.7 (3+b1) (msvc 1933)
Operating system version:
    Platform=x86_64
    bRunningUnderWine=0
    bRunningOnVisibleDesktop=1
    Account=admin, elevated
    Submitter=Remi Bernon <rbernon@codeweavers.com>
    Description=Windows 11 LTSC 64bit / QEMU running on Debian GNU/Linux trixie/sid / Linux b9d3a0c7508b 6.14.0-1012-azure #12~24.04.1-Ubuntu SMP Tue Sep  9 19:01:23 UTC 2025 x86_64 GNU/Linux, [CPU:2*AMD EPYC 7763 64-Core Processor RAM:4G display:1920x1080 virtio-vga x1]
    dwMajorVersion=10
    dwMinorVersion=0
    dwBuildNumber=26100
    PlatformId=2
    szCSDVersion=
    UBR=1742
    wServicePackMajor=0
    wServicePackMinor=0
    wSuiteMask=256
    wProductType=1
    wReserved=0
    dwProductInfo=207
    SystemDefaultLCID=0409
    UserDefaultLCID=0409
    ThreadLocale=0409
    SystemPreferredUILanguages=0409
    UserDefaultUILanguage=0409
    ThreadUILanguage=0409
    KeyboardLayout=0000000004090409
    Country=244
    ACP=1252
Dll info:
    activeds=10.0.26100.1150
    adsldp=10.0.26100.1150
    advapi32=10.0.26100.1591
    advpack=11.0.26100.1150
    amstream=10.0.26100.1150
    apphelp=10.0.26100.1591
    atl100=dll is missing
    atl110=dll is missing
    atl80=dll is missing the requested side-by-side version
    atlthunk=10.0.26100.1
    atl=3.5.2284.0
    avifil32=10.0.26100.1150
    bcp47langs=10.0.26100.1301
    bcrypt=10.0.26100.268
    bluetoothapis=10.0.26100.1591
    browseui=10.0.26100.1
    cabinet=5.0.1.1
    cfgmgr32=10.0.26100.1591
    cmd.exe=10.0.26100.1591
    combase=10.0.26100.1591
    comcat=10.0.26100.1
    comctl32=6.10.26100.1591
    comdlg32=10.0.26100.1591
    compstui=10.0.26100.1
    comsvcs=2001.12.10941.16384
    concrt140=dll is missing
    conhost.exe=10.0.26100.1591
    coremessaging=10.0.26100.1150
    credui=10.0.26100.1591
    crypt32=10.0.26100.1591
    cryptext=10.0.26100.1150
    cryptnet=10.0.26100.1591
    cryptowinrt=10.0.26100.1150
    cryptui=10.0.26100.1591
    cryptxml=10.0.26100.1
    d2d1=10.0.26100.1591
    d3d10core=10.0.26100.1
    d3d10_1=10.0.26100.1
    d3d10=10.0.26100.1150
    d3d11=10.0.26100.1591
    d3d12=10.0.26100.1591
    d3d8=dll is missing
    d3d9=10.0.26100.1591
    d3dcompiler_42=dll is missing
    d3dcompiler_43=dll is missing
    d3dcompiler_46=dll is missing
    d3dcompiler_47=10.0.26100.1742
    d3drm=dll is missing
    d3dx10_33=dll is missing
    d3dx10_34=dll is missing
    d3dx10_35=dll is missing
    d3dx10_36=dll is missing
    d3dx10_37=dll is missing
    d3dx10_38=dll is missing
    d3dx10_39=dll is missing
    d3dx10_40=dll is missing
    d3dx10_41=dll is missing
    d3dx10_42=dll is missing
    d3dx10_43=dll is missing
    d3dx11_42=dll is missing
    d3dx11_43=dll is missing
    d3dx9_35=dll is missing
    d3dx9_36=dll is missing
    d3dx9_42=dll is missing
    d3dx9_43=dll is missing
    d3dxof=dll is missing
    dataexchange=10.0.26100.1591
    dbgeng=10.0.26100.1
    dbghelp=10.0.26100.1150
    ddrawex=10.0.26100.1150
    ddraw=10.0.26100.1150
    devenum=10.0.26100.1
    dhcpcsvc=10.0.26100.1591
    dinput=10.0.26100.1591
    directmanipulation=10.0.26100.1150
    dispex=5.812.10240.16384
    dmband=dll is missing
    dmcompos=dll is missing
    dmime=dll is missing
    dmloader=10.0.26100.1591
    dmscript=dll is missing
    dmstyle=dll is missing
    dmsynth=10.0.26100.1150
    dmusic=10.0.26100.1591
    dnsapi=10.0.26100.1591
    dplayx=dll is missing
    dpnet=dll is a stub
    dpvoice=dll is missing
    dsdmo=10.0.26100.1
    dsound=10.0.26100.1591
    dssenh=10.0.26100.1150
    dswave=10.0.26100.1591
    dwmapi=10.0.26100.1591
    dwrite=10.0.26100.1591
    dxcore=10.0.26100.1591
    dxdiagn=10.0.26100.1591
    dxgi=10.0.26100.1591
    dxva2=10.0.26100.1
    evr=10.0.26100.1150
    explorer.exe=10.0.26100.1591
    explorerframe=10.0.26100.1591
    faultrep=10.0.26100.1591
    fc.exe=10.0.26100.1
    find.exe=10.0.26100.1
    findstr.exe=10.0.26100.1150
    fsutil.exe=10.0.26100.1150
    fusion=dll is missing
    gameux=10.0.26100.1
    gdi32=10.0.26100.1150
    gdiplus=10.0.26100.1591
    geolocation=10.0.26100.1591
    glu32=10.0.26100.1150
    graphicscapture=10.0.26100.1591
    hid=10.0.26100.1150
    hlink=10.0.26100.1591
    hnetcfg=10.0.26100.1150
    httpapi=10.0.26100.1591
    hvsimanagementapi=10.0.26100.1591
    icmui=10.0.26100.1591
    ieframe=11.0.26100.1742
    iertutil=11.0.26100.1742
    imagehlp=10.0.26100.1150
    imm32=10.0.26100.1150
    inetcomm=10.0.26100.1
    inetmib1=10.0.26100.1150
    infosoft=dll is missing
    iphlpapi=10.0.26100.1591
    ir50_32=dll is missing
    itss=10.0.26100.1150
    jscript=5.812.10240.16384
    jsproxy=11.0.26100.1301
    kernel32=10.0.26100.1591
    kernelbase=10.0.26100.1591
    localspl=10.0.26100.1591
    localui=10.0.26100.1150
    lz32=5.0.1.1
    mapi32=1.0.2536.0
    mfmediaengine=10.0.26100.1301
    mfplat=10.0.26100.1301
    mfplay=10.0.26100.1301
    mfreadwrite=10.0.26100.1150
    mfsrcsnk=10.0.26100.1455
    mf=10.0.26100.1591
    mlang=10.0.26100.1150
    mmcndmgr=10.0.26100.1
    mmdevapi=10.0.26100.1
    mp3dmod=10.0.26100.1150
    mpr=10.0.26100.1
    msacm32=10.0.26100.1
    msado15=dll is missing
    msasn1=10.0.26100.1150
    mscms=10.0.26100.1591
    mscoree=10.0.26100.1150
    msctf=10.0.26100.1591
    msdasql=dll is missing
    msdmo=10.0.26100.1150
    msftedit=10.0.26100.1591
    mshtml=11.0.26100.1742
    msi=5.0.26100.1742
    mspatcha=5.0.1.1
    msrle32=10.0.26100.1
    msscript.ocx=dll is missing
    mstask=10.0.26100.1150
    msvcirt=7.0.26100.1150
    msvcp100=dll is missing
    msvcp110=dll is missing
    msvcp120=dll is missing
    msvcp140_1=dll is missing
    msvcp140_2=dll is missing
    msvcp140_atomic_wait=dll is missing
    msvcp140=dll is missing
    msvcp60=7.0.26100.1
    msvcp90=9.0.30729.9635
    msvcr100=dll is missing
    msvcr110=dll is missing
    msvcr120=dll is missing
    msvcr70=dll is missing
    msvcr71=dll is missing
    msvcr80=8.0.50727.9680
    msvcr90=9.0.30729.9635
    msvcrtd=dll is missing
    msvcrt=7.0.26100.1150
    msvfw32=10.0.26100.1150
    msxml3=8.110.26100.1591
    msxml4=dll is missing
    msxml6=6.30.26100.1591
    ncrypt=10.0.26100.1591
    ndis.sys=dll is missing
    net.exe=10.0.26100.1
    netapi32=10.0.26100.1150
    netcfgx=10.0.26100.1150
    netprofm=10.0.26100.1
    ninput=10.0.26100.1591
    nsi=10.0.26100.1
    ntdll=10.0.26100.1591
    ntdsapi=10.0.26100.1
    ntoskrnl.exe=skipped
    ntprint=10.0.26100.1301
    odbc32=10.0.26100.1591
    odbccp32=10.0.26100.1150
    ole32=10.0.26100.1591
    oleacc=7.2.26100.1591
    oleaut32=10.0.26100.1150
    oledb32=6.2.26100.1150
    oledlg=10.0.26100.1150
    opcservices=10.0.26100.1150
    opengl32=10.0.26100.1150
    packager=10.0.26100.1150
    pdh=10.0.26100.1591
    prntvpt=10.0.26100.1150
    propsys=7.0.26100.1301
    psapi=10.0.26100.1
    pstorec=10.0.26100.1
    qasf=12.0.26100.1
    qcap=10.0.26100.1150
    qdvd=10.0.26100.1150
    qedit=10.0.26100.1150
    qmgr=7.8.26100.268
    quartz=10.0.26100.1150
    qwave=10.0.26100.1150
    rasapi32=10.0.26100.1150
    reg.exe=10.0.26100.1
    regedit.exe=10.0.26100.1591
    riched20=5.31.23.1231
    riched32=10.0.26100.1
    rometadata=4.8.9032.0
    rpcrt4=10.0.26100.1150
    rsaenh=10.0.26100.1301
    rtworkq=10.0.26100.1301
    sapi=dll is missing
    sc.exe=10.0.26100.1
    schannel=10.0.26100.1591
    schedsvc=10.0.26100.1591
    schtasks.exe=10.0.26100.1
    scrobj=5.812.10240.16384
    scrrun=5.812.10240.16384
    secur32=10.0.26100.1
    serialui=10.0.26100.1150
    services.exe=10.0.26100.1591
    setupapi=10.0.26100.1591
    shcore=10.0.26100.1150
    shdocvw=10.0.26100.1591
    shell32=10.0.26100.1591
    shlwapi=10.0.26100.1591
    slc=10.0.26100.1591
    snmpapi=10.0.26100.1
    spoolss=10.0.26100.1591
    sti=10.0.26100.1150
    sxs=10.0.26100.1
    t2embed=10.0.26100.1150
    tapi32=10.0.26100.1591
    tasklist.exe=10.0.26100.1
    taskschd=10.0.26100.1
    threadpoolwinrt=10.0.26100.1
    timeout.exe=10.0.26100.1
    twain_32=1.7.1.3
    twinapi.appcore=dll is missing
    ucrtbase=10.0.26100.1591
    uianimation=10.0.26100.1150
    uiautomationcore=7.2.26100.1591
    urlmon=11.0.26100.1742
    user32=10.0.26100.1591
    userenv=10.0.26100.1150
    usp10=10.0.26100.1
    uxtheme=10.0.26100.1591
    vbscript=5.812.10240.16384
    vccorlib140=dll is missing
    vcomp110=dll is missing
    vcomp=dll is missing
    version=10.0.26100.1150
    virtdisk=10.0.26100.1591
    vulkan-1=1.3.277.0
    wbemdisp=10.0.26100.1150
    wbemprox=10.0.26100.1000
    webservices=10.0.26100.1150
    wer=10.0.26100.1591
    wevtapi=10.0.26100.1591
    wiaservc=10.0.26100.1591
    win32u=10.0.26100.1742
    windows.applicationmodel=dll is missing
    windows.devices.bluetooth=dll is missing
    windows.devices.enumeration=dll is missing
    windows.devices.usb=dll is missing
    windows.gaming.input=dll is missing
    windows.gaming.ui.gamebar=dll is missing
    windows.globalization=dll is missing
    windows.media.devices=dll is missing
    windows.media.mediacontrol=dll is missing
    windows.media.playback.backgroundmediaplayer=dll is missing
    windows.media.playback.mediaplayer=dll is missing
    windows.media.speech=dll is missing
    windows.media=dll is missing
    windows.networking.connectivity=dll is missing
    windows.networking.hostname=dll is missing
    windows.perception.stub=dll is missing
    windows.security.authentication.onlineid=dll is missing
    windows.security.credentials.ui.userconsentverifier=dll is missing
    windows.storage.applicationdata=dll is missing
    windows.storage=dll is missing
    windows.system.profile.systemid=dll is missing
    windows.system.profile.systemmanufacturers=dll is missing
    windows.ui.xaml=dll is missing
    windows.ui=dll is missing
    windows.web=dll is missing
    windowscodecsext=10.0.26100.1150
    windowscodecs=10.0.26100.1591
    wing32=dll is missing
    winhttp=10.0.26100.1591
    wininet=11.0.26100.1591
    winmm=10.0.26100.1591
    winscard=10.0.26100.1
    winspool.drv=10.0.26100.1591
    wintab32=dll is missing
    wintrust=10.0.26100.1591
    wintypes=10.0.26100.1591
    wlanapi=10.0.26100.1301
    wldap32=10.0.26100.1591
    wldp=10.0.26100.1591
    wmiutils=10.0.26100.1150
    wmp=12.0.26100.1455
    wmvcore=12.0.26100.1591
    wpcap=dll is missing
    wpc=10.0.26100.1591
    ws2_32=10.0.26100.1591
    wscript.exe=5.812.10240.16384
    wsdapi=10.0.26100.1150
    wshom.ocx=5.812.10240.16384
    wsnmp32=10.0.26100.1150
    wtsapi32=10.0.26100.1
    xactengine3_7=dll is missing
    xaudio2_7=dll is missing
    xaudio2_8=10.0.26100.1
    xcopy.exe=10.0.26100.1
    xinput1_3=dll is missing
    xmllite=10.0.26100.1150
Test output:
activeds:activeds start dlls/activeds/tests/activeds.c
2120:activeds: 73 tests executed (0 marked as todo, 0 as flaky, 0 failures), 0 skipped.
activeds:activeds:2120 done (0) in 0s 89B
adsldp:ldap start dlls/adsldp/tests/ldap.c
ldap.c:647: Tests skipped: Computer is not part of an Active Directory Domain
ldap.c:254: search DN L"LDAP://ldap.forumsys.com"
ldap.c:254: search DN L"LDAP://ldap.forumsys.com/OU=scientists,DC=example,DC=com"
ldap.c:254: search DN L"LDAP://ldap.forumsys.com/OU=scientists,DC=example,DC=com"
1950:ldap: 367 tests executed (0 marked as todo, 0 as flaky, 0 failures), 1 skipped.
adsldp:ldap:1950 done (0) in 9s 382B
adsldp:sysinfo start dlls/adsldp/tests/sysinfo.c
sysinfo.c:161: Tests skipped: Computer is not part of a domain, skipping the tests
1e34:sysinfo: 13 tests executed (0 marked as todo, 0 as flaky, 0 failures), 1 skipped.
adsldp:sysinfo:1e34 done (0) in 0s 172B
advapi32:cred start dlls/advapi32/tests/cred.c
cred.c:802: generic:
cred.c:808: domain password:
cred.c:814: domain visible password:
0e08:cred: 372 tests executed (0 marked as todo, 0 as flaky, 0 failures), 0 skipped.
advapi32:cred:0e08 done (0) in 0s 176B
advapi32:crypt start dlls/advapi32/tests/crypt.c
20e0:crypt: 166 tests executed (0 marked as todo, 0 as flaky, 0 failures), 0 skipped.
advapi32:crypt:20e0 done (0) in 0s 87B
advapi32:crypt_lmhash start dlls/advapi32/tests/crypt_lmhash.c
1cf0:crypt_lmhash: 95 tests executed (0 marked as todo, 0 as flaky, 0 failures), 0 skipped.
advapi32:crypt_lmhash:1cf0 done (0) in 0s 93B
advapi32:crypt_md4 start dlls/advapi32/tests/crypt_md4.c
20bc:crypt_md4: 11 tests executed (0 marked as todo, 0 as flaky, 0 failures), 0 skipped.
advapi32:crypt_md4:20bc done (0) in 0s 90B
advapi32:crypt_md5 start dlls/advapi32/tests/crypt_md5.c
1bf4:crypt_md5: 5 tests executed (0 marked as todo, 0 as flaky, 0 failures), 0 skipped.
advapi32:crypt_md5:1bf4 done (0) in 0s 89B
advapi32:crypt_sha start dlls/advapi32/tests/crypt_sha.c
1b24:crypt_sha: 1 tests executed (0 marked as todo, 0 as flaky, 0 failures), 0 skipped.
advapi32:crypt_sha:1b24 done (0) in 0s 89B
advapi32:eventlog start dlls/advapi32/tests/eventlog.c
eventlog.c:163: Test failed: Expected ERROR_INVALID_LEVEL, got 6
eventlog.c:218: Test failed: Expected ERROR_INVALID_PARAMETER, got 6
eventlog.c:89: Test failed: Expected a backup file attribs=0xffffffff le=2
eventlog.c:273: Test failed: Expected ERROR_INVALID_PARAMETER, got 6
eventlog.c:84: Test failed: BackupEventLogA failed, le=183
eventlog.c:89: Test failed: Expected a backup file attribs=0xffffffff le=2
eventlog.c:333: Test failed: Expected ERROR_INVALID_PARAMETER, got 6
eventlog.c:360: Test failed: Expected success : 183
eventlog.c:362: Test failed: Expected a backup file
eventlog.c:384: Test failed: Expected a backup file
eventlog.c:84: Test failed: BackupEventLogA failed, le=183
eventlog.c:89: Test failed: Expected a backup file attribs=0xffffffff le=2
eventlog.c:584: Tests skipped: We don't have a backup eventlog to work with
eventlog.c:403: Test failed: Expected ERROR_INVALID_PARAMETER, got 6
eventlog.c:411: Test failed: Expected ERROR_INVALID_PARAMETER, got 6
eventlog.c:419: Test failed: Expected ERROR_INVALID_PARAMETER, got 6
eventlog.c:426: Test failed: Expected ERROR_INVALID_PARAMETER, got 6
eventlog.c:432: Test failed: Expected ERROR_INVALID_PARAMETER, got 6
eventlog.c:438: Test failed: Expected ERROR_INVALID_PARAMETER, got 6
eventlog.c:446: Test failed: Expected ERROR_INVALID_PARAMETER, got 6
eventlog.c:84: Test failed: BackupEventLogA failed, le=183
eventlog.c:89: Test failed: Expected a backup file attribs=0xffffffff le=2
eventlog.c:691: Test failed: Could not delete the backup file
eventlog.c:836: Tests skipped: Win7 fails when using incorrect event types
eventlog.c:944: Tests skipped: There is no DWORD alignment enforced for UserSid on Vista, W2K8 or Win7
10dc:eventlog: 704 tests executed (0 marked as todo, 0 as flaky, 22 failures), 3 skipped.
advapi32:eventlog:10dc done (22) in 5s 1820B
advapi32:lsa start dlls/advapi32/tests/lsa.c
lsa.c:103: Running on a standalone system.
lsa.c:148: Running on a standalone system.
1e08:lsa: 97 tests executed (0 marked as todo, 0 as flaky, 0 failures), 0 skipped.
advapi32:lsa:1e08 done (0) in 0s 172B
advapi32:perf start dlls/advapi32/tests/perf.c
1d0c:perf: 101 tests executed (0 marked as todo, 0 as flaky, 0 failures), 0 skipped.
advapi32:perf:1d0c done (0) in 0s 86B
advapi32:registry start dlls/advapi32/tests/registry.c
registry.c:4649: 0: 009 has 10642 entries
registry.c:4649: 1: CurrentLanguage has 10642 entries
23bc:registry: 163487 tests executed (0 marked as todo, 0 as flaky, 0 failures), 0 skipped.
advapi32:registry:23bc done (0) in 3s 191B
advapi32:security start dlls/advapi32/tests/security.c
security.c:353: Tests skipped: 31: failed to convert CA.
security.c:353: Tests skipped: 32: failed to convert DA.
security.c:353: Tests skipped: 33: failed to convert DC.
security.c:353: Tests skipped: 34: failed to convert DD.
security.c:353: Line has been silenced after 4 occurrences
security.c:2119: Tests skipped: Well known SID 38 not implemented
security.c:2119: Tests skipped: Well known SID 39 not implemented
security.c:2119: Tests skipped: Well known SID 40 not implemented
security.c:2119: Tests skipped: Well known SID 41 not implemented
security.c:2119: Line has been silenced after 4 occurrences
security.c:1406: AccessCheck with MAXIMUM_ALLOWED got Access 0x00060019
security.c:1824: TokenGroups:
security.c:1838: S-1-5-21-1170082842-253268682-441823485-513, WIN-KI90KEIPETL\None use: 2 attr: 0x00000007
security.c:1838: S-1-1-0, \Everyone use: 5 attr: 0x00000007
security.c:1838: S-1-5-114, NT AUTHORITY\Local account and member of Administrators group use: 5 attr: 0x00000007
security.c:1838: S-1-5-32-544, BUILTIN\Administrators use: 4 attr: 0x0000000f
security.c:1838: Line has been silenced after 4 occurrences
security.c:1855: TokenUser: S-1-5-21-1170082842-253268682-441823485-1000 attr: 0x00000000
security.c:1869: TokenOwner: S-1-5-32-544
security.c:1891: TokenLogon: S-1-5-5-0-139179
security.c:1914: TokenPrivileges:
security.c:1920: 	SeIncreaseQuotaPrivilege, 0x0
security.c:1920: 	SeSecurityPrivilege, 0x0
security.c:1920: 	SeTakeOwnershipPrivilege, 0x0
security.c:1920: 	SeLoadDriverPrivilege, 0x0
security.c:1920: Line has been silenced after 4 occurrences
security.c:2353: Well Known SIDs:
security.c:2364:  0: S-1-0-0 \NULL SID 5
security.c:2364:  1: S-1-1-0 \Everyone 5
security.c:2364:  2: S-1-2-0 \LOCAL 5
security.c:2364:  3: S-1-3-0 \CREATOR OWNER 5
security.c:2364: Line has been silenced after 4 occurrences
security.c:2373:  21: not supported
security.c:2373:  38: not supported
security.c:2373:  39: not supported
security.c:2373:  40: not supported
security.c:2373: Line has been silenced after 4 occurrences
security.c:2028:  S-1-5-21-1170082842-253268682-441823485 WIN-KI90KEIPETL\ 3
security.c:2028:  S-1-5-21-1170082842-253268682-441823485-500 WIN-KI90KEIPETL\Administrator 1
security.c:2028:  S-1-5-21-1170082842-253268682-441823485-501 WIN-KI90KEIPETL\Guest 1
security.c:2030:  S-1-5-21-1170082842-253268682-441823485-512 couldn't be mapped
security.c:2028:  S-1-5-21-1170082842-253268682-441823485-513 WIN-KI90KEIPETL\None 2
security.c:2030:  S-1-5-21-1170082842-253268682-441823485-514 couldn't be mapped
security.c:2030:  S-1-5-21-1170082842-253268682-441823485-515 couldn't be mapped
security.c:2030:  S-1-5-21-1170082842-253268682-441823485-516 couldn't be mapped
security.c:2030: Line has been silenced after 4 occurrences
security.c:2028: Line has been silenced after 4 occurrences
0678:security: 22 tests executed (0 marked as todo, 0 as flaky, 0 failures), 0 skipped.
security.c:7678: Well known SID 21 not supported
security.c:7678: Well known SID 38 not supported
security.c:7678: Well known SID 39 not supported
security.c:7678: Well known SID 40 not supported
security.c:7678: Line has been silenced after 4 occurrences
06c8:security: 14 tests executed (0 marked as todo, 0 as flaky, 0 failures), 0 skipped.
0518:security: 1 tests executed (0 marked as todo, 0 as flaky, 0 failures), 0 skipped.
23f0:security: 1 tests executed (0 marked as todo, 0 as flaky, 0 failures), 0 skipped.
1dd0:security: 1 tests executed (0 marked as todo, 0 as flaky, 0 failures), 0 skipped.
22ac:security: 2 tests executed (0 marked as todo, 0 as flaky, 0 failures), 0 skipped.
security.c:8582: Tests skipped: could not open process, error 5
0eec:security: 25 tests executed (0 marked as todo, 0 as flaky, 0 failures), 0 skipped.
02bc:security: Silenced 0 todos, 19 skips and 101 traces.
02bc:security: 3683 tests executed (0 marked as todo, 0 as flaky, 0 failures), 9 skipped.
advapi32:security:02bc done (0) in 3s 3980B
advapi32:service start dlls/advapi32/tests/service.c
service.c:1946: Tests skipped: Not running under WoW64.
1758:service: 3883 tests executed (0 marked as todo, 0 as flaky, 0 failures), 1 skipped.
advapi32:service:1758 done (0) in 6s 147B
advpack:advpack start dlls/advpack/tests/advpack.c
advpack.c:103: kernel32.dll Language ID: 0x00000409, Codepage ID: 0x000004b0
advpack.c:110: kernel32.dll version: 10.0.26100.1591
advpack.c:117: advpack.dll Language ID: 0x00000409, Codepage ID: 0x000004b0
advpack.c:124: advpack.dll version: 11.0.26100.1150
0b24:advpack: 101 tests executed (0 marked as todo, 0 as flaky, 0 failures), 0 skipped.
advpack:advpack:0b24 done (0) in 0s 351B
advpack:files start dlls/advpack/tests/files.c
09b4:files: 207 tests executed (0 marked as todo, 0 as flaky, 0 failures), 0 skipped.
advpack:files:09b4 done (0) in 0s 87B
advpack:install start dlls/advpack/tests/install.c
23dc:install: 31 tests executed (0 marked as todo, 0 as flaky, 0 failures), 0 skipped.
advpack:install:23dc done (0) in 0s 88B
amstream:amstream start dlls/amstream/tests/amstream.c
0bdc:amstream: 4148 tests executed (0 marked as todo, 0 as flaky, 0 failures), 0 skipped.
amstream:amstream:0bdc done (0) in 6s 91B
apphelp:apphelp start dlls/apphelp/tests/apphelp.c
20f4:apphelp: 15 tests executed (0 marked as todo, 0 as flaky, 0 failures), 0 skipped.
apphelp:apphelp:20f4 done (0) in 0s 88B
atlthunk:atlthunk start dlls/atlthunk/tests/atlthunk.c
0d18:atlthunk: 3078 tests executed (0 marked as todo, 0 as flaky, 0 failures), 0 skipped.
atlthunk:atlthunk:0d18 done (0) in 0s 91B
atl:atl_ax start dlls/atl/tests/atl_ax.c
104c:atl_ax: 12 tests executed (0 marked as todo, 0 as flaky, 0 failures), 0 skipped.
atl:atl_ax:104c done (0) in 0s 87B
atl:module start dlls/atl/tests/module.c
0884:module: 550 tests executed (0 marked as todo, 0 as flaky, 0 failures), 0 skipped.
atl:module:0884 done (0) in 0s 88B
atl:registrar start dlls/atl/tests/registrar.c
08d8:registrar: 31 tests executed (0 marked as todo, 0 as flaky, 0 failures), 0 skipped.
atl:registrar:08d8 done (0) in 0s 90B
avifil32:api start dlls/avifil32/tests/api.c
api.c:603: Working around COM aggregation ref counting bug
api.c:603: Working around COM aggregation ref counting bug
api.c:603: Working around COM aggregation ref counting bug
api.c:603: Working around COM aggregation ref counting bug
11e8:api: 228 tests executed (0 marked as todo, 0 as flaky, 0 failures), 0 skipped.
avifil32:api:11e8 done (0) in 0s 325B
bcp47langs:bcp47langs start dlls/bcp47langs/tests/bcp47langs.c
1c30:bcp47langs: 13 tests executed (0 marked as todo, 0 as flaky, 0 failures), 0 skipped.
bcp47langs:bcp47langs:1c30 done (0) in 0s 91B
bcrypt:bcrypt start dlls/bcrypt/tests/bcrypt.c
bcrypt.c:2864: Test failed: Expected STATUS_INVALID_PARAMETER, got 0xc000a000
bcrypt.c:3097: Test failed: Expected STATUS_INVALID_PARAMETER, got 0xc000a000
13c0:bcrypt: 23277 tests executed (0 marked as todo, 0 as flaky, 2 failures), 0 skipped.
bcrypt:bcrypt:13c0 done (2) in 0s 248B
bluetoothapis:device start dlls/bluetoothapis/tests/device.c
device.c:123: Tests skipped: No Bluetooth radios found.
device.c:208: Tests skipped: No Bluetooth radios found.
device.c:365: Tests skipped: No Bluetooth radios found.
device.c:417: Tests skipped: No Bluetooth radios found.
14dc:device: 20 tests executed (0 marked as todo, 0 as flaky, 0 failures), 4 skipped.
bluetoothapis:device:14dc done (0) in 0s 315B
bluetoothapis:gatt start dlls/bluetoothapis/tests/gatt.c
gatt.c:195: Tests skipped: No LE devices found.
gatt.c:229: Tests skipped: No LE devices found.
0420:gatt: 6 tests executed (0 marked as todo, 0 as flaky, 0 failures), 2 skipped.
bluetoothapis:gatt:0420 done (0) in 0s 182B
bluetoothapis:radio start dlls/bluetoothapis/tests/radio.c
radio.c:83: Tests skipped: No Bluetooth radios found.
radio.c:284: Tests skipped: No Bluetooth radios found.
radio.c:217: Tests skipped: No Bluetooth radios found.
radio.c:199: Tests skipped: No Bluetooth radios found.
radio.c:242: Tests skipped: No Bluetooth radios found.
radio.c:275: Tests skipped: No Bluetooth radios found.
1528:radio: 16 tests executed (0 marked as todo, 0 as flaky, 0 failures), 6 skipped.
bluetoothapis:radio:1528 done (0) in 0s 421B
bluetoothapis:sdp start dlls/bluetoothapis/tests/sdp.c
1504:sdp: 161 tests executed (0 marked as todo, 0 as flaky, 0 failures), 0 skipped.
bluetoothapis:sdp:1504 done (0) in 0s 85B
browseui:autocomplete start dlls/browseui/tests/autocomplete.c
autocomplete.c:81: ACL(000001F7765DFA50): addref (2)
autocomplete.c:81: ACL(000001F7765DFA50): addref (3)
autocomplete.c:81: ACL(000001F7765DFA50): addref (4)
autocomplete.c:81: ACL(000001F7765E0050): addref (2)
autocomplete.c:81: Line has been silenced after 4 occurrences
autocomplete.c:125: ACL(000001F7765DFA50): read 1 item(s)
autocomplete.c:125: ACL(000001F7765DFA50): read 1 item(s)
autocomplete.c:125: ACL(000001F7765DFA50): read 1 item(s)
autocomplete.c:125: ACL(000001F7765DFA50): read 1 item(s)
autocomplete.c:125: Line has been silenced after 4 occurrences
autocomplete.c:159: ACL(000001F7765DFA50): Reset
autocomplete.c:159: ACL(000001F7765E0050): Reset
autocomplete.c:167: ACL(000001F7765DFA50): Expand
autocomplete.c:167: ACL(000001F7765E0050): Expand
autocomplete.c:167: ACL(000001F7765DFA50): Expand
autocomplete.c:167: ACL(000001F7765E0050): Expand
autocomplete.c:167: Line has been silenced after 4 occurrences
autocomplete.c:91: ACL(000001F7765DFA50): release (3)
autocomplete.c:91: ACL(000001F7765DFA50): release (2)
autocomplete.c:91: ACL(000001F7765DFA50): release (1)
autocomplete.c:159: ACL(000001F7765E0050): Reset
autocomplete.c:91: ACL(000001F7765E0050): release (3)
autocomplete.c:91: Line has been silenced after 4 occurrences
14c0:autocomplete: Silenced 0 todos, 0 skips and 25 traces.
14c0:autocomplete: 66 tests executed (0 marked as todo, 0 as flaky, 0 failures), 0 skipped.
browseui:autocomplete:14c0 done (0) in 0s 1434B
browseui:progressdlg start dlls/browseui/tests/progressdlg.c
1510:progressdlg: 4 tests executed (0 marked as todo, 0 as flaky, 0 failures), 0 skipped.
browseui:progressdlg:1510 done (0) in 0s 91B
cabinet:extract start dlls/cabinet/tests/extract.c
1450:extract: 347 tests executed (0 marked as todo, 0 as flaky, 0 failures), 0 skipped.
cabinet:extract:1450 done (0) in 0s 89B
cabinet:fdi start dlls/cabinet/tests/fdi.c
fdi.c:751: mem_open(memory\block,8000,180) => 000001E6869C1220
fdi.c:751: mem_open(memory\block,8000,180) => 000001E6869C1060
fdi.c:751: mem_open(memory\block,8000,180) => 000001E6869C1300
fdi.c:843: mem_notify(0,000001E6869C90B8)
fdi.c:843: mem_notify(5,000001E6869C90B8)
fdi.c:843: mem_notify(5,000001E6869C90B8)
1344:fdi: 255 tests executed (0 marked as todo, 0 as flaky, 0 failures), 0 skipped.
cabinet:fdi:1344 done (0) in 0s 406B
cfgmgr32:cfgmgr32 start dlls/cfgmgr32/tests/cfgmgr32.c
14f0:cfgmgr32: 21454 tests executed (0 marked as todo, 0 as flaky, 0 failures), 0 skipped.
cfgmgr32:cfgmgr32:14f0 done (0) in 2s 92B
cmd.exe:batch start programs/cmd/tests/batch.c
batch.c:485: running TEST_BUILTINS.BAT test...
batch.c:485: running TEST_BUILTINS.CMD test...
batch.c:485: running TEST_CMDLINE.CMD test...
12ec:batch: 2689 tests executed (0 marked as todo, 0 as flaky, 0 failures), 0 skipped.
cmd.exe:batch:12ec done (0) in 26s 231B
cmd.exe:directory start programs/cmd/tests/directory.c
0f00:directory: 24 tests executed (0 marked as todo, 0 as flaky, 0 failures), 0 skipped.
cmd.exe:directory:0f00 done (0) in 0s 90B
combase:roapi start dlls/combase/tests/roapi.c
03ac:roapi: 309 tests executed (0 marked as todo, 0 as flaky, 0 failures), 0 skipped.
combase:roapi:03ac done (0) in 1s 87B
combase:string start dlls/combase/tests/string.c
1464:string: 598 tests executed (0 marked as todo, 0 as flaky, 0 failures), 0 skipped.
combase:string:1464 done (0) in 0s 88B
comcat:comcat start dlls/comcat/tests/comcat.c
14f0:comcat: 9 tests executed (0 marked as todo, 0 as flaky, 0 failures), 0 skipped.
comcat:comcat:14f0 done (0) in 0s 86B
comctl32:animate start dlls/comctl32/tests/animate.c
1274:animate: 16 tests executed (0 marked as todo, 0 as flaky, 0 failures), 0 skipped.
comctl32:animate:1274 done (0) in 0s 88B
comctl32:button start dlls/comctl32/tests/button.c
v6util.h:92: created cc6.manifest
button.c:1091: Test failed: WM_LBUTTONDOWN on a button: in msg 0x00f3 expecting wParam 0x1 got 0x0
button.c:1091: Test failed: WM_LBUTTONDOWN on a button: the msg sequence is not complete: expected 800a - actual 0000
button.c:1091: Failed sequence WM_LBUTTONDOWN on a button:
button.c:1091:   0: expected: 0201 - actual: 0201 wp 00000000 lp 00000000
button.c:1091:   1: expected: 0281 - actual: 0281 wp 00000001 lp c000000f
button.c:1091:   2: expected: 0282 - actual: 0282 wp 00000002 lp 00000000
button.c:1091: Line has been silenced after 4 occurrences
button.c:1094: Test failed: WM_LBUTTONUP on a button: the msg 0x00f3 was expected, but got msg 0x0215 instead
button.c:1094: Failed sequence WM_LBUTTONUP on a button:
button.c:1094:   0: expected: 0202 - actual: 0202 wp 00000000 lp 00000000
button.c:1094:   1: expected: 00f3 - actual: 0215 wp 00000000 lp 00000000
button.c:1094:   2: expected: msg 800a - actual: nothing
05bc:button: Silenced 0 todos, 0 skips and 4 traces.
05bc:button: 14139 tests executed (0 marked as todo, 0 as flaky, 3 failures), 0 skipped.
comctl32:button:05bc done (3) in 26s 1119B
comctl32:combo start dlls/comctl32/tests/combo.c
v6util.h:92: created cc6.manifest
combo.c:1191: Test failed: Unexpected EM_SETSEL start value; got 1
combo.c:1192: Test failed: Unexpected EM_SETSEL end value; got 1
combo.c:1205: Test failed: Unexpected EM_SETSEL end value; got 9
combo.c:1192: Test failed: Unexpected EM_SETSEL end value; got 0
combo.c:1205: Test failed: Unexpected EM_SETSEL end value; got 9
1a5c:combo: 1039 tests executed (0 marked as todo, 0 as flaky, 5 failures), 0 skipped.
comctl32:combo:1a5c done (5) in 5s 455B
comctl32:datetime start dlls/comctl32/tests/datetime.c
v6util.h:92: created cc6.manifest
1158:datetime: 943 tests executed (0 marked as todo, 0 as flaky, 0 failures), 0 skipped.
comctl32:datetime:1158 done (0) in 0s 125B
comctl32:dpa start dlls/comctl32/tests/dpa.c
v6util.h:92: created cc6.manifest
1f0c:dpa: 853 tests executed (0 marked as todo, 0 as flaky, 0 failures), 0 skipped.
comctl32:dpa:1f0c done (0) in 0s 120B
comctl32:edit start dlls/comctl32/tests/edit.c
v6util.h:92: created cc6.manifest
edit.c:774: EDIT: Single line
edit.c:788: EDIT: Single line want returns
edit.c:801: EDIT: Multiline line
edit.c:814: EDIT: Multi line want returns
edit.c:855: EDIT: SETTEXT atomicity
edit.c:1052: EDIT: Test notifications
edit.c:1062: EDIT: Single line, no ES_AUTOHSCROLL
edit.c:1112: EDIT: Single line, ES_AUTOHSCROLL
edit.c:1158: EDIT: Multline, no ES_AUTOHSCROLL, no ES_AUTOVSCROLL
edit.c:1179: Test failed: wrong text length, expected 1, got 0
edit.c:1180: Test failed: expected 0 EN_MAXTEXT notifications, got 1
edit.c:1194: Test failed: text should have been truncated to limit, expected 5, got 0
edit.c:1205: EDIT: Multline, ES_AUTOHSCROLL, no ES_AUTOVSCROLL
edit.c:1221: Test failed: wrong text length, expected 1, got 0
edit.c:1222: Test failed: expected 0 EN_MAXTEXT notifications, got 1
edit.c:1236: Test failed: text should have been truncated to limit, expected 5, got 0
edit.c:1247: EDIT: Multline, ES_AUTOHSCROLL and ES_AUTOVSCROLL
edit.c:1540: EDIT: buffer limit for single-line
edit.c:1550: EDIT: buffer limit for multi-line
edit.c:2027: Tests skipped: Ume P Gothic is not available, skipping some margin tests
edit.c:2306: EDIT: Using new model for height computation
edit.c:2308: EDIT: Text position (Single line)
edit.c:2310: EDIT: Text position (Multi line)
edit.c:2926: EDIT: Oversized font (Multi line)
edit.c:2944: Test failed: Wrong contents of edit: 
edit.c:2948: Test failed: EM_POSFROMCHAR failed index 0
edit.c:2950: Test failed: EM_POSFROMCHAR failed index 1
edit.c:2952: Test failed: EM_POSFROMCHAR failed index 2
edit.c:3156: EDIT: EM_GETHANDLE
edit.c:3408: Test failed: Unexpected line data L"text\2984\db60\7ffd".
edit.c:3414: Test failed: Unexpected line data L"text\2984\db60\7ffd".
edit.c:3408: Test failed: Unexpected line data L"text\2984\db60\7ffd".
edit.c:3414: Test failed: Unexpected line data L"text\2984\db60\7ffd".
20c8:edit: 267460 tests executed (0 marked as todo, 0 as flaky, 14 failures), 1 skipped.
comctl32:edit:20c8 done (14) in 3s 2019B
comctl32:header start dlls/comctl32/tests/header.c
header.c:1763: customdraw height: 18 (dpi: 96)
header.c:1557: Test failed: Tests will fail as header size is 662x18 instead of 670x18
v6util.h:92: created cc6.manifest
1160:header: 1132 tests executed (0 marked as todo, 0 as flaky, 1 failure), 0 skipped.
comctl32:header:1160 done (1) in 0s 259B
comctl32:imagelist start dlls/comctl32/tests/imagelist.c
v6util.h:92: created cc6.manifest
0a40:imagelist: 11176 tests executed (0 marked as todo, 0 as flaky, 0 failures), 0 skipped.
comctl32:imagelist:0a40 done (0) in 0s 128B
comctl32:ipaddress start dlls/comctl32/tests/ipaddress.c
v6util.h:92: created cc6.manifest
1310:ipaddress: 91 tests executed (0 marked as todo, 0 as flaky, 0 failures), 0 skipped.
comctl32:ipaddress:1310 done (0) in 1s 125B
comctl32:listbox start dlls/comctl32/tests/listbox.c
v6util.h:92: created cc6.manifest
listbox.c:1570: Test failed: First element is [lb_dir_test], not [..]
1324:listbox: 7854 tests executed (0 marked as todo, 0 as flaky, 1 failure), 0 skipped.
comctl32:listbox:1324 done (1) in 4s 195B
comctl32:listview start dlls/comctl32/tests/listview.c
v6util.h:92: created cc6.manifest
0c44:listview: 11767 tests executed (0 marked as todo, 0 as flaky, 0 failures), 0 skipped.
comctl32:listview:0c44 done (0) in 6s 127B
comctl32:misc start dlls/comctl32/tests/misc.c
v6util.h:92: created cc6.manifest
21bc:misc: 2404 tests executed (0 marked as todo, 0 as flaky, 0 failures), 0 skipped.
comctl32:misc:21bc done (0) in 26s 122B
comctl32:monthcal start dlls/comctl32/tests/monthcal.c
monthcal.c:657: 	old style: 0x50800000, new style: 0x50800002
monthcal.c:657: 	old style: 0x50800000, new style: 0x50800000
monthcal.c:657: 	old style: 0x50800002, new style: 0x50800000
monthcal.c:657: 	old style: 0x50800002, new style: 0x50800002
monthcal.c:657: Line has been silenced after 4 occurrences
v6util.h:92: created cc6.manifest
1bd4:monthcal: Silenced 0 todos, 0 skips and 4 traces.
1bd4:monthcal: 2230 tests executed (0 marked as todo, 0 as flaky, 0 failures), 0 skipped.
comctl32:monthcal:1bd4 done (0) in 0s 494B
comctl32:mru start dlls/comctl32/tests/mru.c
1708:mru: 94 tests executed (0 marked as todo, 0 as flaky, 0 failures), 0 skipped.
comctl32:mru:1708 done (0) in 0s 84B
comctl32:pager start dlls/comctl32/tests/pager.c
1ac0:pager: 2958 tests executed (0 marked as todo, 0 as flaky, 0 failures), 0 skipped.
comctl32:pager:1ac0 done (0) in 0s 88B
comctl32:progress start dlls/comctl32/tests/progress.c
v6util.h:92: created cc6.manifest
progress.c:437: Test failed: PBM_SETSTATE: the msg sequence is not complete: expected 0014 - actual 0000
progress.c:437: Failed sequence PBM_SETSTATE:
progress.c:437:   0: expected: 0410 - actual: 0410 wp 00000003 lp 00000000
progress.c:437:   1: expected: 800a - actual: 800a wp fffffffffffffffc lp 00000000
progress.c:437:   2: expected: 000f - actual: 000f wp 00000000 lp 00000000
progress.c:437: Line has been silenced after 4 occurrences
progress.c:437: Test failed: PBM_SETSTATE: the msg sequence is not complete: expected 0014 - actual 0000
1f3c:progress: Silenced 0 todos, 0 skips and 6 traces.
1f3c:progress: 343 tests executed (0 marked as todo, 0 as flaky, 2 failures), 0 skipped.
comctl32:progress:1f3c done (2) in 1s 736B
comctl32:propsheet start dlls/comctl32/tests/propsheet.c
v6util.h:92: created cc6.manifest
209c:propsheet: 1460 tests executed (0 marked as todo, 0 as flaky, 0 failures), 0 skipped.
comctl32:propsheet:209c done (0) in 2s 127B
comctl32:rebar start dlls/comctl32/tests/rebar.c
rebar.c:510: Test failed: invalid rect (client) (0,0)-(664,0) - expected (0,0)-(672,0)
rebar.c:518: Test failed: invalid rect (client) (0,0)-(664,4) - expected (0,0)-(672,4)
rebar.c:518: Test failed: invalid rect (band) (0,0)-(664,4) - expected (0,0)-(672,4)
rebar.c:523: Test failed: invalid rect (client) (0,0)-(664,4) - expected (0,0)-(672,4)
rebar.c:523: Test failed: invalid rect (band) (200,0)-(664,4) - expected (200,0)-(672,4)
rebar.c:531: Test failed: invalid rect (client) (0,0)-(664,30) - expected (0,0)-(672,30)
rebar.c:531: Test failed: invalid rect (band) (400,0)-(664,30) - expected (400,0)-(672,30)
rebar.c:537: Test failed: invalid rect (client) (0,0)-(664,34) - expected (0,0)-(672,34)
rebar.c:537: Test failed: invalid rect (band) (400,0)-(600,34) - expected (400,0)-(604,34)
rebar.c:537: Test failed: invalid rect (band) (600,0)-(664,34) - expected (604,0)-(672,34)
rebar.c:540: Test failed: invalid rect (client) (0,0)-(664,34) - expected (0,0)-(672,34)
rebar.c:540: Test failed: invalid rect (band) (400,0)-(600,34) - expected (400,0)-(604,34)
rebar.c:540: Test failed: invalid rect (band) (600,0)-(664,34) - expected (604,0)-(672,34)
rebar.c:544: Test failed: invalid rect (client) (0,0)-(664,34) - expected (0,0)-(672,34)
rebar.c:544: Test failed: invalid rect (band) (606,0)-(664,34) - expected (606,0)-(672,34)
rebar.c:553: Test failed: invalid rect (client) (0,0)-(664,70) - expected (0,0)-(672,70)
rebar.c:553: Test failed: invalid rect (band) (0,0)-(134,34) - expected (0,0)-(142,34)
rebar.c:553: Test failed: invalid rect (band) (136,0)-(549,34) - expected (144,0)-(557,34)
rebar.c:553: Test failed: invalid rect (band) (551,0)-(664,34) - expected (559,0)-(672,34)
rebar.c:553: Test failed: invalid rect (band) (202,36)-(664,70) - expected (202,36)-(672,70)
rebar.c:558: Test failed: invalid rect (client) (0,0)-(664,34) - expected (0,0)-(672,34)
rebar.c:558: Test failed: invalid rect (band) (0,0)-(159,34) - expected (0,0)-(167,34)
rebar.c:558: Test failed: invalid rect (band) (161,0)-(574,34) - expected (169,0)-(582,34)
rebar.c:558: Test failed: invalid rect (band) (576,0)-(619,34) - expected (584,0)-(627,34)
rebar.c:558: Test failed: invalid rect (band) (621,0)-(664,34) - expected (629,0)-(672,34)
rebar.c:561: Test failed: invalid rect (client) (0,0)-(664,34) - expected (0,0)-(672,34)
rebar.c:561: Test failed: invalid rect (band) (0,0)-(159,34) - expected (0,0)-(167,34)
rebar.c:561: Test failed: invalid rect (band) (161,0)-(574,34) - expected (169,0)-(582,34)
rebar.c:561: Test failed: invalid rect (band) (576,0)-(619,34) - expected (584,0)-(627,34)
rebar.c:561: Test failed: invalid rect (band) (621,0)-(664,34) - expected (629,0)-(672,34)
rebar.c:563: Test failed: invalid rect (client) (0,0)-(664,34) - expected (0,0)-(672,34)
rebar.c:563: Test failed: invalid rect (band) (617,0)-(664,34) - expected (617,0)-(672,34)
rebar.c:565: Test failed: invalid rect (client) (0,0)-(664,34) - expected (0,0)-(672,34)
rebar.c:565: Test failed: invalid rect (band) (0,0)-(596,34) - expected (0,0)-(604,34)
rebar.c:565: Test failed: invalid rect (band) (598,0)-(664,34) - expected (606,0)-(672,34)
rebar.c:575: Test failed: invalid rect (client) (0,0)-(664,40) - expected (0,0)-(672,40)
rebar.c:575: Test failed: invalid rect (band) (424,0)-(664,20) - expected (424,0)-(672,20)
rebar.c:575: Test failed: invalid rect (band) (0,20)-(664,40) - expected (0,20)-(672,40)
rebar.c:577: Test failed: invalid rect (client) (0,0)-(664,40) - expected (0,0)-(672,40)
rebar.c:577: Test failed: invalid rect (band) (424,0)-(664,20) - expected (424,0)-(672,20)
rebar.c:577: Test failed: invalid rect (band) (0,20)-(664,40) - expected (0,20)-(672,40)
rebar.c:579: Test failed: invalid rect (client) (0,0)-(664,40) - expected (0,0)-(672,40)
rebar.c:579: Test failed: invalid rect (band) (114,0)-(320,20) - expected (114,0)-(328,20)
rebar.c:579: Test failed: rbi.cx value 206 expected 214
rebar.c:579: Test failed: invalid rect (band) (320,0)-(503,20) - expected (328,0)-(511,20)
rebar.c:579: Test failed: invalid rect (band) (503,0)-(664,20) - expected (511,0)-(672,20)
rebar.c:579: Test failed: invalid rect (band) (0,20)-(664,40) - expected (0,20)-(672,40)
rebar.c:581: Test failed: invalid rect (client) (0,0)-(664,40) - expected (0,0)-(672,40)
rebar.c:581: Test failed: invalid rect (band) (167,0)-(503,20) - expected (167,0)-(511,20)
rebar.c:581: Test failed: rbi.cx value 336 expected 344
rebar.c:581: Test failed: invalid rect (band) (503,0)-(664,20) - expected (511,0)-(672,20)
rebar.c:581: Test failed: invalid rect (band) (0,20)-(664,40) - expected (0,20)-(672,40)
rebar.c:583: Test failed: invalid rect (client) (0,0)-(664,40) - expected (0,0)-(672,40)
rebar.c:583: Test failed: invalid rect (band) (114,0)-(320,20) - expected (114,0)-(328,20)
rebar.c:583: Test failed: rbi.cx value 206 expected 214
rebar.c:583: Test failed: invalid rect (band) (320,0)-(503,20) - expected (328,0)-(511,20)
rebar.c:583: Test failed: invalid rect (band) (503,0)-(664,20) - expected (511,0)-(672,20)
rebar.c:583: Test failed: invalid rect (band) (0,20)-(664,40) - expected (0,20)-(672,40)
rebar.c:585: Test failed: invalid rect (client) (0,0)-(664,40) - expected (0,0)-(672,40)
rebar.c:585: Test failed: invalid rect (band) (114,0)-(320,20) - expected (114,0)-(328,20)
rebar.c:585: Test failed: rbi.cx value 206 expected 214
rebar.c:585: Test failed: invalid rect (band) (320,0)-(503,20) - expected (328,0)-(511,20)
rebar.c:585: Test failed: invalid rect (band) (503,0)-(664,20) - expected (511,0)-(672,20)
rebar.c:585: Test failed: invalid rect (band) (0,20)-(664,40) - expected (0,20)-(672,40)
rebar.c:597: Test failed: invalid rect (client) (0,0)-(664,56) - expected (0,0)-(672,56)
rebar.c:597: Test failed: invalid rect (band) (114,0)-(320,28) - expected (114,0)-(328,28)
rebar.c:597: Test failed: rbi.cx value 206 expected 214
rebar.c:597: Test failed: invalid rect (band) (320,0)-(503,28) - expected (328,0)-(511,28)
rebar.c:597: Test failed: invalid rect (band) (503,0)-(664,28) - expected (511,0)-(672,28)
rebar.c:597: Test failed: invalid rect (band) (0,28)-(664,56) - expected (0,28)-(672,56)
rebar.c:602: Test failed: invalid rect (client) (0,0)-(664,40) - expected (0,0)-(672,40)
rebar.c:602: Test failed: invalid rect (band) (114,0)-(320,20) - expected (114,0)-(328,20)
rebar.c:602: Test failed: rbi.cx value 206 expected 214
rebar.c:602: Test failed: invalid rect (band) (320,0)-(503,20) - expected (328,0)-(511,20)
rebar.c:602: Test failed: invalid rect (band) (503,0)-(664,20) - expected (511,0)-(672,20)
rebar.c:602: Test failed: invalid rect (band) (0,20)-(664,40) - expected (0,20)-(672,40)
rebar.c:607: Test failed: invalid rect (client) (0,0)-(664,56) - expected (0,0)-(672,56)
rebar.c:607: Test failed: invalid rect (band) (114,0)-(320,28) - expected (114,0)-(328,28)
rebar.c:607: Test failed: rbi.cx value 206 expected 214
rebar.c:607: Test failed: invalid rect (band) (320,0)-(503,28) - expected (328,0)-(511,28)
rebar.c:607: Test failed: invalid rect (band) (503,0)-(664,28) - expected (511,0)-(672,28)
rebar.c:607: Test failed: invalid rect (band) (0,28)-(664,56) - expected (0,28)-(672,56)
rebar.c:614: Test failed: invalid rect (client) (0,0)-(664,0) - expected (0,0)-(672,0)
rebar.c:635: Test failed: invalid rect (client) (0,0)-(664,65) - expected (0,0)-(672,65)
rebar.c:635: Test failed: invalid rect (band) (180,0)-(664,65) - expected (180,0)-(672,65)
rebar.c:642: Test failed: invalid rect (client) (0,0)-(0,218) - expected (0,0)-(0,226)
rebar.c:653: Test failed: invalid rect (client) (0,0)-(65,218) - expected (0,0)-(65,226)
rebar.c:653: Test failed: invalid rect (band) (0,0)-(218,65) - expected (0,0)-(226,65)
rebar.c:658: Test failed: invalid rect (client) (0,0)-(65,218) - expected (0,0)-(65,226)
rebar.c:658: Test failed: invalid rect (band) (90,0)-(218,65) - expected (90,0)-(226,65)
rebar.c:665: Test failed: invalid rect (client) (0,0)-(65,218) - expected (0,0)-(65,226)
rebar.c:665: Test failed: invalid rect (band) (90,0)-(155,65) - expected (90,0)-(163,65)
rebar.c:665: Test failed: invalid rect (band) (155,0)-(218,65) - expected (163,0)-(226,65)
rebar.c:888: Test failed: invalid rect (client) (0,2)-(664,2) - expected (0,2)-(672,2)
rebar.c:893: Test failed: invalid rect (client) (0,2)-(664,22) - expected (0,2)-(672,22)
rebar.c:895: Test failed: invalid rect (client) (0,2)-(664,22) - expected (0,2)-(672,22)
rebar.c:897: Test failed: invalid rect (client) (0,2)-(664,22) - expected (0,2)-(672,22)
rebar.c:916: Test failed: invalid rect (client) (0,2)-(664,22) - expected (0,2)-(672,22)
rebar.c:919: Test failed: invalid rect (client) (0,2)-(664,22) - expected (0,2)-(672,22)
rebar.c:888: Test failed: invalid rect (client) (0,0)-(664,0) - expected (0,0)-(672,0)
rebar.c:893: Test failed: invalid rect (client) (0,0)-(664,20) - expected (0,0)-(672,20)
rebar.c:895: Test failed: invalid rect (client) (0,0)-(664,20) - expected (0,0)-(672,20)
rebar.c:897: Test failed: invalid rect (client) (0,0)-(664,20) - expected (0,0)-(672,20)
rebar.c:916: Test failed: invalid rect (client) (0,0)-(664,20) - expected (0,0)-(672,20)
rebar.c:919: Test failed: invalid rect (client) (0,0)-(664,20) - expected (0,0)-(672,20)
rebar.c:888: Test failed: invalid rect (client) (0,218)-(664,218) - expected (0,226)-(672,226)
rebar.c:893: Test failed: invalid rect (client) (0,198)-(664,218) - expected (0,206)-(672,226)
rebar.c:895: Test failed: invalid rect (client) (0,198)-(664,218) - expected (0,206)-(672,226)
rebar.c:897: Test failed: invalid rect (client) (0,198)-(664,218) - expected (0,206)-(672,226)
rebar.c:916: Test failed: invalid rect (client) (0,198)-(664,218) - expected (0,206)-(672,226)
rebar.c:919: Test failed: invalid rect (client) (0,198)-(664,218) - expected (0,206)-(672,226)
rebar.c:888: Test failed: invalid rect (client) (0,218)-(664,218) - expected (0,226)-(672,226)
rebar.c:893: Test failed: invalid rect (client) (0,198)-(664,218) - expected (0,206)-(672,226)
rebar.c:895: Test failed: invalid rect (client) (0,198)-(664,218) - expected (0,206)-(672,226)
rebar.c:897: Test failed: invalid rect (client) (0,198)-(664,218) - expected (0,206)-(672,226)
rebar.c:916: Test failed: invalid rect (client) (0,198)-(664,218) - expected (0,206)-(672,226)
rebar.c:919: Test failed: invalid rect (client) (0,198)-(664,218) - expected (0,206)-(672,226)
rebar.c:888: Test failed: invalid rect (client) (2,0)-(2,218) - expected (2,0)-(2,226)
rebar.c:893: Test failed: invalid rect (client) (2,0)-(22,218) - expected (2,0)-(22,226)
rebar.c:895: Test failed: invalid rect (client) (2,0)-(22,218) - expected (2,0)-(22,226)
rebar.c:897: Test failed: invalid rect (client) (2,0)-(22,218) - expected (2,0)-(22,226)
rebar.c:916: Test failed: invalid rect (client) (2,0)-(22,218) - expected (2,0)-(22,226)
rebar.c:919: Test failed: invalid rect (client) (2,0)-(22,218) - expected (2,0)-(22,226)
rebar.c:888: Test failed: invalid rect (client) (664,0)-(664,218) - expected (672,0)-(672,226)
rebar.c:893: Test failed: invalid rect (client) (644,0)-(664,218) - expected (652,0)-(672,226)
rebar.c:895: Test failed: invalid rect (client) (644,0)-(664,218) - expected (652,0)-(672,226)
rebar.c:897: Test failed: invalid rect (client) (644,0)-(664,218) - expected (652,0)-(672,226)
rebar.c:916: Test failed: invalid rect (client) (644,0)-(664,218) - expected (652,0)-(672,226)
rebar.c:919: Test failed: invalid rect (client) (644,0)-(664,218) - expected (652,0)-(672,226)
rebar.c:888: Test failed: invalid rect (client) (0,5)-(664,5) - expected (0,5)-(672,5)
rebar.c:893: Test failed: invalid rect (client) (0,5)-(664,25) - expected (0,5)-(672,25)
rebar.c:895: Test failed: invalid rect (client) (0,10)-(664,30) - expected (0,10)-(672,30)
rebar.c:897: Test failed: invalid rect (client) (0,0)-(664,20) - expected (0,0)-(672,20)
rebar.c:916: Test failed: invalid rect (client) (0,0)-(664,20) - expected (0,0)-(672,20)
rebar.c:919: Test failed: invalid rect (client) (0,0)-(664,20) - expected (0,0)-(672,20)
rebar.c:888: Test failed: invalid rect (client) (10,0)-(10,218) - expected (10,0)-(10,226)
rebar.c:893: Test failed: invalid rect (client) (10,0)-(30,218) - expected (10,0)-(30,226)
rebar.c:895: Test failed: invalid rect (client) (10,0)-(30,218) - expected (10,0)-(30,226)
rebar.c:897: Test failed: invalid rect (client) (0,0)-(20,218) - expected (0,0)-(20,226)
rebar.c:916: Test failed: invalid rect (client) (0,0)-(20,218) - expected (0,0)-(20,226)
rebar.c:919: Test failed: invalid rect (client) (0,0)-(20,218) - expected (0,0)-(20,226)
rebar.c:888: Test failed: invalid rect (client) (-2,0)-(666,4) - expected (-2,0)-(674,4)
rebar.c:893: Test failed: invalid rect (client) (-2,0)-(666,24) - expected (-2,0)-(674,24)
rebar.c:895: Test failed: invalid rect (client) (-2,0)-(666,24) - expected (-2,0)-(674,24)
rebar.c:897: Test failed: invalid rect (client) (-2,0)-(666,24) - expected (-2,0)-(674,24)
rebar.c:916: Test failed: invalid rect (client) (-2,0)-(666,24) - expected (-2,0)-(674,24)
rebar.c:919: Test failed: invalid rect (client) (-2,0)-(666,24) - expected (-2,0)-(674,24)
rebar.c:888: Test failed: invalid rect (client) (-2,5)-(666,9) - expected (-2,5)-(674,9)
rebar.c:893: Test failed: invalid rect (client) (-2,5)-(666,29) - expected (-2,5)-(674,29)
rebar.c:895: Test failed: invalid rect (client) (-2,10)-(666,34) - expected (-2,10)-(674,34)
rebar.c:897: Test failed: invalid rect (client) (-2,0)-(666,24) - expected (-2,0)-(674,24)
rebar.c:916: Test failed: invalid rect (client) (-2,0)-(666,24) - expected (-2,0)-(674,24)
rebar.c:919: Test failed: invalid rect (client) (-2,0)-(666,24) - expected (-2,0)-(674,24)
2298:rebar: 1355 tests executed (0 marked as todo, 0 as flaky, 153 failures), 0 skipped.
comctl32:rebar:2298 done (153) in 0s 13819B
comctl32:static start dlls/comctl32/tests/static.c
v6util.h:92: created cc6.manifest
static.c:88: Testing style 0x0
static.c:88: Testing style 0x3
static.c:88: Testing style 0x4
static.c:88: Testing style 0x6
static.c:88: Line has been silenced after 4 occurrences
2324:static: Silenced 0 todos, 0 skips and 11 traces.
2324:static: 506 tests executed (0 marked as todo, 0 as flaky, 0 failures), 0 skipped.
comctl32:static:2324 done (0) in 2s 363B
comctl32:status start dlls/comctl32/tests/status.c
status.c:115: Test failed: Expected 672, got 664
status.c:116: Test failed: Expected 226, got 218
status.c:196: Test failed: Expected rect (0,0)-(672,42), got (0,0)-(664,42)
status.c:203: Test failed: Expected rect (0,0)-(672,42), got (0,0)-(664,42)
status.c:209: Test failed: Expected rect (0,0)-(672,42), got (0,0)-(664,42)
status.c:214: Test failed: Expected rect (0,0)-(672,42), got (0,0)-(664,42)
status.c:217: Test failed: Expected rect (0,0)-(672,62), got (0,0)-(664,62)
status.c:221: Test failed: Expected rect (0,0)-(672,62), got (0,0)-(664,62)
status.c:224: Test failed: Expected rect (0,0)-(672,42), got (0,0)-(664,42)
status.c:229: Test failed: Expected rect (0,0)-(672,32), got (0,0)-(664,32)
status.c:244: dpi=96 (min height: 24 or 20) SM_CYSIZE: 22
2170:status: 5377 tests executed (0 marked as todo, 0 as flaky, 10 failures), 0 skipped.
comctl32:status:2170 done (10) in 2s 865B
comctl32:subclass start dlls/comctl32/tests/subclass.c
2274:subclass: 288 tests executed (0 marked as todo, 0 as flaky, 0 failures), 0 skipped.
comctl32:subclass:2274 done (0) in 0s 90B
comctl32:syslink start dlls/comctl32/tests/syslink.c
v6util.h:92: created cc6.manifest
16fc:syslink: 175 tests executed (0 marked as todo, 0 as flaky, 0 failures), 0 skipped.
comctl32:syslink:16fc done (0) in 1s 124B
comctl32:tab start dlls/comctl32/tests/tab.c
tab.c:695: Testing with the 'System' font
tab.c:699: Testing with default MinWidth
tab.c:537: Tab1 text size: size.cx=36 size.cy=16
tab.c:543: default_min_tab_width: 54
tab.c:544:   TCS_FIXEDWIDTH tabs no icon...
tab.c:551:   TCS_FIXEDWIDTH tabs with icon...
tab.c:564:   TCS_FIXEDWIDTH buttons no icon...
tab.c:572:   TCS_FIXEDWIDTH buttons with icon...
tab.c:587:   TCS_FIXEDWIDTH | TCS_BOTTOM tabs...
tab.c:607:   non fixed width, with text...
tab.c:641:   non fixed width, no text...
tab.c:701: Testing with MinWidth set to -3
tab.c:537: Tab1 text size: size.cx=36 size.cy=16
tab.c:543: default_min_tab_width: 54
tab.c:544:   TCS_FIXEDWIDTH tabs no icon...
tab.c:551:   TCS_FIXEDWIDTH tabs with icon...
tab.c:564:   TCS_FIXEDWIDTH buttons no icon...
tab.c:572:   TCS_FIXEDWIDTH buttons with icon...
tab.c:587:   TCS_FIXEDWIDTH | TCS_BOTTOM tabs...
tab.c:607:   non fixed width, with text...
tab.c:641:   non fixed width, no text...
tab.c:703: Testing with MinWidth set to 24
tab.c:537: Tab1 text size: size.cx=36 size.cy=16
tab.c:543: default_min_tab_width: 54
tab.c:544:   TCS_FIXEDWIDTH tabs no icon...
tab.c:551:   TCS_FIXEDWIDTH tabs with icon...
tab.c:564:   TCS_FIXEDWIDTH buttons no icon...
tab.c:572:   TCS_FIXEDWIDTH buttons with icon...
tab.c:587:   TCS_FIXEDWIDTH | TCS_BOTTOM tabs...
tab.c:607:   non fixed width, with text...
tab.c:641:   non fixed width, no text...
tab.c:705: Testing with MinWidth set to 54
tab.c:537: Tab1 text size: size.cx=36 size.cy=16
tab.c:543: default_min_tab_width: 54
tab.c:544:   TCS_FIXEDWIDTH tabs no icon...
tab.c:551:   TCS_FIXEDWIDTH tabs with icon...
tab.c:564:   TCS_FIXEDWIDTH buttons no icon...
tab.c:572:   TCS_FIXEDWIDTH buttons with icon...
tab.c:587:   TCS_FIXEDWIDTH | TCS_BOTTOM tabs...
tab.c:607:   non fixed width, with text...
tab.c:641:   non fixed width, no text...
tab.c:707: Testing with MinWidth set to 94
tab.c:537: Line has been silenced after 4 occurrences
tab.c:543: Line has been silenced after 4 occurrences
tab.c:544: Line has been silenced after 4 occurrences
tab.c:551: Line has been silenced after 4 occurrences
tab.c:564: Line has been silenced after 4 occurrences
tab.c:572: Line has been silenced after 4 occurrences
tab.c:587: Line has been silenced after 4 occurrences
tab.c:607: Line has been silenced after 4 occurrences
tab.c:641: Line has been silenced after 4 occurrences
tab.c:695: Testing with the 'Arial' font
tab.c:699: Testing with default MinWidth
tab.c:701: Testing with MinWidth set to -3
tab.c:703: Testing with MinWidth set to 24
tab.c:705: Testing with MinWidth set to 54
tab.c:707: Testing with MinWidth set to 94
tab.c:695: Testing with the 'Tahoma' font
tab.c:699: Testing with default MinWidth
tab.c:701: Testing with MinWidth set to -3
tab.c:703: Testing with MinWidth set to 24
tab.c:705: Testing with MinWidth set to 54
tab.c:707: Testing with MinWidth set to 94
tab.c:695: Testing with the 'Courier New' font
tab.c:699: Testing with default MinWidth
tab.c:701: Testing with MinWidth set to -3
tab.c:703: Testing with MinWidth set to 24
tab.c:705: Testing with MinWidth set to 54
tab.c:707: Testing with MinWidth set to 94
tab.c:695: Line has been silenced after 4 occurrences
tab.c:699: Line has been silenced after 4 occurrences
tab.c:701: Line has been silenced after 4 occurrences
tab.c:703: Line has been silenced after 4 occurrences
tab.c:705: Line has been silenced after 4 occurrences
tab.c:707: Line has been silenced after 4 occurrences
168c:tab: Silenced 0 todos, 0 skips and 195 traces.
168c:tab: 6124 tests executed (0 marked as todo, 0 as flaky, 0 failures), 0 skipped.
comctl32:tab:168c done (0) in 0s 3668B
comctl32:taskdialog start dlls/comctl32/tests/taskdialog.c
v6util.h:92: created cc6.manifest
0fcc:taskdialog: 2391 tests executed (0 marked as todo, 0 as flaky, 0 failures), 0 skipped.
comctl32:taskdialog:0fcc done (0) in 5s 128B
comctl32:toolbar start dlls/comctl32/tests/toolbar.c
v6util.h:92: created cc6.manifest
1508:toolbar: 2143 tests executed (0 marked as todo, 0 as flaky, 0 failures), 0 skipped.
comctl32:toolbar:1508 done (0) in 0s 125B
comctl32:tooltips start dlls/comctl32/tests/tooltips.c
v6util.h:92: created cc6.manifest
1438:tooltips: 1533 tests executed (0 marked as todo, 0 as flaky, 0 failures), 0 skipped.
comctl32:tooltips:1438 done (0) in 6s 126B
comctl32:trackbar start dlls/comctl32/tests/trackbar.c
v6util.h:92: created cc6.manifest
146c:trackbar: 3530 tests executed (0 marked as todo, 0 as flaky, 0 failures), 0 skipped.
comctl32:trackbar:146c done (0) in 0s 126B
comctl32:treeview start dlls/comctl32/tests/treeview.c
v6util.h:92: created cc6.manifest
14d0:treeview: 7208 tests executed (0 marked as todo, 0 as flaky, 0 failures), 0 skipped.
comctl32:treeview:14d0 done (0) in 2s 126B
comctl32:updown start dlls/comctl32/tests/updown.c
1474:updown: 766 tests executed (0 marked as todo, 0 as flaky, 0 failures), 0 skipped.
comctl32:updown:1474 done (0) in 0s 88B
comdlg32:filedlg start dlls/comdlg32/tests/filedlg.c
filedlg.c:300: this is the last test seen before the exception
1fec:filedlg: unhandled exception c0000005 at 00007FF602481B4D
comdlg32:filedlg:1fec done (-1073741819) in 0s 128B
comdlg32:finddlg start dlls/comdlg32/tests/finddlg.c
03b4:finddlg: 43 tests executed (0 marked as todo, 0 as flaky, 0 failures), 0 skipped.
comdlg32:finddlg:03b4 done (0) in 0s 88B
comdlg32:fontdlg start dlls/comdlg32/tests/fontdlg.c
fontdlg.c:123: Tests skipped: can't get a DC for a local printer
09e4:fontdlg: 8 tests executed (0 marked as todo, 0 as flaky, 0 failures), 1 skipped.
comdlg32:fontdlg:09e4 done (0) in 0s 153B
comdlg32:itemdlg start dlls/comdlg32/tests/itemdlg.c
itemdlg.c:1144: Testing FileOpenDialog (advise)
itemdlg.c:1152: Testing FileSaveDialog (advise)
148c:itemdlg: 1279 tests executed (0 marked as todo, 0 as flaky, 0 failures), 0 skipped.
comdlg32:itemdlg:148c done (0) in 8s 188B
comdlg32:printdlg start dlls/comdlg32/tests/printdlg.c
printdlg.c:99: Tests skipped: No printer configured.
printdlg.c:201: Tests skipped: No printer configured.
printdlg.c:348: Tests skipped: No printer configured.
printdlg.c:570: Tests skipped: No printer configured.
printdlg.c:680: Tests skipped: No default printer available.
20fc:printdlg: 15 tests executed (0 marked as todo, 0 as flaky, 0 failures), 5 skipped.
comdlg32:printdlg:20fc done (0) in 0s 370B
compstui:compstui start dlls/compstui/tests/compstui.c
05d4:compstui: 146 tests executed (0 marked as todo, 0 as flaky, 0 failures), 0 skipped.
compstui:compstui:05d4 done (0) in 0s 90B
comsvcs:comsvcs start dlls/comsvcs/tests/comsvcs.c
097c:comsvcs: 117 tests executed (0 marked as todo, 0 as flaky, 0 failures), 0 skipped.
comsvcs:comsvcs:097c done (0) in 0s 89B
comsvcs:property start dlls/comsvcs/tests/property.c
1920:property: 11 tests executed (0 marked as todo, 0 as flaky, 0 failures), 0 skipped.
comsvcs:property:1920 done (0) in 0s 89B
concrt140:concrt140 start dlls/concrt140/tests/concrt140.c
concrt140.c:105: Tests skipped: concrt140.dll not installed
0e70:concrt140: 0 tests executed (0 marked as todo, 0 as flaky, 0 failures), 1 skipped.
concrt140:concrt140:0e70 done (0) in 0s 150B
conhost.exe:tty start programs/conhost/tests/tty.c
tty.c:1840: Test failed: 0: expected "\x1b[2J" got "\x1b[?9001h\x1b[?1004h"
tty.c:1842: Test failed: 0: expected "\x1b[m" got "\x1b[?9001h\x1b[?1004h"
tty.c:1843: Test failed: 0: expected "\x1b[H" got "\x1b[?9001h\x1b[?1004h"
tty.c:1845: Test failed: 0: expected "\x1b]0;test title" got "\x1b[?9001h\x1b[?1004h"
tty.c:1847: Test failed: 0: expected "\x07" got "\x1b[?9001h\x1b[?1004h"
tty.c:1849: Test failed: expected empty buffer, got "\x1b[?9001h\x1b[?1004h"
tty.c:987: Test failed: 0: expected "\x1b[5;4H" got "\x1b[2J\x1b[m\x1b[H\x1b]0;test title\x07\x1b[?25h"
tty.c:988: Test failed: 0: expected "child" got "\x1b[2J\x1b[m\x1b[H\x1b]0;test title\x07\x1b[?25h"
tty.c:989: Test failed: 0: expected "\x1b[H" got "\x1b[2J\x1b[m\x1b[H\x1b]0;test title\x07\x1b[?25h"
tty.c:990: Test failed: 0: expected "\x1b[?25h" got "\x1b[2J\x1b[m\x1b[H\x1b]0;test title\x07\x1b[?25h"
tty.c:991: Test failed: expected empty buffer, got "\x1b[2J\x1b[m\x1b[H\x1b]0;test title\x07\x1b[?25h"
tty.c:244: Test failed: WriteFile failed: 232
tty.c:996: Test failed: 0: expected "\x1b[7;1H" got "\x1b[5;4Hchild\x1b[H\x1b[?25h"
tty.c:997: Test failed: Read file failed: 996
tty.c:997: Test failed: 0: expected "                            bo\r\nund" got "\x1b[5;4Hchild\x1b[H\x1b[?25h"
tty.c:998: Test failed: 1b: expected "\x1b[27X" got "\x1b[5;4Hchild\x1b[H\x1b[?25h"
tty.c:998: Test failed: 1b: expected "\x1b[27C" got "\x1b[5;4Hchild\x1b[H\x1b[?25h"
tty.c:999: Test failed: 0: expected "\x1b[H" got "\x1b[5;4Hchild\x1b[H\x1b[?25h"
tty.c:1000: Test failed: 0: expected "\x1b[?25h" got "\x1b[5;4Hchild\x1b[H\x1b[?25h"
tty.c:1001: Test failed: expected empty buffer, got "\x1b[5;4Hchild\x1b[H\x1b[?25h"
tty.c:244: Test failed: WriteFile failed: 232
tty.c:1005: Test failed: Read file failed: 996
tty.c:1005: Test failed: expected hide cursor escape
tty.c:1006: Test failed: Read file failed: 996
tty.c:1006: Test failed: 0: expected "\x1b[5;14H" got ""
tty.c:1007: Test failed: Read file failed: 996
tty.c:1007: Test failed: 0: expected "xxx" got ""
tty.c:1008: Test failed: Read file failed: 996
tty.c:1008: Test failed: 0: expected "\x1b[H" got ""
tty.c:1009: Test failed: Read file failed: 996
tty.c:1009: Test failed: 0: expected "\x1b[?25h" got ""
tty.c:244: Test failed: WriteFile failed: 232
tty.c:1014: Test failed: Read file failed: 996
tty.c:1014: Test failed: expected hide cursor escape
tty.c:1015: Test failed: Read file failed: 996
tty.c:1015: Test failed: 0: expected "\x1b[5;30H" got ""
tty.c:1016: Test failed: Read file failed: 996
tty.c:1016: Test failed: 0: expected "y" got ""
tty.c:1017: Test failed: Read file failed: 996
tty.c:1017: Test failed: 0: expected "\x1b[H" got ""
tty.c:1018: Test failed: Read file failed: 996
tty.c:1018: Test failed: 0: expected "\x1b[?25h" got ""
tty.c:244: Test failed: WriteFile failed: 232
tty.c:1023: Test failed: Read file failed: 996
tty.c:1023: Test failed: expected hide cursor escape
tty.c:1024: Test failed: Read file failed: 996
tty.c:1024: Test failed: 0: expected "\x1b[5;1H" got ""
tty.c:1025: Test failed: Read file failed: 996
tty.c:1025: Test failed: 0: expected "   child     xxx             z" got ""
tty.c:1026: Test failed: Read file failed: 996
tty.c:1026: Test failed: 0: expected "\r\nz" got ""
tty.c:1027: Test failed: Read file failed: 996
tty.c:1027: Test failed: 1d: expected "\x1b[29X" got ""
tty.c:1027: Test failed: Read file failed: 996
tty.c:1027: Test failed: 1d: expected "\x1b[29C" got ""
tty.c:1028: Test failed: Read file failed: 996
tty.c:1028: Test failed: 0: expected "\x1b[H" got ""
tty.c:1029: Test failed: Read file failed: 996
tty.c:1029: Test failed: 0: expected "\x1b[?25h" got ""
tty.c:244: Test failed: WriteFile failed: 232
tty.c:1034: Test failed: Read file failed: 996
tty.c:1034: Test failed: expected hide cursor escape
tty.c:1035: Test failed: Read file failed: 996
tty.c:1035: Test failed: 0: expected "\x1b[5;4H" got ""
tty.c:1036: Test failed: Read file failed: 996
tty.c:1036: Test failed: 0: expected "child        " got ""
tty.c:1037: Test failed: Read file failed: 996
tty.c:1037: Test failed: 0: expected "\x1b[H" got ""
conhost.exe:tty:201c done (258) in 120s 4183B
coremessaging:coremessaging start dlls/coremessaging/tests/coremessaging.c
0fe8:coremessaging: 226 tests executed (0 marked as todo, 0 as flaky, 0 failures), 0 skipped.
coremessaging:coremessaging:0fe8 done (0) in 1s 95B
credui:credui start dlls/credui/tests/credui.c
14d0:credui: 7 tests executed (0 marked as todo, 0 as flaky, 0 failures), 0 skipped.
credui:credui:14d0 done (0) in 0s 86B
crypt32:base64 start dlls/crypt32/tests/base64.c
1474:base64: 3723 tests executed (0 marked as todo, 0 as flaky, 0 failures), 0 skipped.
crypt32:base64:1474 done (0) in 0s 89B
crypt32:cert start dlls/crypt32/tests/cert.c
1b1c:cert: 634 tests executed (0 marked as todo, 0 as flaky, 0 failures), 0 skipped.
crypt32:cert:1b1c done (0) in 0s 86B
crypt32:chain start dlls/crypt32/tests/chain.c
chain.c:4577: info[0] = 102
chain.c:4577: info[1] = 102
chain.c:4577: info[2] = 10c
03b4:chain: 2952 tests executed (0 marked as todo, 0 as flaky, 0 failures), 0 skipped.
crypt32:chain:03b4 done (0) in 1s 175B
crypt32:crl start dlls/crypt32/tests/crl.c
0adc:crl: 140 tests executed (0 marked as todo, 0 as flaky, 0 failures), 0 skipped.
crypt32:crl:0adc done (0) in 0s 85B
crypt32:ctl start dlls/crypt32/tests/ctl.c
1644:ctl: 37 tests executed (0 marked as todo, 0 as flaky, 0 failures), 0 skipped.
crypt32:ctl:1644 done (0) in 0s 84B
crypt32:encode start dlls/crypt32/tests/encode.c
0798:encode: 6326 tests executed (0 marked as todo, 0 as flaky, 0 failures), 0 skipped.
crypt32:encode:0798 done (0) in 0s 89B
crypt32:main start dlls/crypt32/tests/main.c
0974:main: 100 tests executed (0 marked as todo, 0 as flaky, 0 failures), 0 skipped.
crypt32:main:0974 done (0) in 0s 86B
crypt32:message start dlls/crypt32/tests/message.c
1b24:message: 155 tests executed (0 marked as todo, 0 as flaky, 0 failures), 0 skipped.
crypt32:message:1b24 done (0) in 0s 89B
crypt32:msg start dlls/crypt32/tests/msg.c
0be8:msg: 1027 tests executed (0 marked as todo, 0 as flaky, 0 failures), 0 skipped.
crypt32:msg:0be8 done (0) in 0s 86B
crypt32:object start dlls/crypt32/tests/object.c
0cc8:object: 16 tests executed (0 marked as todo, 0 as flaky, 0 failures), 0 skipped.
crypt32:object:0cc8 done (0) in 0s 87B
crypt32:oid start dlls/crypt32/tests/oid.c
1d60:oid: 175 tests executed (0 marked as todo, 0 as flaky, 0 failures), 0 skipped.
crypt32:oid:1d60 done (0) in 0s 85B
crypt32:protectdata start dlls/crypt32/tests/protectdata.c
23a8:protectdata: 42 tests executed (0 marked as todo, 0 as flaky, 0 failures), 0 skipped.
crypt32:protectdata:23a8 done (0) in 0s 92B
crypt32:sip start dlls/crypt32/tests/sip.c
0468:sip: 50 tests executed (0 marked as todo, 0 as flaky, 0 failures), 0 skipped.
crypt32:sip:0468 done (0) in 0s 84B
crypt32:store start dlls/crypt32/tests/store.c
0a10:store: 592 tests executed (0 marked as todo, 0 as flaky, 0 failures), 0 skipped.
crypt32:store:0a10 done (0) in 0s 87B
crypt32:str start dlls/crypt32/tests/str.c
05d4:str: 1592 tests executed (0 marked as todo, 0 as flaky, 0 failures), 0 skipped.
crypt32:str:05d4 done (0) in 0s 86B
cryptext:cryptext start dlls/cryptext/tests/cryptext.c
cryptext.c:42: Tests skipped: CryptExtOpenCER test needs user interaction
053c:cryptext: 0 tests executed (0 marked as todo, 0 as flaky, 0 failures), 1 skipped.
cryptext:cryptext:053c done (0) in 0s 163B
cryptnet:cryptnet start dlls/cryptnet/tests/cryptnet.c
cryptnet.c:342: Tests skipped: File URLs not supported
07f0:cryptnet: 125 tests executed (0 marked as todo, 0 as flaky, 0 failures), 1 skipped.
cryptnet:cryptnet:07f0 done (0) in 0s 146B
cryptowinrt:crypto start dlls/cryptowinrt/tests/crypto.c
crypto.c:166: {ecc8691b-c1db-4dc0-855e-65f6c551af49} not implemented, returning E_NOINTERFACE.
crypto.c:166: {00000039-0000-0000-c000-000000000046} not implemented, returning E_NOINTERFACE.
crypto.c:166: {0000001b-0000-0000-c000-000000000046} not implemented, returning E_NOINTERFACE.
crypto.c:186: iface 00000036492FF9E0, async 000001A8FBF15730, status 1
crypto.c:166: {ecc8691b-c1db-4dc0-855e-65f6c551af49} not implemented, returning E_NOINTERFACE.
crypto.c:166: Line has been silenced after 4 occurrences
crypto.c:105: Skipping async_id check, got id 424375
crypto.c:105: Skipping async_id check, got id 424375
1d64:crypto: Silenced 0 todos, 0 skips and 2 traces.
1d64:crypto: 68 tests executed (0 marked as todo, 0 as flaky, 0 failures), 0 skipped.
cryptowinrt:crypto:1d64 done (0) in 0s 763B
cryptui:cryptui start dlls/cryptui/tests/cryptui.c
1968:cryptui: 30 tests executed (0 marked as todo, 0 as flaky, 0 failures), 0 skipped.
cryptui:cryptui:1968 done (0) in 0s 88B
cryptxml:cryptxml start dlls/cryptxml/tests/cryptxml.c
1464:cryptxml: 43 tests executed (0 marked as todo, 0 as flaky, 0 failures), 0 skipped.
cryptxml:cryptxml:1464 done (0) in 0s 89B
d2d1:d2d1 start dlls/d2d1/tests/d2d1.c
d2d1.c:10436: Tests skipped: Failed to create REF d3d device, hr 0x80004002.
16c0:d2d1: 16356 tests executed (0 marked as todo, 0 as flaky, 0 failures), 1 skipped.
d2d1:d2d1:16c0 done (0) in 8s 166B
d3d10core:d3d10core start dlls/d3d10core/tests/d3d10core.c
d3d10core.c:1295: Adapter: L"Microsoft Basic Render Driver", 1414:008c.
d3d10core.c:6308: Tests skipped: DXGI_FORMAT_B8G8R8X8_UNORM not supported.
d3d10core.c:16429: Tests skipped: B8G8R8A8_UNORM not supported.
d3d10core.c:17356: Tests skipped: Skipping test with DXGI_FORMAT_R8G8B8A8_UINT on WARP.
d3d10core.c:17356: Tests skipped: Skipping test with DXGI_FORMAT_R8G8B8A8_UINT on WARP.
d3d10core.c:17356: Tests skipped: Skipping test with DXGI_FORMAT_R8G8B8A8_UINT on WARP.
d3d10core.c:17356: Tests skipped: Skipping test with DXGI_FORMAT_R8G8B8A8_UINT on WARP.
d3d10core.c:17488: Tests skipped: Creating the next texture crashes WARP on some testbot boxes.
1fb4:d3d10core: 195846 tests executed (0 marked as todo, 0 as flaky, 0 failures), 7 skipped.
d3d10core:d3d10core:1fb4 done (0) in 9s 761B
d3d10_1:d3d10_1 start dlls/d3d10_1/tests/d3d10_1.c
d3d10_1.c:330: Tests skipped: Failed to create device for feature level 0xa100.
d3d10_1.c:330: Tests skipped: Failed to create device for feature level 0xa000.
d3d10_1.c:330: Tests skipped: Failed to create device for feature level 0x9300.
d3d10_1.c:330: Tests skipped: Failed to create device for feature level 0x9200.
d3d10_1.c:330: Line has been silenced after 4 occurrences
07a8:d3d10_1: Silenced 0 todos, 1 skips and 0 traces.
07a8:d3d10_1: 580 tests executed (0 marked as todo, 0 as flaky, 0 failures), 4 skipped.
d3d10_1:d3d10_1:07a8 done (0) in 0s 527B
d3d10_1:reflection start dlls/d3d10_1/tests/reflection.c
10f4:reflection: 624 tests executed (0 marked as todo, 0 as flaky, 0 failures), 0 skipped.
d3d10_1:reflection:10f4 done (0) in 0s 92B
d3d10:device start dlls/d3d10/tests/device.c
0c04:device: 206 tests executed (0 marked as todo, 0 as flaky, 0 failures), 0 skipped.
d3d10:device:0c04 done (0) in 0s 88B
d3d10:effect start dlls/d3d10/tests/effect.c
1178:effect: 5041 tests executed (0 marked as todo, 0 as flaky, 0 failures), 0 skipped.
d3d10:effect:1178 done (0) in 0s 89B
d3d10:reflection start dlls/d3d10/tests/reflection.c
0a44:reflection: 624 tests executed (0 marked as todo, 0 as flaky, 0 failures), 0 skipped.
d3d10:reflection:0a44 done (0) in 0s 92B
d3d11:d3d11 start dlls/d3d11/tests/d3d11.c
d3d11.c:1638: Adapter: L"Microsoft Basic Render Driver", 1414:008c.
d3d11.c:2145: Feature level 0xb000.
d3d11.c:2404: Tests skipped: Feature level 0xb100: Failed to create debug device.
d3d11.c:2404: Tests skipped: Feature level 0xb000: Failed to create debug device.
d3d11.c:2404: Tests skipped: Feature level 0xa100: Failed to create debug device.
d3d11.c:2404: Tests skipped: Feature level 0xa000: Failed to create debug device.
d3d11.c:2404: Line has been silenced after 4 occurrences
2028:d3d11: 4 tests executed (0 marked as todo, 0 as flaky, 0 failures), 0 skipped.
d3d11.c:19886: Compute shader support via SM4 0x1.
d3d11.c:21327: Feature level 0xa100: Optional format 0x59 - display supported.
d3d11.c:21327: Feature level 0xa000: Optional format 0x59 - display supported.
d3d11.c:21327: Feature level 0xa000: Optional format 0xb - blendable supported.
d3d11.c:21327: Feature level 0xa000: Optional format 0x23 - blendable supported.
d3d11.c:21327: Line has been silenced after 4 occurrences
d3d11.c:24860: Tests skipped: Test 8: Broken WARP.
d3d11.c:25139: Tests skipped: Feature level 0xa100: Feature level 11_0 required for unaligned UAV test.
d3d11.c:25139: Tests skipped: Feature level 0xa000: Feature level 11_0 required for unaligned UAV test.
d3d11.c:32030: Tests skipped: Sample shading tests fail on WARP.
d3d11.c:35734: Tests skipped: The device does not support stencil ref export.
d3d11.c:36939: Tests skipped: Failed to get ID3D11VideoDevice.
d3d11.c:30674: Tests skipped: Skipping test with DXGI_FORMAT_R8G8B8A8_UINT on WARP.
d3d11.c:30674: Tests skipped: Skipping test with DXGI_FORMAT_R8G8B8A8_UINT on WARP.
d3d11.c:30674: Tests skipped: Skipping test with DXGI_FORMAT_R8G8B8A8_UINT on WARP.
d3d11.c:30674: Tests skipped: Skipping test with DXGI_FORMAT_R8G8B8A8_UINT on WARP.
1e74:d3d11: Silenced 0 todos, 3 skips and 1 traces.
1e74:d3d11: 5561753 tests executed (0 marked as todo, 0 as flaky, 0 failures), 14 skipped.
d3d11:d3d11:1e74 done (0) in 31s 1971B
d3d12:d3d12 start dlls/d3d12/tests/d3d12.c
d3d12.c:156: Adapter: L"Microsoft Basic Render Driver", 1414:008c.
23f0:d3d12: 671 tests executed (0 marked as todo, 0 as flaky, 0 failures), 0 skipped.
d3d12:d3d12:23f0 done (0) in 1s 155B
d3d9:d3d9ex start dlls/d3d9/tests/d3d9ex.c
d3d9ex.c:494: GetDisplayModeEx returned Width = 1280, Height = 800, RefreshRate = 64, Format = 16, ScanLineOrdering = 1, rotation = 1.
d3d9ex.c:427: Adapter luid: 00000000:00005822.
d3d9ex.c:573: Test failed: ChangeDisplaySettingsEx failed with -1.
d3d9ex.c:608: Test failed: rotation is 1 instead of 0
d3d9ex.c:611: GetAdapterDisplayModeEx returned Width = 1280, Height = 800, RefreshRate = 64, Format = 16, ScanLineOrdering = 1, rotation = 1
d3d9ex.c:2446: Tests skipped: This GPU supports SM3, skipping unsupported shader test.
d3d9ex.c:2885: device_window 0000000000B60180, focus_window 00000000006B003E, dummy_window 000000000035004E.
d3d9ex.c:2949: Test failed: Expected message 0x7e for window 0, but didn't receive it, i=0.
d3d9ex.c:3007: Test failed: Expected message 0x7e for window 0, but didn't receive it, i=0.
d3d9ex.c:3100: Test failed: Expected message 0x7e for window 0x1, but didn't receive it, i=0.
d3d9ex.c:2885: device_window 000000000036004E, focus_window 00000000001A0058, dummy_window 0000000000FC0230.
d3d9ex.c:2949: Test failed: Expected message 0x7e for window 0, but didn't receive it, i=1.
d3d9ex.c:3007: Test failed: Expected message 0x7e for window 0, but didn't receive it, i=1.
d3d9ex.c:3100: Test failed: Expected message 0x7e for window 0x1, but didn't receive it, i=1.
d3d9ex.c:3303: device_window 0000000000FD0230, focus_window 00000000006D003E, dummy_window 000000000033027A.
d3d9ex.c:4391: Tests skipped: ATI2N texture not supported.
d3d9ex.c:4391: Tests skipped: ATI2N texture not supported.
d3d9ex.c:4391: Tests skipped: ATI2N texture not supported.
d3d9ex.c:4391: Tests skipped: ATI2N texture not supported.
d3d9ex.c:4391: Line has been silenced after 4 occurrences
1d94:d3d9ex: Silenced 0 todos, 36 skips and 0 traces.
1d94:d3d9ex: 2402 tests executed (0 marked as todo, 0 as flaky, 8 failures), 5 skipped.
d3d9:d3d9ex:1d94 done (8) in 17s 1872B
d3d9:device start dlls/d3d9/tests/device.c
device.c:4181: device_window 00000000009D0056, focus_window 000000000043001C, dummy_window 0000000000B4004C.
device.c:4246: Test failed: Expected message 0x7e for window 0, but didn't receive it, i=0.
device.c:4317: Test failed: Expected message 0x7e for window 0, but didn't receive it, i=0.
device.c:4408: Test failed: Expected message 0x7e for window 0x1, but didn't receive it, i=0.
device.c:4181: device_window 000000000044001C, focus_window 000000000035027A, dummy_window 0000000000AE0034.
device.c:4246: Test failed: Expected message 0x7e for window 0, but didn't receive it, i=1.
device.c:4317: Test failed: Expected message 0x7e for window 0, but didn't receive it, i=1.
device.c:4408: Test failed: Expected message 0x7e for window 0x1, but didn't receive it, i=1.
device.c:4650: device_window 000000000036027A, focus_window 000000000080003E, dummy_window 0000000000B6004C.
device.c:5177: Test failed: Expected device window style 0x14cf0000, got 0x4000000, i=0.
device.c:5182: Test failed: Expected device window extended style 0x108, got 0, i=0.
device.c:5213: Test failed: Expected device window style 0x14cf0000, got 0x4cf0000, i=0.
device.c:5218: Test failed: Expected device window extended style 0x108, got 0x100, i=0.
device.c:5678: Tests skipped: Following tests require two adapters.
device.c:6757: Expects 0x0000000104000000 samples.
device.c:7282: SetPixelShaderConstantF was able to set 224 shader constants.
device.c:7563: Tests skipped: This GPU supports SM3, skipping unsupported shader test.
device.c:7766: Tests skipped: No cube mipmap generation support, skipping tests.
device.c:7933: Tests skipped: No mipmap generation support, skipping tests.
device.c:8135: Tests skipped: D3DFMT_A32B32G32R32F supports filtering, skipping tests.
device.c:8491: Tests skipped: Format ATI1N not supported, skipping lockrect offset tests.
device.c:8491: Tests skipped: Format ATI2N not supported, skipping lockrect offset tests.
device.c:9062: Tests skipped: Failed to create surface for format R8G8B8 (hr 0x8876086c), skipping tests.
device.c:9062: Tests skipped: Failed to create surface for format R3G3B2 (hr 0x8876086c), skipping tests.
device.c:9395: Tests skipped: No D3DFMT_NULL support, skipping test.
device.c:9776: Tests skipped: Format ATI1N not supported, skipping lockrect offset tests.
device.c:9776: Tests skipped: Format ATI2N not supported, skipping lockrect offset tests.
device.c:9898: Tests skipped: Dynamic D3DFMT_YUY2 textures not supported, skipping mipmap test.
device.c:9776: Tests skipped: Format D3DFMT_UYVY not supported, skipping lockrect offset tests.
device.c:12761: Tests skipped: D3DFMT_ATI1 textures not supported, skipping tests.
device.c:12761: Tests skipped: D3DFMT_ATI2 textures not supported, skipping tests.
device.c:13171: Max user clip planes: 8.
device.c:13171: Max user clip planes: 6.
device.c:13824: Tests skipped: ATI2N texture not supported.
device.c:15006: Test failed: Adapter 0: Expect window rect (0,0)-(1280,800), got (0,0)-(1279,799).
device.c:15289: Test failed: Got refcount 29.
02ec:device: 160233 tests executed (0 marked as todo, 0 as flaky, 12 failures), 17 skipped.
d3d9:device:02ec done (12) in 28s 3177B
d3d9:stateblock start dlls/d3d9/tests/stateblock.c
stateblock.c:426: Running initial read state tests
stateblock.c:139: event 0.
stateblock.c:429: Running write-read state tests
stateblock.c:139: event 0.
stateblock.c:139: event 1.
stateblock.c:432: Running stateblock abort state tests
stateblock.c:139: event 0.
stateblock.c:139: Line has been silenced after 4 occurrences
stateblock.c:435: Running stateblock apply state tests
stateblock.c:438: Running stateblock capture/reapply state tests
stateblock.c:442: Running create stateblock capture/apply all state tests
stateblock.c:446: Running create stateblock apply state all tests
stateblock.c:450: Running create stateblock capture/apply vertex state tests
stateblock.c:454: Running create stateblock apply vertex state tests
stateblock.c:458: Running create stateblock capture/apply pixel state tests
stateblock.c:462: Running create stateblock apply pixel state tests
stateblock.c:466: Running rendertarget switch state tests
stateblock.c:470: Running stateblock apply over rendertarget switch interrupt tests
09c8:stateblock: Silenced 0 todos, 0 skips and 36 traces.
09c8:stateblock: 14738 tests executed (0 marked as todo, 0 as flaky, 0 failures), 0 skipped.
d3d9:stateblock:09c8 done (0) in 0s 1187B
d3d9:visual start dlls/d3d9/tests/visual.c
visual.c:28868: Driver string: "d3d10warp.dll"
visual.c:28869: Description string: "Microsoft Basic Render Driver"
visual.c:28872: Device name string: "\\.\DISPLAY1"
visual.c:28874: Driver version 10.0.26100.1301
visual.c:1435: sRGB writing to D3DFMT_A8R8G8B8 is supported.
visual.c:1844: Tests skipped: Offscreenplain D3DFMT_DXT1 surfaces not supported, skipping colorfill test
visual.c:8422: Tests skipped: R5G6R5 textures with SRGBREAD are not supported.
visual.c:8422: Tests skipped: A1R5G5R5 textures with SRGBREAD are not supported.
visual.c:8422: Tests skipped: X1R5G5R5 textures with SRGBREAD are not supported.
visual.c:5813: Tests skipped: No autogenmipmap support.
visual.c:9890: Tests skipped: Card has unconditional NP2 support, skipping conditional NP2 tests
visual.c:10286: Tests skipped: L6V5U5 / D3DTOP_BUMPENVMAPLUMINANCE not supported, skipping tests.
visual.c:12837: Tests skipped: D3DFMT_UYVY is not supported.
visual.c:12847: Tests skipped: Driver cannot blit D3DFMT_YUY2 surfaces.
visual.c:12991: Tests skipped: D3DFMT_UYVY is not supported.
visual.c:12997: Tests skipped: Driver cannot blit D3DFMT_YUY2 surfaces.
visual.c:12991: Tests skipped: D3DFMT_YV12 is not supported.
visual.c:12991: Tests skipped: D3DFMT_NV12 is not supported.
visual.c:16825: Test failed: Unbound sampler color is 0.
visual.c:16839: Test failed: Unbound sampler color is 0.
visual.c:16853: Test failed: Unbound sampler color is 0.
visual.c:14929: Tests skipped: No INTZ support, skipping INTZ test.
visual.c:15496: Tests skipped: No DF24 support, skipping Fetch4 test.
visual.c:14337: Tests skipped: No NVDB (depth bounds test) support, skipping tests.
visual.c:17574: Tests skipped: No INTZ support, skipping RESZ test.
visual.c:19498: Test failed: Got unexpected color 0x000000ff.
visual.c:19516: Test failed: Got unexpected color 0x000000ff.
visual.c:19534: Test failed: Got unexpected color 0x000000ff.
visual.c:19631: Tests skipped: ATI1N textures are not supported, skipping test.
visual.c:20574: Tests skipped: Format D3DFMT_X8L8V8U8 not supported, skipping.
visual.c:20574: Tests skipped: Format D3DFMT_L6V5U5 not supported, skipping.
visual.c:21576: Tests skipped: 2D mipmapped ATI2N textures are not supported, skipping some tests.
visual.c:211: Can't read the render target data, hr 0x88760868.
visual.c:211: Can't read the render target data, hr 0x88760868.
visual.c:211: Can't read the render target data, hr 0x88760868.
visual.c:211: Can't read the render target data, hr 0x88760868.
visual.c:211: Line has been silenced after 4 occurrences
visual.c:21576: Tests skipped: Cube ATI2N textures are not supported, skipping some tests.
visual.c:21576: Tests skipped: Volume ATI2N textures are not supported, skipping some tests.
visual.c:21841: Tests skipped: Depth format 71 not supported, skipping.
visual.c:21841: Tests skipped: Depth format 1515474505 not supported, skipping.
visual.c:23644: Line antialiasing support: 0x20.
visual.c:24734: Tests skipped: No NULL format support, skipping NULL test.
visual.c:24981: Tests skipped: Running on WARP, skipping test.
visual.c:26409: Tests skipped: Sampling attached render targets is not supported.
visual.c:26498: Tests skipped: Alpha to coverage is not supported.
0dcc:visual: Silenced 0 todos, 0 skips and 27 traces.
0dcc:visual: 204171 tests executed (0 marked as todo, 0 as flaky, 6 failures), 29 skipped.
d3d9:visual:0dcc done (6) in 26s 3419B
d3dcompiler_47:asm start dlls/d3dcompiler_47/tests/asm.c
asm.c:1438: D3DAssemble messages:
C:\Users\Docker\AppData\Local\Temp\wct\Shader@0x00007FF7E22CC223(3,1-9): error X2000: syntax error : unexpected token 'texldd_x2'
C:\Users\Docker\AppData\Local\Temp\wct\Shader@0x00007FF7E22CC223(3,1-9): error X2024: invalid instruction modifiers 'texldd_x2'
asm.c:1438: D3DAssemble messages:
C:\Users\Docker\AppData\Local\Temp\wct\Shader@0x00007FF7E22CC252(3,2-4): error X2027: instruction coissue is not supported in this shader version
asm.c:1438: D3DAssemble messages:
C:\Users\Docker\AppData\Local\Temp\wct\Shader@0x00007FF7E22CC280(4,2-4): error X2027: instruction coissue is not supported in this shader version
asm.c:1438: D3DAssemble messages:
C:\Users\Docker\AppData\Local\Temp\wct\Shader@0x00007FF7E22CC2BE(2,2-3): error X2005: invalid register 'p0'
C:\Users\Docker\AppData\Local\Temp\wct\Shader@0x00007FF7E22CC2BE(2,6-8): error X2028: instruction predication is not supported in this shader version
asm.c:1438: Line has been silenced after 4 occurrences
asm.c:1458: include_type = 0, filename incl.vsh
asm.c:1459: parent_data (0000000000000000) -> (null)
asm.c:1601: D3DAssemble messages:
(1,1): error X2001: shader version expected
asm.c:1691: D3DPreprocess messages:
C:\Users\Docker\AppData\Local\Temp\wct\<memory>(3,3): error X1005: string continues past end of line
asm.c:1458: include_type = 0, filename incl.vsh
asm.c:1459: parent_data (0000000000000000) -> (null)
asm.c:1458: include_type = 0, filename incl2.vsh
asm.c:1459: parent_data (0000000000000000) -> (null)
asm.c:1458: include_type = 0, filename incl3.vsh
asm.c:1459: parent_data (0000027C08F11620) -> #include "incl3.vsh"

asm.c:1458: Line has been silenced after 4 occurrences
asm.c:1459: Line has been silenced after 4 occurrences
0674:asm: Silenced 0 todos, 0 skips and 52 traces.
0674:asm: 259 tests executed (0 marked as todo, 0 as flaky, 0 failures), 0 skipped.
d3dcompiler_47:asm:0674 done (0) in 0s 1908B
d3dcompiler_47:blob start dlls/d3dcompiler_47/tests/blob.c
177c:blob: 258 tests executed (0 marked as todo, 0 as flaky, 0 failures), 0 skipped.
d3dcompiler_47:blob:177c done (0) in 0s 86B
d3dcompiler_47:hlsl_d3d11 start dlls/d3dcompiler_47/tests/hlsl_d3d11.c
12f4:hlsl_d3d11: 1064 tests executed (0 marked as todo, 0 as flaky, 0 failures), 0 skipped.
d3dcompiler_47:hlsl_d3d11:12f4 done (0) in 0s 93B
d3dcompiler_47:hlsl_d3d9 start dlls/d3dcompiler_47/tests/hlsl_d3d9.c
hlsl_d3d9.c:1859: Tests skipped: Failed to load d3dx9_36.dll.
0ebc:hlsl_d3d9: 0 tests executed (0 marked as todo, 0 as flaky, 0 failures), 1 skipped.
d3dcompiler_47:hlsl_d3d9:0ebc done (0) in 0s 152B
d3dcompiler_47:reflection start dlls/d3dcompiler_47/tests/reflection.c
1780:reflection: 1348 tests executed (0 marked as todo, 0 as flaky, 0 failures), 0 skipped.
d3dcompiler_47:reflection:1780 done (0) in 0s 93B
d3dxof:d3dxof start dlls/d3dxof/tests/d3dxof.c
d3dxof.c:415: Tests skipped: DirectXFileCreate is not available
d3dxof.c:482: Tests skipped: DirectXFileCreate is not available
d3dxof.c:552: Tests skipped: DirectXFileCreate is not available
d3dxof.c:621: Tests skipped: DirectXFileCreate is not available
d3dxof.c:658: Tests skipped: DirectXFileCreate is not available
d3dxof.c:700: Tests skipped: DirectXFileCreate is not available
d3dxof.c:783: Tests skipped: DirectXFileCreate is not available
d3dxof.c:891: Tests skipped: DirectXFileCreate is not available
d3dxof.c:986: Tests skipped: DirectXFileCreate is not available
d3dxof.c:1015: Tests skipped: DirectXFileCreate is not available
d3dxof.c:1035: Tests skipped: DirectXFileCreate is not available
1750:d3dxof: 0 tests executed (0 marked as todo, 0 as flaky, 0 failures), 11 skipped.
d3dxof:d3dxof:1750 done (0) in 0s 804B
dataexchange:dataexchange start dlls/dataexchange/tests/dataexchange.c
174c:dataexchange: 32 tests executed (0 marked as todo, 0 as flaky, 0 failures), 0 skipped.
dataexchange:dataexchange:174c done (0) in 0s 93B
dbgeng:dbgeng start dlls/dbgeng/tests/dbgeng.c
dbgeng.c:54: Test failed: Unexpected hr 0.
dbgeng.c:59: Test failed: Unexpected options 0x1000020.
dbgeng.c:90: Test failed: Unexpected hr 0.
dbgeng.c:93: Test failed: Unexpected hr 0.
dbgeng.c:98: Test failed: Unexpected options 0x1000001.
1868:dbgeng: 2 tests executed (0 marked as todo, 0 as flaky, 0 failures), 0 skipped.
1f70:dbgeng: 2 tests executed (0 marked as todo, 0 as flaky, 0 failures), 0 skipped.
1198:dbgeng: 94 tests executed (0 marked as todo, 0 as flaky, 5 failures), 0 skipped.
dbgeng:dbgeng:1198 done (5) in 0s 505B
dbghelp:dbghelp start dlls/dbghelp/tests/dbghelp.c
0338:dbghelp: 3492 tests executed (0 marked as todo, 0 as flaky, 0 failures), 0 skipped.
dbghelp:dbghelp:0338 done (0) in 8s 90B
dbghelp:minidump start dlls/dbghelp/tests/minidump.c
minidump.c:158: Test failed: streams_table[0]: Not expecting stream 13 to be present
minidump.c:158: Test failed: streams_table[1]: Not expecting stream 13 to be present
minidump.c:158: Test failed: streams_table[2]: Not expecting stream 13 to be present
minidump.c:158: Test failed: streams_table[3]: Not expecting stream 13 to be present
minidump.c:158: Test failed: streams_table[4]: Not expecting stream 13 to be present
minidump.c:158: Test failed: streams_table[5]: Not expecting stream 13 to be present
minidump.c:158: Test failed: streams_table[6]: Not expecting stream 13 to be present
minidump.c:158: Test failed: streams_table[7]: Not expecting stream 13 to be present
minidump.c:158: Test failed: streams_table[8]: Not expecting stream 13 to be present
minidump.c:515: Test failed: process_tests[0]: unexpected unknown memory locations
minidump.c:515: Test failed: process_tests[1]: unexpected unknown memory locations
minidump.c:515: Test failed: process_tests[2]: unexpected unknown memory locations
minidump.c:515: Test failed: process_tests[3]: unexpected unknown memory locations
0ca8:minidump: 2223 tests executed (0 marked as todo, 0 as flaky, 13 failures), 0 skipped.
dbghelp:minidump:0ca8 done (13) in 1s 1202B
dbghelp:path start dlls/dbghelp/tests/path.c
path.c:871: Test failed: pdb#00: SymSrvGetFileIndexInfo failed: 0
path.c:873: Test failed: pdb#00: Mismatch in age: 806d000c
path.c:871: Test failed: pdb#01: SymSrvGetFileIndexInfo failed: 0
path.c:873: Test failed: pdb#01: Mismatch in age: 806d000c
path.c:874: Test failed: pdb#01: Mismatch in guid: guid={00000000-0000-0000-0000-000000000000}
path.c:998: Test failed: path_pdb_0: SymSrvGetFileIndexInfo failed: 0 C:\Users\Docker\AppData\Local\Temp\dh.tmp\foobar.pdb
path.c:998: Test failed: path_pdb_1: SymSrvGetFileIndexInfo failed: 0 C:\Users\Docker\AppData\Local\Temp\dh.tmp\foobar.pdb
path.c:998: Test failed: path_pdb_2: SymSrvGetFileIndexInfo failed: 0 C:\Users\Docker\AppData\Local\Temp\dh.tmp\foobar.pdb
path.c:998: Test failed: path_pdb_3: SymSrvGetFileIndexInfo failed: 0 C:\Users\Docker\AppData\Local\Temp\dh.tmp\foobar.pdb
path.c:1413: Test failed: path_pdb_3: Couldn't find file: C:\Users\Docker\AppData\Local\Temp\dh.tmp\ 2
path.c:1419: Test failed: path_pdb_3: Mismatch in found file  (expecting )
path.c:998: Test failed: path_pdb_5: SymSrvGetFileIndexInfo failed: 0 C:\Users\Docker\AppData\Local\Temp\dh.tmp\A\foobar.pdb
path.c:998: Test failed: path_pdb_5: SymSrvGetFileIndexInfo failed: 0 C:\Users\Docker\AppData\Local\Temp\dh.tmp\B\foobar.pdb
path.c:1406: Test failed: path_pdb_5: Mismatch in cb count, got 2 (expected 1)
path.c:1413: Test failed: path_pdb_5: Couldn't find file: C:\Users\Docker\AppData\Local\Temp\dh.tmp\A;C:\Users\Docker\AppData\Local\Temp\dh.tmp\B 2
path.c:1419: Test failed: path_pdb_5: Mismatch in found file  (expecting A\)
path.c:998: Test failed: path_pdb_6: SymSrvGetFileIndexInfo failed: 0 C:\Users\Docker\AppData\Local\Temp\dh.tmp\B\foobar.pdb
path.c:998: Test failed: path_pdb_6: SymSrvGetFileIndexInfo failed: 0 C:\Users\Docker\AppData\Local\Temp\dh.tmp\A\foobar.pdb
path.c:1413: Test failed: path_pdb_6: Couldn't find file: C:\Users\Docker\AppData\Local\Temp\dh.tmp\B;C:\Users\Docker\AppData\Local\Temp\dh.tmp\A 2
path.c:1419: Test failed: path_pdb_6: Mismatch in found file  (expecting A\)
path.c:998: Test failed: path_pdb_7: SymSrvGetFileIndexInfo failed: 0 C:\Users\Docker\AppData\Local\Temp\dh.tmp\A\foobar.pdb
path.c:998: Test failed: path_pdb_7: SymSrvGetFileIndexInfo failed: 0 C:\Users\Docker\AppData\Local\Temp\dh.tmp\B\foobar.pdb
path.c:1406: Test failed: path_pdb_7: Mismatch in cb count, got 2 (expected 1)
path.c:1413: Test failed: path_pdb_7: Couldn't find file: C:\Users\Docker\AppData\Local\Temp\dh.tmp\A;C:\Users\Docker\AppData\Local\Temp\dh.tmp\B 2
path.c:1419: Test failed: path_pdb_7: Mismatch in found file  (expecting A\)
path.c:998: Test failed: path_pdb_8: SymSrvGetFileIndexInfo failed: 0 C:\Users\Docker\AppData\Local\Temp\dh.tmp\B\foobar.pdb
path.c:998: Test failed: path_pdb_8: SymSrvGetFileIndexInfo failed: 0 C:\Users\Docker\AppData\Local\Temp\dh.tmp\A\foobar.pdb
path.c:1406: Test failed: path_pdb_8: Mismatch in cb count, got 2 (expected 1)
path.c:1413: Test failed: path_pdb_8: Couldn't find file: C:\Users\Docker\AppData\Local\Temp\dh.tmp\B;C:\Users\Docker\AppData\Local\Temp\dh.tmp\A 2
path.c:1419: Test failed: path_pdb_8: Mismatch in found file  (expecting B\)
path.c:998: Test failed: path_pdb_9: SymSrvGetFileIndexInfo failed: 0 C:\Users\Docker\AppData\Local\Temp\dh.tmp\foobar.pdb
path.c:998: Test failed: path_pdb_10: SymSrvGetFileIndexInfo failed: 0 C:\Users\Docker\AppData\Local\Temp\dh.tmp\foobar.pdb
path.c:998: Test failed: path_pdb_11: SymSrvGetFileIndexInfo failed: 0 C:\Users\Docker\AppData\Local\Temp\dh.tmp\foobar.pdb
path.c:998: Test failed: path_pdb_12: SymSrvGetFileIndexInfo failed: 0 C:\Users\Docker\AppData\Local\Temp\dh.tmp\foobar.pdb
path.c:1413: Test failed: path_pdb_12: Couldn't find file: C:\Users\Docker\AppData\Local\Temp\dh.tmp\ 2
path.c:1419: Test failed: path_pdb_12: Mismatch in found file  (expecting )
path.c:998: Test failed: path_pdb_14: SymSrvGetFileIndexInfo failed: 0 C:\Users\Docker\AppData\Local\Temp\dh.tmp\A\foobar.pdb
path.c:998: Test failed: path_pdb_14: SymSrvGetFileIndexInfo failed: 0 C:\Users\Docker\AppData\Local\Temp\dh.tmp\B\foobar.pdb
path.c:1406: Test failed: path_pdb_14: Mismatch in cb count, got 2 (expected 1)
path.c:1413: Test failed: path_pdb_14: Couldn't find file: C:\Users\Docker\AppData\Local\Temp\dh.tmp\A;C:\Users\Docker\AppData\Local\Temp\dh.tmp\B 2
path.c:1419: Test failed: path_pdb_14: Mismatch in found file  (expecting A\)
path.c:998: Test failed: path_pdb_15: SymSrvGetFileIndexInfo failed: 0 C:\Users\Docker\AppData\Local\Temp\dh.tmp\B\foobar.pdb
path.c:998: Test failed: path_pdb_15: SymSrvGetFileIndexInfo failed: 0 C:\Users\Docker\AppData\Local\Temp\dh.tmp\A\foobar.pdb
path.c:1413: Test failed: path_pdb_15: Couldn't find file: C:\Users\Docker\AppData\Local\Temp\dh.tmp\B;C:\Users\Docker\AppData\Local\Temp\dh.tmp\A 2
path.c:1419: Test failed: path_pdb_15: Mismatch in found file  (expecting A\)
path.c:998: Test failed: path_pdb_16: SymSrvGetFileIndexInfo failed: 0 C:\Users\Docker\AppData\Local\Temp\dh.tmp\A\foobar.pdb
path.c:998: Test failed: path_pdb_16: SymSrvGetFileIndexInfo failed: 0 C:\Users\Docker\AppData\Local\Temp\dh.tmp\B\foobar.pdb
path.c:1406: Test failed: path_pdb_16: Mismatch in cb count, got 2 (expected 1)
path.c:1413: Test failed: path_pdb_16: Couldn't find file: C:\Users\Docker\AppData\Local\Temp\dh.tmp\A;C:\Users\Docker\AppData\Local\Temp\dh.tmp\B 2
path.c:1419: Test failed: path_pdb_16: Mismatch in found file  (expecting A\)
path.c:998: Test failed: path_pdb_17: SymSrvGetFileIndexInfo failed: 0 C:\Users\Docker\AppData\Local\Temp\dh.tmp\B\foobar.pdb
path.c:998: Test failed: path_pdb_17: SymSrvGetFileIndexInfo failed: 0 C:\Users\Docker\AppData\Local\Temp\dh.tmp\A\foobar.pdb
path.c:1406: Test failed: path_pdb_17: Mismatch in cb count, got 2 (expected 1)
path.c:1413: Test failed: path_pdb_17: Couldn't find file: C:\Users\Docker\AppData\Local\Temp\dh.tmp\B;C:\Users\Docker\AppData\Local\Temp\dh.tmp\A 2
path.c:1419: Test failed: path_pdb_17: Mismatch in found file  (expecting B\)
path.c:998: Test failed: path_pdb_18: SymSrvGetFileIndexInfo failed: 0 C:\Users\Docker\AppData\Local\Temp\dh.tmp\A\foobar.pdb
path.c:998: Test failed: path_pdb_18: SymSrvGetFileIndexInfo failed: 0 C:\Users\Docker\AppData\Local\Temp\dh.tmp\B\foobar.pdb
path.c:1406: Test failed: path_pdb_18: Mismatch in cb count, got 2 (expected 1)
path.c:1413: Test failed: path_pdb_18: Couldn't find file: C:\Users\Docker\AppData\Local\Temp\dh.tmp\A;C:\Users\Docker\AppData\Local\Temp\dh.tmp\B 2
path.c:1419: Test failed: path_pdb_18: Mismatch in found file  (expecting A\)
path.c:998: Test failed: path_pdb_19: SymSrvGetFileIndexInfo failed: 0 C:\Users\Docker\AppData\Local\Temp\dh.tmp\B\foobar.pdb
path.c:998: Test failed: path_pdb_19: SymSrvGetFileIndexInfo failed: 0 C:\Users\Docker\AppData\Local\Temp\dh.tmp\A\foobar.pdb
path.c:1413: Test failed: path_pdb_19: Couldn't find file: C:\Users\Docker\AppData\Local\Temp\dh.tmp\B;C:\Users\Docker\AppData\Local\Temp\dh.tmp\A 2
path.c:1419: Test failed: path_pdb_19: Mismatch in found file  (expecting A\)
path.c:998: Test failed: path_pdb_20: SymSrvGetFileIndexInfo failed: 0 C:\Users\Docker\AppData\Local\Temp\dh.tmp\A\foobar.pdb
path.c:998: Test failed: path_pdb_20: SymSrvGetFileIndexInfo failed: 0 C:\Users\Docker\AppData\Local\Temp\dh.tmp\B\foobar.pdb
path.c:1406: Test failed: path_pdb_20: Mismatch in cb count, got 2 (expected 1)
path.c:1413: Test failed: path_pdb_20: Couldn't find file: C:\Users\Docker\AppData\Local\Temp\dh.tmp\A;C:\Users\Docker\AppData\Local\Temp\dh.tmp\B 2
path.c:1419: Test failed: path_pdb_20: Mismatch in found file  (expecting A\)
path.c:998: Test failed: path_pdb_21: SymSrvGetFileIndexInfo failed: 0 C:\Users\Docker\AppData\Local\Temp\dh.tmp\B\foobar.pdb
path.c:998: Test failed: path_pdb_21: SymSrvGetFileIndexInfo failed: 0 C:\Users\Docker\AppData\Local\Temp\dh.tmp\A\foobar.pdb
path.c:1406: Test failed: path_pdb_21: Mismatch in cb count, got 2 (expected 1)
path.c:1413: Test failed: path_pdb_21: Couldn't find file: C:\Users\Docker\AppData\Local\Temp\dh.tmp\B;C:\Users\Docker\AppData\Local\Temp\dh.tmp\A 2
path.c:1419: Test failed: path_pdb_21: Mismatch in found file  (expecting B\)
path.c:998: Test failed: path_pdb_22: SymSrvGetFileIndexInfo failed: 0 C:\Users\Docker\AppData\Local\Temp\dh.tmp\A\foobar.pdb
path.c:998: Test failed: path_pdb_22: SymSrvGetFileIndexInfo failed: 0 C:\Users\Docker\AppData\Local\Temp\dh.tmp\B\foobar.pdb
path.c:1406: Test failed: path_pdb_22: Mismatch in cb count, got 2 (expected 1)
path.c:1413: Test failed: path_pdb_22: Couldn't find file: C:\Users\Docker\AppData\Local\Temp\dh.tmp\A;C:\Users\Docker\AppData\Local\Temp\dh.tmp\B 2
path.c:1419: Test failed: path_pdb_22: Mismatch in found file  (expecting A\)
path.c:998: Test failed: path_pdb_23: SymSrvGetFileIndexInfo failed: 0 C:\Users\Docker\AppData\Local\Temp\dh.tmp\B\foobar.pdb
path.c:998: Test failed: path_pdb_23: SymSrvGetFileIndexInfo failed: 0 C:\Users\Docker\AppData\Local\Temp\dh.tmp\A\foobar.pdb
path.c:1413: Test failed: path_pdb_23: Couldn't find file: C:\Users\Docker\AppData\Local\Temp\dh.tmp\B;C:\Users\Docker\AppData\Local\Temp\dh.tmp\A 2
path.c:1419: Test failed: path_pdb_23: Mismatch in found file  (expecting A\)
path.c:998: Test failed: path_pdb_24: SymSrvGetFileIndexInfo failed: 0 C:\Users\Docker\AppData\Local\Temp\dh.tmp\A\foobar.pdb
path.c:998: Test failed: path_pdb_24: SymSrvGetFileIndexInfo failed: 0 C:\Users\Docker\AppData\Local\Temp\dh.tmp\B\foobar.pdb
path.c:1406: Test failed: path_pdb_24: Mismatch in cb count, got 2 (expected 1)
path.c:1413: Test failed: path_pdb_24: Couldn't find file: C:\Users\Docker\AppData\Local\Temp\dh.tmp\A;C:\Users\Docker\AppData\Local\Temp\dh.tmp\B 2
path.c:1419: Test failed: path_pdb_24: Mismatch in found file  (expecting A\)
path.c:998: Test failed: path_pdb_25: SymSrvGetFileIndexInfo failed: 0 C:\Users\Docker\AppData\Local\Temp\dh.tmp\B\foobar.pdb
path.c:998: Test failed: path_pdb_25: SymSrvGetFileIndexInfo failed: 0 C:\Users\Docker\AppData\Local\Temp\dh.tmp\A\foobar.pdb
path.c:1406: Test failed: path_pdb_25: Mismatch in cb count, got 2 (expected 1)
path.c:1413: Test failed: path_pdb_25: Couldn't find file: C:\Users\Docker\AppData\Local\Temp\dh.tmp\B;C:\Users\Docker\AppData\Local\Temp\dh.tmp\A 2
path.c:1419: Test failed: path_pdb_25: Mismatch in found file  (expecting B\)
path.c:1618: Test failed: module_path_test 0: Unexpected symtype 0
path.c:1620: Test failed: module_path_test 0: Expected bar.pdb as loaded pdb file, got '' instead
path.c:1618: Test failed: module_path_test 1: Unexpected symtype 0
path.c:1620: Test failed: module_path_test 1: Expected bar.pdb as loaded pdb file, got '' instead
path.c:1618: Test failed: module_path_test 2: Unexpected symtype 0
path.c:1620: Test failed: module_path_test 2: Expected search.tmp\bar.pdb as loaded pdb file, got '' instead
path.c:1618: Test failed: module_path_test 3: Unexpected symtype 0
path.c:1620: Test failed: module_path_test 3: Expected search.tmp\bar.pdb as loaded pdb file, got '' instead
path.c:1618: Test failed: module_path_test 4: Unexpected symtype 0
path.c:1620: Test failed: module_path_test 4: Expected search.tmp\dll\bar.pdb as loaded pdb file, got '' instead
path.c:1618: Test failed: module_path_test 5: Unexpected symtype 0
path.c:1620: Test failed: module_path_test 5: Expected search.tmp\symbols\dll\bar.pdb as loaded pdb file, got '' instead
path.c:1618: Test failed: module_path_test 6: Unexpected symtype 0
path.c:1620: Test failed: module_path_test 6: Expected search.tmp\bar.pdb as loaded pdb file, got '' instead
path.c:1618: Test failed: module_path_test 7: Unexpected symtype 0
path.c:1620: Test failed: module_path_test 7: Expected search.tmp\dll\bar.pdb as loaded pdb file, got '' instead
path.c:1618: Test failed: module_path_test 8: Unexpected symtype 0
path.c:1620: Test failed: module_path_test 8: Expected search.tmp\symbols\dll\bar.pdb as loaded pdb file, got '' instead
path.c:1618: Test failed: module_path_test 11: Unexpected symtype 0
path.c:1620: Test failed: module_path_test 11: Expected search.tmp\dll\bar.pdb as loaded pdb file, got '' instead
path.c:1622: Test failed: module_path_test 11: Expected 33cafe as pdb-age, got 30cafe instead
path.c:1624: Test failed: module_path_test 11: Expecting matched PDB
path.c:1618: Test failed: module_path_test 12: Unexpected symtype 0
path.c:1620: Test failed: module_path_test 12: Expected search.tmp\bar.pdb as loaded pdb file, got '' instead
path.c:1622: Test failed: module_path_test 12: Expected 32cafe as pdb-age, got 30cafe instead
path.c:1624: Test failed: module_path_test 12: Expecting matched PDB
path.c:1618: Test failed: module_path_test 14: Unexpected symtype 0
path.c:1620: Test failed: module_path_test 14: Expected search.tmp\bar.pdb as loaded pdb file, got '' instead
path.c:1618: Test failed: module_path_test 15: Unexpected symtype 0
path.c:1620: Test failed: module_path_test 15: Expected search.tmp\bar.pdb as loaded pdb file, got '' instead
path.c:1618: Test failed: module_path_test 16: Unexpected symtype 0
path.c:1620: Test failed: module_path_test 16: Expected search.tmp\bar.pdb as loaded pdb file, got '' instead
path.c:1618: Test failed: module_path_test 17: Unexpected symtype 0
path.c:1620: Test failed: module_path_test 17: Expected search.tmp\bar.pdb as loaded pdb file, got '' instead
path.c:1618: Test failed: module_path_test 20: Unexpected symtype 0
path.c:1620: Test failed: module_path_test 20: Expected mismatch\bar.pdb as loaded pdb file, got '' instead
path.c:1622: Test failed: module_path_test 20: Expected 31cafe as pdb-age, got 30cafe instead
path.c:1624: Test failed: module_path_test 20: Expecting matched PDB
path.c:1618: Test failed: module_path_test 21: Unexpected symtype 0
path.c:1620: Test failed: module_path_test 21: Expected search.tmp\dll\bar.pdb as loaded pdb file, got '' instead
path.c:1622: Test failed: module_path_test 21: Expected 33cafe as pdb-age, got 30cafe instead
path.c:1624: Test failed: module_path_test 21: Expecting matched PDB
path.c:1842: Test failed: module_test 6: Unexpected module type 0
path.c:1850: Test failed: module_test 6: Unexpected value '
path.c:1851: Test failed: module_test 6: Unexpected value
path.c:1853: Test failed: module_test 6: Unexpected value {00000000-0000-0000-0000-000000000000} {1234abcd-3456-5678-a0b0-c0d0e0f00a0b}
path.c:1856: Test failed: module_test 6: Unexpected value
path.c:1842: Test failed: module_test 10: Unexpected module type 0
path.c:1877: Test failed: module_test 10: Unexpected value
206c:path: 5519 tests executed (0 marked as todo, 0 as flaky, 142 failures), 0 skipped.
dbghelp:path:206c done (142) in 2s 14706B
ddrawex:ddrawex start dlls/ddrawex/tests/ddrawex.c
2188:ddrawex: 12 tests executed (0 marked as todo, 0 as flaky, 0 failures), 0 skipped.
ddrawex:ddrawex:2188 done (0) in 0s 88B
ddrawex:surface start dlls/ddrawex/tests/surface.c
1a34:surface: 160 tests executed (0 marked as todo, 0 as flaky, 0 failures), 0 skipped.
ddrawex:surface:1a34 done (0) in 0s 89B
ddraw:d3d start dlls/ddraw/tests/d3d.c
d3d.c:2070: Tests skipped: Skipping d3d7 tests
d3d.c:2090: Tests skipped: Skipping d3d2 tests.
d3d.c:2098: Tests skipped: Skipping d3d1 tests
1d00:d3d: 9 tests executed (0 marked as todo, 0 as flaky, 0 failures), 3 skipped.
ddraw:d3d:1d00 done (0) in 0s 228B
ddraw:ddraw1 start dlls/ddraw/tests/ddraw1.c
ddraw1.c:16323: Driver string: "d3d10warp.dll"
ddraw1.c:16324: Description string: "Red Hat VirtIO GPU DOD controller"
ddraw1.c:16325: Driver version 0.0.0.0
ddraw1.c:1224: Tests skipped: Failed to create a 3D device, skipping test.
ddraw1.c:1309: Tests skipped: Failed to create a 3D device, skipping test.
ddraw1.c:1460: Tests skipped: Failed to create a 3D device, skipping test.
ddraw1.c:1683: Tests skipped: Failed to create a 3D device, skipping test.
ddraw1.c:1683: Tests skipped: Failed to create a 3D device, skipping test.
ddraw1.c:1819: Tests skipped: Failed to create a 3D device, skipping test.
ddraw1.c:1819: Tests skipped: Failed to create a 3D device, skipping test.
ddraw1.c:1992: Tests skipped: Failed to create a 3D device, skipping test.
ddraw1.c:2152: Tests skipped: Failed to create a 3D device, skipping test.
ddraw1.c:2380: Tests skipped: Failed to create a 3D device, skipping test.
ddraw1.c:2463: Tests skipped: Failed to create a 3D device, skipping test.
ddraw1.c:3123: Test failed: Expected message 0x46, but didn't receive it.
ddraw1.c:3125: Test failed: Expected screen size 640x480, got 0x0.
ddraw1.c:3130: Test failed: Expected (0,0)-(640,480), got (0,0)-(848,480).
ddraw1.c:3178: Test failed: Expected message 0x46, but didn't receive it.
ddraw1.c:3180: Test failed: Expected screen size 848x480, got 0x0.
ddraw1.c:3185: Test failed: Expected (0,0)-(848,480), got (0,0)-(640,480).
ddraw1.c:865: Test failed: Got unexpected wparam 0x1 for message 0x5, expected 0.
ddraw1.c:3191: Test failed: Expected message 0x7e, but didn't receive it.
ddraw1.c:3202: Test failed: Expected message 0x7e, but didn't receive it.
ddraw1.c:3251: Test marked flaky: Expected message 0x46, but didn't receive it.
ddraw1.c:3254: Test marked flaky: Expected screen size 1280x800, got 0x0.
ddraw1.c:3261: Test marked flaky: Expected (0,0)-(1280,800), got (0,0)-(640,480).
ddraw1.c:3366: Test failed: Expected message 0x7e, but didn't receive it.
ddraw1.c:3396: Test failed: Expected message 0x7e, but didn't receive it.
ddraw1.c:3450: Test failed: Expected message 0x7e, but didn't receive it.
ddraw1.c:3563: Test failed: Expected message 0x7e, but didn't receive it.
ddraw1.c:3586: Test failed: Expected message 0x7e, but didn't receive it.
ddraw1.c:3640: Test failed: Expected message 0x7e, but didn't receive it.
ddraw1.c:3739: Test marked flaky: Expected (0,0)-(640,480), got (0,0)-(1280,800).
ddraw1.c:4044: Tests skipped: Following tests require two monitors.
ddraw1.c:4273: Tests skipped: D3D interface is not available, skipping test.
ddraw1.c:4365: Tests skipped: Failed to create a 3D device, skipping test.
ddraw1.c:4597: Tests skipped: Failed to create a 3D device, skipping test.
ddraw1.c:4829: Tests skipped: Failed to create a 3D device, skipping test.
ddraw1.c:4829: Tests skipped: Failed to create a 3D device, skipping test.
ddraw1.c:5169: Tests skipped: Failed to create a 3D device, skipping test.
ddraw1.c:5261: Tests skipped: Failed to create a 3D device, skipping test.
ddraw1.c:5614: Tests skipped: Failed to set 8 bpp display mode, skipping test.
ddraw1.c:6871: Tests skipped: Failed to create a 3D device, skipping test.
ddraw1.c:7103: Tests skipped: Failed to create a 3D device, skipping test.
ddraw1.c:7524: Tests skipped: Failed to create a 3D device, skipping test.
ddraw1.c:7841: Tests skipped: Failed to set 8 bpp display mode, skipping test.
ddraw1.c:8026: Tests skipped: Failed to set 8 bpp display mode, skipping test.
ddraw1.c:8613: Tests skipped: Failed to create a 3D device, skipping test.
ddraw1.c:9029: Tests skipped: Failed to create a 3D device, skipping test.
ddraw1.c:9244: Tests skipped: Failed to create a 3D device, skipping test.
ddraw1.c:9662: Tests skipped: Failed to create a 3D device, skipping test.
ddraw1.c:10084: Tests skipped: Failed to create a 3D device, skipping test.
ddraw1.c:10332: Tests skipped: Failed to create a YV12 overlay, skipping test.
ddraw1.c:10454: Tests skipped: Failed to create a UYVY overlay, skipping test.
ddraw1.c:10534: Tests skipped: Failed to create a UYVY overlay, skipping test.
ddraw1.c:10652: Tests skipped: Failed to create a 3D device, skipping test.
ddraw1.c:10816: Tests skipped: Failed to create a 3D device.
ddraw1.c:11017: Tests skipped: Failed to create surface for format D3DFMT_A2R10G10B10 (hr 0x88760091), skipping tests.
ddraw1.c:11388: Tests skipped: Failed to create a 3D device, skipping test.
ddraw1.c:12144: Tests skipped: Failed to create a 3D device, skipping test.
ddraw1.c:12784: Tests skipped: Failed to create a D3D device, skipping tests.
ddraw1.c:12889: Tests skipped: Failed to create a 3D device, skipping test.
ddraw1.c:13346: Tests skipped: Failed to create a 3D device, skipping test.
ddraw1.c:13512: Tests skipped: Failed to create a 3D device, skipping test.
ddraw1.c:13683: Tests skipped: D3D interface is not available, skipping test.
ddraw1.c:13983: Tests skipped: Failed to create a 3D device.
ddraw1.c:14945: Tests skipped: Failed to create a 3D device, skipping test.
ddraw1.c:14945: Tests skipped: Failed to create a 3D device, skipping test.
ddraw1.c:15359: Tests skipped: Failed to create a 3D device.
ddraw1.c:15675: Tests skipped: D3D interface is not available, skipping test.
ddraw1.c:15798: Tests skipped: Failed to create a 3D device, skipping test.
ddraw1.c:16104: Tests skipped: format UYVY: Failed to create surface, hr 0x88760091.
ddraw1.c:16104: Tests skipped: format YV12: Failed to create surface, hr 0x80004001.
ddraw1.c:16104: Tests skipped: format NV12: Failed to create surface, hr 0x80004001.
1cd0:ddraw1: 4406 tests executed (0 marked as todo, 4 as flaky, 15 failures), 52 skipped.
ddraw:ddraw1:1cd0 done (15) in 17s 5717B
ddraw:ddraw2 start dlls/ddraw/tests/ddraw2.c
ddraw2.c:17394: Driver string: "d3d10warp.dll"
ddraw2.c:17395: Description string: "Red Hat VirtIO GPU DOD controller"
ddraw2.c:17396: Driver version 0.0.0.0
ddraw2.c:1084: Tests skipped: Skipping test that crashes WARP occasionally.
ddraw2.c:1208: Tests skipped: Failed to create a 3D device, skipping test.
ddraw2.c:1342: Tests skipped: Failed to create a 3D device, skipping test.
ddraw2.c:1342: Tests skipped: Failed to create a 3D device, skipping test.
ddraw2.c:1529: Tests skipped: Could not get Direct3DTexture interface, skipping texture::Load color keying tests.
ddraw2.c:1644: Tests skipped: Failed to create a 3D device, skipping test.
ddraw2.c:1878: Tests skipped: Failed to create a 3D device, skipping test.
ddraw2.c:1878: Tests skipped: Failed to create a 3D device, skipping test.
ddraw2.c:1993: Tests skipped: Failed to create a 3D device, skipping test.
ddraw2.c:1993: Tests skipped: Failed to create a 3D device, skipping test.
ddraw2.c:2130: Tests skipped: Failed to create a 3D device, skipping test.
ddraw2.c:2234: Tests skipped: Failed to create a 3D device, skipping test.
ddraw2.c:2462: Tests skipped: Failed to create a 3D device, skipping test.
ddraw2.c:2544: Tests skipped: Failed to create a 3D device, skipping test.
ddraw2.c:3220: Test failed: Expected message 0x46, but didn't receive it.
ddraw2.c:3222: Test failed: Expected screen size 640x480, got 0x0.
ddraw2.c:3227: Test failed: Expected (0,0)-(640,480), got (0,0)-(848,480).
ddraw2.c:3275: Test failed: Expected message 0x46, but didn't receive it.
ddraw2.c:3277: Test failed: Expected screen size 848x480, got 0x0.
ddraw2.c:3282: Test failed: Expected (0,0)-(848,480), got (0,0)-(640,480).
ddraw2.c:713: Test failed: Got unexpected wparam 0x1 for message 0x5, expected 0.
ddraw2.c:3288: Test failed: Expected message 0x7e, but didn't receive it.
ddraw2.c:3299: Test failed: Expected message 0x7e, but didn't receive it.
ddraw2.c:3348: Test marked flaky: Expected message 0x46, but didn't receive it.
ddraw2.c:3351: Test marked flaky: Expected screen size 1280x800, got 0x0.
ddraw2.c:3358: Test marked flaky: Expected (0,0)-(1280,800), got (0,0)-(640,480).
ddraw2.c:3463: Test failed: Expected message 0x7e, but didn't receive it.
ddraw2.c:3493: Test failed: Expected message 0x7e, but didn't receive it.
ddraw2.c:3547: Test failed: Expected message 0x7e, but didn't receive it.
ddraw2.c:3660: Test failed: Expected message 0x7e, but didn't receive it.
ddraw2.c:3683: Test failed: Expected message 0x7e, but didn't receive it.
ddraw2.c:3737: Test failed: Expected message 0x7e, but didn't receive it.
ddraw2.c:3812: Test failed: Expected message 0x5, but didn't receive it.
ddraw2.c:3814: Test failed: Expected screen size 1280x800, got 0x0.
ddraw2.c:3821: Test failed: Expected (0,0)-(1280,800), got (0,0)-(640,480).
ddraw2.c:3897: Test failed: Expected message 0x5, but didn't receive it.
ddraw2.c:3901: Test failed: Expected screen size 2 1280x800, got 0x0.
ddraw2.c:3910: Test failed: Expected (0,0)-(1280,800), got (0,0)-(136,100).
ddraw2.c:4247: Tests skipped: Following tests require two monitors.
ddraw2.c:4549: Tests skipped: Failed to create a 3D device, skipping test.
ddraw2.c:4810: Tests skipped: Failed to create a 3D device, skipping test.
ddraw2.c:5062: Tests skipped: Failed to create a 3D device, skipping test.
ddraw2.c:5338: Tests skipped: Failed to create a 3D device, skipping test.
ddraw2.c:5338: Tests skipped: Failed to create a 3D device, skipping test.
ddraw2.c:5756: Tests skipped: Failed to create a 3D device, skipping test.
ddraw2.c:5848: Tests skipped: Failed to create a 3D device, skipping test.
ddraw2.c:6756: Tests skipped: Failed to set 8 bpp display mode, skipping test.
ddraw2.c:8021: Tests skipped: Failed to create a 3D device, skipping test.
ddraw2.c:8237: Tests skipped: Failed to create a 3D device, skipping test.
ddraw2.c:8594: Tests skipped: Failed to create a 3D device, skipping test.
ddraw2.c:8874: Tests skipped: Failed to set 8 bpp display mode, skipping test.
ddraw2.c:9060: Tests skipped: Failed to set 8 bpp display mode, skipping test.
ddraw2.c:9650: Tests skipped: Failed to create a 3D device, skipping test.
ddraw2.c:9952: Tests skipped: Failed to create a 3D device, skipping test.
ddraw2.c:10167: Tests skipped: Failed to create a 3D device, skipping test.
ddraw2.c:10582: Tests skipped: Failed to create a 3D device, skipping test.
ddraw2.c:10981: Tests skipped: Failed to create a 3D device, skipping test.
ddraw2.c:11210: Tests skipped: Failed to create a YV12 overlay, skipping test.
ddraw2.c:11332: Tests skipped: Failed to create a UYVY overlay, skipping test.
ddraw2.c:11412: Tests skipped: Failed to create a UYVY overlay, skipping test.
ddraw2.c:11530: Tests skipped: Failed to create a 3D device, skipping test.
ddraw2.c:11694: Tests skipped: Failed to create a 3D device.
ddraw2.c:11895: Tests skipped: Failed to create surface for format D3DFMT_A2R10G10B10 (hr 0x88760091), skipping tests.
ddraw2.c:12182: Tests skipped: Failed to create a 3D device, skipping test.
ddraw2.c:12262: Tests skipped: Failed to create a 3D device.
ddraw2.c:12539: Tests skipped: Failed to create a 3D device, skipping test.
ddraw2.c:13867: Tests skipped: Failed to create 3D device.
ddraw2.c:13937: Tests skipped: Failed to create a D3D device, skipping tests.
ddraw2.c:14055: Tests skipped: Failed to create a 3D device, skipping test.
ddraw2.c:14545: Tests skipped: Failed to create a 3D device, skipping test.
ddraw2.c:14733: Tests skipped: D3D interface is not available, skipping test.
ddraw2.c:15030: Tests skipped: Failed to create a 3D device.
ddraw2.c:15872: Tests skipped: Failed to find a display mode with a different frequency.
ddraw2.c:15929: Tests skipped: Failed to create a 3D device, skipping test.
ddraw2.c:15929: Tests skipped: Failed to create a 3D device, skipping test.
ddraw2.c:16329: Tests skipped: Failed to create a 3D device.
ddraw2.c:16710: Tests skipped: D3D interface is not available, skipping test.
ddraw2.c:16765: Tests skipped: Failed to create a 3D device, skipping test.
ddraw2.c:16985: Tests skipped: Failed to create 3D device.
ddraw2.c:17175: Tests skipped: format UYVY: Failed to create surface, hr 0x88760091.
ddraw2.c:17175: Tests skipped: format YV12: Failed to create surface, hr 0x80004001.
ddraw2.c:17175: Tests skipped: format NV12: Failed to create surface, hr 0x80004001.
10a0:ddraw2: 4744 tests executed (0 marked as todo, 3 as flaky, 21 failures), 58 skipped.
ddraw:ddraw2:10a0 done (21) in 19s 6539B
ddraw:ddraw4 start dlls/ddraw/tests/ddraw4.c
ddraw4.c:20475: Driver string: "d3d10warp.dll"
ddraw4.c:20476: Description string: "Red Hat VirtIO GPU DOD controller"
ddraw4.c:20477: Driver version 0.0.0.0
ddraw4.c:777: Tests skipped: Failed to create a 3D device, skipping test.
ddraw4.c:1275: Tests skipped: Failed to create a 3D device, skipping test.
ddraw4.c:1409: Tests skipped: D3D interface is not available, skipping test.
ddraw4.c:1520: Tests skipped: Failed to create a 3D device, skipping test.
ddraw4.c:1520: Tests skipped: Failed to create a 3D device, skipping test.
ddraw4.c:1705: Tests skipped: Could not get Direct3DTexture2 interface, skipping texture::Load color keying tests.
ddraw4.c:1813: Tests skipped: Failed to create a 3D device, skipping test.
ddraw4.c:2125: Tests skipped: Failed to create a 3D device, skipping test.
ddraw4.c:2125: Tests skipped: Failed to create a 3D device, skipping test.
ddraw4.c:2237: Tests skipped: Failed to create a 3D device, skipping test.
ddraw4.c:2237: Tests skipped: Failed to create a 3D device, skipping test.
ddraw4.c:2373: Tests skipped: Failed to create a 3D device, skipping test.
ddraw4.c:2474: Tests skipped: Failed to create a 3D device, skipping test.
ddraw4.c:2704: Tests skipped: Failed to create a 3D device, skipping test.
ddraw4.c:2786: Tests skipped: Failed to create a 3D device, skipping test.
ddraw4.c:3460: Test failed: Expected message 0x46, but didn't receive it.
ddraw4.c:3462: Test failed: Expected screen size 640x480, got 0x0.
ddraw4.c:3467: Test failed: Expected (0,0)-(640,480), got (0,0)-(848,480).
ddraw4.c:3515: Test failed: Expected message 0x46, but didn't receive it.
ddraw4.c:3517: Test failed: Expected screen size 848x480, got 0x0.
ddraw4.c:3522: Test failed: Expected (0,0)-(848,480), got (0,0)-(640,480).
ddraw4.c:715: Test failed: Got ddraw state 0x887600e1 on message 0x46, expected 0.
ddraw4.c:715: Test failed: Got ddraw state 0x887600e1 on message 0x47, expected 0.
ddraw4.c:708: Test failed: Got unexpected wparam 0x1 for message 0x5, expected 0.
ddraw4.c:715: Test failed: Got ddraw state 0x887600e1 on message 0x5, expected 0.
ddraw4.c:3529: Test failed: Expected message 0x7e, but didn't receive it.
ddraw4.c:3542: Test failed: Expected message 0x7e, but didn't receive it.
ddraw4.c:3591: Test marked flaky: Expected message 0x46, but didn't receive it.
ddraw4.c:3594: Test marked flaky: Expected screen size 1280x800, got 0x0.
ddraw4.c:3601: Test marked flaky: Expected (0,0)-(1280,800), got (0,0)-(640,480).
ddraw4.c:3706: Test failed: Expected message 0x7e, but didn't receive it.
ddraw4.c:3729: Test failed: Expected message 0x7e, but didn't receive it.
ddraw4.c:3783: Test failed: Expected message 0x7e, but didn't receive it.
ddraw4.c:3896: Test failed: Expected message 0x7e, but didn't receive it.
ddraw4.c:3919: Test failed: Expected message 0x7e, but didn't receive it.
ddraw4.c:3973: Test failed: Expected message 0x7e, but didn't receive it.
ddraw4.c:4048: Test failed: Expected message 0x5, but didn't receive it.
ddraw4.c:4050: Test failed: Expected screen size 1280x800, got 0x0.
ddraw4.c:4057: Test failed: Expected (0,0)-(1280,800), got (0,0)-(640,480).
ddraw4.c:4133: Test failed: Expected message 0x5, but didn't receive it.
ddraw4.c:4137: Test failed: Expected screen size 2 1280x800, got 0x0.
ddraw4.c:4146: Test failed: Expected (0,0)-(1280,800), got (0,0)-(136,100).
ddraw4.c:4475: Tests skipped: Following tests require two monitors.
ddraw4.c:4760: Tests skipped: Failed to create a 3D device, skipping test.
ddraw4.c:4867: Tests skipped: Failed to create a 3D device, skipping test.
ddraw4.c:5038: Tests skipped: Failed to create a 3D device, skipping test.
ddraw4.c:5517: Tests skipped: Failed to create a 3D device, skipping test.
ddraw4.c:5704: Tests skipped: Failed to create a 3D device, skipping test.
ddraw4.c:6009: Tests skipped: Failed to create a 3D device, skipping test.
ddraw4.c:6444: Tests skipped: Failed to create a 3D device, skipping test.
ddraw4.c:6667: Tests skipped: Failed to create a 3D device, skipping test.
ddraw4.c:6966: Tests skipped: D3D interface is not available, skipping test.
ddraw4.c:6966: Tests skipped: D3D interface is not available, skipping test.
ddraw4.c:7406: Tests skipped: D3D interface is not available, skipping test.
ddraw4.c:7508: Tests skipped: Failed to create a 3D device, skipping test.
ddraw4.c:8438: Tests skipped: Failed to set 8 bpp display mode, skipping test.
ddraw4.c:9929: Tests skipped: Failed to create a 3D device, skipping test.
ddraw4.c:10188: Tests skipped: Failed to set 8 bpp display mode, skipping test.
ddraw4.c:10373: Tests skipped: Failed to set 8 bpp display mode, skipping test.
ddraw4.c:10515: Tests skipped: Failed to create a 3D device, skipping test.
ddraw4.c:11076: Tests skipped: Failed to create a 3D device, skipping test.
ddraw4.c:11588: Tests skipped: Failed to create a 3D device, skipping test.
ddraw4.c:11898: Tests skipped: Failed to create a 3D device, skipping test.
ddraw4.c:12285: Tests skipped: Failed to create a 3D device, skipping test.
ddraw4.c:12508: Tests skipped: Failed to create a 3D device, skipping test.
ddraw4.c:12917: Tests skipped: Failed to create a 3D device, skipping test.
ddraw4.c:13179: Tests skipped: Failed to create a YV12 overlay, skipping test.
ddraw4.c:13301: Tests skipped: Failed to create a UYVY overlay, skipping test.
ddraw4.c:13381: Tests skipped: Failed to create a UYVY overlay, skipping test.
ddraw4.c:13498: Tests skipped: Failed to create a 3D device, skipping test.
ddraw4.c:13666: Tests skipped: Failed to create a 3D device.
ddraw4.c:13813: Tests skipped: Failed to create a 3D device, skipping test.
ddraw4.c:13968: Tests skipped: Failed to create surface for format D3DFMT_A2R10G10B10 (hr 0x88760091), skipping tests.
ddraw4.c:14252: Tests skipped: Failed to create a 3D device, skipping test.
ddraw4.c:14383: Tests skipped: Failed to create a 3D device.
ddraw4.c:14671: Tests skipped: Failed to create a 3D device.
ddraw4.c:16072: Tests skipped: Failed to create a 3D device, skipping test.
ddraw4.c:16186: Tests skipped: Failed to create a 3D device, skipping test.
ddraw4.c:16234: Tests skipped: Failed to create 3D device.
ddraw4.c:16284: Tests skipped: Failed to create 3D device.
ddraw4.c:16376: Tests skipped: Failed to create a D3D device, skipping tests.
ddraw4.c:16551: Tests skipped: Failed to create a D3D device, skipping tests.
ddraw4.c:16679: Tests skipped: Failed to create 3D device.
ddraw4.c:17154: Tests skipped: Failed to create a 3D device, skipping test.
ddraw4.c:17341: Tests skipped: D3D interface is not available, skipping test.
ddraw4.c:17544: Tests skipped: Failed to create a 3D device, skipping test.
ddraw4.c:17780: Tests skipped: Failed to create a 3D device.
ddraw4.c:18474: Tests skipped: Failed to create a 3D device, skipping test.
ddraw4.c:18944: Tests skipped: Failed to find a display mode with a different frequency.
ddraw4.c:19010: Tests skipped: Failed to create a 3D device, skipping test.
ddraw4.c:19010: Tests skipped: Failed to create a 3D device, skipping test.
ddraw4.c:19425: Tests skipped: Failed to create 3D device.
ddraw4.c:19791: Tests skipped: D3D interface is not available, skipping test.
ddraw4.c:19839: Tests skipped: Failed to create a 3D device, skipping test.
ddraw4.c:20002: Tests skipped: D3D interface is not available, skipping test.
ddraw4.c:20060: Tests skipped: Failed to create 3D device.
ddraw4.c:20256: Tests skipped: format UYVY: Failed to create surface, hr 0x88760091.
ddraw4.c:20256: Tests skipped: format YV12: Failed to create surface, hr 0x80004001.
ddraw4.c:20256: Tests skipped: format NV12: Failed to create surface, hr 0x80004001.
229c:ddraw4: 5015 tests executed (0 marked as todo, 3 as flaky, 24 failures), 72 skipped.
ddraw:ddraw4:229c done (24) in 20s 7828B
ddraw:ddraw7 start dlls/ddraw/tests/ddraw7.c
ddraw7.c:20885: Driver string: "d3d10warp.dll"
ddraw7.c:20886: Description string: "Red Hat VirtIO GPU DOD controller"
ddraw7.c:20887: Driver version 0.0.0.0
ddraw7.c:20902: D3D interface is not available.
ddraw7.c:823: Tests skipped: Failed to create a 3D device, skipping test.
ddraw7.c:1359: Tests skipped: Failed to create a 3D device, skipping test.
ddraw7.c:1495: Tests skipped: D3D interface is not available, skipping test.
ddraw7.c:1600: Tests skipped: Hardware device: Failed to create a 3D device, skipping test.
ddraw7.c:1600: Tests skipped: Software device: Failed to create a 3D device, skipping test.
ddraw7.c:1763: Tests skipped: Failed to create a 3D device, skipping test.
ddraw7.c:1858: Tests skipped: Hardware device: Failed to create a 3D device, skipping test.
ddraw7.c:1858: Tests skipped: Software device: Failed to create a 3D device, skipping test.
ddraw7.c:1962: Tests skipped: Hardware device: Failed to create a 3D device, skipping test.
ddraw7.c:1962: Tests skipped: Software device: Failed to create a 3D device, skipping test.
ddraw7.c:2088: Tests skipped: Failed to create a 3D device, skipping test.
ddraw7.c:2182: Tests skipped: Failed to create a 3D device, skipping test.
ddraw7.c:2466: Tests skipped: Failed to create a 3D device, skipping test.
ddraw7.c:2548: Tests skipped: Failed to create a 3D device, skipping test.
ddraw7.c:3221: Test failed: Expected message 0x46, but didn't receive it.
ddraw7.c:3223: Test failed: Expected screen size 640x480, got 0x0.
ddraw7.c:3228: Test failed: Expected (0,0)-(640,480), got (0,0)-(848,480).
ddraw7.c:3276: Test failed: Expected message 0x46, but didn't receive it.
ddraw7.c:3278: Test failed: Expected screen size 848x480, got 0x0.
ddraw7.c:3283: Test failed: Expected (0,0)-(848,480), got (0,0)-(640,480).
ddraw7.c:755: Test failed: Got ddraw state 0x887600e1 on message 0x46, expected 0.
ddraw7.c:755: Test failed: Got ddraw state 0x887600e1 on message 0x47, expected 0.
ddraw7.c:748: Test failed: Got unexpected wparam 0x1 for message 0x5, expected 0.
ddraw7.c:755: Test failed: Got ddraw state 0x887600e1 on message 0x5, expected 0.
ddraw7.c:3290: Test failed: Expected message 0x7e, but didn't receive it.
ddraw7.c:3303: Test failed: Expected message 0x7e, but didn't receive it.
ddraw7.c:3352: Test marked flaky: Expected message 0x46, but didn't receive it.
ddraw7.c:3355: Test marked flaky: Expected screen size 1280x800, got 0x0.
ddraw7.c:3362: Test marked flaky: Expected (0,0)-(1280,800), got (0,0)-(640,480).
ddraw7.c:3467: Test failed: Expected message 0x7e, but didn't receive it.
ddraw7.c:3490: Test failed: Expected message 0x7e, but didn't receive it.
ddraw7.c:3544: Test failed: Expected message 0x7e, but didn't receive it.
ddraw7.c:3657: Test failed: Expected message 0x7e, but didn't receive it.
ddraw7.c:3680: Test failed: Expected message 0x7e, but didn't receive it.
ddraw7.c:3734: Test failed: Expected message 0x7e, but didn't receive it.
ddraw7.c:3809: Test failed: Expected message 0x5, but didn't receive it.
ddraw7.c:3811: Test failed: Expected screen size 1280x800, got 0x0.
ddraw7.c:3818: Test failed: Expected (0,0)-(1280,800), got (0,0)-(640,480).
ddraw7.c:3894: Test failed: Expected message 0x5, but didn't receive it.
ddraw7.c:3898: Test failed: Expected screen size 2 1280x800, got 0x0.
ddraw7.c:3907: Test failed: Expected (0,0)-(1280,800), got (0,0)-(136,100).
ddraw7.c:4236: Tests skipped: Following tests require two monitors.
ddraw7.c:4521: Tests skipped: Failed to create a 3D device, skipping test.
ddraw7.c:4626: Tests skipped: Failed to create a 3D device, skipping test.
ddraw7.c:4793: Tests skipped: Failed to create a 3D device, skipping test.
ddraw7.c:5292: Tests skipped: Failed to create a 3D device, skipping test.
ddraw7.c:5453: Tests skipped: Failed to create a 3D device, skipping test.
ddraw7.c:5656: Tests skipped: Failed to create a 3D device, skipping test.
ddraw7.c:5849: Tests skipped: Failed to create a 3D device, skipping test.
ddraw7.c:6288: Tests skipped: Failed to create a 3D device, skipping test.
ddraw7.c:6511: Tests skipped: Failed to create a 3D device, skipping test.
ddraw7.c:6810: Tests skipped: Hardware device: D3D interface is not available, skipping test.
ddraw7.c:6810: Tests skipped: Software device: D3D interface is not available, skipping test.
ddraw7.c:7285: Tests skipped: D3D interface is not available, skipping test.
ddraw7.c:7423: Tests skipped: Failed to create a 3D device, skipping test.
ddraw7.c:7723: Tests skipped: Failed to create 3D device.
ddraw7.c:8064: Tests skipped: Mipmaps are not supported.
ddraw7.c:8406: Tests skipped: Failed to set 8 bpp display mode, skipping test.
ddraw7.c:8581: Tests skipped: Failed to create a texture, skipping tests.
ddraw7.c:9011: Tests skipped: Mipmapped textures not supported, skipping mipmap private data test.
ddraw7.c:9495: Tests skipped: Mipmapped textures not supported, skipping tests.
ddraw7.c:9600: Tests skipped: Mipmapped textures not supported, skipping mipmap palette test.
ddraw7.c:9859: Tests skipped: Failed to create a 3D device, skipping test.
ddraw7.c:10050: Tests skipped: Failed to set 8 bpp display mode, skipping test.
ddraw7.c:10235: Tests skipped: Failed to set 8 bpp display mode, skipping test.
ddraw7.c:10382: Tests skipped: Failed to create a 3D device, skipping test.
ddraw7.c:11088: Tests skipped: Failed to create a 3D device, skipping test.
ddraw7.c:11243: Tests skipped: Failed to create a 3D device, skipping test.
ddraw7.c:11427: Tests skipped: Failed to create a 3D device, skipping test.
ddraw7.c:11538: Tests skipped: Failed to create a 3D device, skipping test.
ddraw7.c:11697: Tests skipped: Failed to create a 3D device, skipping test.
ddraw7.c:11986: Tests skipped: Failed to create a 3D device, skipping test.
ddraw7.c:12377: Tests skipped: Failed to create a 3D device, skipping test.
ddraw7.c:12613: Tests skipped: Failed to create a 3D device, skipping test.
ddraw7.c:13012: Tests skipped: Failed to create a 3D device, skipping test.
ddraw7.c:13284: Tests skipped: Failed to create a YV12 overlay, skipping test.
ddraw7.c:13406: Tests skipped: Failed to create a UYVY overlay, skipping test.
ddraw7.c:13486: Tests skipped: Failed to create a UYVY overlay, skipping test.
ddraw7.c:13603: Tests skipped: Failed to create a 3D device, skipping test.
ddraw7.c:13771: Tests skipped: Failed to create a 3D device.
ddraw7.c:13916: Tests skipped: Failed to create a 3D device, skipping test.
ddraw7.c:14180: Tests skipped: Failed to create cube texture for format D3DFMT_A8R8G8B8 (hr 0x80004002), skipping tests.
ddraw7.c:14180: Tests skipped: Failed to create cube texture for format D3DFMT_X8R8G8B8 (hr 0x80004002), skipping tests.
ddraw7.c:14180: Tests skipped: Failed to create cube texture for format D3DFMT_R5G6B5 (hr 0x80004002), skipping tests.
ddraw7.c:14180: Tests skipped: Failed to create cube texture for format D3DFMT_X1R5G5B5 (hr 0x80004002), skipping tests.
ddraw7.c:14180: Line has been silenced after 4 occurrences
ddraw7.c:14070: Tests skipped: Failed to create surface for format D3DFMT_A2R10G10B10 (hr 0x88760091), skipping tests.
ddraw7.c:14070: Tests skipped: Failed to create surface for format D3DFMT_R3G3B2 (hr 0x80004002), skipping tests.
ddraw7.c:14070: Tests skipped: Failed to create surface for format D3DFMT_DXT1 (hr 0x80004002), skipping tests.
ddraw7.c:14070: Tests skipped: Failed to create surface for format D3DFMT_DXT2 (hr 0x80004002), skipping tests.
ddraw7.c:14070: Line has been silenced after 4 occurrences
ddraw7.c:14356: Tests skipped: Failed to create a 3D device, skipping test.
ddraw7.c:14491: Tests skipped: Failed to create a 3D device.
ddraw7.c:14729: Tests skipped: SetDisplayMode failed, skipping test.ddraw7.c:14819: Tests skipped: Failed to create surface, type systemmemory texture.
ddraw7.c:14819: Tests skipped: Failed to create surface, type videomemory texture.
ddraw7.c:15557: Tests skipped: Failed to create a 3D device, skipping test.
ddraw7.c:15679: Tests skipped: Failed to create a 3D device, skipping test.
ddraw7.c:15726: Tests skipped: Failed to create 3D device.
ddraw7.c:15797: Tests skipped: Failed to create 3D device.
ddraw7.c:15844: Tests skipped: Failed to create 3D device.
ddraw7.c:15934: Tests skipped: Failed to create a D3D device, skipping tests.
ddraw7.c:16116: Tests skipped: Failed to create a D3D device, skipping tests.
ddraw7.c:16260: Tests skipped: Failed to create 3D device.
ddraw7.c:16513: Tests skipped: Failed to create a texture, skipping tests.
ddraw7.c:16693: Tests skipped: Failed to create a 3D device, skipping test.
ddraw7.c:16931: Tests skipped: Failed to create a 3D device, skipping test.
ddraw7.c:17390: Tests skipped: Failed to create a 3D device, skipping test.
ddraw7.c:17529: Tests skipped: Failed to create a 3D device, skipping test.
ddraw7.c:17757: Tests skipped: Failed to create 3D device.
ddraw7.c:17858: Tests skipped: Failed to create a 3D device.
ddraw7.c:18100: Tests skipped: Failed to create 3D device.
ddraw7.c:18607: Tests skipped: Failed to create a 3D device, skipping test.
ddraw7.c:18817: Tests skipped: Failed to create a 3D device, skipping test.
ddraw7.c:19324: Tests skipped: Failed to find a display mode with a different frequency.
ddraw7.c:19381: Tests skipped: Hardware device: Failed to create a 3D device, skipping test.
ddraw7.c:19381: Tests skipped: Software device: Failed to create a 3D device, skipping test.
ddraw7.c:19788: Tests skipped: Failed to create 3D device.
ddraw7.c:19952: Tests skipped: D3D interface is not available, skipping test.
ddraw7.c:639: Tests skipped: Hardware device: Failed to create a D3D device.
ddraw7.c:639: Tests skipped: Software device: Failed to create a D3D device.
ddraw7.c:662: Tests skipped: Failed to create a D3D device.
ddraw7.c:20287: Tests skipped: Failed to create a 3D device, skipping test.
ddraw7.c:20412: Tests skipped: D3D interface is not available, skipping test.
ddraw7.c:20469: Tests skipped: Failed to create 3D device.
ddraw7.c:20656: Tests skipped: format UYVY: Failed to create surface, hr 0x88760091.
ddraw7.c:20656: Tests skipped: format YV12: Failed to create surface, hr 0x80004001.
ddraw7.c:20656: Tests skipped: format NV12: Failed to create surface, hr 0x80004001.
2240:ddraw7: Silenced 0 todos, 4 skips and 0 traces.
2240:ddraw7: 3406 tests executed (0 marked as todo, 3 as flaky, 24 failures), 99 skipped.
ddraw:ddraw7:2240 done (24) in 21s 10507B
ddraw:ddrawmodes start dlls/ddraw/tests/ddrawmodes.c
ddrawmodes.c:144: Calling DirectDrawEnumerateA with test_nullcontext_callbackA callback and NULL context.
ddrawmodes.c:110: test_nullcontext_callbackA: 0000000000000000 Primary Display Driver display 0000000000000000
ddrawmodes.c:149: Calling DirectDrawEnumerateA with test_context_callbackA callback and non-NULL context.
ddrawmodes.c:121: test_context_callbackA: 0000000000000000 Primary Display Driver display 00000000DEADBEEF
ddrawmodes.c:245: Calling DirectDrawEnumerateExA with empty flags and NULL context.
ddrawmodes.c:193: test_nullcontext_callbackExA: 0000000000000000 Primary Display Driver display 0000000000000000 0000000000000000
ddrawmodes.c:250: Calling DirectDrawEnumerateExA with empty flags and non-NULL context.
ddrawmodes.c:204: test_context_callbackExA: 0000000000000000 Primary Display Driver display 00000000DEADBEEF 0000000000000000
ddrawmodes.c:217: test_count_callbackExA: 0000000000000000 Primary Display Driver display 00000026899DF8B0 0000000000000000
ddrawmodes.c:217: test_count_callbackExA: 0000000000000000 Primary Display Driver display 00000026899DF8B0 0000000000000000
ddrawmodes.c:270: Calling DirectDrawEnumerateExA with all flags set and NULL context.
ddrawmodes.c:193: test_nullcontext_callbackExA: 0000000000000000 Primary Display Driver display 0000000000000000 0000000000000000
1978:ddrawmodes: 166 tests executed (0 marked as todo, 0 as flaky, 0 failures), 0 skipped.
ddraw:ddrawmodes:1978 done (0) in 0s 1426B
ddraw:dsurface start dlls/ddraw/tests/dsurface.c
dsurface.c:2365: Tests skipped: D3DFMT_UYVY surfaces not supported, skipping partial block lock test
dsurface.c:2365: Tests skipped: D3DFMT_YUY2 surfaces not supported, skipping partial block lock test
1e08:dsurface: 1206 tests executed (0 marked as todo, 0 as flaky, 0 failures), 2 skipped.
ddraw:dsurface:1e08 done (0) in 0s 295B
ddraw:refcount start dlls/ddraw/tests/refcount.c
refcount.c:252: Tests skipped: no IDirect3D7 support
refcount.c:373: Tests skipped: no IDirect3D support
1f70:refcount: 49 tests executed (0 marked as todo, 0 as flaky, 0 failures), 2 skipped.
ddraw:refcount:1f70 done (0) in 0s 196B
ddraw:visual start dlls/ddraw/tests/visual.c
visual.c:1606: Tests skipped: Cannot initialize DirectDraw and Direct3D, skipping
0a44:visual: 3 tests executed (0 marked as todo, 0 as flaky, 0 failures), 1 skipped.
ddraw:visual:0a44 done (0) in 0s 169B
devenum:devenum start dlls/devenum/tests/devenum.c
devenum.c:1102: Tests skipped: VFW codecs are not enumerated on 64-bit Windows
07dc:devenum: 1593 tests executed (0 marked as todo, 0 as flaky, 0 failures), 1 skipped.
devenum:devenum:07dc done (0) in 1s 170B
dhcpcsvc:dhcpcsvc start dlls/dhcpcsvc/tests/dhcpcsvc.c
dhcpcsvc.c:57: adapter 'L"Red Hat VirtIO Ethernet Adapter"' type 6 dhcpv4 enabled 1
dhcpcsvc.c:108: 0: Data 00000194E3081430 (00ffffff) nBytesData 4 OptionId 1 Flags 00000000 IsVendor 0
dhcpcsvc.c:108: 1: Data 00000194E3081434 (01141414) nBytesData 4 OptionId 3 Flags 00000000 IsVendor 0
dhcpcsvc.c:121: 2: Data 00000194E3081438 (qemu) nBytesData 4 OptionId 12 Flags 00000000 IsVendor 0
dhcpcsvc.c:108: 3: Data 00000194E308143C (ff141414) nBytesData 4 OptionId 28 Flags 00000000 IsVendor 0
dhcpcsvc.c:57: adapter 'L"Software Loopback Interface 1"' type 24 dhcpv4 enabled 0
059c:dhcpcsvc: 7 tests executed (0 marked as todo, 0 as flaky, 0 failures), 0 skipped.
dhcpcsvc:dhcpcsvc:059c done (0) in 0s 667B
dinput:device8 start dlls/dinput/tests/device8.c
device8.c:3270: Subtest hid
device8.c:3270: Subtest driver
device8.c:3270: Subtest driver_bus
device8.c:3270: Subtest driver_hid
device8.c:3270: Subtest driver_hid_poll
device8.c:2337: Tests skipped: 0x500: keyboard type 0x4 doesn't match for lang 0x411
device8.c:2465: Tests skipped: 0x500: keyboard type 0x4 doesn't match for lang 0x411
device8.c:2337: Tests skipped: 0x700: keyboard type 0x4 doesn't match for lang 0x411
device8.c:2465: Tests skipped: 0x700: keyboard type 0x4 doesn't match for lang 0x411
device8.c:2337: Tests skipped: 0x800: keyboard type 0x4 doesn't match for lang 0x411
device8.c:2465: Tests skipped: 0x800: keyboard type 0x4 doesn't match for lang 0x411
0004:driver_hid: 54 tests executed (0 marked as todo, 0 as flaky, 0 failures), 0 skipped.
0004:driver_hid: 61 tests executed (0 marked as todo, 0 as flaky, 0 failures), 0 skipped.
0004:driver_hid: 96 tests executed (0 marked as todo, 0 as flaky, 0 failures), 0 skipped.
0004:driver_hid_poll: 404 tests executed (0 marked as todo, 0 as flaky, 0 failures), 0 skipped.
0004:driver_bus: 212 tests executed (0 marked as todo, 0 as flaky, 0 failures), 0 skipped.
0a00:device8: 4542 tests executed (0 marked as todo, 0 as flaky, 0 failures), 6 skipped.
dinput:device8:0a00 done (0) in 10s 1242B
dinput:dinput start dlls/dinput/tests/dinput.c
dinput.c:1067: Subtest hid
dinput.c:1067: Subtest driver
dinput.c:1067: Subtest driver_bus
dinput.c:1067: Subtest driver_hid
dinput.c:1067: Subtest driver_hid_poll
dinput.c:828: Tests skipped: Failed to instantiate a IDirectInputJoyConfig8 instance: 0x0x80004002
0e58:dinput: 2523 tests executed (0 marked as todo, 0 as flaky, 0 failures), 1 skipped.
dinput:dinput:0e58 done (0) in 0s 358B
dinput:force_feedback start dlls/dinput/tests/force_feedback.c
force_feedback.c:7964: Subtest hid
force_feedback.c:7964: Subtest driver
force_feedback.c:7964: Subtest driver_bus
force_feedback.c:7964: Subtest driver_hid
force_feedback.c:7964: Subtest driver_hid_poll
force_feedback.c:7276: Test failed: WaitForSingleObject returned 0x102
force_feedback.c:7296: Test failed: got size 0
force_feedback.c:7298: Test failed: GetAt returned 0x8000000b
force_feedback.c:7301: this is the last test seen before the exception
1468:force_feedback: unhandled exception c0000005 at 00007FF74DE72FE3
dinput:force_feedback:1468 done (-1073741819) in 9s 535B
dinput:hid start dlls/dinput/tests/hid.c
hid.c:4124: Subtest hid
hid.c:4124: Subtest driver
hid.c:4124: Subtest driver_bus
hid.c:4124: Subtest driver_hid
hid.c:4124: Subtest driver_hid_poll
hid.c:671: Test failed: failed to create device, error 0xe0000207
hid.c:674: Test failed: failed to create set hardware ID, error 87
hid.c:677: Test failed: failed to register device, error 87
0004:driver_hid: 61 tests executed (0 marked as todo, 0 as flaky, 0 failures), 0 skipped.
0004:driver_bus: 4292 tests executed (0 marked as todo, 0 as flaky, 0 failures), 0 skipped.
0004:driver_bus: 3 tests executed (0 marked as todo, 0 as flaky, 0 failures), 0 skipped.
0004:driver_hid: 47 tests executed (0 marked as todo, 0 as flaky, 0 failures), 0 skipped.
0004:driver_bus: 21 tests executed (0 marked as todo, 0 as flaky, 0 failures), 0 skipped.
hid.c:2651: Test failed: id 0 poll: WaitForSingleObject returned 0x102
hid.c:2651: Test failed: id 1 poll: WaitForSingleObject returned 0x102
0004:driver_hid: 47 tests executed (0 marked as todo, 0 as flaky, 0 failures), 0 skipped.
0004:driver_hid: 180 tests executed (0 marked as todo, 0 as flaky, 0 failures), 0 skipped.
0004:driver_hid: 152 tests executed (0 marked as todo, 0 as flaky, 0 failures), 0 skipped.
0004:driver_hid_poll: 166 tests executed (0 marked as todo, 0 as flaky, 0 failures), 0 skipped.
0004:driver_hid_poll: 138 tests executed (0 marked as todo, 0 as flaky, 0 failures), 0 skipped.
0004:driver_hid: 75 tests executed (0 marked as todo, 0 as flaky, 0 failures), 0 skipped.
0004:driver_bus: 531 tests executed (0 marked as todo, 0 as flaky, 0 failures), 0 skipped.
1344:hid: 10076 tests executed (0 marked as todo, 0 as flaky, 5 failures), 0 skipped.
dinput:hid:1344 done (5) in 25s 1689B
dinput:hotplug start dlls/dinput/tests/hotplug.c
hotplug.c:1610: Subtest hid
hotplug.c:1610: Subtest driver
hotplug.c:1610: Subtest driver_bus
hotplug.c:1610: Subtest driver_hid
hotplug.c:1610: Subtest driver_hid_poll
0004:driver_hid: 54 tests executed (0 marked as todo, 0 as flaky, 0 failures), 0 skipped.
0004:driver_hid: 47 tests executed (0 marked as todo, 0 as flaky, 0 failures), 0 skipped.
0004:driver_hid: 54 tests executed (0 marked as todo, 0 as flaky, 0 failures), 0 skipped.
0004:driver_hid: 47 tests executed (0 marked as todo, 0 as flaky, 0 failures), 0 skipped.
0004:driver_hid: 54 tests executed (0 marked as todo, 0 as flaky, 0 failures), 0 skipped.
0004:driver_hid: 47 tests executed (0 marked as todo, 0 as flaky, 0 failures), 0 skipped.
0004:driver_hid: 47 tests executed (0 marked as todo, 0 as flaky, 0 failures), 0 skipped.
0004:driver_hid: 47 tests executed (0 marked as todo, 0 as flaky, 0 failures), 0 skipped.
0004:driver_hid: 47 tests executed (0 marked as todo, 0 as flaky, 0 failures), 0 skipped.
0004:driver_hid: 47 tests executed (0 marked as todo, 0 as flaky, 0 failures), 0 skipped.
0004:driver_hid: 47 tests executed (0 marked as todo, 0 as flaky, 0 failures), 0 skipped.
0004:driver_hid: 47 tests executed (0 marked as todo, 0 as flaky, 0 failures), 0 skipped.
0004:driver_bus: 219 tests executed (0 marked as todo, 0 as flaky, 0 failures), 0 skipped.
1a2c:hotplug: 1550 tests executed (0 marked as todo, 0 as flaky, 0 failures), 0 skipped.
dinput:hotplug:1a2c done (0) in 3s 1448B
dinput:joystick8 start dlls/dinput/tests/joystick8.c
joystick8.c:5994: Subtest hid
joystick8.c:5994: Subtest driver
joystick8.c:5994: Subtest driver_bus
joystick8.c:5994: Subtest driver_hid
joystick8.c:5994: Subtest driver_hid_poll
joystick8.c:2329: Test failed: 0x500: failed to create foreground window
joystick8.c:2329: Test failed: 0x700: failed to create foreground window
joystick8.c:2329: Test failed: 0x800: failed to create foreground window
joystick8.c:5482: Test failed: failed to create foreground window
joystick8.c:5630: Test failed: state[0]: got wParam 0x1
joystick8.c:5630: Test failed: state[1]: got wParam 0x1
joystick8.c:5630: Test failed: state[2]: got wParam 0x1
joystick8.c:5630: Test failed: state[3]: got wParam 0x1
joystick8.c:5630: Test failed: state[4]: got wParam 0x1
joystick8.c:5630: Test failed: state[5]: got wParam 0x1
joystick8.c:5665: Test failed: got wParam 0x1
joystick8.c:5684: Test failed: got wParam 0x1
joystick8.c:5725: Test failed: got wParam 0x1
joystick8.c:5734: Test failed: got wParam 0x1
18a8:joystick8: 41 tests executed (0 marked as todo, 0 as flaky, 0 failures), 0 skipped.
1e80:joystick8: 43 tests executed (0 marked as todo, 0 as flaky, 0 failures), 0 skipped.
0004:driver_hid: 54 tests executed (0 marked as todo, 0 as flaky, 0 failures), 0 skipped.
0004:driver_hid: 54 tests executed (0 marked as todo, 0 as flaky, 0 failures), 0 skipped.
0004:driver_hid: 54 tests executed (0 marked as todo, 0 as flaky, 0 failures), 0 skipped.
0004:driver_hid: 54 tests executed (0 marked as todo, 0 as flaky, 0 failures), 0 skipped.
0004:driver_hid: 54 tests executed (0 marked as todo, 0 as flaky, 0 failures), 0 skipped.
0004:driver_hid: 54 tests executed (0 marked as todo, 0 as flaky, 0 failures), 0 skipped.
0004:driver_hid: 54 tests executed (0 marked as todo, 0 as flaky, 0 failures), 0 skipped.
0004:driver_hid: 68 tests executed (0 marked as todo, 0 as flaky, 0 failures), 0 skipped.
0004:driver_hid: 54 tests executed (0 marked as todo, 0 as flaky, 0 failures), 0 skipped.
0004:driver_hid: 54 tests executed (0 marked as todo, 0 as flaky, 0 failures), 0 skipped.
0004:driver_hid: 54 tests executed (0 marked as todo, 0 as flaky, 0 failures), 0 skipped.
0004:driver_hid: 54 tests executed (0 marked as todo, 0 as flaky, 0 failures), 0 skipped.
0004:driver_hid: 54 tests executed (0 marked as todo, 0 as flaky, 0 failures), 0 skipped.
0004:driver_hid: 54 tests executed (0 marked as todo, 0 as flaky, 0 failures), 0 skipped.
0004:driver_hid: 54 tests executed (0 marked as todo, 0 as flaky, 0 failures), 0 skipped.
0004:driver_hid: 54 tests executed (0 marked as todo, 0 as flaky, 0 failures), 0 skipped.
0004:driver_hid: 54 tests executed (0 marked as todo, 0 as flaky, 0 failures), 0 skipped.
0004:driver_hid: 54 tests executed (0 marked as todo, 0 as flaky, 0 failures), 0 skipped.
0004:driver_hid: 54 tests executed (0 marked as todo, 0 as flaky, 0 failures), 0 skipped.
0004:driver_hid: 54 tests executed (0 marked as todo, 0 as flaky, 0 failures), 0 skipped.
0004:driver_hid: 54 tests executed (0 marked as todo, 0 as flaky, 0 failures), 0 skipped.
0004:driver_hid: 54 tests executed (0 marked as todo, 0 as flaky, 0 failures), 0 skipped.
0004:driver_hid: 285 tests executed (0 marked as todo, 0 as flaky, 0 failures), 0 skipped.
0004:driver_hid: 285 tests executed (0 marked as todo, 0 as flaky, 0 failures), 0 skipped.
0004:driver_hid: 334 tests executed (0 marked as todo, 0 as flaky, 0 failures), 0 skipped.
0004:driver_hid: 54 tests executed (0 marked as todo, 0 as flaky, 0 failures), 0 skipped.
0004:driver_hid: 54 tests executed (0 marked as todo, 0 as flaky, 0 failures), 0 skipped.
0004:driver_hid: 47 tests executed (0 marked as todo, 0 as flaky, 0 failures), 0 skipped.
0004:driver_hid: 47 tests executed (0 marked as todo, 0 as flaky, 0 failures), 0 skipped.
0004:driver_hid: 369 tests executed (0 marked as todo, 0 as flaky, 0 failures), 0 skipped.
0004:driver_hid: 47 tests executed (0 marked as todo, 0 as flaky, 0 failures), 0 skipped.
0004:driver_hid: 47 tests executed (0 marked as todo, 0 as flaky, 0 failures), 0 skipped.
0004:driver_bus: 1011 tests executed (0 marked as todo, 0 as flaky, 0 failures), 0 skipped.
0120:joystick8: 9951 tests executed (0 marked as todo, 0 as flaky, 14 failures), 0 skipped.
dinput:joystick8:0120 done (14) in 13s 4285B
directmanipulation:manipulation start dlls/directmanipulation/tests/manipulation.c
1fb0:manipulation: 2 tests executed (0 marked as todo, 0 as flaky, 0 failures), 0 skipped.
directmanipulation:manipulation:1fb0 done (0) in 0s 92B
dispex:marshal start dlls/dispex/tests/marshal.c
marshal.c:153: QI {ecc8691b-c1db-4dc0-855e-65f6c551af49}
marshal.c:153: QI {94ea2b94-e9cc-49e0-c0ff-ee64ca8f5b90}
marshal.c:153: QI {2132b005-c604-4354-85bd-8f2e24181b0c}
marshal.c:153: QI {00000003-0000-0000-c000-000000000046}
marshal.c:153: Line has been silenced after 4 occurrences
marshal.c:171: AddRef
marshal.c:171: AddRef
marshal.c:180: Release
marshal.c:171: AddRef
marshal.c:171: AddRef
marshal.c:180: Release
marshal.c:180: Release
marshal.c:180: Release
marshal.c:180: Line has been silenced after 4 occurrences
2190:marshal: Silenced 0 todos, 0 skips and 34 traces.
2190:marshal: 23 tests executed (0 marked as todo, 0 as flaky, 0 failures), 0 skipped.
dispex:marshal:2190 done (0) in 0s 682B
dmband:dmband start dlls/dmband/tests/dmband.c
dmband.c:602: Tests skipped: dmband not available
04e0:dmband: 0 tests executed (0 marked as todo, 0 as flaky, 0 failures), 1 skipped.
dmband:dmband:04e0 done (0) in 0s 137B
dmcompos:dmcompos start dlls/dmcompos/tests/dmcompos.c
dmcompos.c:660: Tests skipped: dmcompos not available
15a0:dmcompos: 0 tests executed (0 marked as todo, 0 as flaky, 0 failures), 1 skipped.
dmcompos:dmcompos:15a0 done (0) in 0s 143B
dmime:dmime start dlls/dmime/tests/dmime.c
dmime.c:5197: Tests skipped: dmime not available
1e08:dmime: 0 tests executed (0 marked as todo, 0 as flaky, 0 failures), 1 skipped.
dmime:dmime:1e08 done (0) in 0s 135B
dmloader:loader start dlls/dmloader/tests/loader.c
loader.c:182: Tests skipped: CoCreateInstance failed.
1274:loader: 89 tests executed (0 marked as todo, 0 as flaky, 0 failures), 1 skipped.
dmloader:loader:1274 done (0) in 0s 142B
dmscript:dmscript start dlls/dmscript/tests/dmscript.c
dmscript.c:418: Tests skipped: dmscript not available
1fb4:dmscript: 0 tests executed (0 marked as todo, 0 as flaky, 0 failures), 1 skipped.
dmscript:dmscript:1fb4 done (0) in 0s 143B
dmstyle:dmstyle start dlls/dmstyle/tests/dmstyle.c
dmstyle.c:669: Tests skipped: dmstyle not available
22c8:dmstyle: 0 tests executed (0 marked as todo, 0 as flaky, 0 failures), 1 skipped.
dmstyle:dmstyle:22c8 done (0) in 0s 140B
dmsynth:dmsynth start dlls/dmsynth/tests/dmsynth.c
dmsynth.c:1235: Rendered samples to L"C:\\Users\\Docker\\AppData\\Local\\Temp\\synC003.tmp"
1d84:dmsynth: 520 tests executed (0 marked as todo, 0 as flaky, 0 failures), 0 skipped.
dmsynth:dmsynth:1d84 done (0) in 0s 182B
dmusic:dmusic start dlls/dmusic/tests/dmusic.c
dmusic.c:175: Port 0:
dmusic.c:176:   dwFlags            = 100
dmusic.c:177:   guidPort           = {baf266c6-29b1-461c-879e-e609ad2bfdbd}
dmusic.c:178:   dwClass            = 1
dmusic.c:179:   dwType             = 0
dmusic.c:180:   dwMemorySize       = 0
dmusic.c:181:   dwMaxChannelGroups = 1
dmusic.c:182:   dwMaxVoices        = 0
dmusic.c:183:   dwMaxAudioChannels = 0
dmusic.c:184:   dwEffectFlags      = 0
dmusic.c:185:   wszDescription     = L"Microsoft MIDI Mapper [Emulated]"
dmusic.c:175: Port 1:
dmusic.c:176:   dwFlags            = 100
dmusic.c:177:   guidPort           = {580fb1fa-8820-435b-a1c5-5fce42469b7e}
dmusic.c:178:   dwClass            = 1
dmusic.c:179:   dwType             = 0
dmusic.c:180:   dwMemorySize       = 0
dmusic.c:181:   dwMaxChannelGroups = 1
dmusic.c:182:   dwMaxVoices        = 0
dmusic.c:183:   dwMaxAudioChannels = 0
dmusic.c:184:   dwEffectFlags      = 0
dmusic.c:185:   wszDescription     = L"Microsoft GS Wavetable Synth [Emulated]"
dmusic.c:175: Port 2:
dmusic.c:176:   dwFlags            = e85
dmusic.c:177:   guidPort           = {58c2b4d0-46e7-11d1-89ac-00a0c9054129}
dmusic.c:178:   dwClass            = 1
dmusic.c:179:   dwType             = 1
dmusic.c:180:   dwMemorySize       = 2147483647
dmusic.c:181:   dwMaxChannelGroups = 1000
dmusic.c:182:   dwMaxVoices        = 1000
dmusic.c:183:   dwMaxAudioChannels = 2
dmusic.c:184:   dwEffectFlags      = 1
dmusic.c:185:   wszDescription     = L"Microsoft Synthesizer"
dmusic.c:785: Test failed: ParseDescriptor failed: 0x88781210, expected S_OK
dmusic.c:786: Test failed: Got valid data 0, expected DMUS_OBJ_CLASS
dmusic.c:1014: Port wszDescription: L"Microsoft Synthesizer"
dmusic.c:1635: 234: got 0x80000038 L"SFX         "
dmusic.c:1635: 233: got 0x80000030 L"Orchestra   "
dmusic.c:1635: 232: got 0x80000028 L"Brush       "
dmusic.c:1635: 231: got 0x80000020 L"Jazz        "
dmusic.c:1635: Line has been silenced after 4 occurrences
1d5c:dmusic: Silenced 0 todos, 0 skips and 231 traces.
1d5c:dmusic: 667 tests executed (0 marked as todo, 0 as flaky, 2 failures), 0 skipped.
dmusic:dmusic:1d5c done (2) in 0s 2120B
dnsapi:cache start dlls/dnsapi/tests/cache.c
12ac:cache: 3 tests executed (0 marked as todo, 0 as flaky, 0 failures), 0 skipped.
dnsapi:cache:12ac done (0) in 0s 85B
dnsapi:name start dlls/dnsapi/tests/name.c
03a0:name: 124 tests executed (0 marked as todo, 0 as flaky, 0 failures), 0 skipped.
dnsapi:name:03a0 done (0) in 0s 86B
dnsapi:query start dlls/dnsapi/tests/query.c
query.c:205: Tests skipped: computer is not in a domain
1a2c:query: 63 tests executed (0 marked as todo, 0 as flaky, 0 failures), 1 skipped.
dnsapi:query:1a2c done (0) in 1s 143B
dnsapi:record start dlls/dnsapi/tests/record.c
1f7c:record: 136 tests executed (0 marked as todo, 0 as flaky, 0 failures), 0 skipped.
dnsapi:record:1f7c done (0) in 0s 88B
dplayx:dplayx start dlls/dplayx/tests/dplayx.c
dplayx.c:10713: Tests skipped: dplayx is missing or a stub dll, skipping tests
1690:dplayx: 0 tests executed (0 marked as todo, 0 as flaky, 0 failures), 1 skipped.
dplayx:dplayx:1690 done (0) in 0s 166B
dpvoice:voice start dlls/dpvoice/tests/voice.c
voice.c:342: Tests skipped: IDirectPlayVoiceClient not supported on this platform
voice.c:143: Tests skipped: IDirectPlayVoiceServer not supported on this platform
voice.c:551: Tests skipped: server failed to initialize
1848:voice: 1 tests executed (0 marked as todo, 0 as flaky, 0 failures), 3 skipped.
dpvoice:voice:1848 done (0) in 0s 308B
dsdmo:dsdmo start dlls/dsdmo/tests/dsdmo.c
10c8:dsdmo: 3011 tests executed (0 marked as todo, 0 as flaky, 0 failures), 0 skipped.
dsdmo:dsdmo:10c8 done (0) in 0s 88B
dsound:capture start dlls/dsound/tests/capture.c
capture.c:699: Tests skipped: No driver
capture.c:185: Testing IDirectSoundCapture
capture.c:140:   No Driver
capture.c:140:   No Driver
capture.c:140:   No Driver
capture.c:449: *** Testing Primary Sound Capture Driver -  ***
capture.c:459:   No Driver
0284:capture: 33 tests executed (0 marked as todo, 0 as flaky, 0 failures), 1 skipped.
dsound:capture:0284 done (0) in 0s 349B
dsound:ds3d start dlls/dsound/tests/ds3d.c
ds3d.c:1577: *** Testing Primary Sound Driver -  ***
ds3d.c:1592:   Testing the primary buffer
ds3d.c:1595:   Testing 3D primary buffer
ds3d.c:1598:   Testing 3D primary buffer with listener
ds3d.c:1577: *** Testing Speakers (High Definition Audio Device) - {0.0.0.00000000}.{ba6bf41b-fc66-44f7-a0d3-171f251819e8} ***
ds3d.c:1592:   Testing the primary buffer
ds3d.c:1595:   Testing 3D primary buffer
ds3d.c:1598:   Testing 3D primary buffer with listener
ds3d.c:1627: tested 2 DirectSound drivers
0be0:ds3d: 4009 tests executed (0 marked as todo, 0 as flaky, 0 failures), 0 skipped.
dsound:ds3d:0be0 done (0) in 1s 594B
dsound:ds3d8 start dlls/dsound/tests/ds3d8.c
ds3d8.c:1090: *** Testing Primary Sound Driver -  ***
ds3d8.c:1105:   Testing the primary buffer
ds3d8.c:1108:   Testing 3D primary buffer
ds3d8.c:1111:   Testing 3D primary buffer with listener
ds3d8.c:1090: *** Testing Speakers (High Definition Audio Device) - {0.0.0.00000000}.{ba6bf41b-fc66-44f7-a0d3-171f251819e8} ***
ds3d8.c:1105:   Testing the primary buffer
ds3d8.c:1108:   Testing 3D primary buffer
ds3d8.c:1111:   Testing 3D primary buffer with listener
ds3d8.c:1138: tested 2 DirectSound drivers
1034:ds3d8: 757 tests executed (0 marked as todo, 0 as flaky, 0 failures), 0 skipped.
dsound:ds3d8:1034 done (0) in 0s 603B
dsound:dsound start dlls/dsound/tests/dsound.c
dsound.c:208: Testing IDirectSound
dsound.c:2004: *** Testing Primary Sound Driver -  ***
dsound.c:2004: *** Testing Speakers (High Definition Audio Device) - {0.0.0.00000000}.{ba6bf41b-fc66-44f7-a0d3-171f251819e8} ***
dsound.c:1215: testing duplicated buffer without notifications.
dsound.c:1232: testing duplicated buffer with a notification.
dsound.c:1243: testing original buffer with a notification.
dsound.c:2117: dwMaxHwMixingAllBuffers: 1
dsound.c:2118: dwMaxHwMixingStaticBuffers: 1
dsound.c:2119: dwMaxHwMixingStreamingBuffers: 1
0d30:dsound: 3499 tests executed (0 marked as todo, 0 as flaky, 0 failures), 0 skipped.
dsound:dsound:0d30 done (0) in 5s 638B
dsound:dsound8 start dlls/dsound/tests/dsound8.c
dsound8.c:196: Testing IDirectSound8
dsound8.c:923: *** Testing Primary Sound Driver -  ***
dsound8.c:923: *** Testing Speakers (High Definition Audio Device) - {0.0.0.00000000}.{ba6bf41b-fc66-44f7-a0d3-171f251819e8} ***
dsound8.c:1021: dwMaxHwMixingAllBuffers: 1
dsound8.c:1022: dwMaxHwMixingStaticBuffers: 1
dsound8.c:1023: dwMaxHwMixingStreamingBuffers: 1
dsound8.c:1068: guid: 0000000000000000, desc: Primary Sound Driver
dsound8.c:1068: guid: 000001ED92E20AD4, desc: Speakers (High Definition Audio Device)
dsound8.c:1204: 0xf1f
0870:dsound8: 5316 tests executed (0 marked as todo, 0 as flaky, 0 failures), 0 skipped.
dsound:dsound8:0870 done (0) in 1s 633B
dsound:duplex start dlls/dsound/tests/duplex.c
duplex.c:281: Tests skipped: No driver
duplex.c:112: Testing IDirectSoundFullDuplex
1bd0:duplex: 45 tests executed (0 marked as todo, 0 as flaky, 0 failures), 1 skipped.
dsound:duplex:1bd0 done (0) in 0s 173B
dsound:propset start dlls/dsound/tests/propset.c
propset.c:408: *** Testing DSPROPERTY_DIRECTSOUNDDEVICE_ENUMERATE ***
propset.c:57:   found device:
propset.c:58:     Type: WDM
propset.c:62:     DataFlow: Render
propset.c:66:     DeviceId: {ba6bf41b-fc66-44f7-a0d3-171f251819e8}
propset.c:67:     Description: Speakers (High Definition Audio Device)
propset.c:68:     Module: {0.0.0.00000000}.{ba6bf41b-fc66-44f7-a0d3-171f251819e8}
propset.c:69:     Interface: \\?\HDAUDIO#FUNC_01&VEN_1AF4&DEV_0012&SUBSYS_1AF40012&REV_1001#4&FC8F738&0&0001#{6994AD04-93EF-11D0-A3CC-00A0C9223196}\ELINEOUTWAVE
propset.c:70:     WaveDeviceId: 0
propset.c:438: *** Testing DSPROPERTY_DIRECTSOUNDDEVICE_ENUMERATE_1 ***
propset.c:81:   found device:
propset.c:82:     Type: WDM
propset.c:86:     DataFlow: Render
propset.c:90:     DeviceId: {ba6bf41b-fc66-44f7-a0d3-171f251819e8}
propset.c:91:     DescriptionA: Speakers (High Definition Audio Device)
propset.c:93:     DescriptionW: Speakers (High Definition Audio Device)
propset.c:94:     ModuleA: {0.0.0.00000000}.{ba6bf41b-fc66-44f7-a0d3-171f251819e8}
propset.c:96:     ModuleW: {0.0.0.00000000}.{ba6bf41b-fc66-44f7-a0d3-171f251819e8}
propset.c:97:     WaveDeviceId: 0
propset.c:468: *** Testing DSPROPERTY_DIRECTSOUNDDEVICE_ENUMERATE_A ***
propset.c:105:   found device:
propset.c:106:     Type: WDM
propset.c:110:     DataFlow: Render
propset.c:114:     DeviceId: {ba6bf41b-fc66-44f7-a0d3-171f251819e8}
propset.c:115:     Description: Speakers (High Definition Audio Device)
propset.c:116:     Module: {0.0.0.00000000}.{ba6bf41b-fc66-44f7-a0d3-171f251819e8}
propset.c:117:     Interface: \\?\HDAUDIO#FUNC_01&VEN_1AF4&DEV_0012&SUBSYS_1AF40012&REV_1001#4&FC8F738&0&0001#{6994AD04-93EF-11D0-A3CC-00A0C9223196}\ELINEOUTWAVE
propset.c:118:     WaveDeviceId: 0
propset.c:498: *** Testing DSPROPERTY_DIRECTSOUNDDEVICE_ENUMERATE_W ***
propset.c:130: found device:
propset.c:131: 	Type: WDM
propset.c:135: 	DataFlow: Render
propset.c:139: 	DeviceId: {ba6bf41b-fc66-44f7-a0d3-171f251819e8}
propset.c:143: 	Description: Speakers (High Definition Audio Device)
propset.c:144: 	Module: {0.0.0.00000000}.{ba6bf41b-fc66-44f7-a0d3-171f251819e8}
propset.c:145: 	Interface: \\?\HDAUDIO#FUNC_01&VEN_1AF4&DEV_0012&SUBSYS_1AF40012&REV_1001#4&FC8F738&0&0001#{6994AD04-93EF-11D0-A3CC-00A0C9223196}\ELINEOUTWAVE
propset.c:146: 	WaveDeviceId: 0
propset.c:541: *** Testing Primary Sound Driver -  ***
propset.c:592:   Testing a secondary buffer at 44100x16x1
propset.c:605:   Supports property sets
propset.c:614:     DSPROPSETID_VoiceManager not supported
propset.c:622:     DSPROPSETID_EAX20_ListenerProperties not supported
propset.c:630:     DSPROPSETID_EAX20_BufferProperties not supported
propset.c:639:     DSPROPSETID_I3DL2_ListenerProperties not supported
propset.c:647:     DSPROPSETID_I3DL2_BufferProperties not supported
propset.c:656:     DSPROPSETID_ZOOMFX_BufferProperties not supported
propset.c:541: *** Testing Speakers (High Definition Audio Device) - {0.0.0.00000000}.{ba6bf41b-fc66-44f7-a0d3-171f251819e8} ***
propset.c:592:   Testing a secondary buffer at 44100x16x1
propset.c:605:   Supports property sets
propset.c:614:     DSPROPSETID_VoiceManager not supported
propset.c:622:     DSPROPSETID_EAX20_ListenerProperties not supported
propset.c:630:     DSPROPSETID_EAX20_BufferProperties not supported
propset.c:639:     DSPROPSETID_I3DL2_ListenerProperties not supported
propset.c:647:     DSPROPSETID_I3DL2_BufferProperties not supported
propset.c:656:     DSPROPSETID_ZOOMFX_BufferProperties not supported
propset.c:689: tested 2 DirectSound drivers
0e50:propset: 71 tests executed (0 marked as todo, 0 as flaky, 0 failures), 0 skipped.
dsound:propset:0e50 done (0) in 0s 3681B
dssenh:dssenh start dlls/dssenh/tests/dssenh.c
dssenh.c:1278: Tests skipped: skipping key exchange tests
1df0:dssenh: 1308 tests executed (0 marked as todo, 0 as flaky, 0 failures), 1 skipped.
dssenh:dssenh:1df0 done (0) in 1s 148B
dswave:dswave start dlls/dswave/tests/dswave.c
dswave.c:228: Test failed: ParseDescriptor failed: 0x88781210, expected S_OK
1b70:dswave: 39 tests executed (0 marked as todo, 0 as flaky, 1 failure), 0 skipped.
dswave:dswave:1b70 done (1) in 0s 164B
dwmapi:dwmapi start dlls/dwmapi/tests/dwmapi.c
dwmapi.c:75: Test failed: Got wrong monitor refresh rate 156250/10000000.
dwmapi.c:78: Test failed: Got wrong composition rate 156250/10000000.
089c:dwmapi: 26 tests executed (0 marked as todo, 0 as flaky, 2 failures), 0 skipped.
dwmapi:dwmapi:089c done (2) in 0s 233B
dwrite:analyzer start dlls/dwrite/tests/analyzer.c
13d8:analyzer: 4212148 tests executed (0 marked as todo, 0 as flaky, 0 failures), 0 skipped.
dwrite:analyzer:13d8 done (0) in 4s 94B
dwrite:font start dlls/dwrite/tests/font.c
font.c:8994: Test failed: expected refcount 2, got 3
font.c:9012: Test failed: expected refcount 2, got 3
font.c:9023: Test failed: expected refcount 3, got 5
font.c:9031: Test failed: expected refcount 2, got 3
font.c:9046: Test failed: expected refcount 2, got 3
font.c:2445: Tests skipped: GetMetrics() test does not support variable fonts.
font.c:2880: Tests skipped: ConvertFontFaceToLOGFONT() test does not support variable fonts.
font.c:3916: Tests skipped: GetUnicodeRanges() test does not support symbol fonts.
font.c:4915: Tests skipped: ConvertFontToLOGFONT() test does not support variable fonts.
font.c:9606: Test failed: L"Segoe UI Emoji" - L"Regular", expected formats 0x5, got formats 0x105.
font.c:9606: Test failed: L"Segoe UI Emoji" - L"Oblique", expected formats 0x5, got formats 0x105.
font.c:9606: Test failed: L"Segoe UI Emoji" - L"Bold", expected formats 0x5, got formats 0x105.
font.c:9606: Test failed: L"Segoe UI Emoji" - L"Bold Oblique", expected formats 0x5, got formats 0x105.
0f18:font: 268334 tests executed (0 marked as todo, 0 as flaky, 9 failures), 4 skipped.
dwrite:font:0f18 done (9) in 2s 1109B
dwrite:layout start dlls/dwrite/tests/layout.c
0a00:layout: 6494 tests executed (0 marked as todo, 0 as flaky, 0 failures), 0 skipped.
dwrite:layout:0a00 done (0) in 0s 89B
dxcore:dxcore start dlls/dxcore/tests/dxcore.c
1c70:dxcore: 93 tests executed (0 marked as todo, 0 as flaky, 0 failures), 0 skipped.
dxcore:dxcore:1c70 done (0) in 0s 87B
dxdiagn:container start dlls/dxdiagn/tests/container.c
container.c:162: Starting child container enumeration of the root container:
container.c:215: pddc[0] = L"DxDiag_SystemInfo", length = 18
container.c:215: pddc[1] = L"DxDiag_DisplayDevices", length = 22
container.c:215: pddc[2] = L"DxDiag_DirectSound", length = 19
container.c:215: pddc[3] = L"DxDiag_DirectMusic", length = 19
container.c:215: Line has been silenced after 4 occurrences
container.c:366: Testing IDxDiagContainer::GetChildContainer dot parsing with container L"DxDiag_DisplayDevices" and child container L"0".
container.c:382: Trying container name L"DxDiag_DisplayDevices.0"
container.c:382: Trying container name L"DxDiag_DisplayDevices.0."
container.c:382: Trying container name L".DxDiag_DisplayDevices.0"
container.c:382: Trying container name L"DxDiag_DisplayDevices.0.."
container.c:382: Line has been silenced after 4 occurrences
container.c:468: Starting property enumeration of the L"DxDiag_SystemInfo" container:
container.c:520: child[0] = L"dwOSMajorVersion", length = 17
container.c:520: child[1] = L"dwOSMinorVersion", length = 17
container.c:520: child[2] = L"dwOSBuildNumber", length = 16
container.c:520: child[3] = L"dwOSPlatformID", length = 15
container.c:520: Line has been silenced after 4 occurrences
container.c:840: Testing container DxDiag_SystemInfo
container.c:776: L"dwOSMajorVersion" = 00000044C90FEAC0 {VT_UI4: 6}
container.c:776: L"dwOSMinorVersion" = 00000044C90FEAC0 {VT_UI4: 2}
container.c:776: L"dwOSBuildNumber" = 00000044C90FEAC0 {VT_UI4: 9200}
container.c:776: L"dwOSPlatformID" = 00000044C90FEAC0 {VT_UI4: 2}
container.c:776: Line has been silenced after 4 occurrences
container.c:928: Testing container L"0"
container.c:982: Testing container L"0"
09b8:container: Silenced 0 todos, 0 skips and 192 traces.
09b8:container: 4901 tests executed (0 marked as todo, 0 as flaky, 0 failures), 0 skipped.
dxdiagn:container:09b8 done (0) in 18s 1883B
dxdiagn:provider start dlls/dxdiagn/tests/provider.c
1874:provider: 14 tests executed (0 marked as todo, 0 as flaky, 0 failures), 0 skipped.
dxdiagn:provider:1874 done (0) in 0s 89B
dxgi:dxgi start dlls/dxgi/tests/dxgi.c
