Version 4
Tests from build cec314f2b26ad44be666ddd034ee269f6bb6215a
Tag: rbernon-w11pro64-win64
Build info:
    Compiler: clang 19.1.7 (3+b1) (msvc 1933)
Operating system version:
    Platform=x86_64
    bRunningUnderWine=0
    bRunningOnVisibleDesktop=1
    Account=admin, elevated
    Submitter=Remi Bernon <rbernon@codeweavers.com>
    Description=Windows 11 Pro 64bit / QEMU running on Debian GNU/Linux trixie/sid / Linux 77129787d9d0 6.11.0-1018-azure #18~24.04.1-Ubuntu SMP Sat Jun 28 04:46:03 UTC 2025 x86_64 GNU/Linux, [CPU:2*AMD EPYC 7763 64-Core Processor RAM:4G display:1920x1080 virtio-vga x1]
    dwMajorVersion=10
    dwMinorVersion=0
    dwBuildNumber=26100
    PlatformId=2
    szCSDVersion=
    UBR=1742
    wServicePackMajor=0
    wServicePackMinor=0
    wSuiteMask=256
    wProductType=1
    wReserved=0
    dwProductInfo=48
    SystemDefaultLCID=0409
    UserDefaultLCID=0409
    ThreadLocale=0409
    SystemPreferredUILanguages=0409
    UserDefaultUILanguage=0409
    ThreadUILanguage=0409
    KeyboardLayout=0000000004090409
    Country=244
    ACP=1252
Dll info:
    activeds=10.0.26100.1150
    adsldp=10.0.26100.1150
    advapi32=10.0.26100.1591
    advpack=11.0.26100.1150
    amstream=10.0.26100.1150
    apphelp=10.0.26100.1591
    atl100=dll is missing
    atl110=dll is missing
    atl80=dll is missing the requested side-by-side version
    atlthunk=10.0.26100.1
    atl=3.5.2284.0
    avifil32=10.0.26100.1150
    bcp47langs=10.0.26100.1301
    bcrypt=10.0.26100.268
    bluetoothapis=10.0.26100.1591
    browseui=10.0.26100.1
    cabinet=5.0.1.1
    cfgmgr32=10.0.26100.1591
    cmd.exe=10.0.26100.1591
    combase=10.0.26100.1591
    comcat=10.0.26100.1
    comctl32=6.10.26100.1591
    comdlg32=10.0.26100.1591
    compstui=10.0.26100.1
    comsvcs=2001.12.10941.16384
    concrt140=dll is missing
    conhost.exe=10.0.26100.1591
    coremessaging=10.0.26100.1150
    credui=10.0.26100.1591
    crypt32=10.0.26100.1591
    cryptext=10.0.26100.1150
    cryptnet=10.0.26100.1591
    cryptowinrt=10.0.26100.1150
    cryptui=10.0.26100.1591
    cryptxml=10.0.26100.1
    d2d1=10.0.26100.1591
    d3d10core=10.0.26100.1
    d3d10_1=10.0.26100.1
    d3d10=10.0.26100.1150
    d3d11=10.0.26100.1591
    d3d12=10.0.26100.1591
    d3d8=dll is missing
    d3d9=10.0.26100.1591
    d3dcompiler_42=dll is missing
    d3dcompiler_43=dll is missing
    d3dcompiler_46=dll is missing
    d3dcompiler_47=10.0.26100.1742
    d3drm=dll is missing
    d3dx10_33=dll is missing
    d3dx10_34=dll is missing
    d3dx10_35=dll is missing
    d3dx10_36=dll is missing
    d3dx10_37=dll is missing
    d3dx10_38=dll is missing
    d3dx10_39=dll is missing
    d3dx10_40=dll is missing
    d3dx10_41=dll is missing
    d3dx10_42=dll is missing
    d3dx10_43=dll is missing
    d3dx11_42=dll is missing
    d3dx11_43=dll is missing
    d3dx9_35=dll is missing
    d3dx9_36=dll is missing
    d3dx9_42=dll is missing
    d3dx9_43=dll is missing
    d3dxof=dll is missing
    dataexchange=10.0.26100.1591
    dbgeng=10.0.26100.1
    dbghelp=10.0.26100.1150
    ddrawex=10.0.26100.1150
    ddraw=10.0.26100.1150
    devenum=10.0.26100.1
    dhcpcsvc=10.0.26100.1591
    dinput=10.0.26100.1591
    directmanipulation=10.0.26100.1150
    dispex=5.812.10240.16384
    dmband=dll is missing
    dmcompos=dll is missing
    dmime=dll is missing
    dmloader=10.0.26100.1591
    dmscript=dll is missing
    dmstyle=dll is missing
    dmsynth=10.0.26100.1150
    dmusic=10.0.26100.1591
    dnsapi=10.0.26100.1591
    dplayx=dll is missing
    dpnet=dll is a stub
    dpvoice=dll is missing
    dsdmo=10.0.26100.1
    dsound=10.0.26100.1591
    dssenh=10.0.26100.1150
    dswave=10.0.26100.1591
    dwmapi=10.0.26100.1591
    dwrite=10.0.26100.1591
    dxcore=10.0.26100.1591
    dxdiagn=10.0.26100.1591
    dxgi=10.0.26100.1591
    dxva2=10.0.26100.1
    evr=10.0.26100.1150
    explorer.exe=10.0.26100.1591
    explorerframe=10.0.26100.1591
    faultrep=10.0.26100.1591
    fc.exe=10.0.26100.1
    find.exe=10.0.26100.1
    findstr.exe=10.0.26100.1150
    fsutil.exe=10.0.26100.1150
    fusion=dll is missing
    gameux=10.0.26100.1
    gdi32=10.0.26100.1150
    gdiplus=10.0.26100.1591
    geolocation=10.0.26100.1591
    glu32=10.0.26100.1150
    graphicscapture=10.0.26100.1591
    hid=10.0.26100.1150
    hlink=10.0.26100.1591
    hnetcfg=10.0.26100.1150
    httpapi=10.0.26100.1591
    hvsimanagementapi=10.0.26100.1591
    icmui=10.0.26100.1591
    ieframe=11.0.26100.1742
    iertutil=11.0.26100.1742
    imagehlp=10.0.26100.1150
    imm32=10.0.26100.1150
    inetcomm=10.0.26100.1
    inetmib1=10.0.26100.1150
    infosoft=dll is missing
    iphlpapi=10.0.26100.1591
    ir50_32=dll is missing
    itss=10.0.26100.1150
    jscript=5.812.10240.16384
    jsproxy=11.0.26100.1301
    kernel32=10.0.26100.1591
    kernelbase=10.0.26100.1591
    localspl=10.0.26100.1591
    localui=10.0.26100.1150
    lz32=5.0.1.1
    mapi32=1.0.2536.0
    mfmediaengine=10.0.26100.1301
    mfplat=10.0.26100.1301
    mfplay=10.0.26100.1301
    mfreadwrite=10.0.26100.1150
    mfsrcsnk=10.0.26100.1455
    mf=10.0.26100.1591
    mlang=10.0.26100.1150
    mmcndmgr=10.0.26100.1
    mmdevapi=10.0.26100.1
    mp3dmod=10.0.26100.1150
    mpr=10.0.26100.1
    msacm32=10.0.26100.1
    msado15=dll is missing
    msasn1=10.0.26100.1150
    mscms=10.0.26100.1591
    mscoree=10.0.26100.1150
    msctf=10.0.26100.1591
    msdasql=dll is missing
    msdmo=10.0.26100.1150
    msftedit=10.0.26100.1591
    mshtml=11.0.26100.1742
    msi=5.0.26100.1742
    mspatcha=5.0.1.1
    msrle32=10.0.26100.1
    msscript.ocx=dll is missing
    mstask=10.0.26100.1150
    msvcirt=7.0.26100.1150
    msvcp100=dll is missing
    msvcp110=dll is missing
    msvcp120=dll is missing
    msvcp140_1=dll is missing
    msvcp140_2=dll is missing
    msvcp140_atomic_wait=dll is missing
    msvcp140=dll is missing
    msvcp60=7.0.26100.1
    msvcp90=9.0.30729.9635
    msvcr100=dll is missing
    msvcr110=dll is missing
    msvcr120=dll is missing
    msvcr70=dll is missing
    msvcr71=dll is missing
    msvcr80=8.0.50727.9680
    msvcr90=9.0.30729.9635
    msvcrtd=dll is missing
    msvcrt=7.0.26100.1150
    msvfw32=10.0.26100.1150
    msxml3=8.110.26100.1591
    msxml4=dll is missing
    msxml6=6.30.26100.1591
    ncrypt=10.0.26100.1591
    ndis.sys=dll is missing
    net.exe=10.0.26100.1
    netapi32=10.0.26100.1150
    netcfgx=10.0.26100.1150
    netprofm=10.0.26100.1
    ninput=10.0.26100.1591
    nsi=10.0.26100.1
    ntdll=10.0.26100.1591
    ntdsapi=10.0.26100.1
    ntoskrnl.exe=skipped
    ntprint=10.0.26100.1301
    odbc32=10.0.26100.1591
    odbccp32=10.0.26100.1150
    ole32=10.0.26100.1591
    oleacc=7.2.26100.1591
    oleaut32=10.0.26100.1150
    oledb32=6.2.26100.1150
    oledlg=10.0.26100.1150
    opcservices=10.0.26100.1150
    opengl32=10.0.26100.1150
    packager=10.0.26100.1150
    pdh=10.0.26100.1591
    prntvpt=10.0.26100.1150
    propsys=7.0.26100.1301
    psapi=10.0.26100.1
    pstorec=10.0.26100.1
    qasf=12.0.26100.1
    qcap=10.0.26100.1150
    qdvd=10.0.26100.1150
    qedit=10.0.26100.1150
    qmgr=7.8.26100.268
    quartz=10.0.26100.1150
    qwave=10.0.26100.1150
    rasapi32=10.0.26100.1150
    reg.exe=10.0.26100.1
    regedit.exe=10.0.26100.1591
    riched20=5.31.23.1231
    riched32=10.0.26100.1
    rometadata=4.8.9032.0
    rpcrt4=10.0.26100.1150
    rsaenh=10.0.26100.1301
    rtworkq=10.0.26100.1301
    sapi=dll is missing
    sc.exe=10.0.26100.1
    schannel=10.0.26100.1591
    schedsvc=10.0.26100.1591
    schtasks.exe=10.0.26100.1
    scrobj=5.812.10240.16384
    scrrun=5.812.10240.16384
    secur32=10.0.26100.1
    serialui=10.0.26100.1150
    services.exe=10.0.26100.1591
    setupapi=10.0.26100.1591
    shcore=10.0.26100.1150
    shdocvw=10.0.26100.1591
    shell32=10.0.26100.1591
    shlwapi=10.0.26100.1591
    slc=10.0.26100.1591
    snmpapi=10.0.26100.1
    spoolss=10.0.26100.1591
    sti=10.0.26100.1150
    sxs=10.0.26100.1
    t2embed=10.0.26100.1150
    tapi32=10.0.26100.1591
    tasklist.exe=10.0.26100.1
    taskschd=10.0.26100.1
    threadpoolwinrt=10.0.26100.1
    timeout.exe=10.0.26100.1
    twain_32=1.7.1.3
    twinapi.appcore=dll is missing
    ucrtbase=10.0.26100.1591
    uianimation=10.0.26100.1150
    uiautomationcore=7.2.26100.1591
    urlmon=11.0.26100.1742
    user32=10.0.26100.1591
    userenv=10.0.26100.1150
    usp10=10.0.26100.1
    uxtheme=10.0.26100.1591
    vbscript=5.812.10240.16384
    vccorlib140=dll is missing
    vcomp110=dll is missing
    vcomp=dll is missing
    version=10.0.26100.1150
    virtdisk=10.0.26100.1591
    vulkan-1=1.3.277.0
    wbemdisp=10.0.26100.1150
    wbemprox=10.0.26100.1000
    webservices=10.0.26100.1150
    wer=10.0.26100.1591
    wevtapi=10.0.26100.1591
    wiaservc=10.0.26100.1591
    win32u=10.0.26100.1742
    windows.applicationmodel=dll is missing
    windows.devices.bluetooth=dll is missing
    windows.devices.enumeration=dll is missing
    windows.devices.usb=dll is missing
    windows.gaming.input=dll is missing
    windows.gaming.ui.gamebar=dll is missing
    windows.globalization=dll is missing
    windows.media.devices=dll is missing
    windows.media.mediacontrol=dll is missing
    windows.media.playback.backgroundmediaplayer=dll is missing
    windows.media.playback.mediaplayer=dll is missing
    windows.media.speech=dll is missing
    windows.media=dll is missing
    windows.networking.connectivity=dll is missing
    windows.networking.hostname=dll is missing
    windows.perception.stub=dll is missing
    windows.security.authentication.onlineid=dll is missing
    windows.security.credentials.ui.userconsentverifier=dll is missing
    windows.storage.applicationdata=dll is missing
    windows.storage=dll is missing
    windows.system.profile.systemid=dll is missing
    windows.system.profile.systemmanufacturers=dll is missing
    windows.ui.xaml=dll is missing
    windows.ui=dll is missing
    windows.web=dll is missing
    windowscodecsext=10.0.26100.1150
    windowscodecs=10.0.26100.1591
    wing32=dll is missing
    winhttp=10.0.26100.1591
    wininet=11.0.26100.1591
    winmm=10.0.26100.1591
    winscard=10.0.26100.1
    winspool.drv=10.0.26100.1591
    wintab32=dll is missing
    wintrust=10.0.26100.1591
    wintypes=10.0.26100.1591
    wlanapi=10.0.26100.1301
    wldap32=10.0.26100.1591
    wldp=10.0.26100.1591
    wmiutils=10.0.26100.1150
    wmp=12.0.26100.1455
    wmvcore=12.0.26100.1591
    wpcap=dll is missing
    wpc=10.0.26100.1591
    ws2_32=10.0.26100.1591
    wscript.exe=5.812.10240.16384
    wsdapi=10.0.26100.1150
    wshom.ocx=5.812.10240.16384
    wsnmp32=10.0.26100.1150
    wtsapi32=10.0.26100.1
    xactengine3_7=dll is missing
    xaudio2_7=dll is missing
    xaudio2_8=10.0.26100.1
    xcopy.exe=10.0.26100.1
    xinput1_3=dll is missing
    xmllite=10.0.26100.1150
Test output:
activeds:activeds start dlls/activeds/tests/activeds.c
2034:activeds: 73 tests executed (0 marked as todo, 0 as flaky, 0 failures), 0 skipped.
activeds:activeds:2034 done (0) in 0s 89B
adsldp:ldap start dlls/adsldp/tests/ldap.c
ldap.c:251: search DN L"LDAP://ldap.forumsys.com"
ldap.c:251: search DN L"LDAP://ldap.forumsys.com/OU=scientists,DC=example,DC=com"
ldap.c:251: search DN L"LDAP://ldap.forumsys.com/OU=scientists,DC=example,DC=com"
0ff8:ldap: 367 tests executed (0 marked as todo, 0 as flaky, 0 failures), 0 skipped.
adsldp:ldap:0ff8 done (0) in 3s 303B
adsldp:sysinfo start dlls/adsldp/tests/sysinfo.c
sysinfo.c:161: Tests skipped: Computer is not part of a domain, skipping the tests
2260:sysinfo: 13 tests executed (0 marked as todo, 0 as flaky, 0 failures), 1 skipped.
adsldp:sysinfo:2260 done (0) in 0s 172B
advapi32:cred start dlls/advapi32/tests/cred.c
cred.c:802: generic:
cred.c:808: domain password:
cred.c:814: domain visible password:
2218:cred: 372 tests executed (0 marked as todo, 0 as flaky, 0 failures), 0 skipped.
advapi32:cred:2218 done (0) in 0s 176B
advapi32:crypt start dlls/advapi32/tests/crypt.c
1ff4:crypt: 166 tests executed (0 marked as todo, 0 as flaky, 0 failures), 0 skipped.
advapi32:crypt:1ff4 done (0) in 0s 87B
advapi32:crypt_lmhash start dlls/advapi32/tests/crypt_lmhash.c
1518:crypt_lmhash: 95 tests executed (0 marked as todo, 0 as flaky, 0 failures), 0 skipped.
advapi32:crypt_lmhash:1518 done (0) in 0s 93B
advapi32:crypt_md4 start dlls/advapi32/tests/crypt_md4.c
1324:crypt_md4: 11 tests executed (0 marked as todo, 0 as flaky, 0 failures), 0 skipped.
advapi32:crypt_md4:1324 done (0) in 0s 90B
advapi32:crypt_md5 start dlls/advapi32/tests/crypt_md5.c
235c:crypt_md5: 5 tests executed (0 marked as todo, 0 as flaky, 0 failures), 0 skipped.
advapi32:crypt_md5:235c done (0) in 0s 89B
advapi32:crypt_sha start dlls/advapi32/tests/crypt_sha.c
2340:crypt_sha: 1 tests executed (0 marked as todo, 0 as flaky, 0 failures), 0 skipped.
advapi32:crypt_sha:2340 done (0) in 0s 89B
advapi32:eventlog start dlls/advapi32/tests/eventlog.c
eventlog.c:163: Test failed: Expected ERROR_INVALID_LEVEL, got 6
eventlog.c:218: Test failed: Expected ERROR_INVALID_PARAMETER, got 6
eventlog.c:89: Test failed: Expected a backup file attribs=0xffffffff le=2
eventlog.c:273: Test failed: Expected ERROR_INVALID_PARAMETER, got 6
eventlog.c:84: Test failed: BackupEventLogA failed, le=183
eventlog.c:89: Test failed: Expected a backup file attribs=0xffffffff le=2
eventlog.c:333: Test failed: Expected ERROR_INVALID_PARAMETER, got 6
eventlog.c:360: Test failed: Expected success : 183
eventlog.c:362: Test failed: Expected a backup file
eventlog.c:384: Test failed: Expected a backup file
eventlog.c:84: Test failed: BackupEventLogA failed, le=183
eventlog.c:89: Test failed: Expected a backup file attribs=0xffffffff le=2
eventlog.c:584: Tests skipped: We don't have a backup eventlog to work with
eventlog.c:403: Test failed: Expected ERROR_INVALID_PARAMETER, got 6
eventlog.c:411: Test failed: Expected ERROR_INVALID_PARAMETER, got 6
eventlog.c:419: Test failed: Expected ERROR_INVALID_PARAMETER, got 6
eventlog.c:426: Test failed: Expected ERROR_INVALID_PARAMETER, got 6
eventlog.c:432: Test failed: Expected ERROR_INVALID_PARAMETER, got 6
eventlog.c:438: Test failed: Expected ERROR_INVALID_PARAMETER, got 6
eventlog.c:446: Test failed: Expected ERROR_INVALID_PARAMETER, got 6
eventlog.c:84: Test failed: BackupEventLogA failed, le=183
eventlog.c:89: Test failed: Expected a backup file attribs=0xffffffff le=2
eventlog.c:691: Test failed: Could not delete the backup file
eventlog.c:836: Tests skipped: Win7 fails when using incorrect event types
eventlog.c:944: Tests skipped: There is no DWORD alignment enforced for UserSid on Vista, W2K8 or Win7
15c8:eventlog: 712 tests executed (0 marked as todo, 0 as flaky, 22 failures), 3 skipped.
advapi32:eventlog:15c8 done (22) in 5s 1820B
advapi32:lsa start dlls/advapi32/tests/lsa.c
lsa.c:103: Running on a standalone system.
lsa.c:148: Running on a standalone system.
07b0:lsa: 97 tests executed (0 marked as todo, 0 as flaky, 0 failures), 0 skipped.
advapi32:lsa:07b0 done (0) in 0s 172B
advapi32:perf start dlls/advapi32/tests/perf.c
20b0:perf: 101 tests executed (0 marked as todo, 0 as flaky, 0 failures), 0 skipped.
advapi32:perf:20b0 done (0) in 0s 86B
advapi32:registry start dlls/advapi32/tests/registry.c
registry.c:4649: 0: 009 has 10474 entries
registry.c:4649: 1: CurrentLanguage has 10474 entries
1c6c:registry: 161167 tests executed (0 marked as todo, 0 as flaky, 0 failures), 0 skipped.
advapi32:registry:1c6c done (0) in 3s 191B
advapi32:security start dlls/advapi32/tests/security.c
security.c:353: Tests skipped: 31: failed to convert CA.
security.c:353: Tests skipped: 32: failed to convert DA.
security.c:353: Tests skipped: 33: failed to convert DC.
security.c:353: Tests skipped: 34: failed to convert DD.
security.c:353: Line has been silenced after 4 occurrences
security.c:2119: Tests skipped: Well known SID 38 not implemented
security.c:2119: Tests skipped: Well known SID 39 not implemented
security.c:2119: Tests skipped: Well known SID 40 not implemented
security.c:2119: Tests skipped: Well known SID 41 not implemented
security.c:2119: Line has been silenced after 4 occurrences
security.c:1406: AccessCheck with MAXIMUM_ALLOWED got Access 0x00060019
security.c:1824: TokenGroups:
security.c:1838: S-1-5-21-2275460380-4286516755-3532617056-513, WIN-4VSD3D70HIR\None use: 2 attr: 0x00000007
security.c:1838: S-1-1-0, \Everyone use: 5 attr: 0x00000007
security.c:1838: S-1-5-114, NT AUTHORITY\Local account and member of Administrators group use: 5 attr: 0x00000007
security.c:1838: S-1-5-32-544, BUILTIN\Administrators use: 4 attr: 0x0000000f
security.c:1838: Line has been silenced after 4 occurrences
security.c:1855: TokenUser: S-1-5-21-2275460380-4286516755-3532617056-1000 attr: 0x00000000
security.c:1869: TokenOwner: S-1-5-32-544
security.c:1891: TokenLogon: S-1-5-5-0-142469
security.c:1914: TokenPrivileges:
security.c:1920: 	SeIncreaseQuotaPrivilege, 0x0
security.c:1920: 	SeSecurityPrivilege, 0x0
security.c:1920: 	SeTakeOwnershipPrivilege, 0x0
security.c:1920: 	SeLoadDriverPrivilege, 0x0
security.c:1920: Line has been silenced after 4 occurrences
security.c:2353: Well Known SIDs:
security.c:2364:  0: S-1-0-0 \NULL SID 5
security.c:2364:  1: S-1-1-0 \Everyone 5
security.c:2364:  2: S-1-2-0 \LOCAL 5
security.c:2364:  3: S-1-3-0 \CREATOR OWNER 5
security.c:2364: Line has been silenced after 4 occurrences
security.c:2373:  21: not supported
security.c:2373:  38: not supported
security.c:2373:  39: not supported
security.c:2373:  40: not supported
security.c:2373: Line has been silenced after 4 occurrences
security.c:2028:  S-1-5-21-2275460380-4286516755-3532617056 WIN-4VSD3D70HIR\ 3
security.c:2028:  S-1-5-21-2275460380-4286516755-3532617056-500 WIN-4VSD3D70HIR\Administrator 1
security.c:2028:  S-1-5-21-2275460380-4286516755-3532617056-501 WIN-4VSD3D70HIR\Guest 1
security.c:2030:  S-1-5-21-2275460380-4286516755-3532617056-512 couldn't be mapped
security.c:2028:  S-1-5-21-2275460380-4286516755-3532617056-513 WIN-4VSD3D70HIR\None 2
security.c:2030:  S-1-5-21-2275460380-4286516755-3532617056-514 couldn't be mapped
security.c:2030:  S-1-5-21-2275460380-4286516755-3532617056-515 couldn't be mapped
security.c:2030:  S-1-5-21-2275460380-4286516755-3532617056-516 couldn't be mapped
security.c:2030: Line has been silenced after 4 occurrences
security.c:2028: Line has been silenced after 4 occurrences
0e08:security: 22 tests executed (0 marked as todo, 0 as flaky, 0 failures), 0 skipped.
security.c:7678: Well known SID 21 not supported
security.c:7678: Well known SID 38 not supported
security.c:7678: Well known SID 39 not supported
security.c:7678: Well known SID 40 not supported
security.c:7678: Line has been silenced after 4 occurrences
0b60:security: 14 tests executed (0 marked as todo, 0 as flaky, 0 failures), 0 skipped.
0580:security: 1 tests executed (0 marked as todo, 0 as flaky, 0 failures), 0 skipped.
0550:security: 1 tests executed (0 marked as todo, 0 as flaky, 0 failures), 0 skipped.
06e8:security: 1 tests executed (0 marked as todo, 0 as flaky, 0 failures), 0 skipped.
0724:security: 2 tests executed (0 marked as todo, 0 as flaky, 0 failures), 0 skipped.
security.c:8582: Tests skipped: could not open process, error 5
0fcc:security: 25 tests executed (0 marked as todo, 0 as flaky, 0 failures), 0 skipped.
1298:security: Silenced 0 todos, 19 skips and 101 traces.
1298:security: 3683 tests executed (0 marked as todo, 0 as flaky, 0 failures), 9 skipped.
advapi32:security:1298 done (0) in 2s 4000B
advapi32:service start dlls/advapi32/tests/service.c
service.c:1946: Tests skipped: Not running under WoW64.
06f0:service: 3878 tests executed (0 marked as todo, 0 as flaky, 0 failures), 1 skipped.
advapi32:service:06f0 done (0) in 6s 147B
advpack:advpack start dlls/advpack/tests/advpack.c
advpack.c:103: kernel32.dll Language ID: 0x00000409, Codepage ID: 0x000004b0
advpack.c:110: kernel32.dll version: 10.0.26100.1591
advpack.c:117: advpack.dll Language ID: 0x00000409, Codepage ID: 0x000004b0
advpack.c:124: advpack.dll version: 11.0.26100.1150
0d00:advpack: 101 tests executed (0 marked as todo, 0 as flaky, 0 failures), 0 skipped.
advpack:advpack:0d00 done (0) in 0s 351B
advpack:files start dlls/advpack/tests/files.c
0cd0:files: 207 tests executed (0 marked as todo, 0 as flaky, 0 failures), 0 skipped.
advpack:files:0cd0 done (0) in 0s 87B
advpack:install start dlls/advpack/tests/install.c
0cc0:install: 31 tests executed (0 marked as todo, 0 as flaky, 0 failures), 0 skipped.
advpack:install:0cc0 done (0) in 0s 88B
amstream:amstream start dlls/amstream/tests/amstream.c
20f8:amstream: 4148 tests executed (0 marked as todo, 0 as flaky, 0 failures), 0 skipped.
amstream:amstream:20f8 done (0) in 5s 91B
apphelp:apphelp start dlls/apphelp/tests/apphelp.c
1884:apphelp: 15 tests executed (0 marked as todo, 0 as flaky, 0 failures), 0 skipped.
apphelp:apphelp:1884 done (0) in 0s 88B
atlthunk:atlthunk start dlls/atlthunk/tests/atlthunk.c
18a0:atlthunk: 3078 tests executed (0 marked as todo, 0 as flaky, 0 failures), 0 skipped.
atlthunk:atlthunk:18a0 done (0) in 0s 91B
atl:atl_ax start dlls/atl/tests/atl_ax.c
1554:atl_ax: 12 tests executed (0 marked as todo, 0 as flaky, 0 failures), 0 skipped.
atl:atl_ax:1554 done (0) in 0s 87B
atl:module start dlls/atl/tests/module.c
0dc4:module: 550 tests executed (0 marked as todo, 0 as flaky, 0 failures), 0 skipped.
atl:module:0dc4 done (0) in 0s 88B
atl:registrar start dlls/atl/tests/registrar.c
18bc:registrar: 31 tests executed (0 marked as todo, 0 as flaky, 0 failures), 0 skipped.
atl:registrar:18bc done (0) in 0s 90B
avifil32:api start dlls/avifil32/tests/api.c
api.c:603: Working around COM aggregation ref counting bug
api.c:603: Working around COM aggregation ref counting bug
api.c:603: Working around COM aggregation ref counting bug
api.c:603: Working around COM aggregation ref counting bug
18f4:api: 228 tests executed (0 marked as todo, 0 as flaky, 0 failures), 0 skipped.
avifil32:api:18f4 done (0) in 0s 325B
bcp47langs:bcp47langs start dlls/bcp47langs/tests/bcp47langs.c
1844:bcp47langs: 10 tests executed (0 marked as todo, 0 as flaky, 0 failures), 0 skipped.
bcp47langs:bcp47langs:1844 done (0) in 0s 91B
bcrypt:bcrypt start dlls/bcrypt/tests/bcrypt.c
bcrypt.c:2864: Test failed: Expected STATUS_INVALID_PARAMETER, got 0xc000a000
bcrypt.c:3097: Test failed: Expected STATUS_INVALID_PARAMETER, got 0xc000a000
15c8:bcrypt: 23277 tests executed (0 marked as todo, 0 as flaky, 2 failures), 0 skipped.
bcrypt:bcrypt:15c8 done (2) in 0s 248B
bluetoothapis:device start dlls/bluetoothapis/tests/device.c
device.c:123: Tests skipped: No Bluetooth radios found.
device.c:208: Tests skipped: No Bluetooth radios found.
device.c:365: Tests skipped: No Bluetooth radios found.
device.c:417: Tests skipped: No Bluetooth radios found.
1e28:device: 20 tests executed (0 marked as todo, 0 as flaky, 0 failures), 4 skipped.
bluetoothapis:device:1e28 done (0) in 0s 315B
bluetoothapis:gatt start dlls/bluetoothapis/tests/gatt.c
gatt.c:195: Tests skipped: No LE devices found.
gatt.c:229: Tests skipped: No LE devices found.
1ae0:gatt: 6 tests executed (0 marked as todo, 0 as flaky, 0 failures), 2 skipped.
bluetoothapis:gatt:1ae0 done (0) in 0s 182B
bluetoothapis:radio start dlls/bluetoothapis/tests/radio.c
radio.c:83: Tests skipped: No Bluetooth radios found.
radio.c:284: Tests skipped: No Bluetooth radios found.
radio.c:217: Tests skipped: No Bluetooth radios found.
radio.c:199: Tests skipped: No Bluetooth radios found.
radio.c:242: Tests skipped: No Bluetooth radios found.
radio.c:275: Tests skipped: No Bluetooth radios found.
0a00:radio: 16 tests executed (0 marked as todo, 0 as flaky, 0 failures), 6 skipped.
bluetoothapis:radio:0a00 done (0) in 0s 421B
bluetoothapis:sdp start dlls/bluetoothapis/tests/sdp.c
114c:sdp: 161 tests executed (0 marked as todo, 0 as flaky, 0 failures), 0 skipped.
bluetoothapis:sdp:114c done (0) in 0s 85B
browseui:autocomplete start dlls/browseui/tests/autocomplete.c
autocomplete.c:81: ACL(00000195FA5AFF70): addref (2)
autocomplete.c:81: ACL(00000195FA5AFF70): addref (3)
autocomplete.c:81: ACL(00000195FA5AFF70): addref (4)
autocomplete.c:81: ACL(00000195FA5AFD70): addref (2)
autocomplete.c:81: Line has been silenced after 4 occurrences
autocomplete.c:125: ACL(00000195FA5AFF70): read 1 item(s)
autocomplete.c:125: ACL(00000195FA5AFF70): read 1 item(s)
autocomplete.c:125: ACL(00000195FA5AFF70): read 1 item(s)
autocomplete.c:125: ACL(00000195FA5AFF70): read 1 item(s)
autocomplete.c:125: Line has been silenced after 4 occurrences
autocomplete.c:159: ACL(00000195FA5AFF70): Reset
autocomplete.c:159: ACL(00000195FA5AFD70): Reset
autocomplete.c:167: ACL(00000195FA5AFF70): Expand
autocomplete.c:167: ACL(00000195FA5AFD70): Expand
autocomplete.c:167: ACL(00000195FA5AFF70): Expand
autocomplete.c:167: ACL(00000195FA5AFD70): Expand
autocomplete.c:167: Line has been silenced after 4 occurrences
autocomplete.c:91: ACL(00000195FA5AFF70): release (3)
autocomplete.c:91: ACL(00000195FA5AFF70): release (2)
autocomplete.c:91: ACL(00000195FA5AFF70): release (1)
autocomplete.c:159: ACL(00000195FA5AFD70): Reset
autocomplete.c:91: ACL(00000195FA5AFD70): release (3)
autocomplete.c:91: Line has been silenced after 4 occurrences
2170:autocomplete: Silenced 0 todos, 0 skips and 25 traces.
2170:autocomplete: 66 tests executed (0 marked as todo, 0 as flaky, 0 failures), 0 skipped.
browseui:autocomplete:2170 done (0) in 0s 1434B
browseui:progressdlg start dlls/browseui/tests/progressdlg.c
1338:progressdlg: 4 tests executed (0 marked as todo, 0 as flaky, 0 failures), 0 skipped.
browseui:progressdlg:1338 done (0) in 0s 91B
cabinet:extract start dlls/cabinet/tests/extract.c
1334:extract: 347 tests executed (0 marked as todo, 0 as flaky, 0 failures), 0 skipped.
cabinet:extract:1334 done (0) in 0s 89B
cabinet:fdi start dlls/cabinet/tests/fdi.c
fdi.c:751: mem_open(memory\block,8000,180) => 00000248520C00A0
fdi.c:751: mem_open(memory\block,8000,180) => 00000248520BFFA0
fdi.c:751: mem_open(memory\block,8000,180) => 00000248520C0160
fdi.c:843: mem_notify(0,00000248520CA578)
fdi.c:843: mem_notify(5,00000248520CA578)
fdi.c:843: mem_notify(5,00000248520CA578)
1348:fdi: 255 tests executed (0 marked as todo, 0 as flaky, 0 failures), 0 skipped.
cabinet:fdi:1348 done (0) in 0s 406B
cfgmgr32:cfgmgr32 start dlls/cfgmgr32/tests/cfgmgr32.c
11cc:cfgmgr32: 20249 tests executed (0 marked as todo, 0 as flaky, 0 failures), 0 skipped.
cfgmgr32:cfgmgr32:11cc done (0) in 2s 92B
cmd.exe:batch start programs/cmd/tests/batch.c
batch.c:485: running TEST_BUILTINS.BAT test...
batch.c:485: running TEST_BUILTINS.CMD test...
batch.c:485: running TEST_CMDLINE.CMD test...
13ac:batch: 2649 tests executed (0 marked as todo, 0 as flaky, 0 failures), 0 skipped.
cmd.exe:batch:13ac done (0) in 25s 231B
cmd.exe:directory start programs/cmd/tests/directory.c
1df8:directory: 24 tests executed (0 marked as todo, 0 as flaky, 0 failures), 0 skipped.
cmd.exe:directory:1df8 done (0) in 0s 90B
combase:roapi start dlls/combase/tests/roapi.c
1cb0:roapi: 309 tests executed (0 marked as todo, 0 as flaky, 0 failures), 0 skipped.
combase:roapi:1cb0 done (0) in 1s 87B
combase:string start dlls/combase/tests/string.c
07c0:string: 598 tests executed (0 marked as todo, 0 as flaky, 0 failures), 0 skipped.
combase:string:07c0 done (0) in 0s 88B
comcat:comcat start dlls/comcat/tests/comcat.c
17ec:comcat: 9 tests executed (0 marked as todo, 0 as flaky, 0 failures), 0 skipped.
comcat:comcat:17ec done (0) in 0s 86B
comctl32:animate start dlls/comctl32/tests/animate.c
06ec:animate: 16 tests executed (0 marked as todo, 0 as flaky, 0 failures), 0 skipped.
comctl32:animate:06ec done (0) in 0s 88B
comctl32:button start dlls/comctl32/tests/button.c
v6util.h:92: created cc6.manifest
button.c:1091: Test failed: WM_LBUTTONDOWN on a button: in msg 0x00f3 expecting wParam 0x1 got 0x0
button.c:1091: Test failed: WM_LBUTTONDOWN on a button: the msg sequence is not complete: expected 800a - actual 0000
button.c:1091: Failed sequence WM_LBUTTONDOWN on a button:
button.c:1091:   0: expected: 0201 - actual: 0201 wp 00000000 lp 00000000
button.c:1091:   1: expected: 0281 - actual: 0281 wp 00000001 lp c000000f
button.c:1091:   2: expected: 0282 - actual: 0282 wp 00000002 lp 00000000
button.c:1091: Line has been silenced after 4 occurrences
button.c:1094: Test failed: WM_LBUTTONUP on a button: the msg 0x00f3 was expected, but got msg 0x0215 instead
button.c:1094: Failed sequence WM_LBUTTONUP on a button:
button.c:1094:   0: expected: 0202 - actual: 0202 wp 00000000 lp 00000000
button.c:1094:   1: expected: 00f3 - actual: 0215 wp 00000000 lp 00000000
button.c:1094:   2: expected: msg 800a - actual: nothing
06d0:button: Silenced 0 todos, 0 skips and 4 traces.
06d0:button: 14139 tests executed (0 marked as todo, 0 as flaky, 3 failures), 0 skipped.
comctl32:button:06d0 done (3) in 19s 1119B
comctl32:combo start dlls/comctl32/tests/combo.c
v6util.h:92: created cc6.manifest
combo.c:1191: Test failed: Unexpected EM_SETSEL start value; got 1
combo.c:1192: Test failed: Unexpected EM_SETSEL end value; got 1
combo.c:1205: Test failed: Unexpected EM_SETSEL end value; got 9
combo.c:1192: Test failed: Unexpected EM_SETSEL end value; got 0
combo.c:1205: Test failed: Unexpected EM_SETSEL end value; got 9
22ac:combo: 1039 tests executed (0 marked as todo, 0 as flaky, 5 failures), 0 skipped.
comctl32:combo:22ac done (5) in 5s 455B
comctl32:datetime start dlls/comctl32/tests/datetime.c
v6util.h:92: created cc6.manifest
20c4:datetime: 943 tests executed (0 marked as todo, 0 as flaky, 0 failures), 0 skipped.
comctl32:datetime:20c4 done (0) in 0s 125B
comctl32:dpa start dlls/comctl32/tests/dpa.c
v6util.h:92: created cc6.manifest
12a8:dpa: 853 tests executed (0 marked as todo, 0 as flaky, 0 failures), 0 skipped.
comctl32:dpa:12a8 done (0) in 0s 120B
comctl32:edit start dlls/comctl32/tests/edit.c
v6util.h:92: created cc6.manifest
edit.c:774: EDIT: Single line
edit.c:788: EDIT: Single line want returns
edit.c:801: EDIT: Multiline line
edit.c:814: EDIT: Multi line want returns
edit.c:855: EDIT: SETTEXT atomicity
edit.c:1052: EDIT: Test notifications
edit.c:1062: EDIT: Single line, no ES_AUTOHSCROLL
edit.c:1112: EDIT: Single line, ES_AUTOHSCROLL
edit.c:1158: EDIT: Multline, no ES_AUTOHSCROLL, no ES_AUTOVSCROLL
edit.c:1179: Test failed: wrong text length, expected 1, got 0
edit.c:1180: Test failed: expected 0 EN_MAXTEXT notifications, got 1
edit.c:1194: Test failed: text should have been truncated to limit, expected 5, got 0
edit.c:1205: EDIT: Multline, ES_AUTOHSCROLL, no ES_AUTOVSCROLL
edit.c:1221: Test failed: wrong text length, expected 1, got 0
edit.c:1222: Test failed: expected 0 EN_MAXTEXT notifications, got 1
edit.c:1236: Test failed: text should have been truncated to limit, expected 5, got 0
edit.c:1247: EDIT: Multline, ES_AUTOHSCROLL and ES_AUTOVSCROLL
edit.c:1540: EDIT: buffer limit for single-line
edit.c:1550: EDIT: buffer limit for multi-line
edit.c:2027: Tests skipped: Ume P Gothic is not available, skipping some margin tests
edit.c:2306: EDIT: Using new model for height computation
edit.c:2308: EDIT: Text position (Single line)
edit.c:2310: EDIT: Text position (Multi line)
edit.c:2926: EDIT: Oversized font (Multi line)
edit.c:2944: Test failed: Wrong contents of edit: 
edit.c:2948: Test failed: EM_POSFROMCHAR failed index 0
edit.c:2950: Test failed: EM_POSFROMCHAR failed index 1
edit.c:2952: Test failed: EM_POSFROMCHAR failed index 2
edit.c:3156: EDIT: EM_GETHANDLE
edit.c:3408: Test failed: Unexpected line data L"text\2984\585c\7fff".
edit.c:3414: Test failed: Unexpected line data L"text\2984\585c\7fff".
edit.c:3408: Test failed: Unexpected line data L"text\2984\585c\7fff".
edit.c:3414: Test failed: Unexpected line data L"text\2984\585c\7fff".
07fc:edit: 267460 tests executed (0 marked as todo, 0 as flaky, 14 failures), 1 skipped.
comctl32:edit:07fc done (14) in 2s 2019B
comctl32:header start dlls/comctl32/tests/header.c
header.c:1763: customdraw height: 18 (dpi: 96)
header.c:1557: Test failed: Tests will fail as header size is 662x18 instead of 670x18
v6util.h:92: created cc6.manifest
12ac:header: 1132 tests executed (0 marked as todo, 0 as flaky, 1 failure), 0 skipped.
comctl32:header:12ac done (1) in 0s 259B
comctl32:imagelist start dlls/comctl32/tests/imagelist.c
v6util.h:92: created cc6.manifest
1ff4:imagelist: 11176 tests executed (0 marked as todo, 0 as flaky, 0 failures), 0 skipped.
comctl32:imagelist:1ff4 done (0) in 0s 128B
comctl32:ipaddress start dlls/comctl32/tests/ipaddress.c
v6util.h:92: created cc6.manifest
222c:ipaddress: 91 tests executed (0 marked as todo, 0 as flaky, 0 failures), 0 skipped.
comctl32:ipaddress:222c done (0) in 0s 125B
comctl32:listbox start dlls/comctl32/tests/listbox.c
v6util.h:92: created cc6.manifest
listbox.c:1570: Test failed: First element is [lb_dir_test], not [..]
12c8:listbox: 7806 tests executed (0 marked as todo, 0 as flaky, 1 failure), 0 skipped.
comctl32:listbox:12c8 done (1) in 3s 195B
comctl32:listview start dlls/comctl32/tests/listview.c
listview.c:6087: Tests skipped: Window is not in the foreground. Skipping hover tests.
listview.c:6937: Tests skipped: Window is not in the foreground. Skipping oneclickactivate tests.
v6util.h:92: created cc6.manifest
listview.c:6087: Tests skipped: Window is not in the foreground. Skipping hover tests.
listview.c:6937: Tests skipped: Window is not in the foreground. Skipping oneclickactivate tests.
123c:listview: 11689 tests executed (0 marked as todo, 0 as flaky, 0 failures), 4 skipped.
comctl32:listview:123c done (0) in 6s 501B
comctl32:misc start dlls/comctl32/tests/misc.c
v6util.h:92: created cc6.manifest
20c8:misc: 2302 tests executed (0 marked as todo, 0 as flaky, 0 failures), 0 skipped.
comctl32:misc:20c8 done (0) in 24s 122B
comctl32:monthcal start dlls/comctl32/tests/monthcal.c
monthcal.c:657: 	old style: 0x50800000, new style: 0x50800002
monthcal.c:657: 	old style: 0x50800000, new style: 0x50800000
monthcal.c:657: 	old style: 0x50800002, new style: 0x50800000
monthcal.c:657: 	old style: 0x50800002, new style: 0x50800002
monthcal.c:657: Line has been silenced after 4 occurrences
v6util.h:92: created cc6.manifest
0584:monthcal: Silenced 0 todos, 0 skips and 4 traces.
0584:monthcal: 2230 tests executed (0 marked as todo, 0 as flaky, 0 failures), 0 skipped.
comctl32:monthcal:0584 done (0) in 0s 494B
comctl32:mru start dlls/comctl32/tests/mru.c
1544:mru: 94 tests executed (0 marked as todo, 0 as flaky, 0 failures), 0 skipped.
comctl32:mru:1544 done (0) in 0s 84B
comctl32:pager start dlls/comctl32/tests/pager.c
1428:pager: 2958 tests executed (0 marked as todo, 0 as flaky, 0 failures), 0 skipped.
comctl32:pager:1428 done (0) in 0s 88B
comctl32:progress start dlls/comctl32/tests/progress.c
v6util.h:92: created cc6.manifest
progress.c:437: Test failed: PBM_SETSTATE: the msg sequence is not complete: expected 0014 - actual 0000
progress.c:437: Failed sequence PBM_SETSTATE:
progress.c:437:   0: expected: 0410 - actual: 0410 wp 00000003 lp 00000000
progress.c:437:   1: expected: 800a - actual: 800a wp fffffffffffffffc lp 00000000
progress.c:437:   2: expected: 000f - actual: 000f wp 00000000 lp 00000000
progress.c:437: Line has been silenced after 4 occurrences
progress.c:437: Test failed: PBM_SETSTATE: the msg sequence is not complete: expected 0014 - actual 0000
1674:progress: Silenced 0 todos, 0 skips and 6 traces.
1674:progress: 343 tests executed (0 marked as todo, 0 as flaky, 2 failures), 0 skipped.
comctl32:progress:1674 done (2) in 0s 736B
comctl32:propsheet start dlls/comctl32/tests/propsheet.c
propsheet.c:1656: Tests skipped: Window not in foreground
v6util.h:92: created cc6.manifest
2018:propsheet: 1455 tests executed (0 marked as todo, 0 as flaky, 0 failures), 1 skipped.
comctl32:propsheet:2018 done (0) in 1s 186B
comctl32:rebar start dlls/comctl32/tests/rebar.c
rebar.c:510: Test failed: invalid rect (client) (0,0)-(664,0) - expected (0,0)-(672,0)
rebar.c:518: Test failed: invalid rect (client) (0,0)-(664,4) - expected (0,0)-(672,4)
rebar.c:518: Test failed: invalid rect (band) (0,0)-(664,4) - expected (0,0)-(672,4)
rebar.c:523: Test failed: invalid rect (client) (0,0)-(664,4) - expected (0,0)-(672,4)
rebar.c:523: Test failed: invalid rect (band) (200,0)-(664,4) - expected (200,0)-(672,4)
rebar.c:531: Test failed: invalid rect (client) (0,0)-(664,30) - expected (0,0)-(672,30)
rebar.c:531: Test failed: invalid rect (band) (400,0)-(664,30) - expected (400,0)-(672,30)
rebar.c:537: Test failed: invalid rect (client) (0,0)-(664,34) - expected (0,0)-(672,34)
rebar.c:537: Test failed: invalid rect (band) (400,0)-(600,34) - expected (400,0)-(604,34)
rebar.c:537: Test failed: invalid rect (band) (600,0)-(664,34) - expected (604,0)-(672,34)
rebar.c:540: Test failed: invalid rect (client) (0,0)-(664,34) - expected (0,0)-(672,34)
rebar.c:540: Test failed: invalid rect (band) (400,0)-(600,34) - expected (400,0)-(604,34)
rebar.c:540: Test failed: invalid rect (band) (600,0)-(664,34) - expected (604,0)-(672,34)
rebar.c:544: Test failed: invalid rect (client) (0,0)-(664,34) - expected (0,0)-(672,34)
rebar.c:544: Test failed: invalid rect (band) (606,0)-(664,34) - expected (606,0)-(672,34)
rebar.c:553: Test failed: invalid rect (client) (0,0)-(664,70) - expected (0,0)-(672,70)
rebar.c:553: Test failed: invalid rect (band) (0,0)-(134,34) - expected (0,0)-(142,34)
rebar.c:553: Test failed: invalid rect (band) (136,0)-(549,34) - expected (144,0)-(557,34)
rebar.c:553: Test failed: invalid rect (band) (551,0)-(664,34) - expected (559,0)-(672,34)
rebar.c:553: Test failed: invalid rect (band) (202,36)-(664,70) - expected (202,36)-(672,70)
rebar.c:558: Test failed: invalid rect (client) (0,0)-(664,34) - expected (0,0)-(672,34)
rebar.c:558: Test failed: invalid rect (band) (0,0)-(159,34) - expected (0,0)-(167,34)
rebar.c:558: Test failed: invalid rect (band) (161,0)-(574,34) - expected (169,0)-(582,34)
rebar.c:558: Test failed: invalid rect (band) (576,0)-(619,34) - expected (584,0)-(627,34)
rebar.c:558: Test failed: invalid rect (band) (621,0)-(664,34) - expected (629,0)-(672,34)
rebar.c:561: Test failed: invalid rect (client) (0,0)-(664,34) - expected (0,0)-(672,34)
rebar.c:561: Test failed: invalid rect (band) (0,0)-(159,34) - expected (0,0)-(167,34)
rebar.c:561: Test failed: invalid rect (band) (161,0)-(574,34) - expected (169,0)-(582,34)
rebar.c:561: Test failed: invalid rect (band) (576,0)-(619,34) - expected (584,0)-(627,34)
rebar.c:561: Test failed: invalid rect (band) (621,0)-(664,34) - expected (629,0)-(672,34)
rebar.c:563: Test failed: invalid rect (client) (0,0)-(664,34) - expected (0,0)-(672,34)
rebar.c:563: Test failed: invalid rect (band) (617,0)-(664,34) - expected (617,0)-(672,34)
rebar.c:565: Test failed: invalid rect (client) (0,0)-(664,34) - expected (0,0)-(672,34)
rebar.c:565: Test failed: invalid rect (band) (0,0)-(596,34) - expected (0,0)-(604,34)
rebar.c:565: Test failed: invalid rect (band) (598,0)-(664,34) - expected (606,0)-(672,34)
rebar.c:575: Test failed: invalid rect (client) (0,0)-(664,40) - expected (0,0)-(672,40)
rebar.c:575: Test failed: invalid rect (band) (424,0)-(664,20) - expected (424,0)-(672,20)
rebar.c:575: Test failed: invalid rect (band) (0,20)-(664,40) - expected (0,20)-(672,40)
rebar.c:577: Test failed: invalid rect (client) (0,0)-(664,40) - expected (0,0)-(672,40)
rebar.c:577: Test failed: invalid rect (band) (424,0)-(664,20) - expected (424,0)-(672,20)
rebar.c:577: Test failed: invalid rect (band) (0,20)-(664,40) - expected (0,20)-(672,40)
rebar.c:579: Test failed: invalid rect (client) (0,0)-(664,40) - expected (0,0)-(672,40)
rebar.c:579: Test failed: invalid rect (band) (114,0)-(320,20) - expected (114,0)-(328,20)
rebar.c:579: Test failed: rbi.cx value 206 expected 214
rebar.c:579: Test failed: invalid rect (band) (320,0)-(503,20) - expected (328,0)-(511,20)
rebar.c:579: Test failed: invalid rect (band) (503,0)-(664,20) - expected (511,0)-(672,20)
rebar.c:579: Test failed: invalid rect (band) (0,20)-(664,40) - expected (0,20)-(672,40)
rebar.c:581: Test failed: invalid rect (client) (0,0)-(664,40) - expected (0,0)-(672,40)
rebar.c:581: Test failed: invalid rect (band) (167,0)-(503,20) - expected (167,0)-(511,20)
rebar.c:581: Test failed: rbi.cx value 336 expected 344
rebar.c:581: Test failed: invalid rect (band) (503,0)-(664,20) - expected (511,0)-(672,20)
rebar.c:581: Test failed: invalid rect (band) (0,20)-(664,40) - expected (0,20)-(672,40)
rebar.c:583: Test failed: invalid rect (client) (0,0)-(664,40) - expected (0,0)-(672,40)
rebar.c:583: Test failed: invalid rect (band) (114,0)-(320,20) - expected (114,0)-(328,20)
rebar.c:583: Test failed: rbi.cx value 206 expected 214
rebar.c:583: Test failed: invalid rect (band) (320,0)-(503,20) - expected (328,0)-(511,20)
rebar.c:583: Test failed: invalid rect (band) (503,0)-(664,20) - expected (511,0)-(672,20)
rebar.c:583: Test failed: invalid rect (band) (0,20)-(664,40) - expected (0,20)-(672,40)
rebar.c:585: Test failed: invalid rect (client) (0,0)-(664,40) - expected (0,0)-(672,40)
rebar.c:585: Test failed: invalid rect (band) (114,0)-(320,20) - expected (114,0)-(328,20)
rebar.c:585: Test failed: rbi.cx value 206 expected 214
rebar.c:585: Test failed: invalid rect (band) (320,0)-(503,20) - expected (328,0)-(511,20)
rebar.c:585: Test failed: invalid rect (band) (503,0)-(664,20) - expected (511,0)-(672,20)
rebar.c:585: Test failed: invalid rect (band) (0,20)-(664,40) - expected (0,20)-(672,40)
rebar.c:597: Test failed: invalid rect (client) (0,0)-(664,56) - expected (0,0)-(672,56)
rebar.c:597: Test failed: invalid rect (band) (114,0)-(320,28) - expected (114,0)-(328,28)
rebar.c:597: Test failed: rbi.cx value 206 expected 214
rebar.c:597: Test failed: invalid rect (band) (320,0)-(503,28) - expected (328,0)-(511,28)
rebar.c:597: Test failed: invalid rect (band) (503,0)-(664,28) - expected (511,0)-(672,28)
rebar.c:597: Test failed: invalid rect (band) (0,28)-(664,56) - expected (0,28)-(672,56)
rebar.c:602: Test failed: invalid rect (client) (0,0)-(664,40) - expected (0,0)-(672,40)
rebar.c:602: Test failed: invalid rect (band) (114,0)-(320,20) - expected (114,0)-(328,20)
rebar.c:602: Test failed: rbi.cx value 206 expected 214
rebar.c:602: Test failed: invalid rect (band) (320,0)-(503,20) - expected (328,0)-(511,20)
rebar.c:602: Test failed: invalid rect (band) (503,0)-(664,20) - expected (511,0)-(672,20)
rebar.c:602: Test failed: invalid rect (band) (0,20)-(664,40) - expected (0,20)-(672,40)
rebar.c:607: Test failed: invalid rect (client) (0,0)-(664,56) - expected (0,0)-(672,56)
rebar.c:607: Test failed: invalid rect (band) (114,0)-(320,28) - expected (114,0)-(328,28)
rebar.c:607: Test failed: rbi.cx value 206 expected 214
rebar.c:607: Test failed: invalid rect (band) (320,0)-(503,28) - expected (328,0)-(511,28)
rebar.c:607: Test failed: invalid rect (band) (503,0)-(664,28) - expected (511,0)-(672,28)
rebar.c:607: Test failed: invalid rect (band) (0,28)-(664,56) - expected (0,28)-(672,56)
rebar.c:614: Test failed: invalid rect (client) (0,0)-(664,0) - expected (0,0)-(672,0)
rebar.c:635: Test failed: invalid rect (client) (0,0)-(664,65) - expected (0,0)-(672,65)
rebar.c:635: Test failed: invalid rect (band) (180,0)-(664,65) - expected (180,0)-(672,65)
rebar.c:642: Test failed: invalid rect (client) (0,0)-(0,218) - expected (0,0)-(0,226)
rebar.c:653: Test failed: invalid rect (client) (0,0)-(65,218) - expected (0,0)-(65,226)
rebar.c:653: Test failed: invalid rect (band) (0,0)-(218,65) - expected (0,0)-(226,65)
rebar.c:658: Test failed: invalid rect (client) (0,0)-(65,218) - expected (0,0)-(65,226)
rebar.c:658: Test failed: invalid rect (band) (90,0)-(218,65) - expected (90,0)-(226,65)
rebar.c:665: Test failed: invalid rect (client) (0,0)-(65,218) - expected (0,0)-(65,226)
rebar.c:665: Test failed: invalid rect (band) (90,0)-(155,65) - expected (90,0)-(163,65)
rebar.c:665: Test failed: invalid rect (band) (155,0)-(218,65) - expected (163,0)-(226,65)
rebar.c:888: Test failed: invalid rect (client) (0,2)-(664,2) - expected (0,2)-(672,2)
rebar.c:893: Test failed: invalid rect (client) (0,2)-(664,22) - expected (0,2)-(672,22)
rebar.c:895: Test failed: invalid rect (client) (0,2)-(664,22) - expected (0,2)-(672,22)
rebar.c:897: Test failed: invalid rect (client) (0,2)-(664,22) - expected (0,2)-(672,22)
rebar.c:916: Test failed: invalid rect (client) (0,2)-(664,22) - expected (0,2)-(672,22)
rebar.c:919: Test failed: invalid rect (client) (0,2)-(664,22) - expected (0,2)-(672,22)
rebar.c:888: Test failed: invalid rect (client) (0,0)-(664,0) - expected (0,0)-(672,0)
rebar.c:893: Test failed: invalid rect (client) (0,0)-(664,20) - expected (0,0)-(672,20)
rebar.c:895: Test failed: invalid rect (client) (0,0)-(664,20) - expected (0,0)-(672,20)
rebar.c:897: Test failed: invalid rect (client) (0,0)-(664,20) - expected (0,0)-(672,20)
rebar.c:916: Test failed: invalid rect (client) (0,0)-(664,20) - expected (0,0)-(672,20)
rebar.c:919: Test failed: invalid rect (client) (0,0)-(664,20) - expected (0,0)-(672,20)
rebar.c:888: Test failed: invalid rect (client) (0,218)-(664,218) - expected (0,226)-(672,226)
rebar.c:893: Test failed: invalid rect (client) (0,198)-(664,218) - expected (0,206)-(672,226)
rebar.c:895: Test failed: invalid rect (client) (0,198)-(664,218) - expected (0,206)-(672,226)
rebar.c:897: Test failed: invalid rect (client) (0,198)-(664,218) - expected (0,206)-(672,226)
rebar.c:916: Test failed: invalid rect (client) (0,198)-(664,218) - expected (0,206)-(672,226)
rebar.c:919: Test failed: invalid rect (client) (0,198)-(664,218) - expected (0,206)-(672,226)
rebar.c:888: Test failed: invalid rect (client) (0,218)-(664,218) - expected (0,226)-(672,226)
rebar.c:893: Test failed: invalid rect (client) (0,198)-(664,218) - expected (0,206)-(672,226)
rebar.c:895: Test failed: invalid rect (client) (0,198)-(664,218) - expected (0,206)-(672,226)
rebar.c:897: Test failed: invalid rect (client) (0,198)-(664,218) - expected (0,206)-(672,226)
rebar.c:916: Test failed: invalid rect (client) (0,198)-(664,218) - expected (0,206)-(672,226)
rebar.c:919: Test failed: invalid rect (client) (0,198)-(664,218) - expected (0,206)-(672,226)
rebar.c:888: Test failed: invalid rect (client) (2,0)-(2,218) - expected (2,0)-(2,226)
rebar.c:893: Test failed: invalid rect (client) (2,0)-(22,218) - expected (2,0)-(22,226)
rebar.c:895: Test failed: invalid rect (client) (2,0)-(22,218) - expected (2,0)-(22,226)
rebar.c:897: Test failed: invalid rect (client) (2,0)-(22,218) - expected (2,0)-(22,226)
rebar.c:916: Test failed: invalid rect (client) (2,0)-(22,218) - expected (2,0)-(22,226)
rebar.c:919: Test failed: invalid rect (client) (2,0)-(22,218) - expected (2,0)-(22,226)
rebar.c:888: Test failed: invalid rect (client) (664,0)-(664,218) - expected (672,0)-(672,226)
rebar.c:893: Test failed: invalid rect (client) (644,0)-(664,218) - expected (652,0)-(672,226)
rebar.c:895: Test failed: invalid rect (client) (644,0)-(664,218) - expected (652,0)-(672,226)
rebar.c:897: Test failed: invalid rect (client) (644,0)-(664,218) - expected (652,0)-(672,226)
rebar.c:916: Test failed: invalid rect (client) (644,0)-(664,218) - expected (652,0)-(672,226)
rebar.c:919: Test failed: invalid rect (client) (644,0)-(664,218) - expected (652,0)-(672,226)
rebar.c:888: Test failed: invalid rect (client) (0,5)-(664,5) - expected (0,5)-(672,5)
rebar.c:893: Test failed: invalid rect (client) (0,5)-(664,25) - expected (0,5)-(672,25)
rebar.c:895: Test failed: invalid rect (client) (0,10)-(664,30) - expected (0,10)-(672,30)
rebar.c:897: Test failed: invalid rect (client) (0,0)-(664,20) - expected (0,0)-(672,20)
rebar.c:916: Test failed: invalid rect (client) (0,0)-(664,20) - expected (0,0)-(672,20)
rebar.c:919: Test failed: invalid rect (client) (0,0)-(664,20) - expected (0,0)-(672,20)
rebar.c:888: Test failed: invalid rect (client) (10,0)-(10,218) - expected (10,0)-(10,226)
rebar.c:893: Test failed: invalid rect (client) (10,0)-(30,218) - expected (10,0)-(30,226)
rebar.c:895: Test failed: invalid rect (client) (10,0)-(30,218) - expected (10,0)-(30,226)
rebar.c:897: Test failed: invalid rect (client) (0,0)-(20,218) - expected (0,0)-(20,226)
rebar.c:916: Test failed: invalid rect (client) (0,0)-(20,218) - expected (0,0)-(20,226)
rebar.c:919: Test failed: invalid rect (client) (0,0)-(20,218) - expected (0,0)-(20,226)
rebar.c:888: Test failed: invalid rect (client) (-2,0)-(666,4) - expected (-2,0)-(674,4)
rebar.c:893: Test failed: invalid rect (client) (-2,0)-(666,24) - expected (-2,0)-(674,24)
rebar.c:895: Test failed: invalid rect (client) (-2,0)-(666,24) - expected (-2,0)-(674,24)
rebar.c:897: Test failed: invalid rect (client) (-2,0)-(666,24) - expected (-2,0)-(674,24)
rebar.c:916: Test failed: invalid rect (client) (-2,0)-(666,24) - expected (-2,0)-(674,24)
rebar.c:919: Test failed: invalid rect (client) (-2,0)-(666,24) - expected (-2,0)-(674,24)
rebar.c:888: Test failed: invalid rect (client) (-2,5)-(666,9) - expected (-2,5)-(674,9)
rebar.c:893: Test failed: invalid rect (client) (-2,5)-(666,29) - expected (-2,5)-(674,29)
rebar.c:895: Test failed: invalid rect (client) (-2,10)-(666,34) - expected (-2,10)-(674,34)
rebar.c:897: Test failed: invalid rect (client) (-2,0)-(666,24) - expected (-2,0)-(674,24)
rebar.c:916: Test failed: invalid rect (client) (-2,0)-(666,24) - expected (-2,0)-(674,24)
rebar.c:919: Test failed: invalid rect (client) (-2,0)-(666,24) - expected (-2,0)-(674,24)
08b0:rebar: 1355 tests executed (0 marked as todo, 0 as flaky, 153 failures), 0 skipped.
comctl32:rebar:08b0 done (153) in 0s 13819B
comctl32:static start dlls/comctl32/tests/static.c
v6util.h:92: created cc6.manifest
static.c:88: Testing style 0x0
static.c:88: Testing style 0x3
static.c:88: Testing style 0x4
static.c:88: Testing style 0x6
static.c:88: Line has been silenced after 4 occurrences
2254:static: Silenced 0 todos, 0 skips and 11 traces.
2254:static: 506 tests executed (0 marked as todo, 0 as flaky, 0 failures), 0 skipped.
comctl32:static:2254 done (0) in 1s 363B
comctl32:status start dlls/comctl32/tests/status.c
status.c:115: Test failed: Expected 672, got 664
status.c:116: Test failed: Expected 226, got 218
status.c:196: Test failed: Expected rect (0,0)-(672,42), got (0,0)-(664,42)
status.c:203: Test failed: Expected rect (0,0)-(672,42), got (0,0)-(664,42)
status.c:209: Test failed: Expected rect (0,0)-(672,42), got (0,0)-(664,42)
status.c:214: Test failed: Expected rect (0,0)-(672,42), got (0,0)-(664,42)
status.c:217: Test failed: Expected rect (0,0)-(672,62), got (0,0)-(664,62)
status.c:221: Test failed: Expected rect (0,0)-(672,62), got (0,0)-(664,62)
status.c:224: Test failed: Expected rect (0,0)-(672,42), got (0,0)-(664,42)
status.c:229: Test failed: Expected rect (0,0)-(672,32), got (0,0)-(664,32)
status.c:244: dpi=96 (min height: 24 or 20) SM_CYSIZE: 22
09f0:status: 5761 tests executed (0 marked as todo, 0 as flaky, 10 failures), 0 skipped.
comctl32:status:09f0 done (10) in 3s 865B
comctl32:subclass start dlls/comctl32/tests/subclass.c
1f98:subclass: 288 tests executed (0 marked as todo, 0 as flaky, 0 failures), 0 skipped.
comctl32:subclass:1f98 done (0) in 0s 90B
comctl32:syslink start dlls/comctl32/tests/syslink.c
v6util.h:92: created cc6.manifest
15f8:syslink: 175 tests executed (0 marked as todo, 0 as flaky, 0 failures), 0 skipped.
comctl32:syslink:15f8 done (0) in 1s 124B
comctl32:tab start dlls/comctl32/tests/tab.c
tab.c:695: Testing with the 'System' font
tab.c:699: Testing with default MinWidth
tab.c:537: Tab1 text size: size.cx=36 size.cy=16
tab.c:543: default_min_tab_width: 54
tab.c:544:   TCS_FIXEDWIDTH tabs no icon...
tab.c:551:   TCS_FIXEDWIDTH tabs with icon...
tab.c:564:   TCS_FIXEDWIDTH buttons no icon...
tab.c:572:   TCS_FIXEDWIDTH buttons with icon...
tab.c:587:   TCS_FIXEDWIDTH | TCS_BOTTOM tabs...
tab.c:607:   non fixed width, with text...
tab.c:641:   non fixed width, no text...
tab.c:701: Testing with MinWidth set to -3
tab.c:537: Tab1 text size: size.cx=36 size.cy=16
tab.c:543: default_min_tab_width: 54
tab.c:544:   TCS_FIXEDWIDTH tabs no icon...
tab.c:551:   TCS_FIXEDWIDTH tabs with icon...
tab.c:564:   TCS_FIXEDWIDTH buttons no icon...
tab.c:572:   TCS_FIXEDWIDTH buttons with icon...
tab.c:587:   TCS_FIXEDWIDTH | TCS_BOTTOM tabs...
tab.c:607:   non fixed width, with text...
tab.c:641:   non fixed width, no text...
tab.c:703: Testing with MinWidth set to 24
tab.c:537: Tab1 text size: size.cx=36 size.cy=16
tab.c:543: default_min_tab_width: 54
tab.c:544:   TCS_FIXEDWIDTH tabs no icon...
tab.c:551:   TCS_FIXEDWIDTH tabs with icon...
tab.c:564:   TCS_FIXEDWIDTH buttons no icon...
tab.c:572:   TCS_FIXEDWIDTH buttons with icon...
tab.c:587:   TCS_FIXEDWIDTH | TCS_BOTTOM tabs...
tab.c:607:   non fixed width, with text...
tab.c:641:   non fixed width, no text...
tab.c:705: Testing with MinWidth set to 54
tab.c:537: Tab1 text size: size.cx=36 size.cy=16
tab.c:543: default_min_tab_width: 54
tab.c:544:   TCS_FIXEDWIDTH tabs no icon...
tab.c:551:   TCS_FIXEDWIDTH tabs with icon...
tab.c:564:   TCS_FIXEDWIDTH buttons no icon...
tab.c:572:   TCS_FIXEDWIDTH buttons with icon...
tab.c:587:   TCS_FIXEDWIDTH | TCS_BOTTOM tabs...
tab.c:607:   non fixed width, with text...
tab.c:641:   non fixed width, no text...
tab.c:707: Testing with MinWidth set to 94
tab.c:537: Line has been silenced after 4 occurrences
tab.c:543: Line has been silenced after 4 occurrences
tab.c:544: Line has been silenced after 4 occurrences
tab.c:551: Line has been silenced after 4 occurrences
tab.c:564: Line has been silenced after 4 occurrences
tab.c:572: Line has been silenced after 4 occurrences
tab.c:587: Line has been silenced after 4 occurrences
tab.c:607: Line has been silenced after 4 occurrences
tab.c:641: Line has been silenced after 4 occurrences
tab.c:695: Testing with the 'Arial' font
tab.c:699: Testing with default MinWidth
tab.c:701: Testing with MinWidth set to -3
tab.c:703: Testing with MinWidth set to 24
tab.c:705: Testing with MinWidth set to 54
tab.c:707: Testing with MinWidth set to 94
tab.c:695: Testing with the 'Tahoma' font
tab.c:699: Testing with default MinWidth
tab.c:701: Testing with MinWidth set to -3
tab.c:703: Testing with MinWidth set to 24
tab.c:705: Testing with MinWidth set to 54
tab.c:707: Testing with MinWidth set to 94
tab.c:695: Testing with the 'Courier New' font
tab.c:699: Testing with default MinWidth
tab.c:701: Testing with MinWidth set to -3
tab.c:703: Testing with MinWidth set to 24
tab.c:705: Testing with MinWidth set to 54
tab.c:707: Testing with MinWidth set to 94
tab.c:695: Line has been silenced after 4 occurrences
tab.c:699: Line has been silenced after 4 occurrences
tab.c:701: Line has been silenced after 4 occurrences
tab.c:703: Line has been silenced after 4 occurrences
tab.c:705: Line has been silenced after 4 occurrences
tab.c:707: Line has been silenced after 4 occurrences
18c8:tab: Silenced 0 todos, 0 skips and 195 traces.
18c8:tab: 6124 tests executed (0 marked as todo, 0 as flaky, 0 failures), 0 skipped.
comctl32:tab:18c8 done (0) in 0s 3668B
comctl32:taskdialog start dlls/comctl32/tests/taskdialog.c
v6util.h:92: created cc6.manifest
17a0:taskdialog: 2391 tests executed (0 marked as todo, 0 as flaky, 0 failures), 0 skipped.
comctl32:taskdialog:17a0 done (0) in 5s 128B
comctl32:toolbar start dlls/comctl32/tests/toolbar.c
v6util.h:92: created cc6.manifest
1e28:toolbar: 2131 tests executed (0 marked as todo, 0 as flaky, 0 failures), 0 skipped.
comctl32:toolbar:1e28 done (0) in 0s 125B
comctl32:tooltips start dlls/comctl32/tests/tooltips.c
v6util.h:92: created cc6.manifest
15c8:tooltips: 1533 tests executed (0 marked as todo, 0 as flaky, 0 failures), 0 skipped.
comctl32:tooltips:15c8 done (0) in 6s 126B
comctl32:trackbar start dlls/comctl32/tests/trackbar.c
v6util.h:92: created cc6.manifest
05b8:trackbar: 3530 tests executed (0 marked as todo, 0 as flaky, 0 failures), 0 skipped.
comctl32:trackbar:05b8 done (0) in 0s 126B
comctl32:treeview start dlls/comctl32/tests/treeview.c
v6util.h:92: created cc6.manifest
1404:treeview: 7210 tests executed (0 marked as todo, 0 as flaky, 0 failures), 0 skipped.
comctl32:treeview:1404 done (0) in 2s 126B
comctl32:updown start dlls/comctl32/tests/updown.c
1314:updown: 766 tests executed (0 marked as todo, 0 as flaky, 0 failures), 0 skipped.
comctl32:updown:1314 done (0) in 0s 88B
comdlg32:filedlg start dlls/comdlg32/tests/filedlg.c
filedlg.c:300: this is the last test seen before the exception
1334:filedlg: unhandled exception c0000005 at 00007FF79BAA1B4D
comdlg32:filedlg:1334 done (-1073741819) in 0s 128B
comdlg32:finddlg start dlls/comdlg32/tests/finddlg.c
11a4:finddlg: 43 tests executed (0 marked as todo, 0 as flaky, 0 failures), 0 skipped.
comdlg32:finddlg:11a4 done (0) in 0s 88B
comdlg32:fontdlg start dlls/comdlg32/tests/fontdlg.c
fontdlg.c:123: Tests skipped: can't get a DC for a local printer
1934:fontdlg: 8 tests executed (0 marked as todo, 0 as flaky, 0 failures), 1 skipped.
comdlg32:fontdlg:1934 done (0) in 0s 153B
comdlg32:itemdlg start dlls/comdlg32/tests/itemdlg.c
itemdlg.c:1144: Testing FileOpenDialog (advise)
itemdlg.c:1152: Testing FileSaveDialog (advise)
10e4:itemdlg: 1279 tests executed (0 marked as todo, 0 as flaky, 0 failures), 0 skipped.
comdlg32:itemdlg:10e4 done (0) in 9s 188B
comdlg32:printdlg start dlls/comdlg32/tests/printdlg.c
printdlg.c:99: Tests skipped: No printer configured.
printdlg.c:201: Tests skipped: No printer configured.
printdlg.c:348: Tests skipped: No printer configured.
printdlg.c:570: Tests skipped: No printer configured.
printdlg.c:680: Tests skipped: No default printer available.
1258:printdlg: 15 tests executed (0 marked as todo, 0 as flaky, 0 failures), 5 skipped.
comdlg32:printdlg:1258 done (0) in 0s 370B
compstui:compstui start dlls/compstui/tests/compstui.c
1bec:compstui: 146 tests executed (0 marked as todo, 0 as flaky, 0 failures), 0 skipped.
compstui:compstui:1bec done (0) in 0s 90B
comsvcs:comsvcs start dlls/comsvcs/tests/comsvcs.c
1758:comsvcs: 117 tests executed (0 marked as todo, 0 as flaky, 0 failures), 0 skipped.
comsvcs:comsvcs:1758 done (0) in 0s 89B
comsvcs:property start dlls/comsvcs/tests/property.c
1d78:property: 11 tests executed (0 marked as todo, 0 as flaky, 0 failures), 0 skipped.
comsvcs:property:1d78 done (0) in 0s 89B
concrt140:concrt140 start dlls/concrt140/tests/concrt140.c
concrt140.c:105: Tests skipped: concrt140.dll not installed
1d80:concrt140: 0 tests executed (0 marked as todo, 0 as flaky, 0 failures), 1 skipped.
concrt140:concrt140:1d80 done (0) in 0s 150B
conhost.exe:tty start programs/conhost/tests/tty.c
tty.c:1840: Test failed: 0: expected "\x1b[2J" got "\x1b[?9001h\x1b[?1004h"
tty.c:1842: Test failed: 0: expected "\x1b[m" got "\x1b[?9001h\x1b[?1004h"
tty.c:1843: Test failed: 0: expected "\x1b[H" got "\x1b[?9001h\x1b[?1004h"
tty.c:1845: Test failed: 0: expected "\x1b]0;test title" got "\x1b[?9001h\x1b[?1004h"
tty.c:1847: Test failed: 0: expected "\x07" got "\x1b[?9001h\x1b[?1004h"
tty.c:1849: Test failed: expected empty buffer, got "\x1b[?9001h\x1b[?1004h"
tty.c:987: Test failed: 0: expected "\x1b[5;4H" got "\x1b[2J\x1b[m\x1b[H\x1b]0;test title\x07\x1b[?25h"
tty.c:988: Test failed: 0: expected "child" got "\x1b[2J\x1b[m\x1b[H\x1b]0;test title\x07\x1b[?25h"
tty.c:989: Test failed: 0: expected "\x1b[H" got "\x1b[2J\x1b[m\x1b[H\x1b]0;test title\x07\x1b[?25h"
tty.c:990: Test failed: 0: expected "\x1b[?25h" got "\x1b[2J\x1b[m\x1b[H\x1b]0;test title\x07\x1b[?25h"
tty.c:991: Test failed: expected empty buffer, got "\x1b[2J\x1b[m\x1b[H\x1b]0;test title\x07\x1b[?25h"
tty.c:244: Test failed: WriteFile failed: 232
tty.c:996: Test failed: 0: expected "\x1b[7;1H" got "\x1b[5;4Hchild\x1b[H\x1b[?25h"
tty.c:997: Test failed: Read file failed: 996
tty.c:997: Test failed: 0: expected "                            bo\r\nund" got "\x1b[5;4Hchild\x1b[H\x1b[?25h"
tty.c:998: Test failed: 1b: expected "\x1b[27X" got "\x1b[5;4Hchild\x1b[H\x1b[?25h"
tty.c:998: Test failed: 1b: expected "\x1b[27C" got "\x1b[5;4Hchild\x1b[H\x1b[?25h"
tty.c:999: Test failed: 0: expected "\x1b[H" got "\x1b[5;4Hchild\x1b[H\x1b[?25h"
tty.c:1000: Test failed: 0: expected "\x1b[?25h" got "\x1b[5;4Hchild\x1b[H\x1b[?25h"
tty.c:1001: Test failed: expected empty buffer, got "\x1b[5;4Hchild\x1b[H\x1b[?25h"
tty.c:244: Test failed: WriteFile failed: 232
tty.c:1005: Test failed: Read file failed: 996
tty.c:1005: Test failed: expected hide cursor escape
tty.c:1006: Test failed: Read file failed: 996
tty.c:1006: Test failed: 0: expected "\x1b[5;14H" got ""
tty.c:1007: Test failed: Read file failed: 996
tty.c:1007: Test failed: 0: expected "xxx" got ""
tty.c:1008: Test failed: Read file failed: 996
tty.c:1008: Test failed: 0: expected "\x1b[H" got ""
tty.c:1009: Test failed: Read file failed: 996
tty.c:1009: Test failed: 0: expected "\x1b[?25h" got ""
tty.c:244: Test failed: WriteFile failed: 232
tty.c:1014: Test failed: Read file failed: 996
tty.c:1014: Test failed: expected hide cursor escape
tty.c:1015: Test failed: Read file failed: 996
tty.c:1015: Test failed: 0: expected "\x1b[5;30H" got ""
tty.c:1016: Test failed: Read file failed: 996
tty.c:1016: Test failed: 0: expected "y" got ""
tty.c:1017: Test failed: Read file failed: 996
tty.c:1017: Test failed: 0: expected "\x1b[H" got ""
tty.c:1018: Test failed: Read file failed: 996
tty.c:1018: Test failed: 0: expected "\x1b[?25h" got ""
tty.c:244: Test failed: WriteFile failed: 232
tty.c:1023: Test failed: Read file failed: 996
tty.c:1023: Test failed: expected hide cursor escape
tty.c:1024: Test failed: Read file failed: 996
tty.c:1024: Test failed: 0: expected "\x1b[5;1H" got ""
tty.c:1025: Test failed: Read file failed: 996
tty.c:1025: Test failed: 0: expected "   child     xxx             z" got ""
tty.c:1026: Test failed: Read file failed: 996
tty.c:1026: Test failed: 0: expected "\r\nz" got ""
tty.c:1027: Test failed: Read file failed: 996
tty.c:1027: Test failed: 1d: expected "\x1b[29X" got ""
tty.c:1027: Test failed: Read file failed: 996
tty.c:1027: Test failed: 1d: expected "\x1b[29C" got ""
tty.c:1028: Test failed: Read file failed: 996
tty.c:1028: Test failed: 0: expected "\x1b[H" got ""
tty.c:1029: Test failed: Read file failed: 996
tty.c:1029: Test failed: 0: expected "\x1b[?25h" got ""
tty.c:244: Test failed: WriteFile failed: 232
tty.c:1034: Test failed: Read file failed: 996
tty.c:1034: Test failed: expected hide cursor escape
tty.c:1035: Test failed: Read file failed: 996
tty.c:1035: Test failed: 0: expected "\x1b[5;4H" got ""
tty.c:1036: Test failed: Read file failed: 996
tty.c:1036: Test failed: 0: expected "child        " got ""
tty.c:1037: Test failed: Read file failed: 996
tty.c:1037: Test failed: 0: expected "\x1b[H" got ""
conhost.exe:tty:19f4 done (258) in 120s 4183B
coremessaging:coremessaging start dlls/coremessaging/tests/coremessaging.c
coremessaging.c:396: Test failed: got IAsyncInfo_get_Status status 0.
1844:coremessaging: 226 tests executed (0 marked as todo, 0 as flaky, 1 failure), 0 skipped.
coremessaging:coremessaging:1844 done (1) in 1s 165B
credui:credui start dlls/credui/tests/credui.c
0970:credui: 7 tests executed (0 marked as todo, 0 as flaky, 0 failures), 0 skipped.
credui:credui:0970 done (0) in 0s 86B
crypt32:base64 start dlls/crypt32/tests/base64.c
1d04:base64: 3723 tests executed (0 marked as todo, 0 as flaky, 0 failures), 0 skipped.
crypt32:base64:1d04 done (0) in 0s 89B
crypt32:cert start dlls/crypt32/tests/cert.c
2300:cert: 634 tests executed (0 marked as todo, 0 as flaky, 0 failures), 0 skipped.
crypt32:cert:2300 done (0) in 0s 86B
crypt32:chain start dlls/crypt32/tests/chain.c
chain.c:4577: info[0] = 102
chain.c:4577: info[1] = 102
chain.c:4577: info[2] = 10c
08dc:chain: 2952 tests executed (0 marked as todo, 0 as flaky, 0 failures), 0 skipped.
crypt32:chain:08dc done (0) in 0s 175B
crypt32:crl start dlls/crypt32/tests/crl.c
1fa4:crl: 140 tests executed (0 marked as todo, 0 as flaky, 0 failures), 0 skipped.
crypt32:crl:1fa4 done (0) in 0s 85B
crypt32:ctl start dlls/crypt32/tests/ctl.c
18fc:ctl: 37 tests executed (0 marked as todo, 0 as flaky, 0 failures), 0 skipped.
crypt32:ctl:18fc done (0) in 0s 84B
crypt32:encode start dlls/crypt32/tests/encode.c
0910:encode: 6326 tests executed (0 marked as todo, 0 as flaky, 0 failures), 0 skipped.
crypt32:encode:0910 done (0) in 0s 89B
crypt32:main start dlls/crypt32/tests/main.c
11fc:main: 100 tests executed (0 marked as todo, 0 as flaky, 0 failures), 0 skipped.
crypt32:main:11fc done (0) in 0s 86B
crypt32:message start dlls/crypt32/tests/message.c
1724:message: 155 tests executed (0 marked as todo, 0 as flaky, 0 failures), 0 skipped.
crypt32:message:1724 done (0) in 0s 89B
crypt32:msg start dlls/crypt32/tests/msg.c
07b4:msg: 1027 tests executed (0 marked as todo, 0 as flaky, 0 failures), 0 skipped.
crypt32:msg:07b4 done (0) in 0s 86B
crypt32:object start dlls/crypt32/tests/object.c
0d8c:object: 16 tests executed (0 marked as todo, 0 as flaky, 0 failures), 0 skipped.
crypt32:object:0d8c done (0) in 0s 87B
crypt32:oid start dlls/crypt32/tests/oid.c
236c:oid: 175 tests executed (0 marked as todo, 0 as flaky, 0 failures), 0 skipped.
crypt32:oid:236c done (0) in 0s 85B
crypt32:protectdata start dlls/crypt32/tests/protectdata.c
0c1c:protectdata: 42 tests executed (0 marked as todo, 0 as flaky, 0 failures), 0 skipped.
crypt32:protectdata:0c1c done (0) in 0s 92B
crypt32:sip start dlls/crypt32/tests/sip.c
0a50:sip: 50 tests executed (0 marked as todo, 0 as flaky, 0 failures), 0 skipped.
crypt32:sip:0a50 done (0) in 0s 84B
crypt32:store start dlls/crypt32/tests/store.c
06e4:store: 592 tests executed (0 marked as todo, 0 as flaky, 0 failures), 0 skipped.
crypt32:store:06e4 done (0) in 0s 87B
crypt32:str start dlls/crypt32/tests/str.c
1544:str: 1592 tests executed (0 marked as todo, 0 as flaky, 0 failures), 0 skipped.
crypt32:str:1544 done (0) in 0s 86B
cryptext:cryptext start dlls/cryptext/tests/cryptext.c
cryptext.c:42: Tests skipped: CryptExtOpenCER test needs user interaction
177c:cryptext: 0 tests executed (0 marked as todo, 0 as flaky, 0 failures), 1 skipped.
cryptext:cryptext:177c done (0) in 0s 163B
cryptnet:cryptnet start dlls/cryptnet/tests/cryptnet.c
cryptnet.c:342: Tests skipped: File URLs not supported
1a9c:cryptnet: 125 tests executed (0 marked as todo, 0 as flaky, 0 failures), 1 skipped.
cryptnet:cryptnet:1a9c done (0) in 0s 146B
cryptowinrt:crypto start dlls/cryptowinrt/tests/crypto.c
crypto.c:166: {ecc8691b-c1db-4dc0-855e-65f6c551af49} not implemented, returning E_NOINTERFACE.
crypto.c:166: {00000039-0000-0000-c000-000000000046} not implemented, returning E_NOINTERFACE.
crypto.c:166: {0000001b-0000-0000-c000-000000000046} not implemented, returning E_NOINTERFACE.
crypto.c:186: iface 00000039548FF870, async 0000014C79825780, status 1
crypto.c:166: {ecc8691b-c1db-4dc0-855e-65f6c551af49} not implemented, returning E_NOINTERFACE.
crypto.c:166: Line has been silenced after 4 occurrences
crypto.c:105: Skipping async_id check, got id 424687
crypto.c:105: Skipping async_id check, got id 424687
0584:crypto: Silenced 0 todos, 0 skips and 2 traces.
0584:crypto: 68 tests executed (0 marked as todo, 0 as flaky, 0 failures), 0 skipped.
cryptowinrt:crypto:0584 done (0) in 0s 763B
cryptui:cryptui start dlls/cryptui/tests/cryptui.c
0fc0:cryptui: 30 tests executed (0 marked as todo, 0 as flaky, 0 failures), 0 skipped.
cryptui:cryptui:0fc0 done (0) in 0s 88B
cryptxml:cryptxml start dlls/cryptxml/tests/cryptxml.c
09a4:cryptxml: 43 tests executed (0 marked as todo, 0 as flaky, 0 failures), 0 skipped.
cryptxml:cryptxml:09a4 done (0) in 0s 89B
d2d1:d2d1 start dlls/d2d1/tests/d2d1.c
d2d1.c:10408: Tests skipped: Failed to create REF d3d device, hr 0x80004002.
1438:d2d1: 16326 tests executed (0 marked as todo, 0 as flaky, 0 failures), 1 skipped.
d2d1:d2d1:1438 done (0) in 7s 166B
d3d10core:d3d10core start dlls/d3d10core/tests/d3d10core.c
d3d10core.c:1295: Adapter: L"Microsoft Basic Render Driver", 1414:008c.
d3d10core.c:6308: Tests skipped: DXGI_FORMAT_B8G8R8X8_UNORM not supported.
d3d10core.c:16429: Tests skipped: B8G8R8A8_UNORM not supported.
d3d10core.c:17356: Tests skipped: Skipping test with DXGI_FORMAT_R8G8B8A8_UINT on WARP.
d3d10core.c:17356: Tests skipped: Skipping test with DXGI_FORMAT_R8G8B8A8_UINT on WARP.
d3d10core.c:17356: Tests skipped: Skipping test with DXGI_FORMAT_R8G8B8A8_UINT on WARP.
d3d10core.c:17356: Tests skipped: Skipping test with DXGI_FORMAT_R8G8B8A8_UINT on WARP.
d3d10core.c:17488: Tests skipped: Creating the next texture crashes WARP on some testbot boxes.
2298:d3d10core: 195846 tests executed (0 marked as todo, 0 as flaky, 0 failures), 7 skipped.
d3d10core:d3d10core:2298 done (0) in 9s 761B
d3d10_1:d3d10_1 start dlls/d3d10_1/tests/d3d10_1.c
d3d10_1.c:330: Tests skipped: Failed to create device for feature level 0xa100.
d3d10_1.c:330: Tests skipped: Failed to create device for feature level 0xa000.
d3d10_1.c:330: Tests skipped: Failed to create device for feature level 0x9300.
d3d10_1.c:330: Tests skipped: Failed to create device for feature level 0x9200.
d3d10_1.c:330: Line has been silenced after 4 occurrences
1f3c:d3d10_1: Silenced 0 todos, 1 skips and 0 traces.
1f3c:d3d10_1: 580 tests executed (0 marked as todo, 0 as flaky, 0 failures), 4 skipped.
d3d10_1:d3d10_1:1f3c done (0) in 0s 527B
d3d10_1:reflection start dlls/d3d10_1/tests/reflection.c
1e68:reflection: 624 tests executed (0 marked as todo, 0 as flaky, 0 failures), 0 skipped.
d3d10_1:reflection:1e68 done (0) in 0s 92B
d3d10:device start dlls/d3d10/tests/device.c
0848:device: 206 tests executed (0 marked as todo, 0 as flaky, 0 failures), 0 skipped.
d3d10:device:0848 done (0) in 0s 88B
d3d10:effect start dlls/d3d10/tests/effect.c
0830:effect: 5041 tests executed (0 marked as todo, 0 as flaky, 0 failures), 0 skipped.
d3d10:effect:0830 done (0) in 0s 89B
d3d10:reflection start dlls/d3d10/tests/reflection.c
1320:reflection: 624 tests executed (0 marked as todo, 0 as flaky, 0 failures), 0 skipped.
d3d10:reflection:1320 done (0) in 0s 92B
d3d11:d3d11 start dlls/d3d11/tests/d3d11.c
d3d11.c:1638: Adapter: L"Microsoft Basic Render Driver", 1414:008c.
d3d11.c:2145: Feature level 0xb000.
d3d11.c:2404: Tests skipped: Feature level 0xb100: Failed to create debug device.
d3d11.c:2404: Tests skipped: Feature level 0xb000: Failed to create debug device.
d3d11.c:2404: Tests skipped: Feature level 0xa100: Failed to create debug device.
d3d11.c:2404: Tests skipped: Feature level 0xa000: Failed to create debug device.
d3d11.c:2404: Line has been silenced after 4 occurrences
1d04:d3d11: 4 tests executed (0 marked as todo, 0 as flaky, 0 failures), 0 skipped.
d3d11.c:19886: Compute shader support via SM4 0x1.
d3d11.c:21327: Feature level 0xa100: Optional format 0x59 - display supported.
d3d11.c:21327: Feature level 0xa000: Optional format 0x59 - display supported.
d3d11.c:21327: Feature level 0xa000: Optional format 0xb - blendable supported.
d3d11.c:21327: Feature level 0xa000: Optional format 0x23 - blendable supported.
d3d11.c:21327: Line has been silenced after 4 occurrences
d3d11.c:24860: Tests skipped: Test 8: Broken WARP.
d3d11.c:25139: Tests skipped: Feature level 0xa100: Feature level 11_0 required for unaligned UAV test.
d3d11.c:25139: Tests skipped: Feature level 0xa000: Feature level 11_0 required for unaligned UAV test.
d3d11.c:32030: Tests skipped: Sample shading tests fail on WARP.
d3d11.c:35734: Tests skipped: The device does not support stencil ref export.
d3d11.c:36939: Tests skipped: Failed to get ID3D11VideoDevice.
d3d11.c:30674: Tests skipped: Skipping test with DXGI_FORMAT_R8G8B8A8_UINT on WARP.
d3d11.c:30674: Tests skipped: Skipping test with DXGI_FORMAT_R8G8B8A8_UINT on WARP.
d3d11.c:30674: Tests skipped: Skipping test with DXGI_FORMAT_R8G8B8A8_UINT on WARP.
d3d11.c:30674: Tests skipped: Skipping test with DXGI_FORMAT_R8G8B8A8_UINT on WARP.
1b5c:d3d11: Silenced 0 todos, 3 skips and 1 traces.
1b5c:d3d11: 5561753 tests executed (0 marked as todo, 0 as flaky, 0 failures), 14 skipped.
d3d11:d3d11:1b5c done (0) in 28s 1971B
d3d12:d3d12 start dlls/d3d12/tests/d3d12.c
d3d12.c:156: Adapter: L"Microsoft Basic Render Driver", 1414:008c.
1d48:d3d12: 671 tests executed (0 marked as todo, 0 as flaky, 0 failures), 0 skipped.
d3d12:d3d12:1d48 done (0) in 1s 155B
d3d9:d3d9ex start dlls/d3d9/tests/d3d9ex.c
d3d9ex.c:494: GetDisplayModeEx returned Width = 1280, Height = 800, RefreshRate = 64, Format = 16, ScanLineOrdering = 1, rotation = 1.
d3d9ex.c:427: Adapter luid: 00000000:0000569e.
d3d9ex.c:573: Test failed: ChangeDisplaySettingsEx failed with -1.
d3d9ex.c:608: Test failed: rotation is 1 instead of 0
d3d9ex.c:611: GetAdapterDisplayModeEx returned Width = 1280, Height = 800, RefreshRate = 64, Format = 16, ScanLineOrdering = 1, rotation = 1
d3d9ex.c:2446: Tests skipped: This GPU supports SM3, skipping unsupported shader test.
d3d9ex.c:2885: device_window 00000000002C017E, focus_window 0000000000060292, dummy_window 00000000000702AC.
d3d9ex.c:2949: Test failed: Expected message 0x7e for window 0, but didn't receive it, i=0.
d3d9ex.c:3007: Test failed: Expected message 0x7e for window 0, but didn't receive it, i=0.
d3d9ex.c:3100: Test failed: Expected message 0x7e for window 0x1, but didn't receive it, i=0.
d3d9ex.c:2885: device_window 00000000000802AC, focus_window 00000000000802AA, dummy_window 0000000000AD02B4.
d3d9ex.c:2949: Test failed: Expected message 0x7e for window 0, but didn't receive it, i=1.
d3d9ex.c:3007: Test failed: Expected message 0x7e for window 0, but didn't receive it, i=1.
d3d9ex.c:3100: Test failed: Expected message 0x7e for window 0x1, but didn't receive it, i=1.
d3d9ex.c:3303: device_window 0000000000AE02B4, focus_window 0000000000080292, dummy_window 00000000000902AC.
d3d9ex.c:4391: Tests skipped: ATI2N texture not supported.
d3d9ex.c:4391: Tests skipped: ATI2N texture not supported.
d3d9ex.c:4391: Tests skipped: ATI2N texture not supported.
d3d9ex.c:4391: Tests skipped: ATI2N texture not supported.
d3d9ex.c:4391: Line has been silenced after 4 occurrences
06f8:d3d9ex: Silenced 0 todos, 36 skips and 0 traces.
06f8:d3d9ex: 2402 tests executed (0 marked as todo, 0 as flaky, 8 failures), 5 skipped.
d3d9:d3d9ex:06f8 done (8) in 18s 1872B
d3d9:device start dlls/d3d9/tests/device.c
device.c:4181: device_window 0000000000230292, focus_window 0000000000B40096, dummy_window 0000000000BB02B4.
device.c:4246: Test failed: Expected message 0x7e for window 0, but didn't receive it, i=0.
device.c:4317: Test failed: Expected message 0x7e for window 0, but didn't receive it, i=0.
device.c:4408: Test failed: Expected message 0x7e for window 0x1, but didn't receive it, i=0.
device.c:4181: device_window 0000000000B50096, focus_window 00000000009D02B6, dummy_window 0000000000AA0036.
device.c:4246: Test failed: Expected message 0x7e for window 0, but didn't receive it, i=1.
device.c:4317: Test failed: Expected message 0x7e for window 0, but didn't receive it, i=1.
device.c:4408: Test failed: Expected message 0x7e for window 0x1, but didn't receive it, i=1.
device.c:4650: device_window 00000000009E02B6, focus_window 0000000002420050, dummy_window 00000000000C02AC.
device.c:5177: Test failed: Expected device window style 0x14cf0000, got 0x4000000, i=0.
device.c:5182: Test failed: Expected device window extended style 0x108, got 0, i=0.
device.c:5213: Test failed: Expected device window style 0x14cf0000, got 0x4cf0000, i=0.
device.c:5218: Test failed: Expected device window extended style 0x108, got 0x100, i=0.
device.c:5678: Tests skipped: Following tests require two adapters.
device.c:6757: Expects 0x0000000104000000 samples.
device.c:7282: SetPixelShaderConstantF was able to set 224 shader constants.
device.c:7563: Tests skipped: This GPU supports SM3, skipping unsupported shader test.
device.c:7766: Tests skipped: No cube mipmap generation support, skipping tests.
device.c:7933: Tests skipped: No mipmap generation support, skipping tests.
device.c:8135: Tests skipped: D3DFMT_A32B32G32R32F supports filtering, skipping tests.
device.c:8491: Tests skipped: Format ATI1N not supported, skipping lockrect offset tests.
device.c:8491: Tests skipped: Format ATI2N not supported, skipping lockrect offset tests.
device.c:9062: Tests skipped: Failed to create surface for format R8G8B8 (hr 0x8876086c), skipping tests.
device.c:9062: Tests skipped: Failed to create surface for format R3G3B2 (hr 0x8876086c), skipping tests.
device.c:9395: Tests skipped: No D3DFMT_NULL support, skipping test.
device.c:9776: Tests skipped: Format ATI1N not supported, skipping lockrect offset tests.
device.c:9776: Tests skipped: Format ATI2N not supported, skipping lockrect offset tests.
device.c:9898: Tests skipped: Dynamic D3DFMT_YUY2 textures not supported, skipping mipmap test.
device.c:9776: Tests skipped: Format D3DFMT_UYVY not supported, skipping lockrect offset tests.
device.c:12140: Test failed: Failed to set foreground window.
device.c:12142: Test failed: Got unexpected hr 0.
device.c:12144: Test failed: Got unexpected hr 0.
device.c:12149: Test failed: Failed to set foreground window.
device.c:12151: Test failed: Got unexpected hr 0.
device.c:12153: Test failed: Got unexpected hr 0.
device.c:12171: Test failed: Failed to set foreground window.
device.c:12180: Test failed: Failed to set foreground window.
device.c:12195: Test failed: Failed to set foreground window.
device.c:12197: Test failed: Got unexpected hr 0.
device.c:12201: Test failed: Failed to set foreground window.
device.c:12761: Tests skipped: D3DFMT_ATI1 textures not supported, skipping tests.
device.c:12761: Tests skipped: D3DFMT_ATI2 textures not supported, skipping tests.
device.c:13171: Max user clip planes: 8.
device.c:13171: Max user clip planes: 6.
device.c:13824: Tests skipped: ATI2N texture not supported.
device.c:15006: Test failed: Adapter 0: Expect window rect (0,0)-(1280,800), got (0,0)-(1279,799).
device.c:15041: Test failed: Adapter 0: SetForegroundWindow failed, error 0.
device.c:15047: Test failed: Adapter 0: SetForegroundWindow failed, error 0.
device.c:15289: Test failed: Got refcount 29.
13ec:device: 160233 tests executed (0 marked as todo, 0 as flaky, 25 failures), 17 skipped.
d3d9:device:13ec done (25) in 31s 3966B
d3d9:stateblock start dlls/d3d9/tests/stateblock.c
stateblock.c:426: Running initial read state tests
stateblock.c:139: event 0.
stateblock.c:429: Running write-read state tests
stateblock.c:139: event 0.
stateblock.c:139: event 1.
stateblock.c:432: Running stateblock abort state tests
stateblock.c:139: event 0.
stateblock.c:139: Line has been silenced after 4 occurrences
stateblock.c:435: Running stateblock apply state tests
stateblock.c:438: Running stateblock capture/reapply state tests
stateblock.c:442: Running create stateblock capture/apply all state tests
stateblock.c:446: Running create stateblock apply state all tests
stateblock.c:450: Running create stateblock capture/apply vertex state tests
stateblock.c:454: Running create stateblock apply vertex state tests
stateblock.c:458: Running create stateblock capture/apply pixel state tests
stateblock.c:462: Running create stateblock apply pixel state tests
stateblock.c:466: Running rendertarget switch state tests
stateblock.c:470: Running stateblock apply over rendertarget switch interrupt tests
102c:stateblock: Silenced 0 todos, 0 skips and 36 traces.
102c:stateblock: 14738 tests executed (0 marked as todo, 0 as flaky, 0 failures), 0 skipped.
d3d9:stateblock:102c done (0) in 0s 1187B
d3d9:visual start dlls/d3d9/tests/visual.c
visual.c:28868: Driver string: "d3d10warp.dll"
visual.c:28869: Description string: "Microsoft Basic Render Driver"
visual.c:28872: Device name string: "\\.\DISPLAY1"
visual.c:28874: Driver version 10.0.26100.1301
visual.c:1435: sRGB writing to D3DFMT_A8R8G8B8 is supported.
visual.c:1844: Tests skipped: Offscreenplain D3DFMT_DXT1 surfaces not supported, skipping colorfill test
visual.c:8422: Tests skipped: R5G6R5 textures with SRGBREAD are not supported.
visual.c:8422: Tests skipped: A1R5G5R5 textures with SRGBREAD are not supported.
visual.c:8422: Tests skipped: X1R5G5R5 textures with SRGBREAD are not supported.
visual.c:5813: Tests skipped: No autogenmipmap support.
visual.c:9890: Tests skipped: Card has unconditional NP2 support, skipping conditional NP2 tests
visual.c:10286: Tests skipped: L6V5U5 / D3DTOP_BUMPENVMAPLUMINANCE not supported, skipping tests.
visual.c:12837: Tests skipped: D3DFMT_UYVY is not supported.
visual.c:12847: Tests skipped: Driver cannot blit D3DFMT_YUY2 surfaces.
visual.c:12991: Tests skipped: D3DFMT_UYVY is not supported.
visual.c:12997: Tests skipped: Driver cannot blit D3DFMT_YUY2 surfaces.
visual.c:12991: Tests skipped: D3DFMT_YV12 is not supported.
visual.c:12991: Tests skipped: D3DFMT_NV12 is not supported.
visual.c:16825: Test failed: Unbound sampler color is 0.
visual.c:16839: Test failed: Unbound sampler color is 0.
visual.c:16853: Test failed: Unbound sampler color is 0.
visual.c:14929: Tests skipped: No INTZ support, skipping INTZ test.
visual.c:15496: Tests skipped: No DF24 support, skipping Fetch4 test.
visual.c:14337: Tests skipped: No NVDB (depth bounds test) support, skipping tests.
visual.c:17574: Tests skipped: No INTZ support, skipping RESZ test.
visual.c:19498: Test failed: Got unexpected color 0x000000ff.
visual.c:19516: Test failed: Got unexpected color 0x000000ff.
visual.c:19534: Test failed: Got unexpected color 0x000000ff.
visual.c:19631: Tests skipped: ATI1N textures are not supported, skipping test.
visual.c:20574: Tests skipped: Format D3DFMT_X8L8V8U8 not supported, skipping.
visual.c:20574: Tests skipped: Format D3DFMT_L6V5U5 not supported, skipping.
visual.c:21576: Tests skipped: 2D mipmapped ATI2N textures are not supported, skipping some tests.
visual.c:211: Can't read the render target data, hr 0x88760868.
visual.c:211: Can't read the render target data, hr 0x88760868.
visual.c:211: Can't read the render target data, hr 0x88760868.
visual.c:211: Can't read the render target data, hr 0x88760868.
visual.c:211: Line has been silenced after 4 occurrences
visual.c:21576: Tests skipped: Cube ATI2N textures are not supported, skipping some tests.
visual.c:21576: Tests skipped: Volume ATI2N textures are not supported, skipping some tests.
visual.c:21841: Tests skipped: Depth format 71 not supported, skipping.
visual.c:21841: Tests skipped: Depth format 1515474505 not supported, skipping.
visual.c:23644: Line antialiasing support: 0x20.
visual.c:24734: Tests skipped: No NULL format support, skipping NULL test.
visual.c:24981: Tests skipped: Running on WARP, skipping test.
visual.c:26409: Tests skipped: Sampling attached render targets is not supported.
visual.c:26498: Tests skipped: Alpha to coverage is not supported.
1bc8:visual: Silenced 0 todos, 0 skips and 27 traces.
1bc8:visual: 204171 tests executed (0 marked as todo, 0 as flaky, 6 failures), 29 skipped.
d3d9:visual:1bc8 done (6) in 31s 3419B
d3dcompiler_47:asm start dlls/d3dcompiler_47/tests/asm.c
asm.c:1438: D3DAssemble messages:
C:\Users\Docker\AppData\Local\Temp\wct\Shader@0x00007FF73F9DC223(3,1-9): error X2000: syntax error : unexpected token 'texldd_x2'
C:\Users\Docker\AppData\Local\Temp\wct\Shader@0x00007FF73F9DC223(3,1-9): error X2024: invalid instruction modifiers 'texldd_x2'
asm.c:1438: D3DAssemble messages:
C:\Users\Docker\AppData\Local\Temp\wct\Shader@0x00007FF73F9DC252(3,2-4): error X2027: instruction coissue is not supported in this shader version
asm.c:1438: D3DAssemble messages:
C:\Users\Docker\AppData\Local\Temp\wct\Shader@0x00007FF73F9DC280(4,2-4): error X2027: instruction coissue is not supported in this shader version
asm.c:1438: D3DAssemble messages:
C:\Users\Docker\AppData\Local\Temp\wct\Shader@0x00007FF73F9DC2BE(2,2-3): error X2005: invalid register 'p0'
C:\Users\Docker\AppData\Local\Temp\wct\Shader@0x00007FF73F9DC2BE(2,6-8): error X2028: instruction predication is not supported in this shader version
asm.c:1438: Line has been silenced after 4 occurrences
asm.c:1458: include_type = 0, filename incl.vsh
asm.c:1459: parent_data (0000000000000000) -> (null)
asm.c:1601: D3DAssemble messages:
(1,1): error X2001: shader version expected
asm.c:1691: D3DPreprocess messages:
C:\Users\Docker\AppData\Local\Temp\wct\<memory>(3,3): error X1005: string continues past end of line
asm.c:1458: include_type = 0, filename incl.vsh
asm.c:1459: parent_data (0000000000000000) -> (null)
asm.c:1458: include_type = 0, filename incl2.vsh
asm.c:1459: parent_data (0000000000000000) -> (null)
asm.c:1458: include_type = 0, filename incl3.vsh
asm.c:1459: parent_data (00000278810D1620) -> #include "incl3.vsh"

asm.c:1458: Line has been silenced after 4 occurrences
asm.c:1459: Line has been silenced after 4 occurrences
1e28:asm: Silenced 0 todos, 0 skips and 52 traces.
1e28:asm: 259 tests executed (0 marked as todo, 0 as flaky, 0 failures), 0 skipped.
d3dcompiler_47:asm:1e28 done (0) in 0s 1908B
d3dcompiler_47:blob start dlls/d3dcompiler_47/tests/blob.c
1c3c:blob: 258 tests executed (0 marked as todo, 0 as flaky, 0 failures), 0 skipped.
d3dcompiler_47:blob:1c3c done (0) in 0s 86B
d3dcompiler_47:hlsl_d3d11 start dlls/d3dcompiler_47/tests/hlsl_d3d11.c
1c64:hlsl_d3d11: 1064 tests executed (0 marked as todo, 0 as flaky, 0 failures), 0 skipped.
d3dcompiler_47:hlsl_d3d11:1c64 done (0) in 0s 93B
d3dcompiler_47:hlsl_d3d9 start dlls/d3dcompiler_47/tests/hlsl_d3d9.c
hlsl_d3d9.c:1859: Tests skipped: Failed to load d3dx9_36.dll.
18c8:hlsl_d3d9: 0 tests executed (0 marked as todo, 0 as flaky, 0 failures), 1 skipped.
d3dcompiler_47:hlsl_d3d9:18c8 done (0) in 0s 152B
d3dcompiler_47:reflection start dlls/d3dcompiler_47/tests/reflection.c
0d5c:reflection: 1348 tests executed (0 marked as todo, 0 as flaky, 0 failures), 0 skipped.
d3dcompiler_47:reflection:0d5c done (0) in 0s 93B
d3dxof:d3dxof start dlls/d3dxof/tests/d3dxof.c
d3dxof.c:415: Tests skipped: DirectXFileCreate is not available
d3dxof.c:482: Tests skipped: DirectXFileCreate is not available
d3dxof.c:552: Tests skipped: DirectXFileCreate is not available
d3dxof.c:621: Tests skipped: DirectXFileCreate is not available
d3dxof.c:658: Tests skipped: DirectXFileCreate is not available
d3dxof.c:700: Tests skipped: DirectXFileCreate is not available
d3dxof.c:783: Tests skipped: DirectXFileCreate is not available
d3dxof.c:891: Tests skipped: DirectXFileCreate is not available
d3dxof.c:986: Tests skipped: DirectXFileCreate is not available
d3dxof.c:1015: Tests skipped: DirectXFileCreate is not available
d3dxof.c:1035: Tests skipped: DirectXFileCreate is not available
140c:d3dxof: 0 tests executed (0 marked as todo, 0 as flaky, 0 failures), 11 skipped.
d3dxof:d3dxof:140c done (0) in 0s 804B
dataexchange:dataexchange start dlls/dataexchange/tests/dataexchange.c
11ac:dataexchange: 32 tests executed (0 marked as todo, 0 as flaky, 0 failures), 0 skipped.
dataexchange:dataexchange:11ac done (0) in 0s 93B
dbgeng:dbgeng start dlls/dbgeng/tests/dbgeng.c
dbgeng.c:54: Test failed: Unexpected hr 0.
dbgeng.c:59: Test failed: Unexpected options 0x1000020.
dbgeng.c:90: Test failed: Unexpected hr 0.
dbgeng.c:93: Test failed: Unexpected hr 0.
dbgeng.c:98: Test failed: Unexpected options 0x1000001.
060c:dbgeng: 2 tests executed (0 marked as todo, 0 as flaky, 0 failures), 0 skipped.
205c:dbgeng: 2 tests executed (0 marked as todo, 0 as flaky, 0 failures), 0 skipped.
159c:dbgeng: 94 tests executed (0 marked as todo, 0 as flaky, 5 failures), 0 skipped.
dbgeng:dbgeng:159c done (5) in 0s 505B
dbghelp:dbghelp start dlls/dbghelp/tests/dbghelp.c
025c:dbghelp: 3272 tests executed (0 marked as todo, 0 as flaky, 0 failures), 0 skipped.
dbghelp:dbghelp:025c done (0) in 9s 90B
dbghelp:minidump start dlls/dbghelp/tests/minidump.c
minidump.c:158: Test failed: streams_table[0]: Not expecting stream 13 to be present
minidump.c:158: Test failed: streams_table[1]: Not expecting stream 13 to be present
minidump.c:158: Test failed: streams_table[2]: Not expecting stream 13 to be present
minidump.c:158: Test failed: streams_table[3]: Not expecting stream 13 to be present
minidump.c:158: Test failed: streams_table[4]: Not expecting stream 13 to be present
minidump.c:158: Test failed: streams_table[5]: Not expecting stream 13 to be present
minidump.c:158: Test failed: streams_table[6]: Not expecting stream 13 to be present
minidump.c:158: Test failed: streams_table[7]: Not expecting stream 13 to be present
minidump.c:158: Test failed: streams_table[8]: Not expecting stream 13 to be present
minidump.c:515: Test failed: process_tests[0]: unexpected unknown memory locations
minidump.c:515: Test failed: process_tests[1]: unexpected unknown memory locations
minidump.c:515: Test failed: process_tests[2]: unexpected unknown memory locations
minidump.c:515: Test failed: process_tests[3]: unexpected unknown memory locations
1828:minidump: 2217 tests executed (0 marked as todo, 0 as flaky, 13 failures), 0 skipped.
dbghelp:minidump:1828 done (13) in 1s 1202B
dbghelp:path start dlls/dbghelp/tests/path.c
path.c:871: Test failed: pdb#00: SymSrvGetFileIndexInfo failed: 0
path.c:873: Test failed: pdb#00: Mismatch in age: 806d000c
path.c:871: Test failed: pdb#01: SymSrvGetFileIndexInfo failed: 0
path.c:873: Test failed: pdb#01: Mismatch in age: 806d000c
path.c:874: Test failed: pdb#01: Mismatch in guid: guid={00000000-0000-0000-0000-000000000000}
path.c:998: Test failed: path_pdb_0: SymSrvGetFileIndexInfo failed: 0 C:\Users\Docker\AppData\Local\Temp\dh.tmp\foobar.pdb
path.c:998: Test failed: path_pdb_1: SymSrvGetFileIndexInfo failed: 0 C:\Users\Docker\AppData\Local\Temp\dh.tmp\foobar.pdb
path.c:998: Test failed: path_pdb_2: SymSrvGetFileIndexInfo failed: 0 C:\Users\Docker\AppData\Local\Temp\dh.tmp\foobar.pdb
path.c:998: Test failed: path_pdb_3: SymSrvGetFileIndexInfo failed: 0 C:\Users\Docker\AppData\Local\Temp\dh.tmp\foobar.pdb
path.c:1413: Test failed: path_pdb_3: Couldn't find file: C:\Users\Docker\AppData\Local\Temp\dh.tmp\ 2
path.c:1419: Test failed: path_pdb_3: Mismatch in found file  (expecting )
path.c:998: Test failed: path_pdb_5: SymSrvGetFileIndexInfo failed: 0 C:\Users\Docker\AppData\Local\Temp\dh.tmp\A\foobar.pdb
path.c:998: Test failed: path_pdb_5: SymSrvGetFileIndexInfo failed: 0 C:\Users\Docker\AppData\Local\Temp\dh.tmp\B\foobar.pdb
path.c:1406: Test failed: path_pdb_5: Mismatch in cb count, got 2 (expected 1)
path.c:1413: Test failed: path_pdb_5: Couldn't find file: C:\Users\Docker\AppData\Local\Temp\dh.tmp\A;C:\Users\Docker\AppData\Local\Temp\dh.tmp\B 2
path.c:1419: Test failed: path_pdb_5: Mismatch in found file  (expecting A\)
path.c:998: Test failed: path_pdb_6: SymSrvGetFileIndexInfo failed: 0 C:\Users\Docker\AppData\Local\Temp\dh.tmp\B\foobar.pdb
path.c:998: Test failed: path_pdb_6: SymSrvGetFileIndexInfo failed: 0 C:\Users\Docker\AppData\Local\Temp\dh.tmp\A\foobar.pdb
path.c:1413: Test failed: path_pdb_6: Couldn't find file: C:\Users\Docker\AppData\Local\Temp\dh.tmp\B;C:\Users\Docker\AppData\Local\Temp\dh.tmp\A 2
path.c:1419: Test failed: path_pdb_6: Mismatch in found file  (expecting A\)
path.c:998: Test failed: path_pdb_7: SymSrvGetFileIndexInfo failed: 0 C:\Users\Docker\AppData\Local\Temp\dh.tmp\A\foobar.pdb
path.c:998: Test failed: path_pdb_7: SymSrvGetFileIndexInfo failed: 0 C:\Users\Docker\AppData\Local\Temp\dh.tmp\B\foobar.pdb
path.c:1406: Test failed: path_pdb_7: Mismatch in cb count, got 2 (expected 1)
path.c:1413: Test failed: path_pdb_7: Couldn't find file: C:\Users\Docker\AppData\Local\Temp\dh.tmp\A;C:\Users\Docker\AppData\Local\Temp\dh.tmp\B 2
path.c:1419: Test failed: path_pdb_7: Mismatch in found file  (expecting A\)
path.c:998: Test failed: path_pdb_8: SymSrvGetFileIndexInfo failed: 0 C:\Users\Docker\AppData\Local\Temp\dh.tmp\B\foobar.pdb
path.c:998: Test failed: path_pdb_8: SymSrvGetFileIndexInfo failed: 0 C:\Users\Docker\AppData\Local\Temp\dh.tmp\A\foobar.pdb
path.c:1406: Test failed: path_pdb_8: Mismatch in cb count, got 2 (expected 1)
path.c:1413: Test failed: path_pdb_8: Couldn't find file: C:\Users\Docker\AppData\Local\Temp\dh.tmp\B;C:\Users\Docker\AppData\Local\Temp\dh.tmp\A 2
path.c:1419: Test failed: path_pdb_8: Mismatch in found file  (expecting B\)
path.c:998: Test failed: path_pdb_9: SymSrvGetFileIndexInfo failed: 0 C:\Users\Docker\AppData\Local\Temp\dh.tmp\foobar.pdb
path.c:998: Test failed: path_pdb_10: SymSrvGetFileIndexInfo failed: 0 C:\Users\Docker\AppData\Local\Temp\dh.tmp\foobar.pdb
path.c:998: Test failed: path_pdb_11: SymSrvGetFileIndexInfo failed: 0 C:\Users\Docker\AppData\Local\Temp\dh.tmp\foobar.pdb
path.c:998: Test failed: path_pdb_12: SymSrvGetFileIndexInfo failed: 0 C:\Users\Docker\AppData\Local\Temp\dh.tmp\foobar.pdb
path.c:1413: Test failed: path_pdb_12: Couldn't find file: C:\Users\Docker\AppData\Local\Temp\dh.tmp\ 2
path.c:1419: Test failed: path_pdb_12: Mismatch in found file  (expecting )
path.c:998: Test failed: path_pdb_14: SymSrvGetFileIndexInfo failed: 0 C:\Users\Docker\AppData\Local\Temp\dh.tmp\A\foobar.pdb
path.c:998: Test failed: path_pdb_14: SymSrvGetFileIndexInfo failed: 0 C:\Users\Docker\AppData\Local\Temp\dh.tmp\B\foobar.pdb
path.c:1406: Test failed: path_pdb_14: Mismatch in cb count, got 2 (expected 1)
path.c:1413: Test failed: path_pdb_14: Couldn't find file: C:\Users\Docker\AppData\Local\Temp\dh.tmp\A;C:\Users\Docker\AppData\Local\Temp\dh.tmp\B 2
path.c:1419: Test failed: path_pdb_14: Mismatch in found file  (expecting A\)
path.c:998: Test failed: path_pdb_15: SymSrvGetFileIndexInfo failed: 0 C:\Users\Docker\AppData\Local\Temp\dh.tmp\B\foobar.pdb
path.c:998: Test failed: path_pdb_15: SymSrvGetFileIndexInfo failed: 0 C:\Users\Docker\AppData\Local\Temp\dh.tmp\A\foobar.pdb
path.c:1413: Test failed: path_pdb_15: Couldn't find file: C:\Users\Docker\AppData\Local\Temp\dh.tmp\B;C:\Users\Docker\AppData\Local\Temp\dh.tmp\A 2
path.c:1419: Test failed: path_pdb_15: Mismatch in found file  (expecting A\)
path.c:998: Test failed: path_pdb_16: SymSrvGetFileIndexInfo failed: 0 C:\Users\Docker\AppData\Local\Temp\dh.tmp\A\foobar.pdb
path.c:998: Test failed: path_pdb_16: SymSrvGetFileIndexInfo failed: 0 C:\Users\Docker\AppData\Local\Temp\dh.tmp\B\foobar.pdb
path.c:1406: Test failed: path_pdb_16: Mismatch in cb count, got 2 (expected 1)
path.c:1413: Test failed: path_pdb_16: Couldn't find file: C:\Users\Docker\AppData\Local\Temp\dh.tmp\A;C:\Users\Docker\AppData\Local\Temp\dh.tmp\B 2
path.c:1419: Test failed: path_pdb_16: Mismatch in found file  (expecting A\)
path.c:998: Test failed: path_pdb_17: SymSrvGetFileIndexInfo failed: 0 C:\Users\Docker\AppData\Local\Temp\dh.tmp\B\foobar.pdb
path.c:998: Test failed: path_pdb_17: SymSrvGetFileIndexInfo failed: 0 C:\Users\Docker\AppData\Local\Temp\dh.tmp\A\foobar.pdb
path.c:1406: Test failed: path_pdb_17: Mismatch in cb count, got 2 (expected 1)
path.c:1413: Test failed: path_pdb_17: Couldn't find file: C:\Users\Docker\AppData\Local\Temp\dh.tmp\B;C:\Users\Docker\AppData\Local\Temp\dh.tmp\A 2
path.c:1419: Test failed: path_pdb_17: Mismatch in found file  (expecting B\)
path.c:998: Test failed: path_pdb_18: SymSrvGetFileIndexInfo failed: 0 C:\Users\Docker\AppData\Local\Temp\dh.tmp\A\foobar.pdb
path.c:998: Test failed: path_pdb_18: SymSrvGetFileIndexInfo failed: 0 C:\Users\Docker\AppData\Local\Temp\dh.tmp\B\foobar.pdb
path.c:1406: Test failed: path_pdb_18: Mismatch in cb count, got 2 (expected 1)
path.c:1413: Test failed: path_pdb_18: Couldn't find file: C:\Users\Docker\AppData\Local\Temp\dh.tmp\A;C:\Users\Docker\AppData\Local\Temp\dh.tmp\B 2
path.c:1419: Test failed: path_pdb_18: Mismatch in found file  (expecting A\)
path.c:998: Test failed: path_pdb_19: SymSrvGetFileIndexInfo failed: 0 C:\Users\Docker\AppData\Local\Temp\dh.tmp\B\foobar.pdb
path.c:998: Test failed: path_pdb_19: SymSrvGetFileIndexInfo failed: 0 C:\Users\Docker\AppData\Local\Temp\dh.tmp\A\foobar.pdb
path.c:1413: Test failed: path_pdb_19: Couldn't find file: C:\Users\Docker\AppData\Local\Temp\dh.tmp\B;C:\Users\Docker\AppData\Local\Temp\dh.tmp\A 2
path.c:1419: Test failed: path_pdb_19: Mismatch in found file  (expecting A\)
path.c:998: Test failed: path_pdb_20: SymSrvGetFileIndexInfo failed: 0 C:\Users\Docker\AppData\Local\Temp\dh.tmp\A\foobar.pdb
path.c:998: Test failed: path_pdb_20: SymSrvGetFileIndexInfo failed: 0 C:\Users\Docker\AppData\Local\Temp\dh.tmp\B\foobar.pdb
path.c:1406: Test failed: path_pdb_20: Mismatch in cb count, got 2 (expected 1)
path.c:1413: Test failed: path_pdb_20: Couldn't find file: C:\Users\Docker\AppData\Local\Temp\dh.tmp\A;C:\Users\Docker\AppData\Local\Temp\dh.tmp\B 2
path.c:1419: Test failed: path_pdb_20: Mismatch in found file  (expecting A\)
path.c:998: Test failed: path_pdb_21: SymSrvGetFileIndexInfo failed: 0 C:\Users\Docker\AppData\Local\Temp\dh.tmp\B\foobar.pdb
path.c:998: Test failed: path_pdb_21: SymSrvGetFileIndexInfo failed: 0 C:\Users\Docker\AppData\Local\Temp\dh.tmp\A\foobar.pdb
path.c:1406: Test failed: path_pdb_21: Mismatch in cb count, got 2 (expected 1)
path.c:1413: Test failed: path_pdb_21: Couldn't find file: C:\Users\Docker\AppData\Local\Temp\dh.tmp\B;C:\Users\Docker\AppData\Local\Temp\dh.tmp\A 2
path.c:1419: Test failed: path_pdb_21: Mismatch in found file  (expecting B\)
path.c:998: Test failed: path_pdb_22: SymSrvGetFileIndexInfo failed: 0 C:\Users\Docker\AppData\Local\Temp\dh.tmp\A\foobar.pdb
path.c:998: Test failed: path_pdb_22: SymSrvGetFileIndexInfo failed: 0 C:\Users\Docker\AppData\Local\Temp\dh.tmp\B\foobar.pdb
path.c:1406: Test failed: path_pdb_22: Mismatch in cb count, got 2 (expected 1)
path.c:1413: Test failed: path_pdb_22: Couldn't find file: C:\Users\Docker\AppData\Local\Temp\dh.tmp\A;C:\Users\Docker\AppData\Local\Temp\dh.tmp\B 2
path.c:1419: Test failed: path_pdb_22: Mismatch in found file  (expecting A\)
path.c:998: Test failed: path_pdb_23: SymSrvGetFileIndexInfo failed: 0 C:\Users\Docker\AppData\Local\Temp\dh.tmp\B\foobar.pdb
path.c:998: Test failed: path_pdb_23: SymSrvGetFileIndexInfo failed: 0 C:\Users\Docker\AppData\Local\Temp\dh.tmp\A\foobar.pdb
path.c:1413: Test failed: path_pdb_23: Couldn't find file: C:\Users\Docker\AppData\Local\Temp\dh.tmp\B;C:\Users\Docker\AppData\Local\Temp\dh.tmp\A 2
path.c:1419: Test failed: path_pdb_23: Mismatch in found file  (expecting A\)
path.c:998: Test failed: path_pdb_24: SymSrvGetFileIndexInfo failed: 0 C:\Users\Docker\AppData\Local\Temp\dh.tmp\A\foobar.pdb
path.c:998: Test failed: path_pdb_24: SymSrvGetFileIndexInfo failed: 0 C:\Users\Docker\AppData\Local\Temp\dh.tmp\B\foobar.pdb
path.c:1406: Test failed: path_pdb_24: Mismatch in cb count, got 2 (expected 1)
path.c:1413: Test failed: path_pdb_24: Couldn't find file: C:\Users\Docker\AppData\Local\Temp\dh.tmp\A;C:\Users\Docker\AppData\Local\Temp\dh.tmp\B 2
path.c:1419: Test failed: path_pdb_24: Mismatch in found file  (expecting A\)
path.c:998: Test failed: path_pdb_25: SymSrvGetFileIndexInfo failed: 0 C:\Users\Docker\AppData\Local\Temp\dh.tmp\B\foobar.pdb
path.c:998: Test failed: path_pdb_25: SymSrvGetFileIndexInfo failed: 0 C:\Users\Docker\AppData\Local\Temp\dh.tmp\A\foobar.pdb
path.c:1406: Test failed: path_pdb_25: Mismatch in cb count, got 2 (expected 1)
path.c:1413: Test failed: path_pdb_25: Couldn't find file: C:\Users\Docker\AppData\Local\Temp\dh.tmp\B;C:\Users\Docker\AppData\Local\Temp\dh.tmp\A 2
path.c:1419: Test failed: path_pdb_25: Mismatch in found file  (expecting B\)
path.c:1618: Test failed: module_path_test 0: Unexpected symtype 0
path.c:1620: Test failed: module_path_test 0: Expected bar.pdb as loaded pdb file, got '' instead
path.c:1618: Test failed: module_path_test 1: Unexpected symtype 0
path.c:1620: Test failed: module_path_test 1: Expected bar.pdb as loaded pdb file, got '' instead
path.c:1618: Test failed: module_path_test 2: Unexpected symtype 0
path.c:1620: Test failed: module_path_test 2: Expected search.tmp\bar.pdb as loaded pdb file, got '' instead
path.c:1618: Test failed: module_path_test 3: Unexpected symtype 0
path.c:1620: Test failed: module_path_test 3: Expected search.tmp\bar.pdb as loaded pdb file, got '' instead
path.c:1618: Test failed: module_path_test 4: Unexpected symtype 0
path.c:1620: Test failed: module_path_test 4: Expected search.tmp\dll\bar.pdb as loaded pdb file, got '' instead
path.c:1618: Test failed: module_path_test 5: Unexpected symtype 0
path.c:1620: Test failed: module_path_test 5: Expected search.tmp\symbols\dll\bar.pdb as loaded pdb file, got '' instead
path.c:1618: Test failed: module_path_test 6: Unexpected symtype 0
path.c:1620: Test failed: module_path_test 6: Expected search.tmp\bar.pdb as loaded pdb file, got '' instead
path.c:1618: Test failed: module_path_test 7: Unexpected symtype 0
path.c:1620: Test failed: module_path_test 7: Expected search.tmp\dll\bar.pdb as loaded pdb file, got '' instead
path.c:1618: Test failed: module_path_test 8: Unexpected symtype 0
path.c:1620: Test failed: module_path_test 8: Expected search.tmp\symbols\dll\bar.pdb as loaded pdb file, got '' instead
path.c:1618: Test failed: module_path_test 11: Unexpected symtype 0
path.c:1620: Test failed: module_path_test 11: Expected search.tmp\dll\bar.pdb as loaded pdb file, got '' instead
path.c:1622: Test failed: module_path_test 11: Expected 33cafe as pdb-age, got 30cafe instead
path.c:1624: Test failed: module_path_test 11: Expecting matched PDB
path.c:1618: Test failed: module_path_test 12: Unexpected symtype 0
path.c:1620: Test failed: module_path_test 12: Expected search.tmp\bar.pdb as loaded pdb file, got '' instead
path.c:1622: Test failed: module_path_test 12: Expected 32cafe as pdb-age, got 30cafe instead
path.c:1624: Test failed: module_path_test 12: Expecting matched PDB
path.c:1618: Test failed: module_path_test 14: Unexpected symtype 0
path.c:1620: Test failed: module_path_test 14: Expected search.tmp\bar.pdb as loaded pdb file, got '' instead
path.c:1618: Test failed: module_path_test 15: Unexpected symtype 0
path.c:1620: Test failed: module_path_test 15: Expected search.tmp\bar.pdb as loaded pdb file, got '' instead
path.c:1618: Test failed: module_path_test 16: Unexpected symtype 0
path.c:1620: Test failed: module_path_test 16: Expected search.tmp\bar.pdb as loaded pdb file, got '' instead
path.c:1618: Test failed: module_path_test 17: Unexpected symtype 0
path.c:1620: Test failed: module_path_test 17: Expected search.tmp\bar.pdb as loaded pdb file, got '' instead
path.c:1618: Test failed: module_path_test 20: Unexpected symtype 0
path.c:1620: Test failed: module_path_test 20: Expected mismatch\bar.pdb as loaded pdb file, got '' instead
path.c:1622: Test failed: module_path_test 20: Expected 31cafe as pdb-age, got 30cafe instead
path.c:1624: Test failed: module_path_test 20: Expecting matched PDB
path.c:1618: Test failed: module_path_test 21: Unexpected symtype 0
path.c:1620: Test failed: module_path_test 21: Expected search.tmp\dll\bar.pdb as loaded pdb file, got '' instead
path.c:1622: Test failed: module_path_test 21: Expected 33cafe as pdb-age, got 30cafe instead
path.c:1624: Test failed: module_path_test 21: Expecting matched PDB
path.c:1842: Test failed: module_test 6: Unexpected module type 0
path.c:1850: Test failed: module_test 6: Unexpected value '
path.c:1851: Test failed: module_test 6: Unexpected value
path.c:1853: Test failed: module_test 6: Unexpected value {00000000-0000-0000-0000-000000000000} {1234abcd-3456-5678-a0b0-c0d0e0f00a0b}
path.c:1856: Test failed: module_test 6: Unexpected value
path.c:1842: Test failed: module_test 10: Unexpected module type 0
path.c:1877: Test failed: module_test 10: Unexpected value
1454:path: 5519 tests executed (0 marked as todo, 0 as flaky, 142 failures), 0 skipped.
dbghelp:path:1454 done (142) in 2s 14706B
ddrawex:ddrawex start dlls/ddrawex/tests/ddrawex.c
09b4:ddrawex: 12 tests executed (0 marked as todo, 0 as flaky, 0 failures), 0 skipped.
ddrawex:ddrawex:09b4 done (0) in 0s 88B
ddrawex:surface start dlls/ddrawex/tests/surface.c
1f80:surface: 160 tests executed (0 marked as todo, 0 as flaky, 0 failures), 0 skipped.
ddrawex:surface:1f80 done (0) in 0s 89B
ddraw:d3d start dlls/ddraw/tests/d3d.c
d3d.c:2070: Tests skipped: Skipping d3d7 tests
d3d.c:2090: Tests skipped: Skipping d3d2 tests.
d3d.c:2098: Tests skipped: Skipping d3d1 tests
1bbc:d3d: 9 tests executed (0 marked as todo, 0 as flaky, 0 failures), 3 skipped.
ddraw:d3d:1bbc done (0) in 0s 228B
ddraw:ddraw1 start dlls/ddraw/tests/ddraw1.c
ddraw1.c:16235: Driver string: "d3d10warp.dll"
ddraw1.c:16236: Description string: "Red Hat VirtIO GPU DOD controller"
ddraw1.c:16237: Driver version 0.0.0.0
ddraw1.c:1223: Tests skipped: Failed to create a 3D device, skipping test.
ddraw1.c:1308: Tests skipped: Failed to create a 3D device, skipping test.
ddraw1.c:1459: Tests skipped: Failed to create a 3D device, skipping test.
ddraw1.c:1682: Tests skipped: Failed to create a 3D device, skipping test.
ddraw1.c:1682: Tests skipped: Failed to create a 3D device, skipping test.
ddraw1.c:1818: Tests skipped: Failed to create a 3D device, skipping test.
ddraw1.c:1818: Tests skipped: Failed to create a 3D device, skipping test.
ddraw1.c:1991: Tests skipped: Failed to create a 3D device, skipping test.
ddraw1.c:2151: Tests skipped: Failed to create a 3D device, skipping test.
ddraw1.c:2379: Tests skipped: Failed to create a 3D device, skipping test.
ddraw1.c:2462: Tests skipped: Failed to create a 3D device, skipping test.
ddraw1.c:2512: Test failed: Expected message 0x46, but didn't receive it.
ddraw1.c:2635: Test failed: Failed to set foreground window.
ddraw1.c:2643: Test failed: Failed to set foreground window.
ddraw1.c:2669: Test failed: Expected window style 0x14cf0000, got 0x4cf0000.
ddraw1.c:2672: Test failed: Expected window extended style 0x108, got 0x100.
ddraw1.c:2679: Test failed: Expected window extended style 0x108, got 0x100.
ddraw1.c:2688: Test failed: Expected window extended style 0x108, got 0x100.
ddraw1.c:2697: Test failed: Expected window extended style 0x108, got 0x100.
ddraw1.c:2700: Test failed: Failed to set foreground window.
ddraw1.c:2707: Test failed: Expected window style 0x14cf0000, got 0x4cf0000.
ddraw1.c:2710: Test failed: Expected window extended style 0x108, got 0x100.
ddraw1.c:2723: Test failed: Failed to set foreground window.
ddraw1.c:2748: Test failed: Failed to set foreground window.
ddraw1.c:2763: Test failed: Failed to set foreground window.
ddraw1.c:2772: Test failed: Expected window extended style 0x108, got 0x100.
ddraw1.c:2792: Test failed: Expected window extended style 0x108, got 0x100.
ddraw1.c:2795: Test failed: Failed to set foreground window.
ddraw1.c:2798: Test failed: Expected window style 0x34cf0000, got 0x14cf0000.
ddraw1.c:2801: Test failed: Expected window extended style 0x108, got 0x100.
ddraw1.c:2814: Test failed: Expected WS_EX_TOPMOST.
ddraw1.c:2831: Test failed: Expected WS_EX_TOPMOST.
ddraw1.c:3122: Test failed: Expected message 0x46, but didn't receive it.
ddraw1.c:3124: Test failed: Expected screen size 640x480, got 0x0.
ddraw1.c:3129: Test failed: Expected (0,0)-(640,480), got (0,0)-(848,480).
ddraw1.c:3143: Test failed: Expected message 0xf, but didn't receive it.
ddraw1.c:3177: Test failed: Expected message 0x46, but didn't receive it.
ddraw1.c:3179: Test failed: Expected screen size 848x480, got 0x0.
ddraw1.c:3184: Test failed: Expected (0,0)-(848,480), got (0,0)-(640,480).
ddraw1.c:3189: Test failed: Failed to set foreground window.
ddraw1.c:3190: Test failed: Expected message 0x6, but didn't receive it.
ddraw1.c:3195: Test failed: Got unexpected screen size 848x480.
ddraw1.c:864: Test failed: Got unexpected wparam 0 for message 0x1c, expected 0x1.
ddraw1.c:3201: Test failed: Expected message 0x5, but didn't receive it.
ddraw1.c:3204: Test failed: Expected (0,0)-(640,480), got (-32000,-32000)-(-31840,-31972).
ddraw1.c:3208: Test failed: Got unexpected screen size 1280x800.
ddraw1.c:3221: Test failed: Expected message 0x46, but didn't receive it.
ddraw1.c:3250: Test marked flaky: Expected message 0x46, but didn't receive it.
ddraw1.c:3253: Test marked flaky: Expected screen size 1280x800, got 0x0.
ddraw1.c:3260: Test marked flaky: Expected (0,0)-(1280,800), got (-8,-8)-(1288,760).
ddraw1.c:3305: Test marked flaky: Expected (0,0)-(1280,800), got (-8,-8)-(1288,760).
ddraw1.c:3313: Test marked flaky: Expected (0,0)-(1280,800), got (-8,-8)-(1288,760).
ddraw1.c:3347: Test marked flaky: Expected (0,0)-(1280,800), got (-8,-8)-(1288,760).
ddraw1.c:3365: Test failed: Expected message 0x7e, but didn't receive it.
ddraw1.c:3371: Test marked flaky: Expected (0,0)-(1280,800), got (-8,-8)-(1288,760).
ddraw1.c:3395: Test failed: Expected message 0x7e, but didn't receive it.
ddraw1.c:3401: Test marked flaky: Expected (0,0)-(1280,800), got (-8,-8)-(1288,760).
ddraw1.c:3434: Test marked flaky: Expected (0,0)-(1280,800), got (-8,-8)-(1288,760).
ddraw1.c:3449: Test failed: Expected message 0x7e, but didn't receive it.
ddraw1.c:3455: Test marked flaky: Expected (0,0)-(1280,800), got (-8,-8)-(1288,760).
ddraw1.c:3499: Test marked flaky: Expected (0,0)-(1280,800), got (-8,-8)-(1288,760).
ddraw1.c:3510: Test marked flaky: Expected (0,0)-(1280,800), got (-8,-8)-(1288,760).
ddraw1.c:3544: Test marked flaky: Expected (0,0)-(1280,800), got (-8,-8)-(1288,760).
ddraw1.c:3562: Test failed: Expected message 0x7e, but didn't receive it.
ddraw1.c:3568: Test marked flaky: Expected (0,0)-(1280,800), got (-8,-8)-(1288,760).
ddraw1.c:3585: Test failed: Expected message 0x7e, but didn't receive it.
ddraw1.c:3591: Test marked flaky: Expected (0,0)-(1280,800), got (-8,-8)-(1288,760).
ddraw1.c:3624: Test marked flaky: Expected (0,0)-(1280,800), got (-8,-8)-(1288,760).
ddraw1.c:3639: Test failed: Expected message 0x7e, but didn't receive it.
ddraw1.c:3645: Test marked flaky: Expected (0,0)-(1280,800), got (-8,-8)-(1288,760).
ddraw1.c:3697: Test marked flaky: Expected (0,0)-(1280,800), got (-8,-8)-(1288,760).
ddraw1.c:3738: Test marked flaky: Expected (0,0)-(640,480), got (-8,-8)-(1288,760).
ddraw1.c:4043: Tests skipped: Following tests require two monitors.
ddraw1.c:4272: Tests skipped: D3D interface is not available, skipping test.
ddraw1.c:4364: Tests skipped: Failed to create a 3D device, skipping test.
ddraw1.c:4467: Test failed: Expected WM_ACTIVATEAPP, but did not receive it.
ddraw1.c:4479: Test failed: Expected WM_ACTIVATEAPP, but did not receive it.
ddraw1.c:4491: Test failed: Expected WM_ACTIVATEAPP, but did not receive it.
ddraw1.c:4513: Test failed: Expected WM_ACTIVATEAPP, but did not receive it.
ddraw1.c:4596: Tests skipped: Failed to create a 3D device, skipping test.
ddraw1.c:4828: Tests skipped: Failed to create a 3D device, skipping test.
ddraw1.c:4828: Tests skipped: Failed to create a 3D device, skipping test.
ddraw1.c:5168: Tests skipped: Failed to create a 3D device, skipping test.
ddraw1.c:5260: Tests skipped: Failed to create a 3D device, skipping test.
ddraw1.c:5613: Tests skipped: Failed to set 8 bpp display mode, skipping test.
ddraw1.c:6870: Tests skipped: Failed to create a 3D device, skipping test.
ddraw1.c:7102: Tests skipped: Failed to create a 3D device, skipping test.
ddraw1.c:7523: Tests skipped: Failed to create a 3D device, skipping test.
ddraw1.c:7840: Tests skipped: Failed to set 8 bpp display mode, skipping test.
ddraw1.c:8025: Tests skipped: Failed to set 8 bpp display mode, skipping test.
ddraw1.c:8220: Test failed: Failed to set foreground window.
ddraw1.c:8222: Test failed: Got unexpected hr 0.
ddraw1.c:8224: Test failed: Got unexpected hr 0.
ddraw1.c:8226: Test failed: Got unexpected hr 0.
ddraw1.c:8228: Test failed: Got unexpected hr 0.
ddraw1.c:8238: Test failed: Got unexpected hr 0.
ddraw1.c:8240: Test failed: Got unexpected hr 0.
ddraw1.c:8242: Test failed: Got unexpected hr 0.
ddraw1.c:8246: Test failed: Failed to set foreground window.
ddraw1.c:8248: Test failed: Got unexpected hr 0.
ddraw1.c:8250: Test failed: Got unexpected hr 0.
ddraw1.c:8256: Test failed: Got unexpected hr 0.
ddraw1.c:8304: Test failed: Failed to set foreground window.
ddraw1.c:8316: Test failed: Failed to set foreground window.
ddraw1.c:8612: Tests skipped: Failed to create a 3D device, skipping test.
ddraw1.c:9028: Tests skipped: Failed to create a 3D device, skipping test.
ddraw1.c:9243: Tests skipped: Failed to create a 3D device, skipping test.
ddraw1.c:9661: Tests skipped: Failed to create a 3D device, skipping test.
ddraw1.c:10083: Tests skipped: Failed to create a 3D device, skipping test.
ddraw1.c:10331: Tests skipped: Failed to create a YV12 overlay, skipping test.
ddraw1.c:10453: Tests skipped: Failed to create a UYVY overlay, skipping test.
ddraw1.c:10533: Tests skipped: Failed to create a UYVY overlay, skipping test.
ddraw1.c:10651: Tests skipped: Failed to create a 3D device, skipping test.
ddraw1.c:10815: Tests skipped: Failed to create a 3D device.
ddraw1.c:11016: Tests skipped: Failed to create surface for format D3DFMT_A2R10G10B10 (hr 0x88760091), skipping tests.
ddraw1.c:11387: Tests skipped: Failed to create a 3D device, skipping test.
ddraw1.c:12143: Tests skipped: Failed to create a 3D device, skipping test.
ddraw1.c:12783: Tests skipped: Failed to create a D3D device, skipping tests.
ddraw1.c:12888: Tests skipped: Failed to create a 3D device, skipping test.
ddraw1.c:13345: Tests skipped: Failed to create a 3D device, skipping test.
ddraw1.c:13511: Tests skipped: Failed to create a 3D device, skipping test.
ddraw1.c:13682: Tests skipped: D3D interface is not available, skipping test.
ddraw1.c:13838: Test failed: WM_KILLFOCUS was not received.
ddraw1.c:13874: Test failed: Got unexpected hr 0x887600e1.
ddraw1.c:13877: Test failed: Got unexpected hr 0x887600ff.
ddraw1.c:13878: this is the last test seen before the exception
0a74:ddraw1: unhandled exception c0000005 at 00007FF79F0EDB8E
ddraw:ddraw1:0a74 done (-1073741819) in 14s 9505B
ddraw:ddraw2 start dlls/ddraw/tests/ddraw2.c
ddraw2.c:17267: Driver string: "d3d10warp.dll"
ddraw2.c:17268: Description string: "Red Hat VirtIO GPU DOD controller"
ddraw2.c:17269: Driver version 0.0.0.0
ddraw2.c:1083: Tests skipped: Skipping test that crashes WARP occasionally.
ddraw2.c:1207: Tests skipped: Failed to create a 3D device, skipping test.
ddraw2.c:1341: Tests skipped: Failed to create a 3D device, skipping test.
ddraw2.c:1341: Tests skipped: Failed to create a 3D device, skipping test.
ddraw2.c:1528: Tests skipped: Could not get Direct3DTexture interface, skipping texture::Load color keying tests.
ddraw2.c:1643: Tests skipped: Failed to create a 3D device, skipping test.
ddraw2.c:1877: Tests skipped: Failed to create a 3D device, skipping test.
ddraw2.c:1877: Tests skipped: Failed to create a 3D device, skipping test.
ddraw2.c:1992: Tests skipped: Failed to create a 3D device, skipping test.
ddraw2.c:1992: Tests skipped: Failed to create a 3D device, skipping test.
ddraw2.c:2129: Tests skipped: Failed to create a 3D device, skipping test.
ddraw2.c:2233: Tests skipped: Failed to create a 3D device, skipping test.
ddraw2.c:2461: Tests skipped: Failed to create a 3D device, skipping test.
ddraw2.c:2543: Tests skipped: Failed to create a 3D device, skipping test.
ddraw2.c:2593: Test failed: Expected message 0x46, but didn't receive it.
ddraw2.c:2716: Test failed: Failed to set foreground window.
ddraw2.c:2724: Test failed: Failed to set foreground window.
ddraw2.c:2750: Test failed: Expected window style 0x14cf0000, got 0x4cf0000.
ddraw2.c:2753: Test failed: Expected window extended style 0x108, got 0x100.
ddraw2.c:2760: Test failed: Expected window extended style 0x108, got 0x100.
ddraw2.c:2769: Test failed: Expected window extended style 0x108, got 0x100.
ddraw2.c:2778: Test failed: Expected window extended style 0x108, got 0x100.
ddraw2.c:2781: Test failed: Failed to set foreground window.
ddraw2.c:2788: Test failed: Expected window style 0x14cf0000, got 0x4cf0000.
ddraw2.c:2791: Test failed: Expected window extended style 0x108, got 0x100.
ddraw2.c:2804: Test failed: Failed to set foreground window.
ddraw2.c:2829: Test failed: Failed to set foreground window.
ddraw2.c:2844: Test failed: Failed to set foreground window.
ddraw2.c:2853: Test failed: Expected window extended style 0x108, got 0x100.
ddraw2.c:2873: Test failed: Expected window extended style 0x108, got 0x100.
ddraw2.c:2876: Test failed: Failed to set foreground window.
ddraw2.c:2879: Test failed: Expected window style 0x34cf0000, got 0x14cf0000.
ddraw2.c:2882: Test failed: Expected window extended style 0x108, got 0x100.
ddraw2.c:2895: Test failed: Expected WS_EX_TOPMOST.
ddraw2.c:2912: Test failed: Expected WS_EX_TOPMOST.
ddraw2.c:3219: Test failed: Expected message 0x46, but didn't receive it.
ddraw2.c:3221: Test failed: Expected screen size 640x480, got 0x0.
ddraw2.c:3226: Test failed: Expected (0,0)-(640,480), got (0,0)-(848,480).
ddraw2.c:3240: Test failed: Expected message 0xf, but didn't receive it.
ddraw2.c:3274: Test failed: Expected message 0x46, but didn't receive it.
ddraw2.c:3276: Test failed: Expected screen size 848x480, got 0x0.
ddraw2.c:3281: Test failed: Expected (0,0)-(848,480), got (0,0)-(640,480).
ddraw2.c:3286: Test failed: Failed to set foreground window.
ddraw2.c:3287: Test failed: Expected message 0x6, but didn't receive it.
ddraw2.c:3292: Test failed: Got unexpected screen size 848x480.
ddraw2.c:3298: Test failed: Expected message 0x7e, but didn't receive it.
ddraw2.c:3301: Test failed: Expected (0,0)-(640,480), got (-32000,-32000)-(-31840,-31972).
ddraw2.c:3305: Test failed: Got unexpected screen size 1280x800.
ddraw2.c:3318: Test failed: Expected message 0x46, but didn't receive it.
ddraw2.c:3347: Test marked flaky: Expected message 0x46, but didn't receive it.
ddraw2.c:3350: Test marked flaky: Expected screen size 1280x800, got 0x0.
ddraw2.c:3357: Test marked flaky: Expected (0,0)-(1280,800), got (-8,-8)-(1288,760).
ddraw2.c:3402: Test marked flaky: Expected (0,0)-(1280,800), got (-8,-8)-(1288,760).
ddraw2.c:3410: Test marked flaky: Expected (0,0)-(1280,800), got (-8,-8)-(1288,760).
ddraw2.c:3444: Test marked flaky: Expected (0,0)-(1280,800), got (-8,-8)-(1288,760).
ddraw2.c:3462: Test failed: Expected message 0x7e, but didn't receive it.
ddraw2.c:3468: Test marked flaky: Expected (0,0)-(1280,800), got (-8,-8)-(1288,760).
ddraw2.c:3492: Test failed: Expected message 0x7e, but didn't receive it.
ddraw2.c:3498: Test marked flaky: Expected (0,0)-(1280,800), got (-8,-8)-(1288,760).
ddraw2.c:3531: Test marked flaky: Expected (0,0)-(1280,800), got (-8,-8)-(1288,760).
ddraw2.c:3546: Test failed: Expected message 0x7e, but didn't receive it.
ddraw2.c:3552: Test marked flaky: Expected (0,0)-(1280,800), got (-8,-8)-(1288,760).
ddraw2.c:3596: Test marked flaky: Expected (0,0)-(1280,800), got (-8,-8)-(1288,760).
ddraw2.c:3607: Test marked flaky: Expected (0,0)-(1280,800), got (-8,-8)-(1288,760).
ddraw2.c:3641: Test marked flaky: Expected (0,0)-(1280,800), got (-8,-8)-(1288,760).
ddraw2.c:3659: Test failed: Expected message 0x7e, but didn't receive it.
ddraw2.c:3665: Test marked flaky: Expected (0,0)-(1280,800), got (-8,-8)-(1288,760).
ddraw2.c:3682: Test failed: Expected message 0x7e, but didn't receive it.
ddraw2.c:3688: Test marked flaky: Expected (0,0)-(1280,800), got (-8,-8)-(1288,760).
ddraw2.c:3721: Test marked flaky: Expected (0,0)-(1280,800), got (-8,-8)-(1288,760).
ddraw2.c:3736: Test failed: Expected message 0x7e, but didn't receive it.
ddraw2.c:3742: Test marked flaky: Expected (0,0)-(1280,800), got (-8,-8)-(1288,760).
ddraw2.c:3794: Test marked flaky: Expected (0,0)-(1280,800), got (-8,-8)-(1288,760).
ddraw2.c:3811: Test failed: Expected message 0x47, but didn't receive it.
ddraw2.c:3813: Test failed: Expected screen size 1280x800, got 0x0.
ddraw2.c:3820: Test failed: Expected (0,0)-(1280,800), got (-8,-8)-(648,440).
ddraw2.c:3896: Test failed: Expected message 0x47, but didn't receive it.
ddraw2.c:3900: Test failed: Expected screen size 2 1280x800, got 0x0.
ddraw2.c:3906: Test marked flaky: Expected (0,0)-(640,480), got (-8,-8)-(648,440).
ddraw2.c:3909: Test failed: Expected (0,0)-(1280,800), got (0,0)-(136,100).
ddraw2.c:3939: Test marked flaky: Expected (0,0)-(640,480), got (-8,-8)-(648,440).
ddraw2.c:4246: Tests skipped: Following tests require two monitors.
ddraw2.c:4548: Tests skipped: Failed to create a 3D device, skipping test.
ddraw2.c:4809: Tests skipped: Failed to create a 3D device, skipping test.
ddraw2.c:4932: Test failed: Expected WM_ACTIVATEAPP, but did not receive it.
ddraw2.c:4944: Test failed: Expected WM_ACTIVATEAPP, but did not receive it.
ddraw2.c:4956: Test failed: Expected WM_ACTIVATEAPP, but did not receive it.
ddraw2.c:4978: Test failed: Expected WM_ACTIVATEAPP, but did not receive it.
ddraw2.c:5061: Tests skipped: Failed to create a 3D device, skipping test.
ddraw2.c:5337: Tests skipped: Failed to create a 3D device, skipping test.
ddraw2.c:5337: Tests skipped: Failed to create a 3D device, skipping test.
ddraw2.c:5755: Tests skipped: Failed to create a 3D device, skipping test.
ddraw2.c:5847: Tests skipped: Failed to create a 3D device, skipping test.
ddraw2.c:6755: Tests skipped: Failed to set 8 bpp display mode, skipping test.
ddraw2.c:8020: Tests skipped: Failed to create a 3D device, skipping test.
ddraw2.c:8236: Tests skipped: Failed to create a 3D device, skipping test.
ddraw2.c:8593: Tests skipped: Failed to create a 3D device, skipping test.
ddraw2.c:8873: Tests skipped: Failed to set 8 bpp display mode, skipping test.
ddraw2.c:9059: Tests skipped: Failed to set 8 bpp display mode, skipping test.
ddraw2.c:9261: Test failed: Failed to set foreground window.
ddraw2.c:9263: Test failed: Got unexpected hr 0.
ddraw2.c:9265: Test failed: Got unexpected hr 0.
ddraw2.c:9267: Test failed: Got unexpected hr 0.
ddraw2.c:9269: Test failed: Got unexpected hr 0.
ddraw2.c:9279: Test failed: Got unexpected hr 0.
ddraw2.c:9281: Test failed: Got unexpected hr 0.
ddraw2.c:9283: Test failed: Got unexpected hr 0.
ddraw2.c:9287: Test failed: Failed to set foreground window.
ddraw2.c:9289: Test failed: Got unexpected hr 0.
ddraw2.c:9291: Test failed: Got unexpected hr 0.
ddraw2.c:9297: Test failed: Got unexpected hr 0.
ddraw2.c:9317: Test failed: Got unexpected hr 0.
ddraw2.c:9319: Test failed: Got unexpected hr 0x887600e1.
ddraw2.c:9325: Test failed: Got unexpected hr 0.
ddraw2.c:9344: Test failed: Failed to set foreground window.
ddraw2.c:9356: Test failed: Failed to set foreground window.
ddraw2.c:9649: Tests skipped: Failed to create a 3D device, skipping test.
ddraw2.c:9951: Tests skipped: Failed to create a 3D device, skipping test.
ddraw2.c:10166: Tests skipped: Failed to create a 3D device, skipping test.
ddraw2.c:10581: Tests skipped: Failed to create a 3D device, skipping test.
ddraw2.c:10980: Tests skipped: Failed to create a 3D device, skipping test.
ddraw2.c:11209: Tests skipped: Failed to create a YV12 overlay, skipping test.
ddraw2.c:11331: Tests skipped: Failed to create a UYVY overlay, skipping test.
ddraw2.c:11411: Tests skipped: Failed to create a UYVY overlay, skipping test.
ddraw2.c:11529: Tests skipped: Failed to create a 3D device, skipping test.
ddraw2.c:11693: Tests skipped: Failed to create a 3D device.
ddraw2.c:11894: Tests skipped: Failed to create surface for format D3DFMT_A2R10G10B10 (hr 0x88760091), skipping tests.
ddraw2.c:12181: Tests skipped: Failed to create a 3D device, skipping test.
ddraw2.c:12261: Tests skipped: Failed to create a 3D device.
ddraw2.c:12538: Tests skipped: Failed to create a 3D device, skipping test.
ddraw2.c:13866: Tests skipped: Failed to create 3D device.
ddraw2.c:13936: Tests skipped: Failed to create a D3D device, skipping tests.
ddraw2.c:14054: Tests skipped: Failed to create a 3D device, skipping test.
ddraw2.c:14544: Tests skipped: Failed to create a 3D device, skipping test.
ddraw2.c:14732: Tests skipped: D3D interface is not available, skipping test.
ddraw2.c:14888: Test failed: WM_KILLFOCUS was not received.
ddraw2.c:14924: Test failed: Got unexpected hr 0x887600e1.
ddraw2.c:14927: Test failed: Got unexpected hr 0x887600ff.
ddraw2.c:14928: this is the last test seen before the exception
1e68:ddraw2: unhandled exception c0000005 at 00007FF79F159E80
ddraw:ddraw2:1e68 done (-1073741819) in 17s 10423B
ddraw:ddraw4 start dlls/ddraw/tests/ddraw4.c
ddraw4.c:20340: Driver string: "d3d10warp.dll"
ddraw4.c:20341: Description string: "Red Hat VirtIO GPU DOD controller"
ddraw4.c:20342: Driver version 0.0.0.0
ddraw4.c:776: Tests skipped: Failed to create a 3D device, skipping test.
ddraw4.c:1274: Tests skipped: Failed to create a 3D device, skipping test.
ddraw4.c:1408: Tests skipped: D3D interface is not available, skipping test.
ddraw4.c:1519: Tests skipped: Failed to create a 3D device, skipping test.
ddraw4.c:1519: Tests skipped: Failed to create a 3D device, skipping test.
ddraw4.c:1704: Tests skipped: Could not get Direct3DTexture2 interface, skipping texture::Load color keying tests.
ddraw4.c:1812: Tests skipped: Failed to create a 3D device, skipping test.
ddraw4.c:2124: Tests skipped: Failed to create a 3D device, skipping test.
ddraw4.c:2124: Tests skipped: Failed to create a 3D device, skipping test.
ddraw4.c:2236: Tests skipped: Failed to create a 3D device, skipping test.
ddraw4.c:2236: Tests skipped: Failed to create a 3D device, skipping test.
ddraw4.c:2372: Tests skipped: Failed to create a 3D device, skipping test.
ddraw4.c:2473: Tests skipped: Failed to create a 3D device, skipping test.
ddraw4.c:2703: Tests skipped: Failed to create a 3D device, skipping test.
ddraw4.c:2785: Tests skipped: Failed to create a 3D device, skipping test.
ddraw4.c:2833: Test failed: Expected message 0x46, but didn't receive it.
ddraw4.c:2956: Test failed: Failed to set foreground window.
ddraw4.c:2964: Test failed: Failed to set foreground window.
ddraw4.c:2990: Test failed: Expected window style 0x14cf0000, got 0x4cf0000.
ddraw4.c:2993: Test failed: Expected window extended style 0x108, got 0x100.
ddraw4.c:3000: Test failed: Expected window extended style 0x108, got 0x100.
ddraw4.c:3009: Test failed: Expected window extended style 0x108, got 0x100.
ddraw4.c:3018: Test failed: Expected window extended style 0x108, got 0x100.
ddraw4.c:3021: Test failed: Failed to set foreground window.
ddraw4.c:3028: Test failed: Expected window style 0x14cf0000, got 0x4cf0000.
ddraw4.c:3031: Test failed: Expected window extended style 0x108, got 0x100.
ddraw4.c:3044: Test failed: Failed to set foreground window.
ddraw4.c:3069: Test failed: Failed to set foreground window.
ddraw4.c:3084: Test failed: Failed to set foreground window.
ddraw4.c:3093: Test failed: Expected window extended style 0x108, got 0x100.
ddraw4.c:3113: Test failed: Expected window extended style 0x108, got 0x100.
ddraw4.c:3116: Test failed: Failed to set foreground window.
ddraw4.c:3119: Test failed: Expected window style 0x34cf0000, got 0x14cf0000.
ddraw4.c:3122: Test failed: Expected window extended style 0x108, got 0x100.
ddraw4.c:3135: Test failed: Expected WS_EX_TOPMOST.
ddraw4.c:3152: Test failed: Expected WS_EX_TOPMOST.
ddraw4.c:3459: Test failed: Expected message 0x46, but didn't receive it.
ddraw4.c:3461: Test failed: Expected screen size 640x480, got 0x0.
ddraw4.c:3466: Test failed: Expected (0,0)-(640,480), got (0,0)-(848,480).
ddraw4.c:3480: Test failed: Expected message 0xf, but didn't receive it.
ddraw4.c:3514: Test failed: Expected message 0x46, but didn't receive it.
ddraw4.c:3516: Test failed: Expected screen size 848x480, got 0x0.
ddraw4.c:3521: Test failed: Expected (0,0)-(848,480), got (0,0)-(640,480).
ddraw4.c:3527: Test failed: Failed to set foreground window.
ddraw4.c:3528: Test failed: Expected message 0x6, but didn't receive it.
ddraw4.c:3535: Test failed: Got unexpected screen size 848x480.
ddraw4.c:3541: Test failed: Expected message 0x7e, but didn't receive it.
ddraw4.c:3544: Test failed: Expected (0,0)-(640,480), got (-32000,-32000)-(-31840,-31972).
ddraw4.c:3548: Test failed: Got unexpected screen size 1280x800.
ddraw4.c:3561: Test failed: Expected message 0x46, but didn't receive it.
ddraw4.c:3590: Test marked flaky: Expected message 0x46, but didn't receive it.
ddraw4.c:3593: Test marked flaky: Expected screen size 1280x800, got 0x0.
ddraw4.c:3600: Test marked flaky: Expected (0,0)-(1280,800), got (-8,-8)-(1288,760).
ddraw4.c:3645: Test marked flaky: Expected (0,0)-(1280,800), got (-8,-8)-(1288,760).
ddraw4.c:3653: Test marked flaky: Expected (0,0)-(1280,800), got (-8,-8)-(1288,760).
ddraw4.c:3687: Test marked flaky: Expected (0,0)-(1280,800), got (-8,-8)-(1288,760).
ddraw4.c:3705: Test failed: Expected message 0x7e, but didn't receive it.
ddraw4.c:3711: Test marked flaky: Expected (0,0)-(1280,800), got (-8,-8)-(1288,760).
ddraw4.c:3728: Test failed: Expected message 0x7e, but didn't receive it.
ddraw4.c:3734: Test marked flaky: Expected (0,0)-(1280,800), got (-8,-8)-(1288,760).
ddraw4.c:3767: Test marked flaky: Expected (0,0)-(1280,800), got (-8,-8)-(1288,760).
ddraw4.c:3782: Test failed: Expected message 0x7e, but didn't receive it.
ddraw4.c:3788: Test marked flaky: Expected (0,0)-(1280,800), got (-8,-8)-(1288,760).
ddraw4.c:3832: Test marked flaky: Expected (0,0)-(1280,800), got (-8,-8)-(1288,760).
ddraw4.c:3843: Test marked flaky: Expected (0,0)-(1280,800), got (-8,-8)-(1288,760).
ddraw4.c:3877: Test marked flaky: Expected (0,0)-(1280,800), got (-8,-8)-(1288,760).
ddraw4.c:3895: Test failed: Expected message 0x7e, but didn't receive it.
ddraw4.c:3901: Test marked flaky: Expected (0,0)-(1280,800), got (-8,-8)-(1288,760).
ddraw4.c:3918: Test failed: Expected message 0x7e, but didn't receive it.
ddraw4.c:3924: Test marked flaky: Expected (0,0)-(1280,800), got (-8,-8)-(1288,760).
ddraw4.c:3957: Test marked flaky: Expected (0,0)-(1280,800), got (-8,-8)-(1288,760).
ddraw4.c:3972: Test failed: Expected message 0x7e, but didn't receive it.
ddraw4.c:3978: Test marked flaky: Expected (0,0)-(1280,800), got (-8,-8)-(1288,760).
ddraw4.c:4030: Test marked flaky: Expected (0,0)-(1280,800), got (-8,-8)-(1288,760).
ddraw4.c:4047: Test failed: Expected message 0x47, but didn't receive it.
ddraw4.c:4049: Test failed: Expected screen size 1280x800, got 0x0.
ddraw4.c:4056: Test failed: Expected (0,0)-(1280,800), got (-8,-8)-(648,440).
ddraw4.c:4132: Test failed: Expected message 0x47, but didn't receive it.
ddraw4.c:4136: Test failed: Expected screen size 2 1280x800, got 0x0.
ddraw4.c:4142: Test marked flaky: Expected (0,0)-(640,480), got (-8,-8)-(648,440).
ddraw4.c:4145: Test failed: Expected (0,0)-(1280,800), got (0,0)-(136,100).
ddraw4.c:4175: Test marked flaky: Expected (0,0)-(640,480), got (-8,-8)-(1288,760).
ddraw4.c:4474: Tests skipped: Following tests require two monitors.
ddraw4.c:4759: Tests skipped: Failed to create a 3D device, skipping test.
ddraw4.c:4866: Tests skipped: Failed to create a 3D device, skipping test.
ddraw4.c:5037: Tests skipped: Failed to create a 3D device, skipping test.
ddraw4.c:5516: Tests skipped: Failed to create a 3D device, skipping test.
ddraw4.c:5703: Tests skipped: Failed to create a 3D device, skipping test.
ddraw4.c:6008: Tests skipped: Failed to create a 3D device, skipping test.
ddraw4.c:6125: Test failed: Expected WM_ACTIVATEAPP, but did not receive it.
ddraw4.c:6137: Test failed: Expected WM_ACTIVATEAPP, but did not receive it.
ddraw4.c:6149: Test failed: Expected WM_ACTIVATEAPP, but did not receive it.
ddraw4.c:6171: Test failed: Expected WM_ACTIVATEAPP, but did not receive it.
ddraw4.c:6443: Tests skipped: Failed to create a 3D device, skipping test.
ddraw4.c:6666: Tests skipped: Failed to create a 3D device, skipping test.
ddraw4.c:6965: Tests skipped: D3D interface is not available, skipping test.
ddraw4.c:6965: Tests skipped: D3D interface is not available, skipping test.
ddraw4.c:7405: Tests skipped: D3D interface is not available, skipping test.
ddraw4.c:7507: Tests skipped: Failed to create a 3D device, skipping test.
ddraw4.c:8437: Tests skipped: Failed to set 8 bpp display mode, skipping test.
ddraw4.c:9928: Tests skipped: Failed to create a 3D device, skipping test.
ddraw4.c:10187: Tests skipped: Failed to set 8 bpp display mode, skipping test.
ddraw4.c:10372: Tests skipped: Failed to set 8 bpp display mode, skipping test.
ddraw4.c:10514: Tests skipped: Failed to create a 3D device, skipping test.
ddraw4.c:10635: Test failed: Failed to set foreground window.
ddraw4.c:10637: Test failed: Got unexpected hr 0.
ddraw4.c:10639: Test failed: Got unexpected hr 0.
ddraw4.c:10641: Test failed: Got unexpected hr 0.
ddraw4.c:10643: Test failed: Got unexpected hr 0.
ddraw4.c:10645: Test failed: Got unexpected hr 0.
ddraw4.c:10655: Test failed: Got unexpected hr 0.
ddraw4.c:10657: Test failed: Got unexpected hr 0.
ddraw4.c:10659: Test failed: Got unexpected hr 0.
ddraw4.c:10663: Test failed: Failed to set foreground window.
ddraw4.c:10667: Test failed: Got unexpected hr 0.
ddraw4.c:10669: Test failed: Got unexpected hr 0.
ddraw4.c:10675: Test failed: Got unexpected hr 0.
ddraw4.c:10699: Test failed: Got unexpected hr 0.
ddraw4.c:10701: Test failed: Got unexpected hr 0x887600e1.
ddraw4.c:10707: Test failed: Got unexpected hr 0.
ddraw4.c:10735: Test failed: Failed to set foreground window.
ddraw4.c:10749: Test failed: Failed to set foreground window.
ddraw4.c:11075: Tests skipped: Failed to create a 3D device, skipping test.
ddraw4.c:11587: Tests skipped: Failed to create a 3D device, skipping test.
ddraw4.c:11897: Tests skipped: Failed to create a 3D device, skipping test.
ddraw4.c:12284: Tests skipped: Failed to create a 3D device, skipping test.
ddraw4.c:12507: Tests skipped: Failed to create a 3D device, skipping test.
ddraw4.c:12916: Tests skipped: Failed to create a 3D device, skipping test.
ddraw4.c:13178: Tests skipped: Failed to create a YV12 overlay, skipping test.
ddraw4.c:13300: Tests skipped: Failed to create a UYVY overlay, skipping test.
ddraw4.c:13380: Tests skipped: Failed to create a UYVY overlay, skipping test.
ddraw4.c:13497: Tests skipped: Failed to create a 3D device, skipping test.
ddraw4.c:13665: Tests skipped: Failed to create a 3D device.
ddraw4.c:13812: Tests skipped: Failed to create a 3D device, skipping test.
ddraw4.c:13967: Tests skipped: Failed to create surface for format D3DFMT_A2R10G10B10 (hr 0x88760091), skipping tests.
ddraw4.c:14251: Tests skipped: Failed to create a 3D device, skipping test.
ddraw4.c:14382: Tests skipped: Failed to create a 3D device.
ddraw4.c:14670: Tests skipped: Failed to create a 3D device.
ddraw4.c:16071: Tests skipped: Failed to create a 3D device, skipping test.
ddraw4.c:16185: Tests skipped: Failed to create a 3D device, skipping test.
ddraw4.c:16233: Tests skipped: Failed to create 3D device.
ddraw4.c:16283: Tests skipped: Failed to create 3D device.
ddraw4.c:16375: Tests skipped: Failed to create a D3D device, skipping tests.
ddraw4.c:16550: Tests skipped: Failed to create a D3D device, skipping tests.
ddraw4.c:16678: Tests skipped: Failed to create 3D device.
ddraw4.c:17153: Tests skipped: Failed to create a 3D device, skipping test.
ddraw4.c:17340: Tests skipped: D3D interface is not available, skipping test.
ddraw4.c:17496: Test failed: WM_KILLFOCUS was not received.
ddraw4.c:17543: Tests skipped: Failed to create a 3D device, skipping test.
ddraw4.c:17673: Test failed: Got unexpected hr 0x887600e1.
ddraw4.c:17676: Test failed: Got unexpected hr 0x887600ff.
ddraw4.c:17677: this is the last test seen before the exception
17c4:ddraw4: unhandled exception c0000005 at 00007FF79F1DD587
ddraw:ddraw4:17c4 done (-1073741819) in 18s 11376B
ddraw:ddraw7 start dlls/ddraw/tests/ddraw7.c
ddraw7.c:20786: Driver string: "d3d10warp.dll"
ddraw7.c:20787: Description string: "Red Hat VirtIO GPU DOD controller"
ddraw7.c:20788: Driver version 0.0.0.0
ddraw7.c:20803: D3D interface is not available.
ddraw7.c:823: Tests skipped: Failed to create a 3D device, skipping test.
ddraw7.c:1359: Tests skipped: Failed to create a 3D device, skipping test.
ddraw7.c:1495: Tests skipped: D3D interface is not available, skipping test.
ddraw7.c:1600: Tests skipped: Hardware device: Failed to create a 3D device, skipping test.
ddraw7.c:1600: Tests skipped: Software device: Failed to create a 3D device, skipping test.
ddraw7.c:1763: Tests skipped: Failed to create a 3D device, skipping test.
ddraw7.c:1858: Tests skipped: Hardware device: Failed to create a 3D device, skipping test.
ddraw7.c:1858: Tests skipped: Software device: Failed to create a 3D device, skipping test.
ddraw7.c:1962: Tests skipped: Hardware device: Failed to create a 3D device, skipping test.
ddraw7.c:1962: Tests skipped: Software device: Failed to create a 3D device, skipping test.
ddraw7.c:2088: Tests skipped: Failed to create a 3D device, skipping test.
ddraw7.c:2182: Tests skipped: Failed to create a 3D device, skipping test.
ddraw7.c:2466: Tests skipped: Failed to create a 3D device, skipping test.
ddraw7.c:2548: Tests skipped: Failed to create a 3D device, skipping test.
ddraw7.c:2596: Test failed: Expected message 0x46, but didn't receive it.
ddraw7.c:2719: Test failed: Failed to set foreground window.
ddraw7.c:2727: Test failed: Failed to set foreground window.
ddraw7.c:2753: Test failed: Expected window style 0x14cf0000, got 0x4cf0000.
ddraw7.c:2756: Test failed: Expected window extended style 0x108, got 0x100.
ddraw7.c:2763: Test failed: Expected window extended style 0x108, got 0x100.
ddraw7.c:2772: Test failed: Expected window extended style 0x108, got 0x100.
ddraw7.c:2781: Test failed: Expected window extended style 0x108, got 0x100.
ddraw7.c:2784: Test failed: Failed to set foreground window.
ddraw7.c:2791: Test failed: Expected window style 0x14cf0000, got 0x4cf0000.
ddraw7.c:2794: Test failed: Expected window extended style 0x108, got 0x100.
ddraw7.c:2807: Test failed: Failed to set foreground window.
ddraw7.c:2832: Test failed: Failed to set foreground window.
ddraw7.c:2847: Test failed: Failed to set foreground window.
ddraw7.c:2856: Test failed: Expected window extended style 0x108, got 0x100.
ddraw7.c:2876: Test failed: Expected window extended style 0x108, got 0x100.
ddraw7.c:2879: Test failed: Failed to set foreground window.
ddraw7.c:2882: Test failed: Expected window style 0x34cf0000, got 0x14cf0000.
ddraw7.c:2885: Test failed: Expected window extended style 0x108, got 0x100.
ddraw7.c:2898: Test failed: Expected WS_EX_TOPMOST.
ddraw7.c:2915: Test failed: Expected WS_EX_TOPMOST.
ddraw7.c:3221: Test failed: Expected message 0x46, but didn't receive it.
ddraw7.c:3223: Test failed: Expected screen size 640x480, got 0x0.
ddraw7.c:3228: Test failed: Expected (0,0)-(640,480), got (0,0)-(848,480).
ddraw7.c:3242: Test failed: Expected message 0xf, but didn't receive it.
ddraw7.c:3276: Test failed: Expected message 0x46, but didn't receive it.
ddraw7.c:3278: Test failed: Expected screen size 848x480, got 0x0.
ddraw7.c:3283: Test failed: Expected (0,0)-(848,480), got (0,0)-(640,480).
ddraw7.c:3289: Test failed: Failed to set foreground window.
ddraw7.c:3290: Test failed: Expected message 0x6, but didn't receive it.
ddraw7.c:3297: Test failed: Got unexpected screen size 848x480.
ddraw7.c:3303: Test failed: Expected message 0x7e, but didn't receive it.
ddraw7.c:3306: Test failed: Expected (0,0)-(640,480), got (-32000,-32000)-(-31840,-31972).
ddraw7.c:3310: Test failed: Got unexpected screen size 1280x800.
ddraw7.c:3323: Test failed: Expected message 0x46, but didn't receive it.
ddraw7.c:3352: Test marked flaky: Expected message 0x46, but didn't receive it.
ddraw7.c:3355: Test marked flaky: Expected screen size 1280x800, got 0x0.
ddraw7.c:3362: Test marked flaky: Expected (0,0)-(1280,800), got (-8,-8)-(1288,760).
ddraw7.c:3407: Test marked flaky: Expected (0,0)-(1280,800), got (-8,-8)-(1288,760).
ddraw7.c:3415: Test marked flaky: Expected (0,0)-(1280,800), got (-8,-8)-(1288,760).
ddraw7.c:3449: Test marked flaky: Expected (0,0)-(1280,800), got (-8,-8)-(1288,760).
ddraw7.c:3467: Test failed: Expected message 0x7e, but didn't receive it.
ddraw7.c:3473: Test marked flaky: Expected (0,0)-(1280,800), got (-8,-8)-(1288,760).
ddraw7.c:3490: Test failed: Expected message 0x7e, but didn't receive it.
ddraw7.c:3496: Test marked flaky: Expected (0,0)-(1280,800), got (-8,-8)-(1288,760).
ddraw7.c:3529: Test marked flaky: Expected (0,0)-(1280,800), got (-8,-8)-(1288,760).
ddraw7.c:3544: Test failed: Expected message 0x7e, but didn't receive it.
ddraw7.c:3550: Test marked flaky: Expected (0,0)-(1280,800), got (-8,-8)-(1288,760).
ddraw7.c:3594: Test marked flaky: Expected (0,0)-(1280,800), got (-8,-8)-(1288,760).
ddraw7.c:3605: Test marked flaky: Expected (0,0)-(1280,800), got (-8,-8)-(1288,760).
ddraw7.c:3639: Test marked flaky: Expected (0,0)-(1280,800), got (-8,-8)-(1288,760).
ddraw7.c:3657: Test failed: Expected message 0x7e, but didn't receive it.
ddraw7.c:3663: Test marked flaky: Expected (0,0)-(1280,800), got (-8,-8)-(1288,760).
ddraw7.c:3680: Test failed: Expected message 0x7e, but didn't receive it.
ddraw7.c:3686: Test marked flaky: Expected (0,0)-(1280,800), got (-8,-8)-(1288,760).
ddraw7.c:3719: Test marked flaky: Expected (0,0)-(1280,800), got (-8,-8)-(1288,760).
ddraw7.c:3734: Test failed: Expected message 0x7e, but didn't receive it.
ddraw7.c:3740: Test marked flaky: Expected (0,0)-(1280,800), got (-8,-8)-(1288,760).
ddraw7.c:3792: Test marked flaky: Expected (0,0)-(1280,800), got (-8,-8)-(1288,760).
ddraw7.c:3809: Test failed: Expected message 0x47, but didn't receive it.
ddraw7.c:3811: Test failed: Expected screen size 1280x800, got 0x0.
ddraw7.c:3818: Test failed: Expected (0,0)-(1280,800), got (-8,-8)-(648,440).
ddraw7.c:3894: Test failed: Expected message 0x47, but didn't receive it.
ddraw7.c:3898: Test failed: Expected screen size 2 1280x800, got 0x0.
ddraw7.c:3904: Test marked flaky: Expected (0,0)-(640,480), got (-8,-8)-(648,440).
ddraw7.c:3907: Test failed: Expected (0,0)-(1280,800), got (0,0)-(136,100).
ddraw7.c:3937: Test marked flaky: Expected (0,0)-(640,480), got (-8,-8)-(648,440).
ddraw7.c:4236: Tests skipped: Following tests require two monitors.
ddraw7.c:4521: Tests skipped: Failed to create a 3D device, skipping test.
ddraw7.c:4626: Tests skipped: Failed to create a 3D device, skipping test.
ddraw7.c:4793: Tests skipped: Failed to create a 3D device, skipping test.
ddraw7.c:5292: Tests skipped: Failed to create a 3D device, skipping test.
ddraw7.c:5453: Tests skipped: Failed to create a 3D device, skipping test.
ddraw7.c:5656: Tests skipped: Failed to create a 3D device, skipping test.
ddraw7.c:5849: Tests skipped: Failed to create a 3D device, skipping test.
ddraw7.c:5967: Test failed: Expected WM_ACTIVATEAPP, but did not receive it.
ddraw7.c:5979: Test failed: Expected WM_ACTIVATEAPP, but did not receive it.
ddraw7.c:5991: Test failed: Expected WM_ACTIVATEAPP, but did not receive it.
ddraw7.c:6013: Test failed: Expected WM_ACTIVATEAPP, but did not receive it.
ddraw7.c:6288: Tests skipped: Failed to create a 3D device, skipping test.
ddraw7.c:6511: Tests skipped: Failed to create a 3D device, skipping test.
ddraw7.c:6810: Tests skipped: Hardware device: D3D interface is not available, skipping test.
ddraw7.c:6810: Tests skipped: Software device: D3D interface is not available, skipping test.
ddraw7.c:7285: Tests skipped: D3D interface is not available, skipping test.
ddraw7.c:7423: Tests skipped: Failed to create a 3D device, skipping test.
ddraw7.c:7723: Tests skipped: Failed to create 3D device.
ddraw7.c:8064: Tests skipped: Mipmaps are not supported.
ddraw7.c:8406: Tests skipped: Failed to set 8 bpp display mode, skipping test.
ddraw7.c:8581: Tests skipped: Failed to create a texture, skipping tests.
ddraw7.c:9011: Tests skipped: Mipmapped textures not supported, skipping mipmap private data test.
ddraw7.c:9495: Tests skipped: Mipmapped textures not supported, skipping tests.
ddraw7.c:9600: Tests skipped: Mipmapped textures not supported, skipping mipmap palette test.
ddraw7.c:9859: Tests skipped: Failed to create a 3D device, skipping test.
ddraw7.c:10050: Tests skipped: Failed to set 8 bpp display mode, skipping test.
ddraw7.c:10235: Tests skipped: Failed to set 8 bpp display mode, skipping test.
ddraw7.c:10382: Tests skipped: Failed to create a 3D device, skipping test.
ddraw7.c:10502: Test failed: Failed to set foreground window.
ddraw7.c:10504: Test failed: Got unexpected hr 0.
ddraw7.c:10506: Test failed: Got unexpected hr 0.
ddraw7.c:10508: Test failed: Got unexpected hr 0.
ddraw7.c:10510: Test failed: Got unexpected hr 0.
ddraw7.c:10512: Test failed: Got unexpected hr 0.
ddraw7.c:10522: Test failed: Got unexpected hr 0.
ddraw7.c:10524: Test failed: Got unexpected hr 0.
ddraw7.c:10526: Test failed: Got unexpected hr 0.
ddraw7.c:10530: Test failed: Failed to set foreground window.
ddraw7.c:10534: Test failed: Got unexpected hr 0.
ddraw7.c:10536: Test failed: Got unexpected hr 0.
ddraw7.c:10542: Test failed: Got unexpected hr 0.
ddraw7.c:10566: Test failed: Got unexpected hr 0.
ddraw7.c:10568: Test failed: Got unexpected hr 0x887600e1.
ddraw7.c:10574: Test failed: Got unexpected hr 0.
ddraw7.c:10604: Test failed: Failed to set foreground window.
ddraw7.c:10618: Test failed: Failed to set foreground window.
ddraw7.c:11088: Tests skipped: Failed to create a 3D device, skipping test.
ddraw7.c:11243: Tests skipped: Failed to create a 3D device, skipping test.
ddraw7.c:11427: Tests skipped: Failed to create a 3D device, skipping test.
ddraw7.c:11538: Tests skipped: Failed to create a 3D device, skipping test.
ddraw7.c:11697: Tests skipped: Failed to create a 3D device, skipping test.
ddraw7.c:11986: Tests skipped: Failed to create a 3D device, skipping test.
ddraw7.c:12377: Tests skipped: Failed to create a 3D device, skipping test.
ddraw7.c:12613: Tests skipped: Failed to create a 3D device, skipping test.
ddraw7.c:13012: Tests skipped: Failed to create a 3D device, skipping test.
ddraw7.c:13284: Tests skipped: Failed to create a YV12 overlay, skipping test.
ddraw7.c:13406: Tests skipped: Failed to create a UYVY overlay, skipping test.
ddraw7.c:13486: Tests skipped: Failed to create a UYVY overlay, skipping test.
ddraw7.c:13603: Tests skipped: Failed to create a 3D device, skipping test.
ddraw7.c:13771: Tests skipped: Failed to create a 3D device.
ddraw7.c:13916: Tests skipped: Failed to create a 3D device, skipping test.
ddraw7.c:14180: Tests skipped: Failed to create cube texture for format D3DFMT_A8R8G8B8 (hr 0x80004002), skipping tests.
ddraw7.c:14180: Tests skipped: Failed to create cube texture for format D3DFMT_X8R8G8B8 (hr 0x80004002), skipping tests.
ddraw7.c:14180: Tests skipped: Failed to create cube texture for format D3DFMT_R5G6B5 (hr 0x80004002), skipping tests.
ddraw7.c:14180: Tests skipped: Failed to create cube texture for format D3DFMT_X1R5G5B5 (hr 0x80004002), skipping tests.
ddraw7.c:14180: Line has been silenced after 4 occurrences
ddraw7.c:14070: Tests skipped: Failed to create surface for format D3DFMT_A2R10G10B10 (hr 0x88760091), skipping tests.
ddraw7.c:14070: Tests skipped: Failed to create surface for format D3DFMT_R3G3B2 (hr 0x80004002), skipping tests.
ddraw7.c:14070: Tests skipped: Failed to create surface for format D3DFMT_DXT1 (hr 0x80004002), skipping tests.
ddraw7.c:14070: Tests skipped: Failed to create surface for format D3DFMT_DXT2 (hr 0x80004002), skipping tests.
ddraw7.c:14070: Line has been silenced after 4 occurrences
ddraw7.c:14356: Tests skipped: Failed to create a 3D device, skipping test.
ddraw7.c:14491: Tests skipped: Failed to create a 3D device.
ddraw7.c:14729: Tests skipped: SetDisplayMode failed, skipping test.ddraw7.c:14819: Tests skipped: Failed to create surface, type systemmemory texture.
ddraw7.c:14819: Tests skipped: Failed to create surface, type videomemory texture.
ddraw7.c:15557: Tests skipped: Failed to create a 3D device, skipping test.
ddraw7.c:15679: Tests skipped: Failed to create a 3D device, skipping test.
ddraw7.c:15726: Tests skipped: Failed to create 3D device.
ddraw7.c:15797: Tests skipped: Failed to create 3D device.
ddraw7.c:15844: Tests skipped: Failed to create 3D device.
ddraw7.c:15934: Tests skipped: Failed to create a D3D device, skipping tests.
ddraw7.c:16116: Tests skipped: Failed to create a D3D device, skipping tests.
ddraw7.c:16260: Tests skipped: Failed to create 3D device.
ddraw7.c:16513: Tests skipped: Failed to create a texture, skipping tests.
ddraw7.c:16693: Tests skipped: Failed to create a 3D device, skipping test.
ddraw7.c:16931: Tests skipped: Failed to create a 3D device, skipping test.
ddraw7.c:17390: Tests skipped: Failed to create a 3D device, skipping test.
ddraw7.c:17489: Test failed: WM_KILLFOCUS was not received.
ddraw7.c:17529: Tests skipped: Failed to create a 3D device, skipping test.
ddraw7.c:17651: Test failed: Got unexpected hr 0x887600e1.
ddraw7.c:17654: Test failed: Got unexpected hr 0x887600ff.
ddraw7.c:17655: this is the last test seen before the exception
1d20:ddraw7: unhandled exception c0000005 at 00007FF79F263867
ddraw:ddraw7:1d20 done (-1073741819) in 17s 13552B
ddraw:ddrawmodes start dlls/ddraw/tests/ddrawmodes.c
ddrawmodes.c:144: Calling DirectDrawEnumerateA with test_nullcontext_callbackA callback and NULL context.
ddrawmodes.c:110: test_nullcontext_callbackA: 0000000000000000 Primary Display Driver display 0000000000000000
ddrawmodes.c:149: Calling DirectDrawEnumerateA with test_context_callbackA callback and non-NULL context.
ddrawmodes.c:121: test_context_callbackA: 0000000000000000 Primary Display Driver display 00000000DEADBEEF
ddrawmodes.c:245: Calling DirectDrawEnumerateExA with empty flags and NULL context.
ddrawmodes.c:193: test_nullcontext_callbackExA: 0000000000000000 Primary Display Driver display 0000000000000000 0000000000000000
ddrawmodes.c:250: Calling DirectDrawEnumerateExA with empty flags and non-NULL context.
ddrawmodes.c:204: test_context_callbackExA: 0000000000000000 Primary Display Driver display 00000000DEADBEEF 0000000000000000
ddrawmodes.c:217: test_count_callbackExA: 0000000000000000 Primary Display Driver display 0000000B0C7DFA70 0000000000000000
ddrawmodes.c:217: test_count_callbackExA: 0000000000000000 Primary Display Driver display 0000000B0C7DFA70 0000000000000000
ddrawmodes.c:270: Calling DirectDrawEnumerateExA with all flags set and NULL context.
ddrawmodes.c:193: test_nullcontext_callbackExA: 0000000000000000 Primary Display Driver display 0000000000000000 0000000000000000
20c8:ddrawmodes: 161 tests executed (0 marked as todo, 0 as flaky, 0 failures), 0 skipped.
ddraw:ddrawmodes:20c8 done (0) in 0s 1426B
ddraw:dsurface start dlls/ddraw/tests/dsurface.c
dsurface.c:2365: Tests skipped: D3DFMT_UYVY surfaces not supported, skipping partial block lock test
dsurface.c:2365: Tests skipped: D3DFMT_YUY2 surfaces not supported, skipping partial block lock test
1b08:dsurface: 1206 tests executed (0 marked as todo, 0 as flaky, 0 failures), 2 skipped.
ddraw:dsurface:1b08 done (0) in 0s 295B
ddraw:refcount start dlls/ddraw/tests/refcount.c
refcount.c:252: Tests skipped: no IDirect3D7 support
refcount.c:373: Tests skipped: no IDirect3D support
14e8:refcount: 49 tests executed (0 marked as todo, 0 as flaky, 0 failures), 2 skipped.
ddraw:refcount:14e8 done (0) in 0s 196B
ddraw:visual start dlls/ddraw/tests/visual.c
visual.c:1606: Tests skipped: Cannot initialize DirectDraw and Direct3D, skipping
0ac0:visual: 3 tests executed (0 marked as todo, 0 as flaky, 0 failures), 1 skipped.
ddraw:visual:0ac0 done (0) in 0s 169B
devenum:devenum start dlls/devenum/tests/devenum.c
devenum.c:1102: Tests skipped: VFW codecs are not enumerated on 64-bit Windows
1054:devenum: 1593 tests executed (0 marked as todo, 0 as flaky, 0 failures), 1 skipped.
devenum:devenum:1054 done (0) in 1s 170B
dhcpcsvc:dhcpcsvc start dlls/dhcpcsvc/tests/dhcpcsvc.c
dhcpcsvc.c:57: adapter 'L"Red Hat VirtIO Ethernet Adapter"' type 6 dhcpv4 enabled 1
dhcpcsvc.c:108: 0: Data 000001C4290D1430 (00ffffff) nBytesData 4 OptionId 1 Flags 00000000 IsVendor 0
dhcpcsvc.c:108: 1: Data 000001C4290D1434 (01141414) nBytesData 4 OptionId 3 Flags 00000000 IsVendor 0
dhcpcsvc.c:121: 2: Data 000001C4290D1438 (qemu) nBytesData 4 OptionId 12 Flags 00000000 IsVendor 0
dhcpcsvc.c:108: 3: Data 000001C4290D143C (ff141414) nBytesData 4 OptionId 28 Flags 00000000 IsVendor 0
dhcpcsvc.c:57: adapter 'L"Software Loopback Interface 1"' type 24 dhcpv4 enabled 0
0eb8:dhcpcsvc: 7 tests executed (0 marked as todo, 0 as flaky, 0 failures), 0 skipped.
dhcpcsvc:dhcpcsvc:0eb8 done (0) in 0s 667B
dinput:device8 start dlls/dinput/tests/device8.c
device8.c:3270: Subtest hid
device8.c:3270: Subtest driver
device8.c:3270: Subtest driver_bus
device8.c:3270: Subtest driver_hid
device8.c:3270: Subtest driver_hid_poll
device8.c:334: Test failed: 0x700: failed to create foreground window
device8.c:351: Test failed: 0x700: Acquire returned 0x80070005, skipping test_overlapped_format
device8.c:334: Test failed: 0x800: failed to create foreground window
device8.c:351: Test failed: 0x800: Acquire returned 0x80070005, skipping test_overlapped_format
device8.c:1449: Test failed: 0x500: failed to create foreground window
device8.c:1517: Test failed: 0x500: Acquire returned 0x80070005, skipping test_sys_mouse
device8.c:1449: Test failed: 0x700: failed to create foreground window
device8.c:1517: Test failed: 0x700: Acquire returned 0x80070005, skipping test_sys_mouse
device8.c:1449: Test failed: 0x800: failed to create foreground window
device8.c:1517: Test failed: 0x800: Acquire returned 0x80070005, skipping test_sys_mouse
device8.c:2924: Test failed: 0x500: failed to create foreground window
device8.c:2337: Tests skipped: 0x500: keyboard type 0x4 doesn't match for lang 0x411
device8.c:2465: Tests skipped: 0x500: keyboard type 0x4 doesn't match for lang 0x411
device8.c:2924: Test failed: 0x700: failed to create foreground window
device8.c:2337: Tests skipped: 0x700: keyboard type 0x4 doesn't match for lang 0x411
device8.c:2465: Tests skipped: 0x700: keyboard type 0x4 doesn't match for lang 0x411
device8.c:2924: Test failed: 0x800: failed to create foreground window
device8.c:2337: Tests skipped: 0x800: keyboard type 0x4 doesn't match for lang 0x411
device8.c:2465: Tests skipped: 0x800: keyboard type 0x4 doesn't match for lang 0x411
device8.c:613: Test failed: failed to create foreground window
device8.c:729: Test failed: IDirectInputDevice8_Acquire failed: 0x80070005
device8.c:732: Test failed: IDirectInputDevice8_Acquire failed: 0x80070005
device8.c:737: Test failed: GetRegisteredRawInputDevices returned 1, raw_devices_count: 3
device8.c:739: Test failed: Unexpected raw device flags: 0
device8.c:741: Test failed: Unexpected raw device flags: 0
device8.c:808: Test failed: failed to create foreground window
device8.c:908: Test failed: failed to create foreground window
device8.c:1735: Test failed: mouse : failed to create foreground window
device8.c:1748: Test failed: mouse : MsgWaitForMultipleObjects returned 0x102
device8.c:1751: Test failed: mouse : got mouse_move_count 0
device8.c:1755: Test failed: mouse : got x 106
device8.c:1757: Test failed: mouse : got y 106
device8.c:3231: Test failed: keyboard: failed to create foreground window
device8.c:3240: Test failed: keyboard: MsgWaitForMultipleObjects returned 0x102
device8.c:3243: Test failed: keyboard: got key_down_count 0
device8.c:3250: Test failed: keyboard: MsgWaitForMultipleObjects returned 0x102
device8.c:3253: Test failed: keyboard: got key_down_count 0
device8.c:3255: Test failed: keyboard: got key_up_count 0
device8.c:1991: Test failed: failed to create foreground window
device8.c:2003: Test failed: MsgWaitForMultipleObjects returned 0x102
device8.c:2006: Test failed: WaitForSingleObject returned 0x102
device8.c:2009: Test failed: WaitForSingleObject returned 0x102
device8.c:2010: Test failed: got pointer_enter_count 0
device8.c:2012: Test failed: got pointer_up_count 0
device8.c:2018: Test failed: got wparam 0
device8.c:2019: Test failed: got wparam 0
device8.c:2020: Test failed: got lparam 0
device8.c:2021: Test failed: got lparam 0
device8.c:2026: Test failed: got wparam 0
device8.c:2032: Test failed: got lparam 0
device8.c:2034: Test failed: got lparam 0
device8.c:2053: Test failed: MsgWaitForMultipleObjects returned 0x102
device8.c:2071: Test failed: got wParam 0x1
device8.c:2099: Test failed: MsgWaitForMultipleObjects returned 0x102
device8.c:2140: Test failed: failed to create foreground window
device8.c:2152: Test failed: WaitForSingleObject returned 0x102
device8.c:2155: Test failed: got pointer_enter_count 0
device8.c:2162: Test failed: got wparam 0
device8.c:2163: Test failed: got wparam 0
device8.c:2164: Test failed: got lparam 0
device8.c:2165: Test failed: got lparam 0
device8.c:2177: Test failed: WaitForSingleObject returned 0x102
device8.c:2181: Test failed: got pointer_up_count 0
device8.c:2184: Test failed: got wparam 0
device8.c:2188: Test failed: got lparam 0
device8.c:2189: Test failed: got lparam 0
device8.c:2200: Test failed: WaitForSingleObject returned 0x102
device8.c:2202: Test failed: WaitForSingleObject returned 0x102
device8.c:2205: Test failed: got pointer_enter_count 0
device8.c:2212: Test failed: got wparam 0
device8.c:2213: Test failed: got wparam 0
device8.c:2214: Test failed: got lparam 0
device8.c:2215: Test failed: got lparam 0
device8.c:2221: Test failed: got wparam 0
device8.c:2224: Test failed: got wparam 0
device8.c:2225: Test failed: got lparam 0
device8.c:2226: Test failed: got lparam 0
device8.c:2235: Test failed: WaitForSingleObject returned 0x102
device8.c:2237: Test failed: WaitForSingleObject returned 0x102
device8.c:2241: Test failed: got pointer_up_count 0
device8.c:2244: Test failed: got wparam 0
device8.c:2248: Test failed: got lparam 0
device8.c:2249: Test failed: got lparam 0
device8.c:2255: Test failed: got wparam 0
device8.c:2256: Test failed: got lparam 0
device8.c:2257: Test failed: got lparam 0
0004:driver_hid: 54 tests executed (0 marked as todo, 0 as flaky, 0 failures), 0 skipped.
0004:driver_hid: 61 tests executed (0 marked as todo, 0 as flaky, 0 failures), 0 skipped.
0004:driver_hid: 96 tests executed (0 marked as todo, 0 as flaky, 0 failures), 0 skipped.
0004:driver_hid_poll: 3435 tests executed (0 marked as todo, 0 as flaky, 0 failures), 0 skipped.
0004:driver_bus: 1078 tests executed (0 marked as todo, 0 as flaky, 0 failures), 0 skipped.
0518:device8: 8658 tests executed (0 marked as todo, 0 as flaky, 80 failures), 6 skipped.
dinput:device8:0518 done (80) in 40s 6004B
dinput:dinput start dlls/dinput/tests/dinput.c
dinput.c:1067: Subtest hid
dinput.c:1067: Subtest driver
dinput.c:1067: Subtest driver_bus
dinput.c:1067: Subtest driver_hid
dinput.c:1067: Subtest driver_hid_poll
dinput.c:828: Tests skipped: Failed to instantiate a IDirectInputJoyConfig8 instance: 0x0x80004002
1bbc:dinput: 2523 tests executed (0 marked as todo, 0 as flaky, 0 failures), 1 skipped.
dinput:dinput:1bbc done (0) in 0s 358B
dinput:force_feedback start dlls/dinput/tests/force_feedback.c
force_feedback.c:7964: Subtest hid
force_feedback.c:7964: Subtest driver
force_feedback.c:7964: Subtest driver_bus
force_feedback.c:7964: Subtest driver_hid
force_feedback.c:7964: Subtest driver_hid_poll
force_feedback.c:3517: Test failed: 0x800: failed to create foreground window
force_feedback.c:3517: Test failed: 0x500: failed to create foreground window
force_feedback.c:3517: Test failed: 0x700: failed to create foreground window
force_feedback.c:5326: Test failed: failed to create foreground window
force_feedback.c:4377: Test failed: 0x800: failed to create foreground window
force_feedback.c:7366: Test failed: got status 0
force_feedback.c:7366: Test failed: GetResults returned 0x8000000e
force_feedback.c:7366: Test failed: got result 0
0004:driver_hid: 957 tests executed (0 marked as todo, 0 as flaky, 0 failures), 0 skipped.
0004:driver_hid: 957 tests executed (0 marked as todo, 0 as flaky, 0 failures), 0 skipped.
0004:driver_hid: 957 tests executed (0 marked as todo, 0 as flaky, 0 failures), 0 skipped.
0004:driver_hid: 579 tests executed (0 marked as todo, 0 as flaky, 0 failures), 0 skipped.
0004:driver_hid: 131 tests executed (0 marked as todo, 0 as flaky, 0 failures), 0 skipped.
0004:driver_hid: 670 tests executed (0 marked as todo, 0 as flaky, 0 failures), 0 skipped.
0004:driver_bus: 5063 tests executed (0 marked as todo, 0 as flaky, 0 failures), 0 skipped.
188c:force_feedback: 15244 tests executed (0 marked as todo, 0 as flaky, 8 failures), 0 skipped.
dinput:force_feedback:188c done (8) in 12s 1508B
dinput:hid start dlls/dinput/tests/hid.c
hid.c:4124: Subtest hid
hid.c:4124: Subtest driver
hid.c:4124: Subtest driver_bus
hid.c:4124: Subtest driver_hid
hid.c:4124: Subtest driver_hid_poll
0004:driver_bus: 3 tests executed (0 marked as todo, 0 as flaky, 0 failures), 0 skipped.
0004:driver_hid: 47 tests executed (0 marked as todo, 0 as flaky, 0 failures), 0 skipped.
0004:driver_bus: 21 tests executed (0 marked as todo, 0 as flaky, 0 failures), 0 skipped.
0004:driver_hid: 47 tests executed (0 marked as todo, 0 as flaky, 0 failures), 0 skipped.
0004:driver_hid: 180 tests executed (0 marked as todo, 0 as flaky, 0 failures), 0 skipped.
0004:driver_hid: 152 tests executed (0 marked as todo, 0 as flaky, 0 failures), 0 skipped.
0004:driver_hid_poll: 1608 tests executed (0 marked as todo, 0 as flaky, 0 failures), 0 skipped.
0004:driver_hid_poll: 1594 tests executed (0 marked as todo, 0 as flaky, 0 failures), 0 skipped.
0004:driver_hid: 75 tests executed (0 marked as todo, 0 as flaky, 0 failures), 0 skipped.
0004:driver_bus: 1359 tests executed (0 marked as todo, 0 as flaky, 0 failures), 0 skipped.
08c4:hid: 9447 tests executed (0 marked as todo, 0 as flaky, 0 failures), 0 skipped.
dinput:hid:08c4 done (0) in 19s 1167B
dinput:hotplug start dlls/dinput/tests/hotplug.c
hotplug.c:1610: Subtest hid
hotplug.c:1610: Subtest driver
hotplug.c:1610: Subtest driver_bus
hotplug.c:1610: Subtest driver_hid
hotplug.c:1610: Subtest driver_hid_poll
hotplug.c:1428: Test failed: MsgWaitForMultipleObjects returned 0x102
hotplug.c:1430: Test failed: controller added handler not invoked
hotplug.c:1433: Test failed: CreateGameController not called
hid.c:3803: Test failed: WaitForSingleObject returned 0x102
hotplug.c:1445: Test failed: got size 0
hotplug.c:1447: Test failed: GetAt returned 0x8000000b
hotplug.c:1447: this is the last test seen before the exception
27c0:hotplug: unhandled exception c0000005 at 00007FF7745D64CE
dinput:hotplug:27c0 done (-1073741819) in 10s 661B
dinput:joystick8 start dlls/dinput/tests/joystick8.c
joystick8.c:5994: Subtest hid
joystick8.c:5994: Subtest driver
joystick8.c:5994: Subtest driver_bus
joystick8.c:5994: Subtest driver_hid
joystick8.c:5994: Subtest driver_hid_poll
hid.c:671: Test failed: failed to create device, error 0xe0000207
hid.c:674: Test failed: failed to create set hardware ID, error 87
hid.c:677: Test failed: failed to register device, error 87
joystick8.c:2329: Test failed: 0x500: failed to create foreground window
joystick8.c:2752: Test failed: 0x500: WaitForSingleObject failed
joystick8.c:2756: Test failed: 0x500: GetDeviceState returned: 0x8007001e
joystick8.c:2757: Test failed: 0x500: got 0x7fff, expected 0x512b
joystick8.c:2758: Test failed: 0x500: got 0x7fff, expected 0
joystick8.c:2761: Test failed: 0x500: Unacquire returned: 0x1
joystick8.c:2329: Test failed: 0x700: failed to create foreground window
joystick8.c:2329: Test failed: 0x800: failed to create foreground window
joystick8.c:5482: Test failed: failed to create foreground window
joystick8.c:5630: Test failed: state[0]: got wParam 0x1
joystick8.c:5630: Test failed: state[1]: got wParam 0x1
joystick8.c:5630: Test failed: state[2]: got wParam 0x1
joystick8.c:5630: Test failed: state[3]: got wParam 0x1
joystick8.c:5630: Test failed: state[4]: got wParam 0x1
joystick8.c:5630: Test failed: state[5]: got wParam 0x1
joystick8.c:5665: Test failed: got wParam 0x1
joystick8.c:5684: Test failed: got wParam 0x1
joystick8.c:5725: Test failed: got wParam 0x1
joystick8.c:5734: Test failed: got wParam 0x1
12c0:joystick8: 41 tests executed (0 marked as todo, 0 as flaky, 0 failures), 0 skipped.
25fc:joystick8: 43 tests executed (0 marked as todo, 0 as flaky, 0 failures), 0 skipped.
0004:driver_bus: 201 tests executed (0 marked as todo, 0 as flaky, 0 failures), 0 skipped.
0004:driver_hid: 54 tests executed (0 marked as todo, 0 as flaky, 0 failures), 0 skipped.
0004:driver_hid: 54 tests executed (0 marked as todo, 0 as flaky, 0 failures), 0 skipped.
0004:driver_hid: 54 tests executed (0 marked as todo, 0 as flaky, 0 failures), 0 skipped.
0004:driver_hid: 54 tests executed (0 marked as todo, 0 as flaky, 0 failures), 0 skipped.
0004:driver_hid: 54 tests executed (0 marked as todo, 0 as flaky, 0 failures), 0 skipped.
0004:driver_hid: 54 tests executed (0 marked as todo, 0 as flaky, 0 failures), 0 skipped.
0004:driver_hid: 54 tests executed (0 marked as todo, 0 as flaky, 0 failures), 0 skipped.
0004:driver_hid: 68 tests executed (0 marked as todo, 0 as flaky, 0 failures), 0 skipped.
0004:driver_hid: 54 tests executed (0 marked as todo, 0 as flaky, 0 failures), 0 skipped.
0004:driver_hid: 54 tests executed (0 marked as todo, 0 as flaky, 0 failures), 0 skipped.
0004:driver_hid: 54 tests executed (0 marked as todo, 0 as flaky, 0 failures), 0 skipped.
0004:driver_hid: 54 tests executed (0 marked as todo, 0 as flaky, 0 failures), 0 skipped.
0004:driver_hid: 54 tests executed (0 marked as todo, 0 as flaky, 0 failures), 0 skipped.
0004:driver_hid: 54 tests executed (0 marked as todo, 0 as flaky, 0 failures), 0 skipped.
0004:driver_hid: 54 tests executed (0 marked as todo, 0 as flaky, 0 failures), 0 skipped.
0004:driver_hid: 54 tests executed (0 marked as todo, 0 as flaky, 0 failures), 0 skipped.
0004:driver_hid: 54 tests executed (0 marked as todo, 0 as flaky, 0 failures), 0 skipped.
0004:driver_hid: 54 tests executed (0 marked as todo, 0 as flaky, 0 failures), 0 skipped.
0004:driver_hid: 54 tests executed (0 marked as todo, 0 as flaky, 0 failures), 0 skipped.
0004:driver_hid: 54 tests executed (0 marked as todo, 0 as flaky, 0 failures), 0 skipped.
0004:driver_hid: 54 tests executed (0 marked as todo, 0 as flaky, 0 failures), 0 skipped.
0004:driver_hid: 54 tests executed (0 marked as todo, 0 as flaky, 0 failures), 0 skipped.
0004:driver_hid: 285 tests executed (0 marked as todo, 0 as flaky, 0 failures), 0 skipped.
0004:driver_hid: 285 tests executed (0 marked as todo, 0 as flaky, 0 failures), 0 skipped.
0004:driver_hid: 334 tests executed (0 marked as todo, 0 as flaky, 0 failures), 0 skipped.
0004:driver_hid: 54 tests executed (0 marked as todo, 0 as flaky, 0 failures), 0 skipped.
0004:driver_hid: 54 tests executed (0 marked as todo, 0 as flaky, 0 failures), 0 skipped.
0004:driver_hid: 47 tests executed (0 marked as todo, 0 as flaky, 0 failures), 0 skipped.
0004:driver_hid: 47 tests executed (0 marked as todo, 0 as flaky, 0 failures), 0 skipped.
0004:driver_hid: 369 tests executed (0 marked as todo, 0 as flaky, 0 failures), 0 skipped.
0004:driver_hid: 47 tests executed (0 marked as todo, 0 as flaky, 0 failures), 0 skipped.
0004:driver_hid: 47 tests executed (0 marked as todo, 0 as flaky, 0 failures), 0 skipped.
0004:driver_bus: 1011 tests executed (0 marked as todo, 0 as flaky, 0 failures), 0 skipped.
254c:joystick8: 10144 tests executed (0 marked as todo, 0 as flaky, 22 failures), 0 skipped.
dinput:joystick8:254c done (22) in 26s 4907B
directmanipulation:manipulation start dlls/directmanipulation/tests/manipulation.c
1264:manipulation: 2 tests executed (0 marked as todo, 0 as flaky, 0 failures), 0 skipped.
directmanipulation:manipulation:1264 done (0) in 0s 92B
dispex:marshal start dlls/dispex/tests/marshal.c
marshal.c:153: QI {ecc8691b-c1db-4dc0-855e-65f6c551af49}
marshal.c:153: QI {94ea2b94-e9cc-49e0-c0ff-ee64ca8f5b90}
marshal.c:153: QI {2132b005-c604-4354-85bd-8f2e24181b0c}
marshal.c:153: QI {00000003-0000-0000-c000-000000000046}
marshal.c:153: Line has been silenced after 4 occurrences
marshal.c:171: AddRef
marshal.c:171: AddRef
marshal.c:180: Release
marshal.c:171: AddRef
marshal.c:171: AddRef
marshal.c:180: Release
marshal.c:180: Release
marshal.c:180: Release
marshal.c:180: Line has been silenced after 4 occurrences
012c:marshal: Silenced 0 todos, 0 skips and 34 traces.
012c:marshal: 23 tests executed (0 marked as todo, 0 as flaky, 0 failures), 0 skipped.
dispex:marshal:012c done (0) in 0s 682B
dmband:dmband start dlls/dmband/tests/dmband.c
dmband.c:602: Tests skipped: dmband not available
1b24:dmband: 0 tests executed (0 marked as todo, 0 as flaky, 0 failures), 1 skipped.
dmband:dmband:1b24 done (0) in 0s 137B
dmcompos:dmcompos start dlls/dmcompos/tests/dmcompos.c
dmcompos.c:660: Tests skipped: dmcompos not available
1bb8:dmcompos: 0 tests executed (0 marked as todo, 0 as flaky, 0 failures), 1 skipped.
dmcompos:dmcompos:1bb8 done (0) in 0s 143B
dmime:dmime start dlls/dmime/tests/dmime.c
dmime.c:5197: Tests skipped: dmime not available
1f1c:dmime: 0 tests executed (0 marked as todo, 0 as flaky, 0 failures), 1 skipped.
dmime:dmime:1f1c done (0) in 0s 135B
dmloader:loader start dlls/dmloader/tests/loader.c
loader.c:182: Tests skipped: CoCreateInstance failed.
257c:loader: 89 tests executed (0 marked as todo, 0 as flaky, 0 failures), 1 skipped.
dmloader:loader:257c done (0) in 0s 142B
dmscript:dmscript start dlls/dmscript/tests/dmscript.c
dmscript.c:418: Tests skipped: dmscript not available
229c:dmscript: 0 tests executed (0 marked as todo, 0 as flaky, 0 failures), 1 skipped.
dmscript:dmscript:229c done (0) in 0s 143B
dmstyle:dmstyle start dlls/dmstyle/tests/dmstyle.c
dmstyle.c:669: Tests skipped: dmstyle not available
1b78:dmstyle: 0 tests executed (0 marked as todo, 0 as flaky, 0 failures), 1 skipped.
dmstyle:dmstyle:1b78 done (0) in 0s 140B
dmsynth:dmsynth start dlls/dmsynth/tests/dmsynth.c
dmsynth.c:1235: Rendered samples to L"C:\\Users\\Docker\\AppData\\Local\\Temp\\syn67FB.tmp"
18b8:dmsynth: 520 tests executed (0 marked as todo, 0 as flaky, 0 failures), 0 skipped.
dmsynth:dmsynth:18b8 done (0) in 0s 182B
dmusic:dmusic start dlls/dmusic/tests/dmusic.c
dmusic.c:175: Port 0:
dmusic.c:176:   dwFlags            = 100
dmusic.c:177:   guidPort           = {4a693e80-faba-4460-bd5c-f55866c2dc28}
dmusic.c:178:   dwClass            = 1
dmusic.c:179:   dwType             = 0
dmusic.c:180:   dwMemorySize       = 0
dmusic.c:181:   dwMaxChannelGroups = 1
dmusic.c:182:   dwMaxVoices        = 0
dmusic.c:183:   dwMaxAudioChannels = 0
dmusic.c:184:   dwEffectFlags      = 0
dmusic.c:185:   wszDescription     = L"Microsoft MIDI Mapper [Emulated]"
dmusic.c:175: Port 1:
dmusic.c:176:   dwFlags            = 100
dmusic.c:177:   guidPort           = {d636eee1-feaa-4b72-87d2-6e96374bacd7}
dmusic.c:178:   dwClass            = 1
dmusic.c:179:   dwType             = 0
dmusic.c:180:   dwMemorySize       = 0
dmusic.c:181:   dwMaxChannelGroups = 1
dmusic.c:182:   dwMaxVoices        = 0
dmusic.c:183:   dwMaxAudioChannels = 0
dmusic.c:184:   dwEffectFlags      = 0
dmusic.c:185:   wszDescription     = L"Microsoft GS Wavetable Synth [Emulated]"
dmusic.c:175: Port 2:
dmusic.c:176:   dwFlags            = e85
dmusic.c:177:   guidPort           = {58c2b4d0-46e7-11d1-89ac-00a0c9054129}
dmusic.c:178:   dwClass            = 1
dmusic.c:179:   dwType             = 1
dmusic.c:180:   dwMemorySize       = 2147483647
dmusic.c:181:   dwMaxChannelGroups = 1000
dmusic.c:182:   dwMaxVoices        = 1000
dmusic.c:183:   dwMaxAudioChannels = 2
dmusic.c:184:   dwEffectFlags      = 1
dmusic.c:185:   wszDescription     = L"Microsoft Synthesizer"
dmusic.c:785: Test failed: ParseDescriptor failed: 0x88781210, expected S_OK
dmusic.c:786: Test failed: Got valid data 0, expected DMUS_OBJ_CLASS
dmusic.c:1014: Port wszDescription: L"Microsoft Synthesizer"
dmusic.c:1635: 234: got 0x80000038 L"SFX         "
dmusic.c:1635: 233: got 0x80000030 L"Orchestra   "
dmusic.c:1635: 232: got 0x80000028 L"Brush       "
dmusic.c:1635: 231: got 0x80000020 L"Jazz        "
dmusic.c:1635: Line has been silenced after 4 occurrences
1fb4:dmusic: Silenced 0 todos, 0 skips and 231 traces.
1fb4:dmusic: 667 tests executed (0 marked as todo, 0 as flaky, 2 failures), 0 skipped.
dmusic:dmusic:1fb4 done (2) in 0s 2120B
dnsapi:cache start dlls/dnsapi/tests/cache.c
228c:cache: 3 tests executed (0 marked as todo, 0 as flaky, 0 failures), 0 skipped.
dnsapi:cache:228c done (0) in 0s 85B
dnsapi:name start dlls/dnsapi/tests/name.c
1420:name: 124 tests executed (0 marked as todo, 0 as flaky, 0 failures), 0 skipped.
dnsapi:name:1420 done (0) in 0s 86B
dnsapi:query start dlls/dnsapi/tests/query.c
query.c:205: Tests skipped: computer is not in a domain
059c:query: 63 tests executed (0 marked as todo, 0 as flaky, 0 failures), 1 skipped.
dnsapi:query:059c done (0) in 1s 143B
dnsapi:record start dlls/dnsapi/tests/record.c
040c:record: 136 tests executed (0 marked as todo, 0 as flaky, 0 failures), 0 skipped.
dnsapi:record:040c done (0) in 0s 88B
dplayx:dplayx start dlls/dplayx/tests/dplayx.c
dplayx.c:10713: Tests skipped: dplayx is missing or a stub dll, skipping tests
0438:dplayx: 0 tests executed (0 marked as todo, 0 as flaky, 0 failures), 1 skipped.
dplayx:dplayx:0438 done (0) in 0s 166B
dpvoice:voice start dlls/dpvoice/tests/voice.c
voice.c:342: Tests skipped: IDirectPlayVoiceClient not supported on this platform
voice.c:143: Tests skipped: IDirectPlayVoiceServer not supported on this platform
voice.c:551: Tests skipped: server failed to initialize
20cc:voice: 1 tests executed (0 marked as todo, 0 as flaky, 0 failures), 3 skipped.
dpvoice:voice:20cc done (0) in 0s 308B
dsdmo:dsdmo start dlls/dsdmo/tests/dsdmo.c
2380:dsdmo: 3011 tests executed (0 marked as todo, 0 as flaky, 0 failures), 0 skipped.
dsdmo:dsdmo:2380 done (0) in 0s 88B
dsound:capture start dlls/dsound/tests/capture.c
capture.c:699: Tests skipped: No driver
capture.c:185: Testing IDirectSoundCapture
capture.c:140:   No Driver
capture.c:140:   No Driver
capture.c:140:   No Driver
capture.c:449: *** Testing Primary Sound Capture Driver -  ***
capture.c:459:   No Driver
1f5c:capture: 33 tests executed (0 marked as todo, 0 as flaky, 0 failures), 1 skipped.
dsound:capture:1f5c done (0) in 0s 349B
dsound:ds3d start dlls/dsound/tests/ds3d.c
ds3d.c:1577: *** Testing Primary Sound Driver -  ***
ds3d.c:1592:   Testing the primary buffer
ds3d.c:1595:   Testing 3D primary buffer
ds3d.c:1598:   Testing 3D primary buffer with listener
ds3d.c:1577: *** Testing Speakers (High Definition Audio Device) - {0.0.0.00000000}.{a5db573c-2529-468a-a09f-d2383a51b1d0} ***
ds3d.c:1592:   Testing the primary buffer
ds3d.c:1595:   Testing 3D primary buffer
ds3d.c:1598:   Testing 3D primary buffer with listener
ds3d.c:1627: tested 2 DirectSound drivers
14f4:ds3d: 4009 tests executed (0 marked as todo, 0 as flaky, 0 failures), 0 skipped.
dsound:ds3d:14f4 done (0) in 4s 594B
dsound:ds3d8 start dlls/dsound/tests/ds3d8.c
ds3d8.c:1090: *** Testing Primary Sound Driver -  ***
ds3d8.c:1105:   Testing the primary buffer
ds3d8.c:1108:   Testing 3D primary buffer
ds3d8.c:1111:   Testing 3D primary buffer with listener
ds3d8.c:1090: *** Testing Speakers (High Definition Audio Device) - {0.0.0.00000000}.{a5db573c-2529-468a-a09f-d2383a51b1d0} ***
ds3d8.c:1105:   Testing the primary buffer
ds3d8.c:1108:   Testing 3D primary buffer
ds3d8.c:1111:   Testing 3D primary buffer with listener
ds3d8.c:1138: tested 2 DirectSound drivers
12f8:ds3d8: 757 tests executed (0 marked as todo, 0 as flaky, 0 failures), 0 skipped.
dsound:ds3d8:12f8 done (0) in 1s 603B
dsound:dsound start dlls/dsound/tests/dsound.c
dsound.c:208: Testing IDirectSound
dsound.c:2004: *** Testing Primary Sound Driver -  ***
dsound.c:2004: *** Testing Speakers (High Definition Audio Device) - {0.0.0.00000000}.{a5db573c-2529-468a-a09f-d2383a51b1d0} ***
dsound.c:1215: testing duplicated buffer without notifications.
dsound.c:1232: testing duplicated buffer with a notification.
dsound.c:1243: testing original buffer with a notification.
dsound.c:2117: dwMaxHwMixingAllBuffers: 1
dsound.c:2118: dwMaxHwMixingStaticBuffers: 1
dsound.c:2119: dwMaxHwMixingStreamingBuffers: 1
15b4:dsound: 3499 tests executed (0 marked as todo, 0 as flaky, 0 failures), 0 skipped.
dsound:dsound:15b4 done (0) in 6s 638B
dsound:dsound8 start dlls/dsound/tests/dsound8.c
dsound8.c:196: Testing IDirectSound8
dsound8.c:923: *** Testing Primary Sound Driver -  ***
dsound8.c:923: *** Testing Speakers (High Definition Audio Device) - {0.0.0.00000000}.{a5db573c-2529-468a-a09f-d2383a51b1d0} ***
dsound8.c:1021: dwMaxHwMixingAllBuffers: 1
dsound8.c:1022: dwMaxHwMixingStaticBuffers: 1
dsound8.c:1023: dwMaxHwMixingStreamingBuffers: 1
dsound8.c:1068: guid: 0000000000000000, desc: Primary Sound Driver
dsound8.c:1068: guid: 00000243815A0AD4, desc: Speakers (High Definition Audio Device)
dsound8.c:1204: 0xf1f
0d38:dsound8: 5316 tests executed (0 marked as todo, 0 as flaky, 0 failures), 0 skipped.
dsound:dsound8:0d38 done (0) in 6s 633B
dsound:duplex start dlls/dsound/tests/duplex.c
duplex.c:281: Tests skipped: No driver
duplex.c:112: Testing IDirectSoundFullDuplex
1f1c:duplex: 45 tests executed (0 marked as todo, 0 as flaky, 0 failures), 1 skipped.
dsound:duplex:1f1c done (0) in 0s 173B
dsound:propset start dlls/dsound/tests/propset.c
propset.c:408: *** Testing DSPROPERTY_DIRECTSOUNDDEVICE_ENUMERATE ***
propset.c:57:   found device:
propset.c:58:     Type: WDM
propset.c:62:     DataFlow: Render
propset.c:66:     DeviceId: {a5db573c-2529-468a-a09f-d2383a51b1d0}
propset.c:67:     Description: Speakers (High Definition Audio Device)
propset.c:68:     Module: {0.0.0.00000000}.{a5db573c-2529-468a-a09f-d2383a51b1d0}
propset.c:69:     Interface: \\?\HDAUDIO#FUNC_01&VEN_1AF4&DEV_0012&SUBSYS_1AF40012&REV_1001#4&FC8F738&0&0001#{6994AD04-93EF-11D0-A3CC-00A0C9223196}\ELINEOUTWAVE
propset.c:70:     WaveDeviceId: 0
propset.c:438: *** Testing DSPROPERTY_DIRECTSOUNDDEVICE_ENUMERATE_1 ***
propset.c:81:   found device:
propset.c:82:     Type: WDM
propset.c:86:     DataFlow: Render
propset.c:90:     DeviceId: {a5db573c-2529-468a-a09f-d2383a51b1d0}
propset.c:91:     DescriptionA: Speakers (High Definition Audio Device)
propset.c:93:     DescriptionW: Speakers (High Definition Audio Device)
propset.c:94:     ModuleA: {0.0.0.00000000}.{a5db573c-2529-468a-a09f-d2383a51b1d0}
propset.c:96:     ModuleW: {0.0.0.00000000}.{a5db573c-2529-468a-a09f-d2383a51b1d0}
propset.c:97:     WaveDeviceId: 0
propset.c:468: *** Testing DSPROPERTY_DIRECTSOUNDDEVICE_ENUMERATE_A ***
propset.c:105:   found device:
propset.c:106:     Type: WDM
propset.c:110:     DataFlow: Render
propset.c:114:     DeviceId: {a5db573c-2529-468a-a09f-d2383a51b1d0}
propset.c:115:     Description: Speakers (High Definition Audio Device)
propset.c:116:     Module: {0.0.0.00000000}.{a5db573c-2529-468a-a09f-d2383a51b1d0}
propset.c:117:     Interface: \\?\HDAUDIO#FUNC_01&VEN_1AF4&DEV_0012&SUBSYS_1AF40012&REV_1001#4&FC8F738&0&0001#{6994AD04-93EF-11D0-A3CC-00A0C9223196}\ELINEOUTWAVE
propset.c:118:     WaveDeviceId: 0
propset.c:498: *** Testing DSPROPERTY_DIRECTSOUNDDEVICE_ENUMERATE_W ***
propset.c:130: found device:
propset.c:131: 	Type: WDM
propset.c:135: 	DataFlow: Render
propset.c:139: 	DeviceId: {a5db573c-2529-468a-a09f-d2383a51b1d0}
propset.c:143: 	Description: Speakers (High Definition Audio Device)
propset.c:144: 	Module: {0.0.0.00000000}.{a5db573c-2529-468a-a09f-d2383a51b1d0}
propset.c:145: 	Interface: \\?\HDAUDIO#FUNC_01&VEN_1AF4&DEV_0012&SUBSYS_1AF40012&REV_1001#4&FC8F738&0&0001#{6994AD04-93EF-11D0-A3CC-00A0C9223196}\ELINEOUTWAVE
propset.c:146: 	WaveDeviceId: 0
propset.c:541: *** Testing Primary Sound Driver -  ***
propset.c:592:   Testing a secondary buffer at 44100x16x1
propset.c:605:   Supports property sets
propset.c:614:     DSPROPSETID_VoiceManager not supported
propset.c:622:     DSPROPSETID_EAX20_ListenerProperties not supported
propset.c:630:     DSPROPSETID_EAX20_BufferProperties not supported
propset.c:639:     DSPROPSETID_I3DL2_ListenerProperties not supported
propset.c:647:     DSPROPSETID_I3DL2_BufferProperties not supported
propset.c:656:     DSPROPSETID_ZOOMFX_BufferProperties not supported
propset.c:541: *** Testing Speakers (High Definition Audio Device) - {0.0.0.00000000}.{a5db573c-2529-468a-a09f-d2383a51b1d0} ***
propset.c:592:   Testing a secondary buffer at 44100x16x1
propset.c:605:   Supports property sets
propset.c:614:     DSPROPSETID_VoiceManager not supported
propset.c:622:     DSPROPSETID_EAX20_ListenerProperties not supported
propset.c:630:     DSPROPSETID_EAX20_BufferProperties not supported
propset.c:639:     DSPROPSETID_I3DL2_ListenerProperties not supported
propset.c:647:     DSPROPSETID_I3DL2_BufferProperties not supported
propset.c:656:     DSPROPSETID_ZOOMFX_BufferProperties not supported
propset.c:689: tested 2 DirectSound drivers
1b08:propset: 71 tests executed (0 marked as todo, 0 as flaky, 0 failures), 0 skipped.
dsound:propset:1b08 done (0) in 0s 3681B
dssenh:dssenh start dlls/dssenh/tests/dssenh.c
dssenh.c:1278: Tests skipped: skipping key exchange tests
24b0:dssenh: 1308 tests executed (0 marked as todo, 0 as flaky, 0 failures), 1 skipped.
dssenh:dssenh:24b0 done (0) in 2s 148B
dswave:dswave start dlls/dswave/tests/dswave.c
dswave.c:228: Test failed: ParseDescriptor failed: 0x88781210, expected S_OK
13b0:dswave: 39 tests executed (0 marked as todo, 0 as flaky, 1 failure), 0 skipped.
dswave:dswave:13b0 done (1) in 4s 164B
dwmapi:dwmapi start dlls/dwmapi/tests/dwmapi.c
dwmapi.c:75: Test failed: Got wrong monitor refresh rate 156250/10000000.
dwmapi.c:78: Test failed: Got wrong composition rate 156250/10000000.
20b0:dwmapi: 26 tests executed (0 marked as todo, 0 as flaky, 2 failures), 0 skipped.
dwmapi:dwmapi:20b0 done (2) in 0s 233B
dwrite:analyzer start dlls/dwrite/tests/analyzer.c
2150:analyzer: 4340796 tests executed (0 marked as todo, 0 as flaky, 0 failures), 0 skipped.
dwrite:analyzer:2150 done (0) in 10s 94B
dwrite:font start dlls/dwrite/tests/font.c
font.c:8994: Test failed: expected refcount 2, got 3
font.c:9012: Test failed: expected refcount 2, got 3
font.c:9023: Test failed: expected refcount 3, got 5
font.c:9031: Test failed: expected refcount 2, got 3
font.c:9046: Test failed: expected refcount 2, got 3
font.c:2445: Tests skipped: GetMetrics() test does not support variable fonts.
font.c:2880: Tests skipped: ConvertFontFaceToLOGFONT() test does not support variable fonts.
font.c:3916: Tests skipped: GetUnicodeRanges() test does not support symbol fonts.
font.c:4915: Tests skipped: ConvertFontToLOGFONT() test does not support variable fonts.
font.c:9606: Test failed: L"Segoe UI Emoji" - L"Regular", expected formats 0x5, got formats 0x105.
font.c:9606: Test failed: L"Segoe UI Emoji" - L"Oblique", expected formats 0x5, got formats 0x105.
font.c:9606: Test failed: L"Segoe UI Emoji" - L"Bold", expected formats 0x5, got formats 0x105.
font.c:9606: Test failed: L"Segoe UI Emoji" - L"Bold Oblique", expected formats 0x5, got formats 0x105.
0a24:font: 272646 tests executed (0 marked as todo, 0 as flaky, 9 failures), 4 skipped.
dwrite:font:0a24 done (9) in 5s 1109B
dwrite:layout start dlls/dwrite/tests/layout.c
1154:layout: 6554 tests executed (0 marked as todo, 0 as flaky, 0 failures), 0 skipped.
dwrite:layout:1154 done (0) in 0s 89B
dxcore:dxcore start dlls/dxcore/tests/dxcore.c
2140:dxcore: 93 tests executed (0 marked as todo, 0 as flaky, 0 failures), 0 skipped.
dxcore:dxcore:2140 done (0) in 0s 87B
dxdiagn:container start dlls/dxdiagn/tests/container.c
container.c:162: Starting child container enumeration of the root container:
container.c:215: pddc[0] = L"DxDiag_SystemInfo", length = 18
container.c:215: pddc[1] = L"DxDiag_DisplayDevices", length = 22
container.c:215: pddc[2] = L"DxDiag_DirectSound", length = 19
container.c:215: pddc[3] = L"DxDiag_DirectMusic", length = 19
container.c:215: Line has been silenced after 4 occurrences
container.c:366: Testing IDxDiagContainer::GetChildContainer dot parsing with container L"DxDiag_DisplayDevices" and child container L"0".
container.c:382: Trying container name L"DxDiag_DisplayDevices.0"
container.c:382: Trying container name L"DxDiag_DisplayDevices.0."
container.c:382: Trying container name L".DxDiag_DisplayDevices.0"
container.c:382: Trying container name L"DxDiag_DisplayDevices.0.."
container.c:382: Line has been silenced after 4 occurrences
container.c:468: Starting property enumeration of the L"DxDiag_SystemInfo" container:
container.c:520: child[0] = L"dwOSMajorVersion", length = 17
container.c:520: child[1] = L"dwOSMinorVersion", length = 17
container.c:520: child[2] = L"dwOSBuildNumber", length = 16
container.c:520: child[3] = L"dwOSPlatformID", length = 15
container.c:520: Line has been silenced after 4 occurrences
container.c:840: Testing container DxDiag_SystemInfo
container.c:776: L"dwOSMajorVersion" = 00000007AE72EA20 {VT_UI4: 6}
container.c:776: L"dwOSMinorVersion" = 00000007AE72EA20 {VT_UI4: 2}
container.c:776: L"dwOSBuildNumber" = 00000007AE72EA20 {VT_UI4: 9200}
container.c:776: L"dwOSPlatformID" = 00000007AE72EA20 {VT_UI4: 2}
container.c:776: Line has been silenced after 4 occurrences
container.c:928: Testing container L"0"
container.c:982: Testing container L"0"
2308:container: Silenced 0 todos, 0 skips and 192 traces.
2308:container: 4901 tests executed (0 marked as todo, 0 as flaky, 0 failures), 0 skipped.
dxdiagn:container:2308 done (0) in 21s 1883B
dxdiagn:provider start dlls/dxdiagn/tests/provider.c
2034:provider: 14 tests executed (0 marked as todo, 0 as flaky, 0 failures), 0 skipped.
dxdiagn:provider:2034 done (0) in 0s 89B
dxgi:dxgi start dlls/dxgi/tests/dxgi.c
dxgi.c:967: L"Microsoft Basic Render Driver".
dxgi.c:968: 0000: 1414:008c (rev 00).
dxgi.c:970: Dedicated video memory: 0 (0 MB).
dxgi.c:972: Dedicated system memory: 0 (0 MB).
dxgi.c:974: Shared system memory: 2144997376 (2045 MB).
dxgi.c:976: LUID: 00000000:0000569e.
dxgi.c:1000: Flags: 00000000.
dxgi.c:1212: UMD version: 10.0.26100.1301.
dxgi.c:1972: Test 0: Failed to change fullscreen state.
dxgi.c:1972: Test 1: Failed to change fullscreen state.
dxgi.c:1972: Test 2: Failed to change fullscreen state.
dxgi.c:1972: Test 3: Failed to change fullscreen state.
dxgi.c:1972: Line has been silenced after 4 occurrences
dxgi.c:2071: Test failed: Got height 8, expected 0.
dxgi.c:2147: Tests skipped: Fullscreen not supported.
dxgi.c:3616: Tests skipped: Fullscreen not supported.
dxgi.c:6448: Tests skipped: Could not change fullscreen state.
dxgi.c:6318: Tests skipped: Test 0: Could not change fullscreen state.
dxgi.c:6358: Tests skipped: Test 0: Could not change fullscreen state.
dxgi.c:6318: Tests skipped: Test 1: Could not change fullscreen state.
dxgi.c:6358: Tests skipped: Test 1: Could not change fullscreen state.
dxgi.c:6318: Tests skipped: Test 2: Could not change fullscreen state.
dxgi.c:6358: Tests skipped: Test 2: Could not change fullscreen state.
dxgi.c:6318: Tests skipped: Test 3: Could not change fullscreen state.
dxgi.c:6358: Tests skipped: Test 3: Could not change fullscreen state.
dxgi.c:6318: Line has been silenced after 4 occurrences
dxgi.c:6358: Line has been silenced after 4 occurrences
dxgi.c:2784: Tests skipped: Could not change fullscreen state.
dxgi.c:3314: Tests skipped: Adapter 0 output 0 test 0: Could not change fullscreen state.
dxgi.c:3314: Tests skipped: Adapter 0 output 0 test 1: Could not change fullscreen state.
dxgi.c:3314: Tests skipped: Adapter 0 output 0 test 2: Could not change fullscreen state.
dxgi.c:3314: Tests skipped: Adapter 0 output 0 test 3: Could not change fullscreen state.
dxgi.c:3106: Tests skipped: Test 3: Window (0,0)-(616,839) does not fit on screen (0,0)-(1280,800).
dxgi.c:3106: Tests skipped: Test 5: Window (0,0)-(1616,139) does not fit on screen (0,0)-(1280,800).
dxgi.c:3106: Tests skipped: Test 6: Window (0,0)-(2016,1039) does not fit on screen (0,0)-(1280,800).
dxgi.c:3106: Tests skipped: Test 3: Window (0,0)-(616,839) does not fit on screen (0,0)-(1280,800).
dxgi.c:3106: Line has been silenced after 4 occurrences
dxgi.c:4760: Tests skipped: Test 0: Could not change fullscreen state.
dxgi.c:4760: Tests skipped: Test 1: Could not change fullscreen state.
dxgi.c:6747: Tests skipped: Failed to change fullscreen state.
dxgi.c:6951: Tests skipped: Adapter 0: Output 0: Could not change fullscreen state, hr 0x887a0022.
dxgi.c:2428: Tests skipped: SetFullscreenState failed, hr 0x887a0022.
dxgi.c:6602: Tests skipped: Could not change fullscreen state.
dxgi.c:2953: Tests skipped: Adapter 0 output 0: Could not change fullscreen state.
dxgi.c:7485: Tests skipped: SetFullscreenState failed, hr 0x887a0022.
dxgi.c:6134: Tests skipped: Could not change fullscreen state.
dxgi.c:2784: Tests skipped: Could not change fullscreen state.
dxgi.c:3314: Line has been silenced after 4 occurrences
dxgi.c:4760: Tests skipped: Test 0: Could not change fullscreen state.
dxgi.c:4760: Tests skipped: Test 1: Could not change fullscreen state.
dxgi.c:6747: Tests skipped: Failed to change fullscreen state.
dxgi.c:6951: Tests skipped: Adapter 0: Output 0: Could not change fullscreen state, hr 0x887a0022.
dxgi.c:2428: Tests skipped: SetFullscreenState failed, hr 0x887a0022.
dxgi.c:6602: Tests skipped: Could not change fullscreen state.
dxgi.c:2953: Tests skipped: Adapter 0 output 0: Could not change fullscreen state.
dxgi.c:7485: Tests skipped: SetFullscreenState failed, hr 0x887a0022.
dxgi.c:6134: Tests skipped: Could not change fullscreen state.
2294:dxgi: Silenced 0 todos, 58 skips and 1 traces.
2294:dxgi: 10430 tests executed (0 marked as todo, 0 as flaky, 1 failure), 39 skipped.
dxgi:dxgi:2294 done (1) in 10s 4031B
dxva2:dxva2 start dlls/dxva2/tests/dxva2.c
dxva2.c:623: Tests skipped: VideoProcProgressiveDevice is not supported.
10ac:dxva2: 148 tests executed (0 marked as todo, 0 as flaky, 0 failures), 1 skipped.
dxva2:dxva2:10ac done (0) in 0s 161B
evr:evr start dlls/evr/tests/evr.c
evr.c:3489: Tests skipped: Skipping unsupported NV12 format
evr.c:124: created L"C:\\Users\\Docker\\AppData\\Local\\Temp\\rgb32frame-flip.bmp"
evr.c:124: created L"C:\\Users\\Docker\\AppData\\Local\\Temp\\rgb32frame-flip.bmp"
evr.c:124: created L"C:\\Users\\Docker\\AppData\\Local\\Temp\\rgb32frame-crop.bmp"
evr.c:124: created L"C:\\Users\\Docker\\AppData\\Local\\Temp\\rgb32frame-crop.bmp"
1960:evr: 1205 tests executed (0 marked as todo, 0 as flaky, 0 failures), 1 skipped.
evr:evr:1960 done (0) in 2s 483B
explorer.exe:explorer start programs/explorer/tests/explorer.c
0d68:explorer: 2 tests executed (0 marked as todo, 0 as flaky, 0 failures), 0 skipped.
explorer.exe:explorer:0d68 done (0) in 0s 88B
explorerframe:nstc start dlls/explorerframe/tests/nstc.c
nstc.c:1583: height: 20
13fc:nstc: 11011 tests executed (0 marked as todo, 0 as flaky, 0 failures), 0 skipped.
explorerframe:nstc:13fc done (0) in 29s 113B
explorerframe:taskbarlist start dlls/explorerframe/tests/taskbarlist.c
1790:taskbarlist: 33 tests executed (0 marked as todo, 0 as flaky, 0 failures), 0 skipped.
explorerframe:taskbarlist:1790 done (0) in 0s 92B
faultrep:faultrep start dlls/faultrep/tests/faultrep.c
1970:faultrep: 4 tests executed (0 marked as todo, 0 as flaky, 0 failures), 0 skipped.
faultrep:faultrep:1970 done (0) in 0s 88B
fc.exe:fc start programs/fc/tests/fc.c
0ccc:fc: 90 tests executed (0 marked as todo, 0 as flaky, 0 failures), 0 skipped.
fc.exe:fc:0ccc done (0) in 0s 83B
find.exe:find start programs/find/tests/find.c
0a3c:find: 94 tests executed (0 marked as todo, 0 as flaky, 0 failures), 0 skipped.
find.exe:find:0a3c done (0) in 0s 85B
findstr.exe:findstr start programs/findstr/tests/findstr.c
2118:findstr: 121 tests executed (0 marked as todo, 0 as flaky, 0 failures), 0 skipped.
findstr.exe:findstr:2118 done (0) in 0s 89B
fsutil.exe:fsutil start programs/fsutil/tests/fsutil.c
---- Commands Supported ----

8dot3name         8dot3name management
behavior          Control file system behavior
bypassIo          BypassIo management
clfs              CLFS logfile management
dax               Dax volume management
devdrv            Developer volume management
dirty             Manage volume dirty bit
file              File specific commands
fsInfo            File system information
hardlink          Hard link management
objectID          Object ID management
quota             Quota management
repair            Self healing management
reparsePoint      Reparse point management
storageReserve    Storage Reserve management
resource          Transactional Resource Manager management
sparse            Sparse file control
tiering           Storage tiering property management
trace             File system trace management
transaction       Transaction management
usn               USN management
volume            Volume management
wim               Transparent wim hosting management
---- HARDLINK Commands Supported ----

create          Create a hard link
list            Enumerate hard links on a file
Hard link created for C:\Users\Docker\AppData\Local\Temp\link <<===>> C:\Users\Docker\AppData\Local\Temp\file
Error 183: Cannot create a file when that file already exists.
Error 2: The system cannot find the file specified.
0db0:fsutil: 11 tests executed (0 marked as todo, 0 as flaky, 0 failures), 0 skipped.
fsutil.exe:fsutil:0db0 done (0) in 0s 1477B
fusion:asmcache start dlls/fusion/tests/asmcache.c
asmcache.c:775: Tests skipped: fusion.dll not available
0128:asmcache: 0 tests executed (0 marked as todo, 0 as flaky, 0 failures), 1 skipped.
fusion:asmcache:0128 done (0) in 0s 145B
fusion:asmenum start dlls/fusion/tests/asmenum.c
asmenum.c:68: Tests skipped: fusion.dll not available
0308:asmenum: 0 tests executed (0 marked as todo, 0 as flaky, 0 failures), 1 skipped.
fusion:asmenum:0308 done (0) in 0s 142B
fusion:asmname start dlls/fusion/tests/asmname.c
asmname.c:1073: Tests skipped: fusion.dll not available
21b0:asmname: 0 tests executed (0 marked as todo, 0 as flaky, 0 failures), 1 skipped.
fusion:asmname:21b0 done (0) in 0s 144B
fusion:fusion start dlls/fusion/tests/fusion.c
fusion.c:58: Tests skipped: fusion.dll not available
0c24:fusion: 0 tests executed (0 marked as todo, 0 as flaky, 0 failures), 1 skipped.
fusion:fusion:0c24 done (0) in 0s 140B
gameux:gameexplorer start dlls/gameux/tests/gameexplorer.c
gameexplorer.c:192: Running multithreaded tests.
gameexplorer.c:97: prepared EXE name: L"C:\\Users\\Docker\\AppData\\Local\\Temp\\wct\\gameux_test.exe"
gameexplorer.c:98: prepared EXE path: L"C:\\Users\\Docker\\AppData\\Local\\Temp\\wct"
gameexplorer.c:155: prepared EXE name: L"C:\\Users\\Docker\\AppData\\Local\\Temp\\wct\\gameux_test.exe"
gameexplorer.c:156: prepared EXE path: L"C:\\Users\\Docker\\AppData\\Local\\Temp\\wct"
gameexplorer.c:198: Running apartment threaded tests.
gameexplorer.c:97: prepared EXE name: L"C:\\Users\\Docker\\AppData\\Local\\Temp\\wct\\gameux_test.exe"
gameexplorer.c:98: prepared EXE path: L"C:\\Users\\Docker\\AppData\\Local\\Temp\\wct"
gameexplorer.c:155: prepared EXE name: L"C:\\Users\\Docker\\AppData\\Local\\Temp\\wct\\gameux_test.exe"
gameexplorer.c:156: prepared EXE path: L"C:\\Users\\Docker\\AppData\\Local\\Temp\\wct"
0728:gameexplorer: 36 tests executed (0 marked as todo, 0 as flaky, 0 failures), 0 skipped.
gameux:gameexplorer:0728 done (0) in 0s 966B
gameux:gamestatistics start dlls/gameux/tests/gamestatistics.c
gamestatistics.c:164: Tests skipped: gameux is partially stubbed, skipping tests
2148:gamestatistics: 5 tests executed (0 marked as todo, 0 as flaky, 0 failures), 1 skipped.
gameux:gamestatistics:2148 done (0) in 0s 176B
gdi32:bitmap start dlls/gdi32/tests/bitmap.c
bitmap.c:5788: Test failed: R8G8B8: Got unexpected status 0.
bitmap.c:5790: Test failed: R8G8B8: Got unexpected dc FFFFFFFFF7010935.
bitmap.c:5792: Test failed: R8G8B8: Got unexpected bitmap FFFFFFFFE70505CF.
bitmap.c:5788: Test failed: A8R8G8B8: Got unexpected status 0.
bitmap.c:5790: Test failed: A8R8G8B8: Got unexpected dc 000000005F01095F.
bitmap.c:5792: Test failed: A8R8G8B8: Got unexpected bitmap 000000003E050898.
bitmap.c:5788: Test failed: X8R8G8B8: Got unexpected status 0.
bitmap.c:5790: Test failed: X8R8G8B8: Got unexpected dc FFFFFFFF9A010985.
bitmap.c:5792: Test failed: X8R8G8B8: Got unexpected bitmap 00000000000508B2.
bitmap.c:5788: Test failed: R5G6B5: Got unexpected status 0.
bitmap.c:5790: Test failed: R5G6B5: Got unexpected dc FFFFFFFF83010A6F.
bitmap.c:5792: Test failed: R5G6B5: Got unexpected bitmap FFFFFFFFC9050967.
bitmap.c:5788: Test failed: X1R5G5B5: Got unexpected status 0.
bitmap.c:5790: Test failed: X1R5G5B5: Got unexpected dc FFFFFFFFE60108FA.
bitmap.c:5792: Test failed: X1R5G5B5: Got unexpected bitmap 000000000905091E.
bitmap.c:5788: Test failed: A1R5G5B5: Got unexpected status 0.
bitmap.c:5790: Test failed: A1R5G5B5: Got unexpected dc FFFFFFFFC10109A8.
bitmap.c:5792: Test failed: A1R5G5B5: Got unexpected bitmap 000000006E0505D3.
bitmap.c:5788: Test failed: P8: Got unexpected status 0.
bitmap.c:5790: Test failed: P8: Got unexpected dc FFFFFFFFE3010175.
bitmap.c:5792: Test failed: P8: Got unexpected bitmap 0000000056050946.
24d0:bitmap: 1548973 tests executed (0 marked as todo, 0 as flaky, 21 failures), 0 skipped.
gdi32:bitmap:24d0 done (21) in 11s 1589B
gdi32:brush start dlls/gdi32/tests/brush.c
19ac:brush: 699 tests executed (0 marked as todo, 0 as flaky, 0 failures), 0 skipped.
gdi32:brush:19ac done (0) in 0s 87B
gdi32:clipping start dlls/gdi32/tests/clipping.c
clipping.c:46: Test failed: GetRandomRgn rets -1
clipping.c:147: size 32, type 1, count 0, rgn size 0, bound (0,0)-(0,0)
clipping.c:147: size 32, type 1, count 0, rgn size 0, bound (0,0)-(0,0)
clipping.c:147: size 32, type 1, count 1, rgn size 16, bound (111,222)-(333,444)
clipping.c:153: rect (111,222)-(333,444)
clipping.c:147: size 32, type 1, count 1, rgn size 16, bound (76,151)-(187,262)
clipping.c:153: rect (76,151)-(187,262)
clipping.c:291: Test failed: Expected GetClipRgn to return 0, got -1
clipping.c:343: Test failed: Expected GetClipRgn to return 0, got -1
clipping.c:453: screen resolution 1280 x 800
1b08:clipping: 129 tests executed (0 marked as todo, 0 as flaky, 3 failures), 0 skipped.
gdi32:clipping:1b08 done (3) in 0s 718B
gdi32:dc start dlls/gdi32/tests/dc.c
dc.c:1401: Tests skipped: could not create a DC for the default printer
dc.c:1401: Tests skipped: could not create a DC for the default printer
dc.c:1401: Tests skipped: could not create a DC for the default printer
dc.c:1401: Tests skipped: could not create a DC for the default printer
25d8:dc: 1658 tests executed (0 marked as todo, 0 as flaky, 0 failures), 4 skipped.
gdi32:dc:25d8 done (0) in 1s 377B
gdi32:dib start dlls/gdi32/tests/dib.c
dib.c:3167: 8888
dib.c:3198: 8888 - bitfields
dib.c:3225: a8b8g8r8
dib.c:3251: r10g10b10
dib.c:3277: r6g6b6
dib.c:3303: 24
dib.c:3320: 555
dib.c:3343: 444
dib.c:3368: 8 color
dib.c:1462: Test failed: 8 color: top-down 555 dib brush patblt: expected hash 6f0570da9dea7f043f678088f8362ee458cd79fa got 28fbf31f5a38b4e8d030a0fdf4ef0aed366d6c32
dib.c:1462: Test failed: 8 color: BitBlt src 32-bpp SRCCOPY: expected hash 7a9c326a56a94621377a7258be70ba50042ca9a2 got 408953742cd4824fcd8273f4294b9cdc0be6a278
dib.c:1462: Test failed: 8 color: AlphaBlend src 32-bpp no alpha: expected hash f994fb5019bf4c1a96eccf89af599eae0aa6b412 got 335d56926544f4ca9a5353419c5317d19bb29feb
dib.c:1462: Test failed: 8 color: AlphaBlend src 32-bpp alpha: expected hash 3a71ad6fef147067641e49a5f69b2454e3a5010d got fce9cfd583e4acf8bd6947f6ece4cbf6fd301ff4
dib.c:1462: Test failed: 8 color: BitBlt src 32-bpp r10g10b10 SRCCOPY: expected hash ea10eac72830dcae19bcb16a076c2b21d844b5b6 got 52c97b6e6b4f4f36cfc6900627fe805f4b9627c1
dib.c:1462: Test failed: 8 color: BitBlt src 32-bpp b6g6r6 SRCCOPY: expected hash add949d009217ef2b847e34772ba363e4be7b1b8 got 153526d7a293d237df82bf412c365011c4fd966d
dib.c:1462: Test failed: 8 color: BitBlt src 24-bpp SRCCOPY: expected hash 0b58666deb3615e912896a764e5c6475989e95e4 got 1a3f10b7182be34776a1706b001161fa1b2efc1a
dib.c:1462: Test failed: 8 color: AlphaBlend src 24-bpp: expected hash ea74c00c45569007383b632d7f1d2adc82645717 got dfecb8223ba6d4e48e9acae5e4e8f179521fa77f
dib.c:1462: Test failed: 8 color: BitBlt src 16-bpp SRCCOPY: expected hash 5ac22e1a33b0204fdc7a68d54ee94648e96079a0 got ecb41515322e9db8a755dc255a5810c59aa89c0d
dib.c:1462: Test failed: 8 color: BitBlt src 16-bpp b4g4r4 SRCCOPY: expected hash 9dc776c5ab8256b1301c7d1da60544a9410e6715 got 2c9a9ca2d09868b6bddb00c6753b6b9a90bdeca4
dib.c:1462: Test failed: 8 color: AlphaBlend src 8-bpp: expected hash a9f9ca0049235db51ab7359a5fc3d21be42d2aac got 5d00225d02583f277521291b99f1612a212008f0
dib.c:1462: Test failed: 8 color: AlphaBlend src 1-bpp: expected hash 9ae38bb94c7b4c0c6dfebbee23d1de4db9b77488 got 705bbe02a0135b963507a823fa92dc9eb192901d
dib.c:1462: Test failed: 8 color: stretchdibits: expected hash 2f7ba8803604c032cb1a1228bc021f0f1c03e245 got feeed998a0b96c40cf21d443e0aea354235544ba
dib.c:1462: Test failed: 8 color: GdiGradientFill: expected hash e58d9c0acf0219d0839e1dbd162e08a765ed7f0f got a4b33240551c3a7dd56b31ef691a3f1aa5ee3ef0
dib.c:1462: Test failed: 8 color: GdiGradientFill: expected hash 34ca0f9660e1889f9f2c0deb80535d3c4f349fa4 got 8e68551cc2c264ff4efdd52b531809095b2f9cd7
dib.c:3392: 8 grayscale
dib.c:1462: Test failed: 8 grayscale: top-down 8888 dib brush patblt: expected hash 9dc511d6947fe816185cdff93bf0cfe0349b72b4 got a94bda6c0f0d4f980a1e08a5fdd8cf9e1621518e
dib.c:1462: Test failed: 8 grayscale: bottom-up 8888 dib brush patblt: expected hash 216388ddf6b563dd2058a9df65b40b6f72df1715 got 5f2bf355a042358f8b5ffd4dbe60bcfe1ba6f313
dib.c:1462: Test failed: 8 grayscale: top-down 24 bpp brush patblt: expected hash 47f72be971bd2d3399dabd018201f4f5075e96fe got 698edd7144d9dddb1fb572e354da2437308ff184
dib.c:1462: Test failed: 8 grayscale: top-down 555 dib brush patblt: expected hash f39ab890a2b99d0c31e6e047f2315244972f5ffd got 1007f40a1d591ca42c3cd1a53854254c780b2154
dib.c:1462: Test failed: 8 grayscale: BitBlt src 32-bpp SRCCOPY: expected hash b83f78ae85df87fc7af565db276c60c102274f20 got 8596563392fa68d3e7d452ed05593a8f8c85514b
dib.c:1462: Test failed: 8 grayscale: AlphaBlend src 32-bpp no alpha: expected hash 1bd06e4e11929e5e91c3c9f20def639b20e731e8 got 0e2bc5f012b75169ac91d50040bcf9db7186af04
dib.c:1462: Test failed: 8 grayscale: AlphaBlend src 32-bpp alpha: expected hash d63a6086547e90d2ba84aaebfeae24f3ba0c04f1 got 9be362640421fd915790f7817beb6881012d97dc
dib.c:1462: Test failed: 8 grayscale: BitBlt src 32-bpp r10g10b10 SRCCOPY: expected hash 85425940daf119125deb52421b2057acebe6d1cf got 7b4b0a52d5c4e12bc3dea134da5d4febe8baf0bc
dib.c:1462: Test failed: 8 grayscale: BitBlt src 32-bpp b6g6r6 SRCCOPY: expected hash 9869b6f088822fb423996f9968e5a931301fc2c3 got ebad74c5c6e633b66fc089b5b05d7e402f6526f0
dib.c:1462: Test failed: 8 grayscale: BitBlt src 24-bpp SRCCOPY: expected hash a7f81cf3326fa3608acc13cfce2f573912e9d745 got 770098ee19c80797076cd48c2952508de58bcc8d
dib.c:1462: Test failed: 8 grayscale: AlphaBlend src 24-bpp: expected hash e9c16e43a8f589ae85289c5c3ffea6b22fba1806 got 3977dd1713f009e5b7d404781b04200ab8d36dc7
dib.c:1462: Test failed: 8 grayscale: BitBlt src 16-bpp SRCCOPY: expected hash 84a4bc0c2c5d36d016da4df95a5d8d6c8ce3ba6f got 3666d288f967d4b595aff01f649e499041e9feeb
dib.c:1462: Test failed: 8 grayscale: BitBlt src 16-bpp b4g4r4 SRCCOPY: expected hash 1bd2587399006eed0d46beff397d32081f6bc58e got b5717327dbd56703aefc527a893157e2bdd79815
dib.c:1462: Test failed: 8 grayscale: AlphaBlend src 8-bpp: expected hash 589e7911e09332ee090371deae17b0120ff990b5 got 1d3f676bfab723ba38d1e33de52726677fd74e1f
dib.c:1462: Test failed: 8 grayscale: stretchdibits: expected hash 09640bad951c33e7d70a1fced83b1869f65b3fc5 got a4f55081a50e260fcf2bc262683016f44688146e
dib.c:1462: Test failed: 8 grayscale: GdiGradientFill: expected hash 0ca8775d9a61ccc251d1e6f2e3cfd26a24ae24a2 got 8e6dd5c176c9ab6092ea95303fc04f1ee201394b
dib.c:1462: Test failed: 8 grayscale: GdiGradientFill: expected hash 17ae603c199a5d6695d198a7f36e6d7263990951 got a11510b062fd8ab65b0b9e572b2bcf9c95bc9156
dib.c:3412: 8
dib.c:1462: Test failed: 8: top-down 24 bpp brush patblt: expected hash 6e375e1485a1e45ac6ab10af49645d5fb2e76dff got 462bad5a61db19616c76874697ba4a9990408ae3
dib.c:1462: Test failed: 8: BitBlt src 32-bpp SRCCOPY: expected hash f751a55fb738b63b6fd7c229c33ef92605d0c9c1 got 33ec2ca1a662da829c9b47cab97c7408613af4e1
dib.c:1462: Test failed: 8: AlphaBlend src 32-bpp no alpha: expected hash 61907a6685bba93077da40cfb28cf2ab74552fd2 got 38efe06ca5fb02dd3fbb605a1d9a2e604855fcca
dib.c:1462: Test failed: 8: AlphaBlend src 32-bpp alpha: expected hash 122015e5e17c1c317c6e51c0e207826b606a4077 got dab4549f71537ba11c623c7e0982fd811f72c5eb
dib.c:1462: Test failed: 8: BitBlt src 32-bpp r10g10b10 SRCCOPY: expected hash c21851589a5f8a45ea5f9bb3e72f4f88d0a6697d got 693ba4825a5d2a78ec0f1d20eb325a1b74279815
dib.c:1462: Test failed: 8: BitBlt src 32-bpp b6g6r6 SRCCOPY: expected hash eb2ce16a6ae251f4965135ee776776b5fc02c42c got 3ef7a7a2433fc6dc90728149ad2689c9cfe8b922
dib.c:1462: Test failed: 8: BitBlt src 24-bpp SRCCOPY: expected hash acead2745fec0b6c817fa601353bdf2d197b64f7 got 8375041f4bf837751b94ac56b33078df080f51a5
dib.c:1462: Test failed: 8: AlphaBlend src 24-bpp: expected hash 1f1379089d7c6e8d733aaa4eaffbe02db6255b61 got 1b1e9543afc94dd408cfe1fa84b90aa2555ac317
dib.c:1462: Test failed: 8: BitBlt src 16-bpp SRCCOPY: expected hash d83adc669c0dea0dc4812b93f998514b6f02d805 got c2080e1444148858c294181e2c59f4a5d5d01dd0
dib.c:1462: Test failed: 8: BitBlt src 16-bpp b4g4r4 SRCCOPY: expected hash 9e8ceb7c3cd68e043b6d875c8c84a1e394962412 got 6186b8c4a1e2c1ac5dd504b9e64cba94dacf2419
dib.c:1462: Test failed: 8: AlphaBlend src 8-bpp: expected hash 6b8abd1785304d6531c1e4cc65c1ffcdcb2196a5 got e72bd751b7a795043a453a5e164f34a42f9fca99
dib.c:1462: Test failed: 8: AlphaBlend src 1-bpp: expected hash 31e667c2dbb81dcf81d01cb88f794e88ddb90ff2 got 7b10400e2c0e8fcecd3eb36863d9b0487d9030d9
dib.c:1462: Test failed: 8: stretchdibits: expected hash 600d6b2713d5e4c0d90c02660245ed26c7ae3033 got 863810beda98e26cc4564543436f1a4a8a7d2c9c
dib.c:1462: Test failed: 8: GdiGradientFill: expected hash bd28d77cd85b20a2384d6b25082cfd884bba683e got 2bc7ebf344f16f150279eece4c731ab9c6cd8d53
dib.c:1462: Test failed: 8: GdiGradientFill: expected hash 7e591ec8ae9bb61c3a443c93f071cab2b8978394 got abfeb08730a73e050eb01e3701882c5d553a1d5c
dib.c:3446: 4
dib.c:1462: Test failed: 4: AlphaBlend src 32-bpp no alpha: expected hash 21aa1ff238a2d78efed1aa658ac8fe21b1e64daa got 1a1ef01e992298595f22ab300aa218b228af2955
dib.c:1462: Test failed: 4: AlphaBlend src 32-bpp alpha: expected hash 1a579cd280422131c35e907a023ee0e80749b5a4 got dbd3008cabafb1c0b9c4021fe5521fbb279c0807
dib.c:1462: Test failed: 4: AlphaBlend src 24-bpp: expected hash e2a21a965dfd0bd09f9270917f681610efc18ce7 got 9d951abb00286ce511bc9c49cceb80b4841e3b4d
dib.c:1462: Test failed: 4: AlphaBlend src 8-bpp: expected hash 525ef3615040225752a2fe646ab99ee64e360630 got 4af0e9032a20b21e3d0add1e3fd610b3cc5c2132
dib.c:1462: Test failed: 4: AlphaBlend src 1-bpp: expected hash df5feb905a31c288008cf5e82d73ac818a160d82 got 12fd86b6fd24bad3ec974869b2227a6c5b89c8c9
dib.c:1462: Test failed: 4: GdiGradientFill: expected hash 28a6b9f7927e99e53cf46f0333d29168cb10e920 got e67688ec0279cf5b2381e8f3ea516b3463ccc070
dib.c:1462: Test failed: 4: GdiGradientFill: expected hash 029552113292cc110fd6b7888e766628950aaeef got fc5fd8a17ac586bd266ba8eb998af3033a31f832
dib.c:3464: 4 grayscale
dib.c:1462: Test failed: 4 grayscale: AlphaBlend src 32-bpp no alpha: expected hash 94438c82b8812fe81a69d5d1429c5967cdbfed7a got fa5b2f30577b794a69e0f13028f8e5b9177bf294
dib.c:1462: Test failed: 4 grayscale: AlphaBlend src 32-bpp alpha: expected hash 764ea26f10fe11f7bdb538a26fc33d44b3a95d6d got 3a3d7ca34323bdbb159b3b6734d5ed98e8dad60c
dib.c:1462: Test failed: 4 grayscale: AlphaBlend src 24-bpp: expected hash 027b05bc82ce4f897c4bf812610a641547368939 got bec373888bcdf77ea4d7fc9170d49d67871b3c64
dib.c:1462: Test failed: 4 grayscale: AlphaBlend src 8-bpp: expected hash cc96ccaf6b99f60a49b03017515f83cba22b4c40 got ffef80f106f1f0ec1e79214ec815cd12893f7b59
dib.c:1462: Test failed: 4 grayscale: AlphaBlend src 1-bpp: expected hash f8681c09f1abfc38d31e47622cb8798cd896a00e got 72159c2995f815d75a802b9a2a76eba5f59b62ce
dib.c:1462: Test failed: 4 grayscale: GdiGradientFill: expected hash ada3b7c34946e584dcdf4203e07cfa3dad02bc63 got 1caaa482ecf34834a93cbc3446465104007fed9e
dib.c:1462: Test failed: 4 grayscale: GdiGradientFill: expected hash c2f61571b067a44b30f56b4658c9606f0edfc0f3 got 07946484a3aaca21ef17a4083efccdefc20c59e7
dib.c:3482: 1
dib.c:1462: Test failed: 1: GdiGradientFill: expected hash 781d8c5cbc28591fd48fce06f984c502fdc6b363 got d18fb90600e95f29f4fe5de5fb7130ece5b7acf4
dib.c:1462: Test failed: 1: GdiGradientFill: expected hash df510792a7790cc699532b1420d43c6d4da2ae2f got 8e6f0a95db4255fc8f5310b6f3cb4fe3d6df0273
dib.c:3509: 1 ddb
260c:dib: 2369757 tests executed (0 marked as todo, 0 as flaky, 63 failures), 0 skipped.
gdi32:dib:260c done (63) in 12s 10457B
gdi32:font start dlls/gdi32/tests/font.c
font.c:381: found bitmap font System, height 16
font.c:873: system language id 0009
font.c:882: ACP 1252 -> charset 0
font.c:887: logpixelsX 96, logpixelsY 96
font.c:902: best font resolution is 96
font.c:4175: ACP 1252 -> charset 0
font.c:3293: Tests skipped: Font Segoe Fluent Icons doesn't contain 'x', skipping the test
font.c:3293: Tests skipped: Font Segoe MDL2 Assets doesn't contain 'x', skipping the test
font.c:4876: Tests skipped: Fixed-pitch TrueType font for charset 129 is not available
font.c:4876: Tests skipped: Fixed-pitch TrueType font for charset 136 is not available
font.c:7729: Tests skipped: GCP_USEKERNING is broken on this platform
font.c:7563: Tests skipped: Ume Gothic is not installed
font.c:5600: Tests skipped: Lucida Sans Demibold Roman is not installed
font.c:5600: Tests skipped: Lucida Sans Italic is not installed
font.c:5600: Tests skipped: Lucida Sans Regular is not installed
font.c:5661: Tests skipped: DejaVu Sans is not installed
font.c:5661: Tests skipped: Lucida Sans is not installed
font.c:5661: Tests skipped: MingLiu is not installed
font.c:5661: Tests skipped: PMingLiu is not installed
font.c:5661: Line has been silenced after 4 occurrences
font.c:6321: Tests skipped: @Ume Gothic is not installed
font.c:5976: created C:\Users\Docker\AppData\Local\Temp\ttf975D.tmp
font.c:5195: Test failed: Unexpected return value 1, error 87
0ef8:font: 62 tests executed (0 marked as todo, 0 as flaky, 1 failure), 0 skipped.
font.c:8002: 1 failures in child process
2558:font: Silenced 0 todos, 18 skips and 0 traces.
2558:font: 150900 tests executed (0 marked as todo, 0 as flaky, 1 failure), 14 skipped.
gdi32:font:2558 done (1) in 2s 1670B
gdi32:gdiobj start dlls/gdi32/tests/gdiobj.c
gdiobj.c:268: current color space is not NULL
0a38:gdiobj: 173 tests executed (0 marked as todo, 0 as flaky, 0 failures), 0 skipped.
gdi32:gdiobj:0a38 done (0) in 0s 135B
gdi32:generated start dlls/gdi32/tests/generated.c
0458:generated: 0 tests executed (0 marked as todo, 0 as flaky, 0 failures), 0 skipped.
gdi32:generated:0458 done (0) in 0s 89B
gdi32:icm start dlls/gdi32/tests/icm.c
icm.c:79: C:\WINDOWS\system32\spool\drivers\color\sRGB Color Space Profile.icm
icm.c:132: L"C:\\WINDOWS\\system32\\spool\\drivers\\color\\sRGB Color Space Profile.icm"
192c:icm: 53 tests executed (0 marked as todo, 0 as flaky, 0 failures), 0 skipped.
gdi32:icm:192c done (0) in 0s 254B
gdi32:mapping start dlls/gdi32/tests/mapping.c
mapping.c:103: dc size 339 x 212, resolution 1280 x 800 dpi 96 x 96
1ff4:mapping: 477 tests executed (0 marked as todo, 0 as flaky, 0 failures), 0 skipped.
gdi32:mapping:1ff4 done (0) in 0s 158B
gdi32:metafile start dlls/gdi32/tests/metafile.c
metafile.c:9344: Testing MF->EMF conversion (MM_ANISOTROPIC)
metafile.c:9369: Testing MF->EMF conversion (MM_TEXT)
metafile.c:9394: Testing MF->EMF conversion (NULL mfp)
2680:metafile: 33880 tests executed (0 marked as todo, 0 as flaky, 0 failures), 0 skipped.
gdi32:metafile:2680 done (0) in 1s 265B
gdi32:palette start dlls/gdi32/tests/palette.c
2278:palette: 1611 tests executed (0 marked as todo, 0 as flaky, 0 failures), 0 skipped.
gdi32:palette:2278 done (0) in 0s 90B
gdi32:path start dlls/gdi32/tests/path.c
1154:path: 2152 tests executed (0 marked as todo, 0 as flaky, 0 failures), 0 skipped.
gdi32:path:1154 done (0) in 0s 87B
gdi32:pen start dlls/gdi32/tests/pen.c
pen.c:85: 0: testing style 0
pen.c:85: 1: testing style 0
pen.c:85: 2: testing style 0
pen.c:85: 3: testing style 1
pen.c:85: Line has been silenced after 4 occurrences
pen.c:602: testing brush style 0
pen.c:602: testing brush style 1
pen.c:602: testing brush style 2
pen.c:602: testing brush style 3
pen.c:602: Line has been silenced after 4 occurrences
0828:pen: Silenced 0 todos, 0 skips and 21 traces.
0828:pen: 907 tests executed (0 marked as todo, 0 as flaky, 0 failures), 0 skipped.
gdi32:pen:0828 done (0) in 0s 502B
gdiplus:brush start dlls/gdiplus/tests/brush.c
15b4:brush: 1178 tests executed (0 marked as todo, 0 as flaky, 0 failures), 0 skipped.
gdiplus:brush:15b4 done (0) in 0s 88B
gdiplus:customlinecap start dlls/gdiplus/tests/customlinecap.c
1d2c:customlinecap: 123 tests executed (0 marked as todo, 0 as flaky, 0 failures), 0 skipped.
gdiplus:customlinecap:1d2c done (0) in 0s 95B
gdiplus:font start dlls/gdiplus/tests/font.c
font.c:1004: fallback font Arial
font.c:844: gdiplus:
font.c:845: L"Tahoma",-13: EmHeight 2048, LineSpacing 2472, CellAscent 2049, CellDescent 423, FontHeight 15.691406, FontSize 13.000000
font.c:851: gdi:
font.c:852: L"Tahoma",-13: EmHeight 2048, LineSpacing 2472, CellAscent 2048, CellDescent 424, FontHeight 15.691406, FontSize 13.000000
font.c:863: gdi:
font.c:864: L"Tahoma",-13: EmHeight 2048, LineSpacing 2472, CellAscent 2048, CellDescent 424, FontHeight 15.691406, FontSize 13.000000
font.c:885: gdiplus:
font.c:886: L"Tahoma",13: EmHeight 2048, LineSpacing 2472, CellAscent 2049, CellDescent 423, FontHeight 13.277344, FontSize 11.000000
font.c:892: gdi:
font.c:893: L"Tahoma",13: EmHeight 2048, LineSpacing 2472, CellAscent 2048, CellDescent 424, FontHeight 13.277344, FontSize 11.000000
font.c:904: gdi:
font.c:905: L"Tahoma",-11: EmHeight 2048, LineSpacing 2472, CellAscent 2048, CellDescent 424, FontHeight 13.277344, FontSize 11.000000
font.c:923: gdiplus:
font.c:924: L"Tahoma",-11: EmHeight 2048, LineSpacing 2472, CellAscent 2049, CellDescent 423, FontHeight 15.691406, FontSize 13.000000
font.c:933: gdi:
font.c:934: L"Tahoma",-13: EmHeight 2048, LineSpacing 2472, CellAscent 2048, CellDescent 424, FontHeight 15.691406, FontSize 13.000000
091c:font: 746 tests executed (0 marked as todo, 0 as flaky, 0 failures), 0 skipped.
gdiplus:font:091c done (0) in 1s 1362B
gdiplus:graphics start dlls/gdiplus/tests/graphics.c
graphics.c:4493: test bounds: 0.000000,0.000000,42.705070,13.320310
graphics.c:4504: test region: 1.666667,-0.000000,39.374996,12.072915
graphics.c:7401: Tests skipped: could not create a DC for the default printer
0c6c:graphics: 5676 tests executed (0 marked as todo, 0 as flaky, 0 failures), 1 skipped.
gdiplus:graphics:0c6c done (0) in 0s 309B
gdiplus:graphicspath start dlls/gdiplus/tests/graphicspath.c
23a8:graphicspath: 1123 tests executed (0 marked as todo, 0 as flaky, 0 failures), 0 skipped.
gdiplus:graphicspath:23a8 done (0) in 0s 95B
gdiplus:image start dlls/gdiplus/tests/image.c
image.c:6281: width 256, height 256, stride 768
1bd4:image: 5326 tests executed (0 marked as todo, 0 as flaky, 0 failures), 0 skipped.
gdiplus:image:1bd4 done (0) in 0s 137B
gdiplus:matrix start dlls/gdiplus/tests/matrix.c
1148:matrix: 115 tests executed (0 marked as todo, 0 as flaky, 0 failures), 0 skipped.
gdiplus:matrix:1148 done (0) in 0s 88B
gdiplus:metafile start dlls/gdiplus/tests/metafile.c
metafile.c:3535: Tests skipped: could not create a DC for the default printer
16e0:metafile: 1851 tests executed (0 marked as todo, 0 as flaky, 0 failures), 1 skipped.
gdiplus:metafile:16e0 done (0) in 0s 170B
gdiplus:pathiterator start dlls/gdiplus/tests/pathiterator.c
0438:pathiterator: 253 tests executed (0 marked as todo, 0 as flaky, 0 failures), 0 skipped.
gdiplus:pathiterator:0438 done (0) in 0s 94B
gdiplus:pen start dlls/gdiplus/tests/pen.c
pen.c:60: Test failed: unexpected gdiplus version 3
pen.c:61: gdiplus version is 3
2274:pen: 258 tests executed (0 marked as todo, 0 as flaky, 1 failure), 0 skipped.
gdiplus:pen:2274 done (1) in 0s 169B
gdiplus:region start dlls/gdiplus/tests/region.c
region.c:194: buf[1] = a322349b
region.c:212: buf[1] = 1b9e53fe
region.c:230: buf[1] = a322349b
region.c:255: buf[1] = 4e94a042
region.c:311: buf[1] = 7539ecdd
region.c:374: buf[1] = 95cbe768
region.c:409: buf[1] = fa884c8f
region.c:454: buf[1] = e5c2ac69
region.c:496: buf[1] = eb487a66
region.c:570: buf[1] = a27fd5a4
region.c:621: buf[1] = f53fe423
region.c:675: buf[1] = 1e7561ce
region.c:719: buf[1] = d23b7e88
region.c:765: buf[1] = df3bd75c
region.c:927: buf[1] = cfde25fc
region.c:947: buf[1] = cea9e5a9
region.c:966: buf[1] = a322349b
region.c:993: buf[1] = 1522009d
region.c:78: size 32, type 1, count 0, rgn size 0, bound (0,0)-(0,0)
region.c:78: size 32, type 1, count 1, rgn size 16, bound (10,11)-(20,21)
region.c:85: rect (10,11)-(20,21)
region.c:78: size 32, type 1, count 1, rgn size 16, bound (20,22)-(40,42)
region.c:85: rect (20,22)-(40,42)
region.c:78: size 32, type 1, count 1, rgn size 16, bound (10,11)-(20,21)
region.c:85: rect (10,11)-(20,21)
region.c:78: Line has been silenced after 4 occurrences
region.c:85: rect (20,22)-(40,42)
region.c:85: Line has been silenced after 4 occurrences
195c:region: Silenced 0 todos, 0 skips and 19 traces.
195c:region: 6031 tests executed (0 marked as todo, 0 as flaky, 0 failures), 0 skipped.
gdiplus:region:195c done (0) in 0s 1287B
gdiplus:stringformat start dlls/gdiplus/tests/stringformat.c
204c:stringformat: 142 tests executed (0 marked as todo, 0 as flaky, 0 failures), 0 skipped.
gdiplus:stringformat:204c done (0) in 0s 94B
geolocation:geolocator start dlls/geolocation/tests/geolocator.c
1d3c:geolocator: 27 tests executed (0 marked as todo, 0 as flaky, 0 failures), 0 skipped.
geolocation:geolocator:1d3c done (0) in 0s 91B
glu32:glu start dlls/glu32/tests/glu.c
glu.c:141: OpenGL renderer: GDI Generic
glu.c:142: OpenGL driver version: 1.1.0
glu.c:143: OpenGL vendor: Microsoft Corporation
25bc:glu: 15 tests executed (0 marked as todo, 0 as flaky, 0 failures), 0 skipped.
glu32:glu:25bc done (0) in 0s 215B
graphicscapture:graphicscapture start dlls/graphicscapture/tests/graphicscapture.c
1054:graphicscapture: 11 tests executed (0 marked as todo, 0 as flaky, 0 failures), 0 skipped.
graphicscapture:graphicscapture:1054 done (0) in 0s 96B
hid:device start dlls/hid/tests/device.c
device.c:114: Not enough permissions to read device L"\\\\?\\hid#vid_0627&pid_0001#6&25ad3554&0&0000#{4d1e55b2-f16f-11cf-88cb-001111000030}".
device.c:167: Not enough permissions to read device L"\\\\?\\hid#vid_0627&pid_0001#6&25ad3554&0&0000#{4d1e55b2-f16f-11cf-88cb-001111000030}".
device.c:167: Not enough permissions to read device L"\\\\?\\hid#vid_0627&pid_0001#6&25ad3554&0&0000#{4d1e55b2-f16f-11cf-88cb-001111000030}".
device.c:315: No device found for reading
device.c:167: Not enough permissions to read device L"\\\\?\\hid#vid_0627&pid_0001#6&25ad3554&0&0000#{4d1e55b2-f16f-11cf-88cb-001111000030}".
device.c:167: Not enough permissions to read device L"\\\\?\\hid#vid_0627&pid_0001#6&25ad3554&0&0000#{4d1e55b2-f16f-11cf-88cb-001111000030}".
device.c:404: No device found for testing
2774:device: 0 tests executed (0 marked as todo, 0 as flaky, 0 failures), 0 skipped.
hid:device:2774 done (0) in 0s 887B
hlink:browse_ctx start dlls/hlink/tests/browse_ctx.c
188c:browse_ctx: 30 tests executed (0 marked as todo, 0 as flaky, 0 failures), 0 skipped.
hlink:browse_ctx:188c done (0) in 0s 91B
hlink:hlink start dlls/hlink/tests/hlink.c
hlink.c:2344: Tests skipped: interactive IHlink_Navigate tests
1e34:hlink: 739 tests executed (0 marked as todo, 0 as flaky, 0 failures), 1 skipped.
hlink:hlink:1e34 done (0) in 0s 151B
hnetcfg:policy start dlls/hnetcfg/tests/policy.c
policy.c:316: Tests skipped: UPNP gateway not found.
1a60:policy: 28 tests executed (0 marked as todo, 0 as flaky, 0 failures), 1 skipped.
hnetcfg:policy:1a60 done (0) in 5s 141B
httpapi:httpapi start dlls/httpapi/tests/httpapi.c
1fb4:httpapi: 706 tests executed (0 marked as todo, 0 as flaky, 0 failures), 0 skipped.
httpapi:httpapi:1fb4 done (0) in 1s 89B
hvsimanagementapi:isolation start dlls/hvsimanagementapi/tests/isolation.c
1b34:isolation: 11 tests executed (0 marked as todo, 0 as flaky, 0 failures), 0 skipped.
hvsimanagementapi:isolation:1b34 done (0) in 0s 90B
icmui:icmui start dlls/icmui/tests/icmui.c
22a8:icmui: 2 tests executed (0 marked as todo, 0 as flaky, 0 failures), 0 skipped.
icmui:icmui:22a8 done (0) in 0s 85B
ieframe:ie start dlls/ieframe/tests/ie.c
ie.c:360: Test failed: Navigate2 failed: 800700aa
ie.c:332: Tests skipped: Navigation timed out, skipping tests...
094c:ie: 75 tests executed (0 marked as todo, 0 as flaky, 1 failure), 1 skipped.
ieframe:ie:094c done (1) in 8s 199B
ieframe:intshcut start dlls/ieframe/tests/intshcut.c
22d8:intshcut: 71 tests executed (0 marked as todo, 0 as flaky, 0 failures), 0 skipped.
ieframe:intshcut:22d8 done (0) in 0s 89B
ieframe:webbrowser start dlls/ieframe/tests/webbrowser.c
webbrowser.c:4440: init_count 2
webbrowser.c:4524: Testing WebBrowser (no download)...
webbrowser.c:1820: interface IID_IOleCommandTarget
webbrowser.c:1816: interface IID_IDocHostShowUI
webbrowser.c:1820: interface IID_IOleCommandTarget
webbrowser.c:1827: {b6ea2050-048a-11d1-82b9-00c04fb9942e}: interface not supported
webbrowser.c:1820: interface IID_IOleCommandTarget
webbrowser.c:1816: interface IID_IDocHostShowUI
webbrowser.c:1820: interface IID_IOleCommandTarget
webbrowser.c:1827: {b6ea2050-048a-11d1-82b9-00c04fb9942e}: interface not supported
webbrowser.c:4340: OnClose(00007FF712ED3100)
webbrowser.c:4340: OnClose(00007FF712ED3100)
webbrowser.c:4529: Testing WebBrowser...
webbrowser.c:1820: Line has been silenced after 4 occurrences
webbrowser.c:1816: interface IID_IDocHostShowUI
webbrowser.c:1827: {b6ea2050-048a-11d1-82b9-00c04fb9942e}: interface not supported
webbrowser.c:3068: Downloading...
webbrowser.c:3245: put_href(L"about:test")...
webbrowser.c:3068: Downloading...
webbrowser.c:3895: Navigate2 repeated...
webbrowser.c:3068: Downloading...
webbrowser.c:1816: interface IID_IDocHostShowUI
webbrowser.c:3904: Navigate2 http URL...
webbrowser.c:3068: Downloading...
webbrowser.c:1816: Line has been silenced after 4 occurrences
webbrowser.c:3158: Refresh...
webbrowser.c:3068: Line has been silenced after 4 occurrences
webbrowser.c:3158: Refresh...
webbrowser.c:3914: put_href http URL...
webbrowser.c:3245: put_href(L"http://test.winehq.org/tests/winehq_snapshot/")...
webbrowser.c:3918: GoBack...
webbrowser.c:3924: GoForward...
webbrowser.c:3928: GoBack...
webbrowser.c:3934: GoForward...
webbrowser.c:4531: Testing WebBrowser(no olecmd)...
webbrowser.c:1827: {b6ea2050-048a-11d1-82b9-00c04fb9942e}: interface not supported
webbrowser.c:3245: put_href(L"about:test")...
webbrowser.c:3895: Navigate2 repeated...
webbrowser.c:3904: Navigate2 http URL...
webbrowser.c:3158: Refresh...
webbrowser.c:3158: Refresh...
webbrowser.c:3914: put_href http URL...
webbrowser.c:3245: put_href(L"http://test.winehq.org/tests/winehq_snapshot/")...
webbrowser.c:3918: GoBack...
webbrowser.c:3924: GoForward...
webbrowser.c:3928: GoBack...
webbrowser.c:3934: GoForward...
webbrowser.c:4537: Testing WebBrowser DoVerb
webbrowser.c:4539: Testing WebBrowser (with close)...
webbrowser.c:1827: Line has been silenced after 4 occurrences
webbrowser.c:3245: Line has been silenced after 4 occurrences
webbrowser.c:3895: Navigate2 repeated...
webbrowser.c:3938: Navigate2 repeated with the same URL...
webbrowser.c:4340: OnClose(00007FF712ED3100)
webbrowser.c:4340: OnClose(00007FF712ED3100)
webbrowser.c:4541: Testing WebBrowser w/o container-based olecmd...
webbrowser.c:4543: Testing WebBrowserV1...
webbrowser.c:4545: Testing file protocol...
webbrowser.c:4547: Testing SetAdvise...
1a48:webbrowser: Silenced 0 todos, 0 skips and 55 traces.
1a48:webbrowser: 24344 tests executed (0 marked as todo, 0 as flaky, 0 failures), 0 skipped.
ieframe:webbrowser:1a48 done (0) in 4s 3002B
iertutil:iertutil start dlls/iertutil/tests/iertutil.c
15b4:iertutil: 30 tests executed (0 marked as todo, 0 as flaky, 0 failures), 0 skipped.
iertutil:iertutil:15b4 done (0) in 0s 89B
imagehlp:image start dlls/imagehlp/tests/image.c
0d8c:image: 115 tests executed (0 marked as todo, 0 as flaky, 0 failures), 0 skipped.
imagehlp:image:0d8c done (0) in 0s 87B
imagehlp:integrity start dlls/imagehlp/tests/integrity.c
integrity.c:188: added cert index 1
integrity.c:188: added cert index 1
integrity.c:188: added cert index 2
235c:integrity: 67 tests executed (0 marked as todo, 0 as flaky, 0 failures), 0 skipped.
imagehlp:integrity:235c done (0) in 0s 201B
imm32:imm32 start dlls/imm32/tests/imm32.c
14d8:imm32: 2 tests executed (0 marked as todo, 0 as flaky, 0 failures), 0 skipped.
imm32.c:7505: Tests skipped: Got hkl 0000000004090409, skipping Korean IME-specific test
imm32.c:7853: Tests skipped: Got hkl 0000000004090409, skipping Japanese IME-specific test
imm32.c:7258: Test failed: default: 0 (missing): hkl FFFFFFFFE020047F, himc 0000000003D501FB, IME_PROCESS_KEY vkey 0xd, lparam 0x1c0001
imm32.c:7258: Test failed: default: 1 (missing): hkl FFFFFFFFE020047F, himc 0000000003D501FB, IME_TO_ASCII_EX vkey 0xd, vsc 0x1c, flags 0
imm32.c:7263: Test failed: default: 0 (missing): hkl FFFFFFFFE020047F, himc 0000000003D501FB, IME_PROCESS_KEY vkey 0xd, lparam 0xffffffffc01c0001
imm32.c:7263: Test failed: default: 1 (missing): hkl FFFFFFFFE020047F, himc 0000000003D501FB, IME_TO_ASCII_EX vkey 0xd, vsc 0xc01c, flags 0
imm32.c:7258: Test failed: kbd_char_first: 0 (missing): hkl FFFFFFFFE020047F, himc 00000000036E0191, IME_PROCESS_KEY vkey 0xd, lparam 0x1c0001
imm32.c:7258: Test failed: kbd_char_first: 1 (missing): hkl FFFFFFFFE020047F, himc 00000000036E0191, IME_TO_ASCII_EX vkey 0xd000d, vsc 0x1c, flags 0
imm32.c:7263: Test failed: kbd_char_first: 0 (missing): hkl FFFFFFFFE020047F, himc 00000000036E0191, IME_PROCESS_KEY vkey 0xd, lparam 0xffffffffc01c0001
imm32.c:7263: Test failed: kbd_char_first: 1 (missing): hkl FFFFFFFFE020047F, himc 00000000036E0191, IME_TO_ASCII_EX vkey 0xd, vsc 0xc01c, flags 0
imm32.c:1164: Tests skipped: This IME doesn't support SCS_SETSTR
imm32.c:3114: Test failed: ImmGetDefaultIMEWnd returned NULL
06f4:imm32: 5483 tests executed (0 marked as todo, 0 as flaky, 9 failures), 3 skipped.
imm32:imm32:06f4 done (9) in 3s 1643B
inetcomm:mimeintl start dlls/inetcomm/tests/mimeintl.c
1060:mimeintl: 52 tests executed (0 marked as todo, 0 as flaky, 0 failures), 0 skipped.
inetcomm:mimeintl:1060 done (0) in 0s 89B
inetcomm:mimeole start dlls/inetcomm/tests/mimeole.c
0a1c:mimeole: 432 tests executed (0 marked as todo, 0 as flaky, 0 failures), 0 skipped.
inetcomm:mimeole:0a1c done (0) in 0s 89B
inetmib1:main start dlls/inetmib1/tests/main.c
139c:main: 349 tests executed (0 marked as todo, 0 as flaky, 0 failures), 0 skipped.
inetmib1:main:139c done (0) in 0s 86B
infosoft:infosoft start dlls/infosoft/tests/infosoft.c
272c:infosoft: 31 tests executed (0 marked as todo, 0 as flaky, 0 failures), 0 skipped.
infosoft:infosoft:272c done (0) in 0s 89B
iphlpapi:iphlpapi start dlls/iphlpapi/tests/iphlpapi.c
iphlpapi.c:220: Entry[0]: addr 20.20.20.21, dwIndex 6, wType 0x5
iphlpapi.c:220: Entry[1]: addr 127.0.0.1, dwIndex 1, wType 0x1
iphlpapi.c:325: IP forward table: 11 entries
iphlpapi.c:334: 0: dest 0.0.0.0 mask 0.0.0.0 gw 20.20.20.1 if 6 type 4 proto 3
iphlpapi.c:334: 1: dest 20.20.20.0 mask 255.255.255.0 gw 20.20.20.21 if 6 type 3 proto 2
iphlpapi.c:334: 2: dest 20.20.20.21 mask 255.255.255.255 gw 20.20.20.21 if 6 type 3 proto 2
iphlpapi.c:334: 3: dest 20.20.20.255 mask 255.255.255.255 gw 20.20.20.21 if 6 type 3 proto 2
iphlpapi.c:334: Line has been silenced after 4 occurrences
iphlpapi.c:1744: adapter '{EE793B5D-A6B0-418A-BA0A-3DB7DCD05EF7}', address 20.20.20.21/255.255.255.0 gateway 20.20.20.1/255.255.255.255
iphlpapi.c:1804: GetBestInterface([0.0.0.0], {6}) = 0
iphlpapi.c:1832: GetBestInterfaceEx([0.0.0.0], {6}) = 0
iphlpapi.c:1885: GetBestRoute([0.0.0.0], 0, [...]) = 0
iphlpapi.c:1744: adapter '{EE793B5D-A6B0-418A-BA0A-3DB7DCD05EF7}', address 20.20.20.21/255.255.255.0 gateway 20.20.20.1/255.255.255.255
iphlpapi.c:1804: GetBestInterface([0.0.0.0], {6}) = 0
iphlpapi.c:1832: GetBestInterfaceEx([0.0.0.0], {6}) = 0
iphlpapi.c:1885: GetBestRoute([0.0.0.0], 0, [...]) = 0
iphlpapi.c:2082: idx 6 name {EE793B5D-A6B0-418A-BA0A-3DB7DCD05EF7} L"Ethernet" dns L"" descr L"Red Hat VirtIO Ethernet Adapter" phys 02-6B-DD-6D-FF-27 mtu 1500 flags 000001c5 type 6
iphlpapi.c:2107:   flags 00000000 origin 2/4 state 4 lifetime 4294967295/4294967295/918 prefix 64
iphlpapi.c:2107:   flags 00000001 origin 3/3 state 4 lifetime 4294967295/4294967295/913 prefix 24
iphlpapi.c:2124: status 1 index 6 zone 6 6 6 6 1 1 1 1 1 1 1 1 1 1 0 1 
iphlpapi.c:2128:   prefix 28/64 flags 00000000
iphlpapi.c:2128:   prefix 28/128 flags 00000000
iphlpapi.c:2128:   prefix 28/8 flags 00000000
iphlpapi.c:2128:   prefix 16/24 flags 00000000
iphlpapi.c:2128: Line has been silenced after 4 occurrences
iphlpapi.c:2134: speed 2540be400/2540be400 metrics 15/15 guid {93f88261-044c-11f0-95f3-806e6f6e6963} type 1/0
iphlpapi.c:2082: idx 1 name {93F88262-044C-11F0-95F3-806E6F6E6963} L"Loopback Pseudo-Interface 1" dns L"" descr L"Software Loopback Interface 1" phys  mtu 4294967295 flags 00000181 type 24
iphlpapi.c:2107:   flags 00000000 origin 2/2 state 4 lifetime 4294967295/4294967295/919 prefix 128
iphlpapi.c:2107:   flags 00000000 origin 2/2 state 4 lifetime 4294967295/4294967295/919 prefix 8
iphlpapi.c:2124: status 1 index 1 zone 1 1 1 1 1 1 1 1 1 1 1 1 1 1 0 1 
iphlpapi.c:2134: speed 40000000/40000000 metrics 75/75 guid {93f88261-044c-11f0-95f3-806e6f6e6963} type 1/0
iphlpapi.c:2315: Tests skipped: AllocateAndGetTcpExTableFromStack not available
iphlpapi.c:3066: GetUnicastIpAddressTable(AF_INET): NumEntries 2
iphlpapi.c:3071: GetUnicastIpAddressTable(AF_INET6): NumEntries 2
iphlpapi.c:3076: GetUnicastIpAddressTable(AF_UNSPEC): NumEntries 4
iphlpapi.c:3759: Tests skipped: Global IPv6 address is unreachable.
1460:iphlpapi: Silenced 0 todos, 0 skips and 18 traces.
1460:iphlpapi: 1511 tests executed (0 marked as todo, 0 as flaky, 0 failures), 2 skipped.
iphlpapi:iphlpapi:1460 done (0) in 0s 3090B
ir50_32:ir50_32 start dlls/ir50_32/tests/ir50_32.c
ir50_32.c:276: Tests skipped: Failed to open codec.
1e68:ir50_32: 0 tests executed (0 marked as todo, 0 as flaky, 0 failures), 1 skipped.
ir50_32:ir50_32:1e68 done (0) in 0s 140B
itss:protocol start dlls/itss/tests/protocol.c
0100:protocol: 1585 tests executed (0 marked as todo, 0 as flaky, 0 failures), 0 skipped.
itss:protocol:0100 done (0) in 0s 91B
jscript:activex start dlls/jscript/tests/activex.c
activex.c:343: Test failed: L"e.number = -2147467259, expected -2146827859"
activex.c:343: Test failed: L"e.number = -2147467259, expected -2146827859"
10ec:activex: 906 tests executed (0 marked as todo, 0 as flaky, 2 failures), 0 skipped.
jscript:activex:10ec done (2) in 1s 243B
jscript:caller start dlls/jscript/tests/caller.c
caller.c:138: Test failed: ChangeType(3) failed: 80004001
caller.c:138: Test failed: V_VT(dst) = 0
caller.c:118: Test failed: expected OnEnterScript
caller.c:119: Test failed: expected OnLeaveScript
caller.c:139: Test failed: V_I4(v) = 0, expected 10
caller.c:141: Test failed: ChangeType(18) failed: 80004001
caller.c:141: Test failed: V_VT(dst) = 0
caller.c:118: Test failed: expected OnEnterScript
caller.c:119: Test failed: expected OnLeaveScript
caller.c:142: Test failed: V_UI2(v) = 0, expected 10
caller.c:144: Test failed: ChangeType(8) failed: 800a138d
caller.c:144: Test failed: V_VT(dst) = 0
caller.c:118: Test failed: expected OnEnterScript
caller.c:119: Test failed: expected OnLeaveScript
caller.c:145: Test failed: V_BSTR(v) = (null), expected L"strval"
caller.c:118: Test failed: expected OnEnterScript
caller.c:119: Test failed: expected OnLeaveScript
caller.c:153: Test failed: V_R8(v) = 0.000000, expected 10.000000
caller.c:118: Test failed: expected OnEnterScript
caller.c:119: Test failed: expected OnLeaveScript
caller.c:156: Test failed: V_R4(v) = 0.000000, expected 10.000000
caller.c:169: Test failed: ChangeType(2) failed: 80004001
caller.c:169: Test failed: V_VT(dst) = 0
caller.c:118: Test failed: expected OnEnterScript
caller.c:119: Test failed: expected OnLeaveScript
caller.c:170: Test failed: V_I2(v) = 0, expected 10
caller.c:118: Test failed: expected OnEnterScript
caller.c:119: Test failed: expected OnLeaveScript
caller.c:118: Test failed: expected OnEnterScript
caller.c:119: Test failed: expected OnLeaveScript
caller.c:118: Test failed: expected OnEnterScript
caller.c:119: Test failed: expected OnLeaveScript
caller.c:118: Test failed: expected OnEnterScript
caller.c:119: Test failed: expected OnLeaveScript
caller.c:118: Test failed: expected OnEnterScript
caller.c:119: Test failed: expected OnLeaveScript
caller.c:118: Test failed: expected OnEnterScript
caller.c:119: Test failed: expected OnLeaveScript
caller.c:241: Test failed: ChangeType failed: 00000000, expected DISP_E_BADVARTYPE
caller.c:242: Test failed: V_VT(dst) = 3
caller.c:250: Test failed: V_BSTR(v) == str
caller.c:138: Test failed: ChangeType(3) failed: 80004001
caller.c:138: Test failed: V_VT(dst) = 0
caller.c:118: Test failed: expected OnEnterScript
caller.c:119: Test failed: expected OnLeaveScript
caller.c:139: Test failed: V_I4(v) = 0, expected 10
caller.c:141: Test failed: ChangeType(18) failed: 80004001
caller.c:141: Test failed: V_VT(dst) = 0
caller.c:118: Test failed: expected OnEnterScript
caller.c:119: Test failed: expected OnLeaveScript
caller.c:142: Test failed: V_UI2(v) = 0, expected 10
caller.c:144: Test failed: ChangeType(8) failed: 800a138d
caller.c:144: Test failed: V_VT(dst) = 0
caller.c:118: Test failed: expected OnEnterScript
caller.c:119: Test failed: expected OnLeaveScript
caller.c:145: Test failed: V_BSTR(v) = (null), expected L"strval"
caller.c:118: Test failed: expected OnEnterScript
caller.c:119: Test failed: expected OnLeaveScript
caller.c:153: Test failed: V_R8(v) = 0.000000, expected 10.000000
caller.c:118: Test failed: expected OnEnterScript
caller.c:119: Test failed: expected OnLeaveScript
caller.c:156: Test failed: V_R4(v) = 0.000000, expected 10.000000
caller.c:169: Test failed: ChangeType(2) failed: 80004001
caller.c:169: Test failed: V_VT(dst) = 0
caller.c:118: Test failed: expected OnEnterScript
caller.c:119: Test failed: expected OnLeaveScript
caller.c:170: Test failed: V_I2(v) = 0, expected 10
caller.c:118: Test failed: expected OnEnterScript
caller.c:119: Test failed: expected OnLeaveScript
caller.c:118: Test failed: expected OnEnterScript
caller.c:119: Test failed: expected OnLeaveScript
caller.c:118: Test failed: expected OnEnterScript
caller.c:119: Test failed: expected OnLeaveScript
caller.c:118: Test failed: expected OnEnterScript
caller.c:119: Test failed: expected OnLeaveScript
caller.c:118: Test failed: expected OnEnterScript
caller.c:119: Test failed: expected OnLeaveScript
caller.c:118: Test failed: expected OnEnterScript
caller.c:119: Test failed: expected OnLeaveScript
caller.c:241: Test failed: ChangeType failed: 00000000, expected DISP_E_BADVARTYPE
caller.c:242: Test failed: V_VT(dst) = 3
caller.c:250: Test failed: V_BSTR(v) == str
caller.c:488: Test failed: expected OnLeaveScript
caller.c:489: Test failed: expected OnEnterScript
caller.c:488: Test failed: expected OnLeaveScript
caller.c:489: Test failed: expected OnEnterScript
1548:caller: 636 tests executed (0 marked as todo, 0 as flaky, 86 failures), 0 skipped.
jscript:caller:1548 done (86) in 6s 4615B
jscript:jscript start dlls/jscript/tests/jscript.c
jscript.c:2440: Testing JScript object...
jscript.c:1086: Test failed: GetIDsOfNames returned 00000000, expected 80020006
jscript.c:1094: Test failed: GetIDsOfNames returned 00000000, expected 80020006
jscript.c:1099: Test failed: GetIDsOfNames returned 00000000, expected 80020006
jscript.c:1399: this is the last test seen before the exception
1d4c:jscript: unhandled exception c0000005 at 00007FFF1C39FB3E
jscript:jscript:1d4c done (-1073741819) in 0s 415B
jscript:run start dlls/jscript/tests/run.c
run.c:4608: invoke version 0
run.c:4125: Test failed: expected puredisp_prop_d
run.c:1253: Test failed: (null): L"delete pureDisp.noprop did not return false"
run.c:4129: Test failed: expected puredisp_noprop_d
run.c:774: Test failed: rgdispidNamedArgs != NULL
run.c:775: this is the last test seen before the exception
0e00:run: unhandled exception c0000005 at 00007FF77E2C4DC3
jscript:run:0e00 done (-1073741819) in 0s 386B
jsproxy:jsproxy start dlls/jsproxy/tests/jsproxy.c
jsproxy.c:54: Tests skipped: InternetInitializeAutoProxyDll() is not supported on Windows 11
jsproxy.c:120: Tests skipped: InternetGetProxyInfo() is not supported on Windows 11
12d0:jsproxy: 1 tests executed (0 marked as todo, 0 as flaky, 0 failures), 2 skipped.
jsproxy:jsproxy:12d0 done (0) in 0s 266B
kernel32:actctx start dlls/kernel32/tests/actctx.c
actctx.c:2240: default actctx
actctx.c:2320: manifest1
actctx.c:2346: manifest2 depmanifest1
actctx.c:2365: manifest2 depmanifest2
actctx.c:2389: manifest2 depmanifest3
actctx.c:2420: manifest3
actctx.c:2477: manifest6
actctx.c:2490: manifest7
actctx.c:2506: manifest8
actctx.c:2522: manifest9
actctx.c:2564: manifest4
actctx.c:2583: manifest1 in subdir
actctx.c:2607: UTF-16 manifest1, with BOM
actctx.c:2623: UTF-16 manifest1, reverse endian, with BOM
actctx.c:1208: wrong_manifest1
actctx.c:1210: wrong_manifest2
actctx.c:1212: wrong_manifest3
actctx.c:1214: wrong_manifest4
actctx.c:1216: wrong_manifest5
actctx.c:1218: wrong_manifest6
actctx.c:1220: wrong_manifest7
actctx.c:1222: wrong_manifest8
actctx.c:1224: wrong_manifest9
actctx.c:1226: wrong_manifest10
actctx.c:1228: wrong_manifest11
actctx.c:1230: UTF-16 manifest1 without BOM
actctx.c:1232: manifest2
actctx.c:1234: manifest2+depmanifest1
actctx.c:2661: child process manifest1
066c:actctx: 51 tests executed (0 marked as todo, 0 as flaky, 0 failures), 0 skipped.
actctx.c:3372: manifest1
actctx.c:3404: no_supportedOs
actctx.c:3421: manifest_vista
actctx.c:3442: manifest_vista_7_8_10_81
actctx.c:3472: manifest_other_guid
261c:actctx: 29 tests executed (0 marked as todo, 0 as flaky, 0 failures), 0 skipped.
08d4:actctx: 20 tests executed (0 marked as todo, 0 as flaky, 0 failures), 0 skipped.
12d0:actctx: 20 tests executed (0 marked as todo, 0 as flaky, 0 failures), 0 skipped.
066c:actctx: 16 tests executed (0 marked as todo, 0 as flaky, 0 failures), 0 skipped.
16b4:actctx: 8 tests executed (0 marked as todo, 0 as flaky, 0 failures), 0 skipped.
0e00:actctx: 44 tests executed (0 marked as todo, 0 as flaky, 0 failures), 0 skipped.
1d00:actctx: 3288 tests executed (0 marked as todo, 0 as flaky, 0 failures), 0 skipped.
kernel32:actctx:1d00 done (0) in 2s 1834B
kernel32:atom start dlls/kernel32/tests/atom.c
19ac:atom: 1049715 tests executed (0 marked as todo, 0 as flaky, 0 failures), 0 skipped.
kernel32:atom:19ac done (0) in 0s 90B
kernel32:change start dlls/kernel32/tests/change.c
2298:change: 333 tests executed (0 marked as todo, 0 as flaky, 0 failures), 0 skipped.
kernel32:change:2298 done (0) in 0s 88B
kernel32:codepage start dlls/kernel32/tests/codepage.c
269c:codepage: 394761 tests executed (0 marked as todo, 0 as flaky, 0 failures), 0 skipped.
kernel32:codepage:269c done (0) in 0s 93B
kernel32:comm start dlls/kernel32/tests/comm.c
comm.c:708: Found Com port COM1. Connected devices may disturb results
comm.c:708: Found Com port COM1. Connected devices may disturb results
comm.c:708: Found Com port COM1. Connected devices may disturb results
comm.c:739: GetCommModemStatus returned 0x000000b0->MS_RLSD_ON MS_DSR_ON MS_CTS_ON 
comm.c:708: Found Com port COM1. Connected devices may disturb results
comm.c:885: WaitCommEvent for EV_TXEMPTY took 0 ms (timeout 1500)
comm.c:708: Line has been silenced after 4 occurrences
comm.c:971: recovering after WAIT_TIMEOUT...
comm.c:1552: test_AbortWaitCts timeout 500 handle 000000000000015C
comm.c:1519:  Changing CommMask on the fly for handle 000000000000015C after timeout 500
comm.c:1560: Thread created
comm.c:1570: Success 0x00000000 err 997 evtmask 0x00000000
comm.c:1572: overlapped WaitCommEvent returned.
comm.c:1579: Success 0x00000001 err 0 evtmask 0x00000000 diff1 0, diff2 484
comm.c:1523: SetCommMask changed
comm.c:706: Could not find a valid COM port.
comm.c:2236: Tests skipped: interactive tests (set WINETEST_INTERACTIVE=1)
2278:comm: Silenced 0 todos, 0 skips and 4 traces.
2278:comm: 11037 tests executed (0 marked as todo, 0 as flaky, 0 failures), 1 skipped.
kernel32:comm:2278 done (0) in 5s 1211B
kernel32:console start dlls/kernel32/tests/console.c
console.c:5941: Visible area: 0x0 - 119x29 Buffer size: 120x9001
console.c:3945: Tests skipped: GetConsoleFontInfo is not implemented
console.c:4047: Tests skipped: SetConsoleFont is not implemented
29f8:console: 124 tests executed (0 marked as todo, 0 console.c:5160: unhandled exception c000013a in child process 29f8
1c64:console: 35 tests executed (0 marked as todo, 0 as flaky, 0 failures), 0 skipped.
console.c:5566: Test failed: test #6: Unexpected exit code 0xfe, instead of 0
29e8:console: 33902 tests executed (0 marked as todo, 0 as flaky, 2 failures), 2 skipped.
kernel32:console:29e8 done (2) in 33s 582B
kernel32:debugger start dlls/kernel32/tests/debugger.c
