Version 4
Tests from build a8fb8d484e469691e372cc1198f4631eb059723a
Tag: rbernon-w11pro64-win64
Build info:
    Compiler: clang 19.1.7 (3+b1) (msvc 1933)
Operating system version:
    Platform=x86_64
    bRunningUnderWine=0
    bRunningOnVisibleDesktop=1
    Account=admin, elevated
    Submitter=Remi Bernon <rbernon@codeweavers.com>
    Description=Windows 11 Pro 64bit / QEMU running on Debian GNU/Linux trixie/sid / Linux 369649a2046f 6.11.0-1018-azure #18~24.04.1-Ubuntu SMP Sat Jun 28 04:46:03 UTC 2025 x86_64 GNU/Linux, [CPU:2*AMD EPYC 7763 64-Core Processor RAM:4G display:1920x1080 virtio-vga x1]
    dwMajorVersion=10
    dwMinorVersion=0
    dwBuildNumber=26100
    PlatformId=2
    szCSDVersion=
    UBR=1742
    wServicePackMajor=0
    wServicePackMinor=0
    wSuiteMask=256
    wProductType=1
    wReserved=0
    dwProductInfo=48
    SystemDefaultLCID=0409
    UserDefaultLCID=0409
    ThreadLocale=0409
    SystemPreferredUILanguages=0409
    UserDefaultUILanguage=0409
    ThreadUILanguage=0409
    KeyboardLayout=0000000004090409
    Country=244
    ACP=1252
Dll info:
    activeds=10.0.26100.1150
    adsldp=10.0.26100.1150
    advapi32=10.0.26100.1591
    advpack=11.0.26100.1150
    amstream=10.0.26100.1150
    apphelp=10.0.26100.1591
    atl100=dll is missing
    atl110=dll is missing
    atl80=dll is missing the requested side-by-side version
    atlthunk=10.0.26100.1
    atl=3.5.2284.0
    avifil32=10.0.26100.1150
    bcp47langs=10.0.26100.1301
    bcrypt=10.0.26100.268
    bluetoothapis=10.0.26100.1591
    browseui=10.0.26100.1
    cabinet=5.0.1.1
    cfgmgr32=10.0.26100.1591
    cmd.exe=10.0.26100.1591
    combase=10.0.26100.1591
    comcat=10.0.26100.1
    comctl32=6.10.26100.1591
    comdlg32=10.0.26100.1591
    compstui=10.0.26100.1
    comsvcs=2001.12.10941.16384
    concrt140=dll is missing
    conhost.exe=10.0.26100.1591
    coremessaging=10.0.26100.1150
    credui=10.0.26100.1591
    crypt32=10.0.26100.1591
    cryptext=10.0.26100.1150
    cryptnet=10.0.26100.1591
    cryptowinrt=10.0.26100.1150
    cryptui=10.0.26100.1591
    cryptxml=10.0.26100.1
    d2d1=10.0.26100.1591
    d3d10core=10.0.26100.1
    d3d10_1=10.0.26100.1
    d3d10=10.0.26100.1150
    d3d11=10.0.26100.1591
    d3d12=10.0.26100.1591
    d3d8=dll is missing
    d3d9=10.0.26100.1591
    d3dcompiler_42=dll is missing
    d3dcompiler_43=dll is missing
    d3dcompiler_46=dll is missing
    d3dcompiler_47=10.0.26100.1742
    d3drm=dll is missing
    d3dx10_33=dll is missing
    d3dx10_34=dll is missing
    d3dx10_35=dll is missing
    d3dx10_36=dll is missing
    d3dx10_37=dll is missing
    d3dx10_38=dll is missing
    d3dx10_39=dll is missing
    d3dx10_40=dll is missing
    d3dx10_41=dll is missing
    d3dx10_42=dll is missing
    d3dx10_43=dll is missing
    d3dx11_42=dll is missing
    d3dx11_43=dll is missing
    d3dx9_35=dll is missing
    d3dx9_36=dll is missing
    d3dx9_42=dll is missing
    d3dx9_43=dll is missing
    d3dxof=dll is missing
    dataexchange=10.0.26100.1591
    dbgeng=10.0.26100.1
    dbghelp=10.0.26100.1150
    ddrawex=10.0.26100.1150
    ddraw=10.0.26100.1150
    devenum=10.0.26100.1
    dhcpcsvc=10.0.26100.1591
    dinput=10.0.26100.1591
    directmanipulation=10.0.26100.1150
    dispex=5.812.10240.16384
    dmband=dll is missing
    dmcompos=dll is missing
    dmime=dll is missing
    dmloader=10.0.26100.1591
    dmscript=dll is missing
    dmstyle=dll is missing
    dmsynth=10.0.26100.1150
    dmusic=10.0.26100.1591
    dnsapi=10.0.26100.1591
    dplayx=dll is missing
    dpnet=dll is a stub
    dpvoice=dll is missing
    dsdmo=10.0.26100.1
    dsound=10.0.26100.1591
    dssenh=10.0.26100.1150
    dswave=10.0.26100.1591
    dwmapi=10.0.26100.1591
    dwrite=10.0.26100.1591
    dxcore=10.0.26100.1591
    dxdiagn=10.0.26100.1591
    dxgi=10.0.26100.1591
    dxva2=10.0.26100.1
    evr=10.0.26100.1150
    explorer.exe=10.0.26100.1591
    explorerframe=10.0.26100.1591
    faultrep=10.0.26100.1591
    fc.exe=10.0.26100.1
    find.exe=10.0.26100.1
    findstr.exe=10.0.26100.1150
    fsutil.exe=10.0.26100.1150
    fusion=dll is missing
    gameux=10.0.26100.1
    gdi32=10.0.26100.1150
    gdiplus=10.0.26100.1591
    geolocation=10.0.26100.1591
    glu32=10.0.26100.1150
    graphicscapture=10.0.26100.1591
    hid=10.0.26100.1150
    hlink=10.0.26100.1591
    hnetcfg=10.0.26100.1150
    httpapi=10.0.26100.1591
    hvsimanagementapi=10.0.26100.1591
    icmui=10.0.26100.1591
    ieframe=11.0.26100.1742
    iertutil=11.0.26100.1742
    imagehlp=10.0.26100.1150
    imm32=10.0.26100.1150
    inetcomm=10.0.26100.1
    inetmib1=10.0.26100.1150
    infosoft=dll is missing
    iphlpapi=10.0.26100.1591
    ir50_32=dll is missing
    itss=10.0.26100.1150
    jscript=5.812.10240.16384
    jsproxy=11.0.26100.1301
    kernel32=10.0.26100.1591
    kernelbase=10.0.26100.1591
    localspl=10.0.26100.1591
    localui=10.0.26100.1150
    lz32=5.0.1.1
    mapi32=1.0.2536.0
    mfmediaengine=10.0.26100.1301
    mfplat=10.0.26100.1301
    mfplay=10.0.26100.1301
    mfreadwrite=10.0.26100.1150
    mfsrcsnk=10.0.26100.1455
    mf=10.0.26100.1591
    mlang=10.0.26100.1150
    mmcndmgr=10.0.26100.1
    mmdevapi=10.0.26100.1
    mp3dmod=10.0.26100.1150
    mpr=10.0.26100.1
    msacm32=10.0.26100.1
    msado15=dll is missing
    msasn1=10.0.26100.1150
    mscms=10.0.26100.1591
    mscoree=10.0.26100.1150
    msctf=10.0.26100.1591
    msdasql=dll is missing
    msdmo=10.0.26100.1150
    msftedit=10.0.26100.1591
    mshtml=11.0.26100.1742
    msi=5.0.26100.1742
    mspatcha=5.0.1.1
    msrle32=10.0.26100.1
    msscript.ocx=dll is missing
    mstask=10.0.26100.1150
    msvcirt=7.0.26100.1150
    msvcp100=dll is missing
    msvcp110=dll is missing
    msvcp120=dll is missing
    msvcp140_1=dll is missing
    msvcp140_2=dll is missing
    msvcp140_atomic_wait=dll is missing
    msvcp140=dll is missing
    msvcp60=7.0.26100.1
    msvcp90=9.0.30729.9635
    msvcr100=dll is missing
    msvcr110=dll is missing
    msvcr120=dll is missing
    msvcr70=dll is missing
    msvcr71=dll is missing
    msvcr80=8.0.50727.9680
    msvcr90=9.0.30729.9635
    msvcrtd=dll is missing
    msvcrt=7.0.26100.1150
    msvfw32=10.0.26100.1150
    msxml3=8.110.26100.1591
    msxml4=dll is missing
    msxml6=6.30.26100.1591
    ncrypt=10.0.26100.1591
    ndis.sys=dll is missing
    net.exe=10.0.26100.1
    netapi32=10.0.26100.1150
    netcfgx=10.0.26100.1150
    netprofm=10.0.26100.1
    ninput=10.0.26100.1591
    nsi=10.0.26100.1
    ntdll=10.0.26100.1591
    ntdsapi=10.0.26100.1
    ntoskrnl.exe=skipped
    ntprint=10.0.26100.1301
    odbc32=10.0.26100.1591
    odbccp32=10.0.26100.1150
    ole32=10.0.26100.1591
    oleacc=7.2.26100.1591
    oleaut32=10.0.26100.1150
    oledb32=6.2.26100.1150
    oledlg=10.0.26100.1150
    opcservices=10.0.26100.1150
    opengl32=10.0.26100.1150
    packager=10.0.26100.1150
    pdh=10.0.26100.1591
    prntvpt=10.0.26100.1150
    propsys=7.0.26100.1301
    psapi=10.0.26100.1
    pstorec=10.0.26100.1
    qasf=12.0.26100.1
    qcap=10.0.26100.1150
    qdvd=10.0.26100.1150
    qedit=10.0.26100.1150
    qmgr=7.8.26100.268
    quartz=10.0.26100.1150
    qwave=10.0.26100.1150
    rasapi32=10.0.26100.1150
    reg.exe=10.0.26100.1
    regedit.exe=10.0.26100.1591
    riched20=5.31.23.1231
    riched32=10.0.26100.1
    rometadata=4.8.9032.0
    rpcrt4=10.0.26100.1150
    rsaenh=10.0.26100.1301
    rtworkq=10.0.26100.1301
    sapi=dll is missing
    sc.exe=10.0.26100.1
    schannel=10.0.26100.1591
    schedsvc=10.0.26100.1591
    schtasks.exe=10.0.26100.1
    scrobj=5.812.10240.16384
    scrrun=5.812.10240.16384
    secur32=10.0.26100.1
    serialui=10.0.26100.1150
    services.exe=10.0.26100.1591
    setupapi=10.0.26100.1591
    shcore=10.0.26100.1150
    shdocvw=10.0.26100.1591
    shell32=10.0.26100.1591
    shlwapi=10.0.26100.1591
    slc=10.0.26100.1591
    snmpapi=10.0.26100.1
    spoolss=10.0.26100.1591
    sti=10.0.26100.1150
    sxs=10.0.26100.1
    t2embed=10.0.26100.1150
    tapi32=10.0.26100.1591
    tasklist.exe=10.0.26100.1
    taskschd=10.0.26100.1
    tdh=10.0.26100.1150
    threadpoolwinrt=10.0.26100.1
    timeout.exe=10.0.26100.1
    twain_32=1.7.1.3
    twinapi.appcore=dll is missing
    ucrtbase=10.0.26100.1591
    uianimation=10.0.26100.1150
    uiautomationcore=7.2.26100.1591
    urlmon=11.0.26100.1742
    user32=10.0.26100.1591
    userenv=10.0.26100.1150
    usp10=10.0.26100.1
    uxtheme=10.0.26100.1591
    vbscript=5.812.10240.16384
    vccorlib140=dll is missing
    vcomp110=dll is missing
    vcomp=dll is missing
    version=10.0.26100.1150
    virtdisk=10.0.26100.1591
    vulkan-1=1.3.277.0
    wbemdisp=10.0.26100.1150
    wbemprox=10.0.26100.1000
    webservices=10.0.26100.1150
    wer=10.0.26100.1591
    wevtapi=10.0.26100.1591
    wiaservc=10.0.26100.1591
    win32u=10.0.26100.1742
    windows.applicationmodel=dll is missing
    windows.devices.bluetooth=dll is missing
    windows.devices.enumeration=dll is missing
    windows.devices.usb=dll is missing
    windows.gaming.input=dll is missing
    windows.gaming.ui.gamebar=dll is missing
    windows.globalization=dll is missing
    windows.media.devices=dll is missing
    windows.media.mediacontrol=dll is missing
    windows.media.playback.backgroundmediaplayer=dll is missing
    windows.media.playback.mediaplayer=dll is missing
    windows.media.speech=dll is missing
    windows.media=dll is missing
    windows.networking.connectivity=dll is missing
    windows.networking.hostname=dll is missing
    windows.perception.stub=dll is missing
    windows.security.authentication.onlineid=dll is missing
    windows.security.credentials.ui.userconsentverifier=dll is missing
    windows.storage.applicationdata=dll is missing
    windows.storage=dll is missing
    windows.system.profile.systemid=dll is missing
    windows.system.profile.systemmanufacturers=dll is missing
    windows.ui.core.textinput=dll is missing
    windows.ui.xaml=dll is missing
    windows.ui=dll is missing
    windows.web=dll is missing
    windowscodecsext=10.0.26100.1150
    windowscodecs=10.0.26100.1591
    wing32=dll is missing
    winhttp=10.0.26100.1591
    wininet=11.0.26100.1591
    winmm=10.0.26100.1591
    winscard=10.0.26100.1
    winspool.drv=10.0.26100.1591
    wintab32=dll is missing
    wintrust=10.0.26100.1591
    wintypes=10.0.26100.1591
    wlanapi=10.0.26100.1301
    wldap32=10.0.26100.1591
    wldp=10.0.26100.1591
    wmiutils=10.0.26100.1150
    wmp=12.0.26100.1455
    wmvcore=12.0.26100.1591
    wpcap=dll is missing
    wpc=10.0.26100.1591
    ws2_32=10.0.26100.1591
    wscript.exe=5.812.10240.16384
    wsdapi=10.0.26100.1150
    wshom.ocx=5.812.10240.16384
    wsnmp32=10.0.26100.1150
    wtsapi32=10.0.26100.1
    xactengine3_7=dll is missing
    xaudio2_7=dll is missing
    xaudio2_8=10.0.26100.1
    xcopy.exe=10.0.26100.1
    xinput1_3=dll is missing
    xmllite=10.0.26100.1150
Test output:
activeds:activeds start dlls/activeds/tests/activeds.c
1ae0:activeds: 73 tests executed (0 marked as todo, 0 as flaky, 0 failures), 0 skipped.
activeds:activeds:1ae0 done (0) in 0s 89B
adsldp:ldap start dlls/adsldp/tests/ldap.c
ldap.c:647: Tests skipped: Computer is not part of an Active Directory Domain
ldap.c:254: search DN L"LDAP://ldap.forumsys.com"
ldap.c:254: search DN L"LDAP://ldap.forumsys.com/OU=scientists,DC=example,DC=com"
ldap.c:254: search DN L"LDAP://ldap.forumsys.com/OU=scientists,DC=example,DC=com"
093c:ldap: 367 tests executed (0 marked as todo, 0 as flaky, 0 failures), 1 skipped.
adsldp:ldap:093c done (0) in 9s 382B
adsldp:sysinfo start dlls/adsldp/tests/sysinfo.c
sysinfo.c:161: Tests skipped: Computer is not part of a domain, skipping the tests
0bcc:sysinfo: 13 tests executed (0 marked as todo, 0 as flaky, 0 failures), 1 skipped.
adsldp:sysinfo:0bcc done (0) in 0s 172B
advapi32:cred start dlls/advapi32/tests/cred.c
cred.c:802: generic:
cred.c:808: domain password:
cred.c:814: domain visible password:
1b54:cred: 372 tests executed (0 marked as todo, 0 as flaky, 0 failures), 0 skipped.
advapi32:cred:1b54 done (0) in 0s 176B
advapi32:crypt start dlls/advapi32/tests/crypt.c
0b44:crypt: 166 tests executed (0 marked as todo, 0 as flaky, 0 failures), 0 skipped.
advapi32:crypt:0b44 done (0) in 0s 87B
advapi32:crypt_lmhash start dlls/advapi32/tests/crypt_lmhash.c
1524:crypt_lmhash: 95 tests executed (0 marked as todo, 0 as flaky, 0 failures), 0 skipped.
advapi32:crypt_lmhash:1524 done (0) in 0s 93B
advapi32:crypt_md4 start dlls/advapi32/tests/crypt_md4.c
0fa4:crypt_md4: 11 tests executed (0 marked as todo, 0 as flaky, 0 failures), 0 skipped.
advapi32:crypt_md4:0fa4 done (0) in 0s 90B
advapi32:crypt_md5 start dlls/advapi32/tests/crypt_md5.c
15cc:crypt_md5: 5 tests executed (0 marked as todo, 0 as flaky, 0 failures), 0 skipped.
advapi32:crypt_md5:15cc done (0) in 0s 89B
advapi32:crypt_sha start dlls/advapi32/tests/crypt_sha.c
0b78:crypt_sha: 1 tests executed (0 marked as todo, 0 as flaky, 0 failures), 0 skipped.
advapi32:crypt_sha:0b78 done (0) in 0s 89B
advapi32:eventlog start dlls/advapi32/tests/eventlog.c
eventlog.c:163: Test failed: Expected ERROR_INVALID_LEVEL, got 6
eventlog.c:218: Test failed: Expected ERROR_INVALID_PARAMETER, got 6
eventlog.c:89: Test failed: Expected a backup file attribs=0xffffffff le=2
eventlog.c:273: Test failed: Expected ERROR_INVALID_PARAMETER, got 6
eventlog.c:84: Test failed: BackupEventLogA failed, le=183
eventlog.c:89: Test failed: Expected a backup file attribs=0xffffffff le=2
eventlog.c:333: Test failed: Expected ERROR_INVALID_PARAMETER, got 6
eventlog.c:360: Test failed: Expected success : 183
eventlog.c:362: Test failed: Expected a backup file
eventlog.c:384: Test failed: Expected a backup file
eventlog.c:84: Test failed: BackupEventLogA failed, le=183
eventlog.c:89: Test failed: Expected a backup file attribs=0xffffffff le=2
eventlog.c:584: Tests skipped: We don't have a backup eventlog to work with
eventlog.c:403: Test failed: Expected ERROR_INVALID_PARAMETER, got 6
eventlog.c:411: Test failed: Expected ERROR_INVALID_PARAMETER, got 6
eventlog.c:419: Test failed: Expected ERROR_INVALID_PARAMETER, got 6
eventlog.c:426: Test failed: Expected ERROR_INVALID_PARAMETER, got 6
eventlog.c:432: Test failed: Expected ERROR_INVALID_PARAMETER, got 6
eventlog.c:438: Test failed: Expected ERROR_INVALID_PARAMETER, got 6
eventlog.c:446: Test failed: Expected ERROR_INVALID_PARAMETER, got 6
eventlog.c:84: Test failed: BackupEventLogA failed, le=183
eventlog.c:89: Test failed: Expected a backup file attribs=0xffffffff le=2
eventlog.c:691: Test failed: Could not delete the backup file
eventlog.c:836: Tests skipped: Win7 fails when using incorrect event types
eventlog.c:944: Tests skipped: There is no DWORD alignment enforced for UserSid on Vista, W2K8 or Win7
2258:eventlog: 712 tests executed (0 marked as todo, 0 as flaky, 22 failures), 3 skipped.
advapi32:eventlog:2258 done (22) in 5s 1820B
advapi32:lsa start dlls/advapi32/tests/lsa.c
lsa.c:103: Running on a standalone system.
lsa.c:148: Running on a standalone system.
1e90:lsa: 97 tests executed (0 marked as todo, 0 as flaky, 0 failures), 0 skipped.
advapi32:lsa:1e90 done (0) in 0s 172B
advapi32:perf start dlls/advapi32/tests/perf.c
1a08:perf: 101 tests executed (0 marked as todo, 0 as flaky, 0 failures), 0 skipped.
advapi32:perf:1a08 done (0) in 0s 86B
advapi32:registry start dlls/advapi32/tests/registry.c
registry.c:4649: 0: 009 has 10474 entries
registry.c:4649: 1: CurrentLanguage has 10474 entries
2130:registry: 161167 tests executed (0 marked as todo, 0 as flaky, 0 failures), 0 skipped.
advapi32:registry:2130 done (0) in 5s 191B
advapi32:security start dlls/advapi32/tests/security.c
security.c:353: Tests skipped: 31: failed to convert CA.
security.c:353: Tests skipped: 32: failed to convert DA.
security.c:353: Tests skipped: 33: failed to convert DC.
security.c:353: Tests skipped: 34: failed to convert DD.
security.c:353: Line has been silenced after 4 occurrences
security.c:2119: Tests skipped: Well known SID 38 not implemented
security.c:2119: Tests skipped: Well known SID 39 not implemented
security.c:2119: Tests skipped: Well known SID 40 not implemented
security.c:2119: Tests skipped: Well known SID 41 not implemented
security.c:2119: Line has been silenced after 4 occurrences
security.c:1406: AccessCheck with MAXIMUM_ALLOWED got Access 0x00060019
security.c:1824: TokenGroups:
security.c:1838: S-1-5-21-2275460380-4286516755-3532617056-513, WIN-4VSD3D70HIR\None use: 2 attr: 0x00000007
security.c:1838: S-1-1-0, \Everyone use: 5 attr: 0x00000007
security.c:1838: S-1-5-114, NT AUTHORITY\Local account and member of Administrators group use: 5 attr: 0x00000007
security.c:1838: S-1-5-32-544, BUILTIN\Administrators use: 4 attr: 0x0000000f
security.c:1838: Line has been silenced after 4 occurrences
security.c:1855: TokenUser: S-1-5-21-2275460380-4286516755-3532617056-1000 attr: 0x00000000
security.c:1869: TokenOwner: S-1-5-32-544
security.c:1891: TokenLogon: S-1-5-5-0-134366
security.c:1914: TokenPrivileges:
security.c:1920: 	SeIncreaseQuotaPrivilege, 0x0
security.c:1920: 	SeSecurityPrivilege, 0x0
security.c:1920: 	SeTakeOwnershipPrivilege, 0x0
security.c:1920: 	SeLoadDriverPrivilege, 0x0
security.c:1920: Line has been silenced after 4 occurrences
security.c:2353: Well Known SIDs:
security.c:2364:  0: S-1-0-0 \NULL SID 5
security.c:2364:  1: S-1-1-0 \Everyone 5
security.c:2364:  2: S-1-2-0 \LOCAL 5
security.c:2364:  3: S-1-3-0 \CREATOR OWNER 5
security.c:2364: Line has been silenced after 4 occurrences
security.c:2373:  21: not supported
security.c:2373:  38: not supported
security.c:2373:  39: not supported
security.c:2373:  40: not supported
security.c:2373: Line has been silenced after 4 occurrences
security.c:2028:  S-1-5-21-2275460380-4286516755-3532617056 WIN-4VSD3D70HIR\ 3
security.c:2028:  S-1-5-21-2275460380-4286516755-3532617056-500 WIN-4VSD3D70HIR\Administrator 1
security.c:2028:  S-1-5-21-2275460380-4286516755-3532617056-501 WIN-4VSD3D70HIR\Guest 1
security.c:2030:  S-1-5-21-2275460380-4286516755-3532617056-512 couldn't be mapped
security.c:2028:  S-1-5-21-2275460380-4286516755-3532617056-513 WIN-4VSD3D70HIR\None 2
security.c:2030:  S-1-5-21-2275460380-4286516755-3532617056-514 couldn't be mapped
security.c:2030:  S-1-5-21-2275460380-4286516755-3532617056-515 couldn't be mapped
security.c:2030:  S-1-5-21-2275460380-4286516755-3532617056-516 couldn't be mapped
security.c:2030: Line has been silenced after 4 occurrences
security.c:2028: Line has been silenced after 4 occurrences
0b14:security: 22 tests executed (0 marked as todo, 0 as flaky, 0 failures), 0 skipped.
security.c:7674: Well known SID 21 not supported
security.c:7674: Well known SID 38 not supported
security.c:7674: Well known SID 39 not supported
security.c:7674: Well known SID 40 not supported
security.c:7674: Line has been silenced after 4 occurrences
1550:security: 14 tests executed (0 marked as todo, 0 as flaky, 0 failures), 0 skipped.
13cc:security: 1 tests executed (0 marked as todo, 0 as flaky, 0 failures), 0 skipped.
1ed8:security: 1 tests executed (0 marked as todo, 0 as flaky, 0 failures), 0 skipped.
1b78:security: 1 tests executed (0 marked as todo, 0 as flaky, 0 failures), 0 skipped.
1584:security: 2 tests executed (0 marked as todo, 0 as flaky, 0 failures), 0 skipped.
security.c:8578: Tests skipped: could not open process, error 5
15b0:security: 25 tests executed (0 marked as todo, 0 as flaky, 0 failures), 0 skipped.
23ec:security: Silenced 0 todos, 19 skips and 101 traces.
23ec:security: 3683 tests executed (0 marked as todo, 0 as flaky, 0 failures), 9 skipped.
advapi32:security:23ec done (0) in 2s 4000B
advapi32:service start dlls/advapi32/tests/service.c
service.c:1946: Tests skipped: Not running under WoW64.
15f8:service: 3878 tests executed (0 marked as todo, 0 as flaky, 0 failures), 1 skipped.
advapi32:service:15f8 done (0) in 6s 147B
advpack:advpack start dlls/advpack/tests/advpack.c
advpack.c:103: kernel32.dll Language ID: 0x00000409, Codepage ID: 0x000004b0
advpack.c:110: kernel32.dll version: 10.0.26100.1591
advpack.c:117: advpack.dll Language ID: 0x00000409, Codepage ID: 0x000004b0
advpack.c:124: advpack.dll version: 11.0.26100.1150
1268:advpack: 101 tests executed (0 marked as todo, 0 as flaky, 0 failures), 0 skipped.
advpack:advpack:1268 done (0) in 0s 351B
advpack:files start dlls/advpack/tests/files.c
1b38:files: 207 tests executed (0 marked as todo, 0 as flaky, 0 failures), 0 skipped.
advpack:files:1b38 done (0) in 0s 87B
advpack:install start dlls/advpack/tests/install.c
0420:install: 42 tests executed (0 marked as todo, 0 as flaky, 0 failures), 0 skipped.
advpack:install:0420 done (0) in 0s 88B
amstream:amstream start dlls/amstream/tests/amstream.c
1ce4:amstream: 4150 tests executed (0 marked as todo, 0 as flaky, 0 failures), 0 skipped.
amstream:amstream:1ce4 done (0) in 5s 91B
apphelp:apphelp start dlls/apphelp/tests/apphelp.c
1b98:apphelp: 15 tests executed (0 marked as todo, 0 as flaky, 0 failures), 0 skipped.
apphelp:apphelp:1b98 done (0) in 0s 88B
atlthunk:atlthunk start dlls/atlthunk/tests/atlthunk.c
0680:atlthunk: 3078 tests executed (0 marked as todo, 0 as flaky, 0 failures), 0 skipped.
atlthunk:atlthunk:0680 done (0) in 0s 91B
atl:atl_ax start dlls/atl/tests/atl_ax.c
06f0:atl_ax: 12 tests executed (0 marked as todo, 0 as flaky, 0 failures), 0 skipped.
atl:atl_ax:06f0 done (0) in 0s 87B
atl:module start dlls/atl/tests/module.c
1024:module: 550 tests executed (0 marked as todo, 0 as flaky, 0 failures), 0 skipped.
atl:module:1024 done (0) in 0s 88B
atl:registrar start dlls/atl/tests/registrar.c
0bfc:registrar: 31 tests executed (0 marked as todo, 0 as flaky, 0 failures), 0 skipped.
atl:registrar:0bfc done (0) in 0s 90B
avifil32:api start dlls/avifil32/tests/api.c
api.c:603: Working around COM aggregation ref counting bug
api.c:603: Working around COM aggregation ref counting bug
api.c:603: Working around COM aggregation ref counting bug
api.c:603: Working around COM aggregation ref counting bug
0a74:api: 228 tests executed (0 marked as todo, 0 as flaky, 0 failures), 0 skipped.
avifil32:api:0a74 done (0) in 0s 325B
bcp47langs:bcp47langs start dlls/bcp47langs/tests/bcp47langs.c
1280:bcp47langs: 13 tests executed (0 marked as todo, 0 as flaky, 0 failures), 0 skipped.
bcp47langs:bcp47langs:1280 done (0) in 0s 91B
bcrypt:bcrypt start dlls/bcrypt/tests/bcrypt.c
bcrypt.c:3097: Test failed: Expected STATUS_INVALID_PARAMETER, got 0xc000a000
11a0:bcrypt: 23277 tests executed (0 marked as todo, 0 as flaky, 1 failure), 0 skipped.
bcrypt:bcrypt:11a0 done (1) in 0s 168B
bluetoothapis:device start dlls/bluetoothapis/tests/device.c
device.c:123: Tests skipped: No Bluetooth radios found.
device.c:208: Tests skipped: No Bluetooth radios found.
device.c:365: Tests skipped: No Bluetooth radios found.
device.c:417: Tests skipped: No Bluetooth radios found.
235c:device: 20 tests executed (0 marked as todo, 0 as flaky, 0 failures), 4 skipped.
bluetoothapis:device:235c done (0) in 0s 315B
bluetoothapis:gatt start dlls/bluetoothapis/tests/gatt.c
gatt.c:195: Tests skipped: No LE devices found.
gatt.c:229: Tests skipped: No LE devices found.
1db8:gatt: 6 tests executed (0 marked as todo, 0 as flaky, 0 failures), 2 skipped.
bluetoothapis:gatt:1db8 done (0) in 0s 182B
bluetoothapis:radio start dlls/bluetoothapis/tests/radio.c
radio.c:83: Tests skipped: No Bluetooth radios found.
radio.c:284: Tests skipped: No Bluetooth radios found.
radio.c:217: Tests skipped: No Bluetooth radios found.
radio.c:199: Tests skipped: No Bluetooth radios found.
radio.c:242: Tests skipped: No Bluetooth radios found.
radio.c:275: Tests skipped: No Bluetooth radios found.
1c30:radio: 16 tests executed (0 marked as todo, 0 as flaky, 0 failures), 6 skipped.
bluetoothapis:radio:1c30 done (0) in 0s 421B
bluetoothapis:sdp start dlls/bluetoothapis/tests/sdp.c
095c:sdp: 161 tests executed (0 marked as todo, 0 as flaky, 0 failures), 0 skipped.
bluetoothapis:sdp:095c done (0) in 0s 85B
browseui:autocomplete start dlls/browseui/tests/autocomplete.c
autocomplete.c:81: ACL(0000017F0736FB70): addref (2)
autocomplete.c:81: ACL(0000017F0736FB70): addref (3)
autocomplete.c:81: ACL(0000017F0736FB70): addref (4)
autocomplete.c:81: ACL(0000017F073707B0): addref (2)
autocomplete.c:81: Line has been silenced after 4 occurrences
autocomplete.c:125: ACL(0000017F0736FB70): read 1 item(s)
autocomplete.c:125: ACL(0000017F0736FB70): read 1 item(s)
autocomplete.c:125: ACL(0000017F0736FB70): read 1 item(s)
autocomplete.c:125: ACL(0000017F0736FB70): read 1 item(s)
autocomplete.c:125: Line has been silenced after 4 occurrences
autocomplete.c:159: ACL(0000017F0736FB70): Reset
autocomplete.c:159: ACL(0000017F073707B0): Reset
autocomplete.c:167: ACL(0000017F0736FB70): Expand
autocomplete.c:167: ACL(0000017F073707B0): Expand
autocomplete.c:167: ACL(0000017F0736FB70): Expand
autocomplete.c:167: ACL(0000017F073707B0): Expand
autocomplete.c:167: Line has been silenced after 4 occurrences
autocomplete.c:91: ACL(0000017F0736FB70): release (3)
autocomplete.c:91: ACL(0000017F0736FB70): release (2)
autocomplete.c:91: ACL(0000017F0736FB70): release (1)
autocomplete.c:159: ACL(0000017F073707B0): Reset
autocomplete.c:91: ACL(0000017F073707B0): release (3)
autocomplete.c:91: Line has been silenced after 4 occurrences
15b8:autocomplete: Silenced 0 todos, 0 skips and 25 traces.
15b8:autocomplete: 66 tests executed (0 marked as todo, 0 as flaky, 0 failures), 0 skipped.
browseui:autocomplete:15b8 done (0) in 0s 1434B
browseui:progressdlg start dlls/browseui/tests/progressdlg.c
18a0:progressdlg: 4 tests executed (0 marked as todo, 0 as flaky, 0 failures), 0 skipped.
browseui:progressdlg:18a0 done (0) in 0s 91B
cabinet:extract start dlls/cabinet/tests/extract.c
0b78:extract: 347 tests executed (0 marked as todo, 0 as flaky, 0 failures), 0 skipped.
cabinet:extract:0b78 done (0) in 0s 89B
cabinet:fdi start dlls/cabinet/tests/fdi.c
fdi.c:751: mem_open(memory\block,8000,180) => 0000018E3085FF00
fdi.c:751: mem_open(memory\block,8000,180) => 0000018E308600A0
fdi.c:751: mem_open(memory\block,8000,180) => 0000018E3085FF00
fdi.c:843: mem_notify(0,0000018E30869988)
fdi.c:843: mem_notify(5,0000018E30869988)
fdi.c:843: mem_notify(5,0000018E30869988)
0a44:fdi: 255 tests executed (0 marked as todo, 0 as flaky, 0 failures), 0 skipped.
cabinet:fdi:0a44 done (0) in 0s 406B
cfgmgr32:cfgmgr32 start dlls/cfgmgr32/tests/cfgmgr32.c
2340:cfgmgr32: 20629 tests executed (0 marked as todo, 0 as flaky, 0 failures), 0 skipped.
cfgmgr32:cfgmgr32:2340 done (0) in 2s 92B
cmd.exe:batch start programs/cmd/tests/batch.c
batch.c:496: running TEST_BUILTINS.BAT test...
batch.c:496: running TEST_BUILTINS.CMD test...
batch.c:496: running TEST_CMDLINE.CMD test...
06e0:batch: 2723 tests executed (0 marked as todo, 0 as flaky, 0 failures), 0 skipped.
cmd.exe:batch:06e0 done (0) in 25s 231B
cmd.exe:directory start programs/cmd/tests/directory.c
15cc:directory: 24 tests executed (0 marked as todo, 0 as flaky, 0 failures), 0 skipped.
cmd.exe:directory:15cc done (0) in 0s 90B
combase:roapi start dlls/combase/tests/roapi.c
0414:roapi: 309 tests executed (0 marked as todo, 0 as flaky, 0 failures), 0 skipped.
combase:roapi:0414 done (0) in 1s 87B
combase:string start dlls/combase/tests/string.c
0af4:string: 598 tests executed (0 marked as todo, 0 as flaky, 0 failures), 0 skipped.
combase:string:0af4 done (0) in 0s 88B
comcat:comcat start dlls/comcat/tests/comcat.c
0d2c:comcat: 9 tests executed (0 marked as todo, 0 as flaky, 0 failures), 0 skipped.
comcat:comcat:0d2c done (0) in 0s 86B
comctl32:animate start dlls/comctl32/tests/animate.c
0794:animate: 16 tests executed (0 marked as todo, 0 as flaky, 0 failures), 0 skipped.
comctl32:animate:0794 done (0) in 0s 88B
comctl32:button start dlls/comctl32/tests/button.c
v6util.h:92: created cc6.manifest
0e80:button: 14184 tests executed (0 marked as todo, 0 as flaky, 0 failures), 0 skipped.
comctl32:button:0e80 done (0) in 23s 125B
comctl32:combo start dlls/comctl32/tests/combo.c
v6util.h:92: created cc6.manifest
combo.c:1191: Test failed: Unexpected EM_SETSEL start value; got 1
combo.c:1192: Test failed: Unexpected EM_SETSEL end value; got 1
combo.c:1205: Test failed: Unexpected EM_SETSEL end value; got 9
combo.c:1192: Test failed: Unexpected EM_SETSEL end value; got 0
combo.c:1205: Test failed: Unexpected EM_SETSEL end value; got 9
19f0:combo: 1060 tests executed (0 marked as todo, 0 as flaky, 5 failures), 0 skipped.
comctl32:combo:19f0 done (5) in 6s 455B
comctl32:datetime start dlls/comctl32/tests/datetime.c
v6util.h:92: created cc6.manifest
0650:datetime: 943 tests executed (0 marked as todo, 0 as flaky, 0 failures), 0 skipped.
comctl32:datetime:0650 done (0) in 0s 125B
comctl32:dpa start dlls/comctl32/tests/dpa.c
v6util.h:92: created cc6.manifest
05f8:dpa: 853 tests executed (0 marked as todo, 0 as flaky, 0 failures), 0 skipped.
comctl32:dpa:05f8 done (0) in 0s 120B
comctl32:edit start dlls/comctl32/tests/edit.c
v6util.h:92: created cc6.manifest
edit.c:774: EDIT: Single line
edit.c:788: EDIT: Single line want returns
edit.c:801: EDIT: Multiline line
edit.c:814: EDIT: Multi line want returns
edit.c:855: EDIT: SETTEXT atomicity
edit.c:1052: EDIT: Test notifications
edit.c:1062: EDIT: Single line, no ES_AUTOHSCROLL
edit.c:1112: EDIT: Single line, ES_AUTOHSCROLL
edit.c:1158: EDIT: Multline, no ES_AUTOHSCROLL, no ES_AUTOVSCROLL
edit.c:1205: EDIT: Multline, ES_AUTOHSCROLL, no ES_AUTOVSCROLL
edit.c:1247: EDIT: Multline, ES_AUTOHSCROLL and ES_AUTOVSCROLL
edit.c:1540: EDIT: buffer limit for single-line
edit.c:1550: EDIT: buffer limit for multi-line
edit.c:2027: Tests skipped: Ume P Gothic is not available, skipping some margin tests
edit.c:2306: EDIT: Using new model for height computation
edit.c:2308: EDIT: Text position (Single line)
edit.c:2310: EDIT: Text position (Multi line)
edit.c:2926: EDIT: Oversized font (Multi line)
edit.c:3156: EDIT: EM_GETHANDLE
edit.c:3408: Test failed: Unexpected line data L"text\2984\53be\7ffa".
edit.c:3414: Test failed: Unexpected line data L"text\a810\5958\7ffa".
edit.c:3408: Test failed: Unexpected line data L"text\a810\5958\7ffa".
edit.c:3414: Test failed: Unexpected line data L"text\a810\5958\7ffa".
215c:edit: 267472 tests executed (0 marked as todo, 0 as flaky, 4 failures), 1 skipped.
comctl32:edit:215c done (4) in 3s 1353B
comctl32:header start dlls/comctl32/tests/header.c
header.c:1763: customdraw height: 18 (dpi: 96)
v6util.h:92: created cc6.manifest
2130:header: 1132 tests executed (0 marked as todo, 0 as flaky, 0 failures), 0 skipped.
comctl32:header:2130 done (0) in 0s 172B
comctl32:imagelist start dlls/comctl32/tests/imagelist.c
v6util.h:92: created cc6.manifest
1940:imagelist: 11189 tests executed (0 marked as todo, 0 as flaky, 0 failures), 0 skipped.
comctl32:imagelist:1940 done (0) in 0s 128B
comctl32:ipaddress start dlls/comctl32/tests/ipaddress.c
v6util.h:92: created cc6.manifest
0bec:ipaddress: 91 tests executed (0 marked as todo, 0 as flaky, 0 failures), 0 skipped.
comctl32:ipaddress:0bec done (0) in 1s 125B
comctl32:listbox start dlls/comctl32/tests/listbox.c
v6util.h:92: created cc6.manifest
listbox.c:1570: Test failed: First element is [lb_dir_test], not [..]
18f0:listbox: 7863 tests executed (0 marked as todo, 0 as flaky, 1 failure), 0 skipped.
comctl32:listbox:18f0 done (1) in 5s 195B
comctl32:listview start dlls/comctl32/tests/listview.c
v6util.h:92: created cc6.manifest
0ab4:listview: 11750 tests executed (0 marked as todo, 0 as flaky, 0 failures), 0 skipped.
comctl32:listview:0ab4 done (0) in 6s 127B
comctl32:misc start dlls/comctl32/tests/misc.c
v6util.h:92: created cc6.manifest
1804:misc: 2557 tests executed (0 marked as todo, 0 as flaky, 0 failures), 0 skipped.
comctl32:misc:1804 done (0) in 26s 122B
comctl32:monthcal start dlls/comctl32/tests/monthcal.c
monthcal.c:657: 	old style: 0x50800000, new style: 0x50800002
monthcal.c:657: 	old style: 0x50800000, new style: 0x50800000
monthcal.c:657: 	old style: 0x50800002, new style: 0x50800000
monthcal.c:657: 	old style: 0x50800002, new style: 0x50800002
monthcal.c:657: Line has been silenced after 4 occurrences
v6util.h:92: created cc6.manifest
14d4:monthcal: Silenced 0 todos, 0 skips and 4 traces.
14d4:monthcal: 2230 tests executed (0 marked as todo, 0 as flaky, 0 failures), 0 skipped.
comctl32:monthcal:14d4 done (0) in 0s 494B
comctl32:mru start dlls/comctl32/tests/mru.c
15fc:mru: 94 tests executed (0 marked as todo, 0 as flaky, 0 failures), 0 skipped.
comctl32:mru:15fc done (0) in 0s 84B
comctl32:pager start dlls/comctl32/tests/pager.c
133c:pager: 2958 tests executed (0 marked as todo, 0 as flaky, 0 failures), 0 skipped.
comctl32:pager:133c done (0) in 0s 88B
comctl32:progress start dlls/comctl32/tests/progress.c
v6util.h:92: created cc6.manifest
06d8:progress: 353 tests executed (0 marked as todo, 0 as flaky, 0 failures), 0 skipped.
comctl32:progress:06d8 done (0) in 1s 125B
comctl32:propsheet start dlls/comctl32/tests/propsheet.c
v6util.h:92: created cc6.manifest
1ce4:propsheet: 1460 tests executed (0 marked as todo, 0 as flaky, 0 failures), 0 skipped.
comctl32:propsheet:1ce4 done (0) in 3s 127B
comctl32:rebar start dlls/comctl32/tests/rebar.c
086c:rebar: 1355 tests executed (0 marked as todo, 0 as flaky, 0 failures), 0 skipped.
comctl32:rebar:086c done (0) in 0s 88B
comctl32:static start dlls/comctl32/tests/static.c
v6util.h:92: created cc6.manifest
static.c:88: Testing style 0x0
static.c:88: Testing style 0x3
static.c:88: Testing style 0x4
static.c:88: Testing style 0x6
static.c:88: Line has been silenced after 4 occurrences
0a0c:static: Silenced 0 todos, 0 skips and 11 traces.
0a0c:static: 506 tests executed (0 marked as todo, 0 as flaky, 0 failures), 0 skipped.
comctl32:static:0a0c done (0) in 1s 363B
comctl32:status start dlls/comctl32/tests/status.c
status.c:244: dpi=96 (min height: 24 or 20) SM_CYSIZE: 22
095c:status: 5761 tests executed (0 marked as todo, 0 as flaky, 0 failures), 0 skipped.
comctl32:status:095c done (0) in 3s 148B
comctl32:subclass start dlls/comctl32/tests/subclass.c
0fa4:subclass: 288 tests executed (0 marked as todo, 0 as flaky, 0 failures), 0 skipped.
comctl32:subclass:0fa4 done (0) in 0s 90B
comctl32:syslink start dlls/comctl32/tests/syslink.c
v6util.h:92: created cc6.manifest
1524:syslink: 175 tests executed (0 marked as todo, 0 as flaky, 0 failures), 0 skipped.
comctl32:syslink:1524 done (0) in 1s 124B
comctl32:tab start dlls/comctl32/tests/tab.c
tab.c:695: Testing with the 'System' font
tab.c:699: Testing with default MinWidth
tab.c:537: Tab1 text size: size.cx=36 size.cy=16
tab.c:543: default_min_tab_width: 54
tab.c:544:   TCS_FIXEDWIDTH tabs no icon...
tab.c:551:   TCS_FIXEDWIDTH tabs with icon...
tab.c:564:   TCS_FIXEDWIDTH buttons no icon...
tab.c:572:   TCS_FIXEDWIDTH buttons with icon...
tab.c:587:   TCS_FIXEDWIDTH | TCS_BOTTOM tabs...
tab.c:607:   non fixed width, with text...
tab.c:641:   non fixed width, no text...
tab.c:701: Testing with MinWidth set to -3
tab.c:537: Tab1 text size: size.cx=36 size.cy=16
tab.c:543: default_min_tab_width: 54
tab.c:544:   TCS_FIXEDWIDTH tabs no icon...
tab.c:551:   TCS_FIXEDWIDTH tabs with icon...
tab.c:564:   TCS_FIXEDWIDTH buttons no icon...
tab.c:572:   TCS_FIXEDWIDTH buttons with icon...
tab.c:587:   TCS_FIXEDWIDTH | TCS_BOTTOM tabs...
tab.c:607:   non fixed width, with text...
tab.c:641:   non fixed width, no text...
tab.c:703: Testing with MinWidth set to 24
tab.c:537: Tab1 text size: size.cx=36 size.cy=16
tab.c:543: default_min_tab_width: 54
tab.c:544:   TCS_FIXEDWIDTH tabs no icon...
tab.c:551:   TCS_FIXEDWIDTH tabs with icon...
tab.c:564:   TCS_FIXEDWIDTH buttons no icon...
tab.c:572:   TCS_FIXEDWIDTH buttons with icon...
tab.c:587:   TCS_FIXEDWIDTH | TCS_BOTTOM tabs...
tab.c:607:   non fixed width, with text...
tab.c:641:   non fixed width, no text...
tab.c:705: Testing with MinWidth set to 54
tab.c:537: Tab1 text size: size.cx=36 size.cy=16
tab.c:543: default_min_tab_width: 54
tab.c:544:   TCS_FIXEDWIDTH tabs no icon...
tab.c:551:   TCS_FIXEDWIDTH tabs with icon...
tab.c:564:   TCS_FIXEDWIDTH buttons no icon...
tab.c:572:   TCS_FIXEDWIDTH buttons with icon...
tab.c:587:   TCS_FIXEDWIDTH | TCS_BOTTOM tabs...
tab.c:607:   non fixed width, with text...
tab.c:641:   non fixed width, no text...
tab.c:707: Testing with MinWidth set to 94
tab.c:537: Line has been silenced after 4 occurrences
tab.c:543: Line has been silenced after 4 occurrences
tab.c:544: Line has been silenced after 4 occurrences
tab.c:551: Line has been silenced after 4 occurrences
tab.c:564: Line has been silenced after 4 occurrences
tab.c:572: Line has been silenced after 4 occurrences
tab.c:587: Line has been silenced after 4 occurrences
tab.c:607: Line has been silenced after 4 occurrences
tab.c:641: Line has been silenced after 4 occurrences
tab.c:695: Testing with the 'Arial' font
tab.c:699: Testing with default MinWidth
tab.c:701: Testing with MinWidth set to -3
tab.c:703: Testing with MinWidth set to 24
tab.c:705: Testing with MinWidth set to 54
tab.c:707: Testing with MinWidth set to 94
tab.c:695: Testing with the 'Tahoma' font
tab.c:699: Testing with default MinWidth
tab.c:701: Testing with MinWidth set to -3
tab.c:703: Testing with MinWidth set to 24
tab.c:705: Testing with MinWidth set to 54
tab.c:707: Testing with MinWidth set to 94
tab.c:695: Testing with the 'Courier New' font
tab.c:699: Testing with default MinWidth
tab.c:701: Testing with MinWidth set to -3
tab.c:703: Testing with MinWidth set to 24
tab.c:705: Testing with MinWidth set to 54
tab.c:707: Testing with MinWidth set to 94
tab.c:695: Line has been silenced after 4 occurrences
tab.c:699: Line has been silenced after 4 occurrences
tab.c:701: Line has been silenced after 4 occurrences
tab.c:703: Line has been silenced after 4 occurrences
tab.c:705: Line has been silenced after 4 occurrences
tab.c:707: Line has been silenced after 4 occurrences
1534:tab: Silenced 0 todos, 0 skips and 195 traces.
1534:tab: 5422 tests executed (0 marked as todo, 0 as flaky, 0 failures), 0 skipped.
comctl32:tab:1534 done (0) in 0s 3668B
comctl32:taskdialog start dlls/comctl32/tests/taskdialog.c
v6util.h:92: created cc6.manifest
1b30:taskdialog: 2391 tests executed (0 marked as todo, 0 as flaky, 0 failures), 0 skipped.
comctl32:taskdialog:1b30 done (0) in 6s 128B
comctl32:toolbar start dlls/comctl32/tests/toolbar.c
v6util.h:92: created cc6.manifest
1d9c:toolbar: 2195 tests executed (0 marked as todo, 0 as flaky, 0 failures), 0 skipped.
comctl32:toolbar:1d9c done (0) in 1s 125B
comctl32:tooltips start dlls/comctl32/tests/tooltips.c
v6util.h:92: created cc6.manifest
032c:tooltips: 1533 tests executed (0 marked as todo, 0 as flaky, 0 failures), 0 skipped.
comctl32:tooltips:032c done (0) in 6s 126B
comctl32:trackbar start dlls/comctl32/tests/trackbar.c
v6util.h:92: created cc6.manifest
0e60:trackbar: 3530 tests executed (0 marked as todo, 0 as flaky, 0 failures), 0 skipped.
comctl32:trackbar:0e60 done (0) in 0s 126B
comctl32:treeview start dlls/comctl32/tests/treeview.c
v6util.h:92: created cc6.manifest
070c:treeview: 7210 tests executed (0 marked as todo, 0 as flaky, 0 failures), 0 skipped.
comctl32:treeview:070c done (0) in 2s 126B
comctl32:updown start dlls/comctl32/tests/updown.c
1234:updown: 766 tests executed (0 marked as todo, 0 as flaky, 0 failures), 0 skipped.
comctl32:updown:1234 done (0) in 0s 88B
comdlg32:filedlg start dlls/comdlg32/tests/filedlg.c
filedlg.c:932: Tests skipped: some interactive resizable dialog tests (set WINETEST_INTERACTIVE=1)
0d50:filedlg: 288 tests executed (0 marked as todo, 0 as flaky, 0 failures), 1 skipped.
comdlg32:filedlg:0d50 done (0) in 11s 189B
comdlg32:finddlg start dlls/comdlg32/tests/finddlg.c
1698:finddlg: 43 tests executed (0 marked as todo, 0 as flaky, 0 failures), 0 skipped.
comdlg32:finddlg:1698 done (0) in 0s 88B
comdlg32:fontdlg start dlls/comdlg32/tests/fontdlg.c
fontdlg.c:123: Tests skipped: can't get a DC for a local printer
1ee4:fontdlg: 8 tests executed (0 marked as todo, 0 as flaky, 0 failures), 1 skipped.
comdlg32:fontdlg:1ee4 done (0) in 0s 153B
comdlg32:itemdlg start dlls/comdlg32/tests/itemdlg.c
itemdlg.c:1120: Testing FileOpenDialog (advise)
itemdlg.c:1128: Testing FileSaveDialog (advise)
17b8:itemdlg: 1281 tests executed (0 marked as todo, 0 as flaky, 0 failures), 0 skipped.
comdlg32:itemdlg:17b8 done (0) in 8s 188B
comdlg32:printdlg start dlls/comdlg32/tests/printdlg.c
printdlg.c:99: Tests skipped: No printer configured.
printdlg.c:201: Tests skipped: No printer configured.
printdlg.c:348: Tests skipped: No printer configured.
printdlg.c:570: Tests skipped: No printer configured.
printdlg.c:680: Tests skipped: No default printer available.
0a2c:printdlg: 15 tests executed (0 marked as todo, 0 as flaky, 0 failures), 5 skipped.
comdlg32:printdlg:0a2c done (0) in 0s 370B
compstui:compstui start dlls/compstui/tests/compstui.c
228c:compstui: 146 tests executed (0 marked as todo, 0 as flaky, 0 failures), 0 skipped.
compstui:compstui:228c done (0) in 0s 90B
comsvcs:comsvcs start dlls/comsvcs/tests/comsvcs.c
1ccc:comsvcs: 117 tests executed (0 marked as todo, 0 as flaky, 0 failures), 0 skipped.
comsvcs:comsvcs:1ccc done (0) in 0s 89B
comsvcs:property start dlls/comsvcs/tests/property.c
1f68:property: 11 tests executed (0 marked as todo, 0 as flaky, 0 failures), 0 skipped.
comsvcs:property:1f68 done (0) in 0s 89B
concrt140:concrt140 start dlls/concrt140/tests/concrt140.c
concrt140.c:105: Tests skipped: concrt140.dll not installed
2160:concrt140: 0 tests executed (0 marked as todo, 0 as flaky, 0 failures), 1 skipped.
concrt140:concrt140:2160 done (0) in 0s 150B
conhost.exe:tty start programs/conhost/tests/tty.c
tty.c:1838: Test failed: 0: expected "\x1b[2J" got "\x1b[?9001h\x1b[?1004h"
tty.c:1840: Test failed: 0: expected "\x1b[m" got "\x1b[?9001h\x1b[?1004h"
tty.c:1841: Test failed: 0: expected "\x1b[H" got "\x1b[?9001h\x1b[?1004h"
tty.c:1843: Test failed: 0: expected "\x1b]0;test title" got "\x1b[?9001h\x1b[?1004h"
tty.c:1845: Test failed: 0: expected "\x07" got "\x1b[?9001h\x1b[?1004h"
tty.c:1847: Test failed: expected empty buffer, got "\x1b[?9001h\x1b[?1004h"
tty.c:987: Test failed: 0: expected "\x1b[5;4H" got "\x1b[2J\x1b[m\x1b[H\x1b]0;test title\x07\x1b[?25h"
tty.c:988: Test failed: 0: expected "child" got "\x1b[2J\x1b[m\x1b[H\x1b]0;test title\x07\x1b[?25h"
tty.c:989: Test failed: 0: expected "\x1b[H" got "\x1b[2J\x1b[m\x1b[H\x1b]0;test title\x07\x1b[?25h"
tty.c:990: Test failed: 0: expected "\x1b[?25h" got "\x1b[2J\x1b[m\x1b[H\x1b]0;test title\x07\x1b[?25h"
tty.c:991: Test failed: expected empty buffer, got "\x1b[2J\x1b[m\x1b[H\x1b]0;test title\x07\x1b[?25h"
tty.c:244: Test failed: WriteFile failed: 232
tty.c:996: Test failed: 0: expected "\x1b[7;1H" got "\x1b[5;4Hchild\x1b[H\x1b[?25h"
tty.c:997: Test failed: Read file failed: 996
tty.c:997: Test failed: 0: expected "                            bo\r\nund" got "\x1b[5;4Hchild\x1b[H\x1b[?25h"
tty.c:998: Test failed: 1b: expected "\x1b[27X" got "\x1b[5;4Hchild\x1b[H\x1b[?25h"
tty.c:998: Test failed: 1b: expected "\x1b[27C" got "\x1b[5;4Hchild\x1b[H\x1b[?25h"
tty.c:999: Test failed: 0: expected "\x1b[H" got "\x1b[5;4Hchild\x1b[H\x1b[?25h"
tty.c:1000: Test failed: 0: expected "\x1b[?25h" got "\x1b[5;4Hchild\x1b[H\x1b[?25h"
tty.c:1001: Test failed: expected empty buffer, got "\x1b[5;4Hchild\x1b[H\x1b[?25h"
tty.c:244: Test failed: WriteFile failed: 232
tty.c:1005: Test failed: Read file failed: 996
tty.c:1005: Test failed: expected hide cursor escape
tty.c:1006: Test failed: Read file failed: 996
tty.c:1006: Test failed: 0: expected "\x1b[5;14H" got ""
tty.c:1007: Test failed: Read file failed: 996
tty.c:1007: Test failed: 0: expected "xxx" got ""
tty.c:1008: Test failed: Read file failed: 996
tty.c:1008: Test failed: 0: expected "\x1b[H" got ""
tty.c:1009: Test failed: Read file failed: 996
tty.c:1009: Test failed: 0: expected "\x1b[?25h" got ""
tty.c:244: Test failed: WriteFile failed: 232
tty.c:1014: Test failed: Read file failed: 996
tty.c:1014: Test failed: expected hide cursor escape
tty.c:1015: Test failed: Read file failed: 996
tty.c:1015: Test failed: 0: expected "\x1b[5;30H" got ""
tty.c:1016: Test failed: Read file failed: 996
tty.c:1016: Test failed: 0: expected "y" got ""
tty.c:1017: Test failed: Read file failed: 996
tty.c:1017: Test failed: 0: expected "\x1b[H" got ""
tty.c:1018: Test failed: Read file failed: 996
tty.c:1018: Test failed: 0: expected "\x1b[?25h" got ""
tty.c:244: Test failed: WriteFile failed: 232
tty.c:1023: Test failed: Read file failed: 996
tty.c:1023: Test failed: expected hide cursor escape
tty.c:1024: Test failed: Read file failed: 996
tty.c:1024: Test failed: 0: expected "\x1b[5;1H" got ""
tty.c:1025: Test failed: Read file failed: 996
tty.c:1025: Test failed: 0: expected "   child     xxx             z" got ""
tty.c:1026: Test failed: Read file failed: 996
tty.c:1026: Test failed: 0: expected "\r\nz" got ""
tty.c:1027: Test failed: Read file failed: 996
tty.c:1027: Test failed: 1d: expected "\x1b[29X" got ""
tty.c:1027: Test failed: Read file failed: 996
tty.c:1027: Test failed: 1d: expected "\x1b[29C" got ""
tty.c:1028: Test failed: Read file failed: 996
tty.c:1028: Test failed: 0: expected "\x1b[H" got ""
tty.c:1029: Test failed: Read file failed: 996
tty.c:1029: Test failed: 0: expected "\x1b[?25h" got ""
tty.c:244: Test failed: WriteFile failed: 232
tty.c:1034: Test failed: Read file failed: 996
tty.c:1034: Test failed: expected hide cursor escape
tty.c:1035: Test failed: Read file failed: 996
tty.c:1035: Test failed: 0: expected "\x1b[5;4H" got ""
tty.c:1036: Test failed: Read file failed: 996
tty.c:1036: Test failed: 0: expected "child        " got ""
tty.c:1037: Test failed: Read file failed: 996
tty.c:1037: Test failed: 0: expected "\x1b[H" got ""
conhost.exe:tty:0c88 done (258) in 120s 4183B
coremessaging:coremessaging start dlls/coremessaging/tests/coremessaging.c
0a50:coremessaging: 226 tests executed (0 marked as todo, 0 as flaky, 0 failures), 0 skipped.
coremessaging:coremessaging:0a50 done (0) in 1s 95B
credui:credui start dlls/credui/tests/credui.c
1e4c:credui: 7 tests executed (0 marked as todo, 0 as flaky, 0 failures), 0 skipped.
credui:credui:1e4c done (0) in 0s 86B
crypt32:base64 start dlls/crypt32/tests/base64.c
2384:base64: 3723 tests executed (0 marked as todo, 0 as flaky, 0 failures), 0 skipped.
crypt32:base64:2384 done (0) in 0s 89B
crypt32:cert start dlls/crypt32/tests/cert.c
1c10:cert: 634 tests executed (0 marked as todo, 0 as flaky, 0 failures), 0 skipped.
crypt32:cert:1c10 done (0) in 0s 86B
crypt32:chain start dlls/crypt32/tests/chain.c
chain.c:4577: info[0] = 102
chain.c:4577: info[1] = 102
chain.c:4577: info[2] = 10c
03dc:chain: 2952 tests executed (0 marked as todo, 0 as flaky, 0 failures), 0 skipped.
crypt32:chain:03dc done (0) in 0s 175B
crypt32:crl start dlls/crypt32/tests/crl.c
1d5c:crl: 140 tests executed (0 marked as todo, 0 as flaky, 0 failures), 0 skipped.
crypt32:crl:1d5c done (0) in 0s 85B
crypt32:ctl start dlls/crypt32/tests/ctl.c
0e5c:ctl: 37 tests executed (0 marked as todo, 0 as flaky, 0 failures), 0 skipped.
crypt32:ctl:0e5c done (0) in 0s 84B
crypt32:encode start dlls/crypt32/tests/encode.c
1f30:encode: 6326 tests executed (0 marked as todo, 0 as flaky, 0 failures), 0 skipped.
crypt32:encode:1f30 done (0) in 0s 89B
crypt32:main start dlls/crypt32/tests/main.c
0424:main: 100 tests executed (0 marked as todo, 0 as flaky, 0 failures), 0 skipped.
crypt32:main:0424 done (0) in 0s 86B
crypt32:message start dlls/crypt32/tests/message.c
0f00:message: 155 tests executed (0 marked as todo, 0 as flaky, 0 failures), 0 skipped.
crypt32:message:0f00 done (0) in 0s 89B
crypt32:msg start dlls/crypt32/tests/msg.c
1458:msg: 1027 tests executed (0 marked as todo, 0 as flaky, 0 failures), 0 skipped.
crypt32:msg:1458 done (0) in 0s 86B
crypt32:object start dlls/crypt32/tests/object.c
0758:object: 16 tests executed (0 marked as todo, 0 as flaky, 0 failures), 0 skipped.
crypt32:object:0758 done (0) in 0s 87B
crypt32:oid start dlls/crypt32/tests/oid.c
1368:oid: 175 tests executed (0 marked as todo, 0 as flaky, 0 failures), 0 skipped.
crypt32:oid:1368 done (0) in 0s 85B
crypt32:protectdata start dlls/crypt32/tests/protectdata.c
1f8c:protectdata: 42 tests executed (0 marked as todo, 0 as flaky, 0 failures), 0 skipped.
crypt32:protectdata:1f8c done (0) in 0s 92B
crypt32:sip start dlls/crypt32/tests/sip.c
0eac:sip: 50 tests executed (0 marked as todo, 0 as flaky, 0 failures), 0 skipped.
crypt32:sip:0eac done (0) in 0s 84B
crypt32:store start dlls/crypt32/tests/store.c
232c:store: 592 tests executed (0 marked as todo, 0 as flaky, 0 failures), 0 skipped.
crypt32:store:232c done (0) in 0s 87B
crypt32:str start dlls/crypt32/tests/str.c
1b04:str: 1592 tests executed (0 marked as todo, 0 as flaky, 0 failures), 0 skipped.
crypt32:str:1b04 done (0) in 0s 86B
cryptext:cryptext start dlls/cryptext/tests/cryptext.c
cryptext.c:42: Tests skipped: CryptExtOpenCER test needs user interaction
16d8:cryptext: 0 tests executed (0 marked as todo, 0 as flaky, 0 failures), 1 skipped.
cryptext:cryptext:16d8 done (0) in 0s 163B
cryptnet:cryptnet start dlls/cryptnet/tests/cryptnet.c
cryptnet.c:342: Tests skipped: File URLs not supported
0920:cryptnet: 125 tests executed (0 marked as todo, 0 as flaky, 0 failures), 1 skipped.
cryptnet:cryptnet:0920 done (0) in 0s 146B
cryptowinrt:crypto start dlls/cryptowinrt/tests/crypto.c
crypto.c:166: {ecc8691b-c1db-4dc0-855e-65f6c551af49} not implemented, returning E_NOINTERFACE.
crypto.c:166: {00000039-0000-0000-c000-000000000046} not implemented, returning E_NOINTERFACE.
crypto.c:166: {0000001b-0000-0000-c000-000000000046} not implemented, returning E_NOINTERFACE.
crypto.c:186: iface 000000FB7494F890, async 0000021D72891810, status 1
crypto.c:166: {ecc8691b-c1db-4dc0-855e-65f6c551af49} not implemented, returning E_NOINTERFACE.
crypto.c:166: Line has been silenced after 4 occurrences
crypto.c:105: Skipping async_id check, got id 487390
crypto.c:105: Skipping async_id check, got id 487390
075c:crypto: Silenced 0 todos, 0 skips and 2 traces.
075c:crypto: 68 tests executed (0 marked as todo, 0 as flaky, 0 failures), 0 skipped.
cryptowinrt:crypto:075c done (0) in 0s 763B
cryptui:cryptui start dlls/cryptui/tests/cryptui.c
0470:cryptui: 30 tests executed (0 marked as todo, 0 as flaky, 0 failures), 0 skipped.
cryptui:cryptui:0470 done (0) in 0s 88B
cryptxml:cryptxml start dlls/cryptxml/tests/cryptxml.c
1144:cryptxml: 43 tests executed (0 marked as todo, 0 as flaky, 0 failures), 0 skipped.
cryptxml:cryptxml:1144 done (0) in 0s 89B
d2d1:d2d1 start dlls/d2d1/tests/d2d1.c
d2d1.c:1294: Adapter: L"Microsoft Basic Render Driver", 1414:008c.
d2d1.c:10815: Tests skipped: Failed to create REF d3d device, hr 0x80004002.
1cf0:d2d1: 16941 tests executed (0 marked as todo, 0 as flaky, 0 failures), 1 skipped.
d2d1:d2d1:1cf0 done (0) in 6s 234B
d3d10core:d3d10core start dlls/d3d10core/tests/d3d10core.c
d3d10core.c:1295: Adapter: L"Microsoft Basic Render Driver", 1414:008c.
d3d10core.c:6308: Tests skipped: DXGI_FORMAT_B8G8R8X8_UNORM not supported.
d3d10core.c:16429: Tests skipped: B8G8R8A8_UNORM not supported.
d3d10core.c:17356: Tests skipped: Skipping test with DXGI_FORMAT_R8G8B8A8_UINT on WARP.
d3d10core.c:17356: Tests skipped: Skipping test with DXGI_FORMAT_R8G8B8A8_UINT on WARP.
d3d10core.c:17356: Tests skipped: Skipping test with DXGI_FORMAT_R8G8B8A8_UINT on WARP.
d3d10core.c:17356: Tests skipped: Skipping test with DXGI_FORMAT_R8G8B8A8_UINT on WARP.
d3d10core.c:17488: Tests skipped: Creating the next texture crashes WARP on some testbot boxes.
207c:d3d10core: 195846 tests executed (0 marked as todo, 0 as flaky, 0 failures), 7 skipped.
d3d10core:d3d10core:207c done (0) in 9s 761B
d3d10_1:d3d10_1 start dlls/d3d10_1/tests/d3d10_1.c
d3d10_1.c:330: Tests skipped: Failed to create device for feature level 0xa100.
d3d10_1.c:330: Tests skipped: Failed to create device for feature level 0xa000.
d3d10_1.c:330: Tests skipped: Failed to create device for feature level 0x9300.
d3d10_1.c:330: Tests skipped: Failed to create device for feature level 0x9200.
d3d10_1.c:330: Line has been silenced after 4 occurrences
1a44:d3d10_1: Silenced 0 todos, 1 skips and 0 traces.
1a44:d3d10_1: 580 tests executed (0 marked as todo, 0 as flaky, 0 failures), 4 skipped.
d3d10_1:d3d10_1:1a44 done (0) in 0s 527B
d3d10_1:reflection start dlls/d3d10_1/tests/reflection.c
0ba4:reflection: 624 tests executed (0 marked as todo, 0 as flaky, 0 failures), 0 skipped.
d3d10_1:reflection:0ba4 done (0) in 0s 92B
d3d10:device start dlls/d3d10/tests/device.c
2184:device: 206 tests executed (0 marked as todo, 0 as flaky, 0 failures), 0 skipped.
d3d10:device:2184 done (0) in 0s 88B
d3d10:effect start dlls/d3d10/tests/effect.c
1e18:effect: 5041 tests executed (0 marked as todo, 0 as flaky, 0 failures), 0 skipped.
d3d10:effect:1e18 done (0) in 0s 89B
d3d10:reflection start dlls/d3d10/tests/reflection.c
0414:reflection: 624 tests executed (0 marked as todo, 0 as flaky, 0 failures), 0 skipped.
d3d10:reflection:0414 done (0) in 0s 92B
d3d11:d3d11 start dlls/d3d11/tests/d3d11.c
d3d11.c:1638: Adapter: L"Microsoft Basic Render Driver", 1414:008c.
d3d11.c:2145: Feature level 0xb000.
d3d11.c:2402: Tests skipped: Feature level 0xb100: Failed to create debug device.
d3d11.c:2402: Tests skipped: Feature level 0xb000: Failed to create debug device.
d3d11.c:2402: Tests skipped: Feature level 0xa100: Failed to create debug device.
d3d11.c:2402: Tests skipped: Feature level 0xa000: Failed to create debug device.
d3d11.c:2402: Line has been silenced after 4 occurrences
1048:d3d11: 4 tests executed (0 marked as todo, 0 as flaky, 0 failures), 0 skipped.
d3d11.c:19884: Compute shader support via SM4 0x1.
d3d11.c:21325: Feature level 0xa100: Optional format 0x59 - display supported.
d3d11.c:21325: Feature level 0xa000: Optional format 0x59 - display supported.
d3d11.c:21325: Feature level 0xa000: Optional format 0xb - blendable supported.
d3d11.c:21325: Feature level 0xa000: Optional format 0x23 - blendable supported.
d3d11.c:21325: Line has been silenced after 4 occurrences
d3d11.c:24858: Tests skipped: Test 8: Broken WARP.
d3d11.c:25137: Tests skipped: Feature level 0xa100: Feature level 11_0 required for unaligned UAV test.
d3d11.c:25137: Tests skipped: Feature level 0xa000: Feature level 11_0 required for unaligned UAV test.
d3d11.c:32028: Tests skipped: Sample shading tests fail on WARP.
d3d11.c:35732: Tests skipped: The device does not support stencil ref export.
d3d11.c:36937: Tests skipped: Failed to get ID3D11VideoDevice.
d3d11.c:30672: Tests skipped: Skipping test with DXGI_FORMAT_R8G8B8A8_UINT on WARP.
d3d11.c:30672: Tests skipped: Skipping test with DXGI_FORMAT_R8G8B8A8_UINT on WARP.
d3d11.c:30672: Tests skipped: Skipping test with DXGI_FORMAT_R8G8B8A8_UINT on WARP.
d3d11.c:30672: Tests skipped: Skipping test with DXGI_FORMAT_R8G8B8A8_UINT on WARP.
0cf8:d3d11: Silenced 0 todos, 3 skips and 1 traces.
0cf8:d3d11: 5561753 tests executed (0 marked as todo, 0 as flaky, 0 failures), 14 skipped.
d3d11:d3d11:0cf8 done (0) in 22s 1971B
d3d12:d3d12 start dlls/d3d12/tests/d3d12.c
d3d12.c:156: Adapter: L"Microsoft Basic Render Driver", 1414:008c.
1144:d3d12: 671 tests executed (0 marked as todo, 0 as flaky, 0 failures), 0 skipped.
d3d12:d3d12:1144 done (0) in 1s 155B
d3d9:d3d9ex start dlls/d3d9/tests/d3d9ex.c
d3d9ex.c:494: GetDisplayModeEx returned Width = 1280, Height = 800, RefreshRate = 64, Format = 16, ScanLineOrdering = 1, rotation = 1.
d3d9ex.c:427: Adapter luid: 00000000:00005699.
d3d9ex.c:573: Test failed: ChangeDisplaySettingsEx failed with -1.
d3d9ex.c:608: Test failed: rotation is 1 instead of 0
d3d9ex.c:611: GetAdapterDisplayModeEx returned Width = 1280, Height = 800, RefreshRate = 64, Format = 16, ScanLineOrdering = 1, rotation = 1
d3d9ex.c:1000: Test failed: Got screen width 1280, expected 640.
d3d9ex.c:1001: Test failed: Got screen height 800, expected 480.
d3d9ex.c:1067: Test failed: Got screen width 1280, expected 1024.
d3d9ex.c:1068: Test failed: Got screen height 800, expected 768.
d3d9ex.c:1510: Test failed: Got screen width 1280, expected 640.
d3d9ex.c:1511: Test failed: Got screen height 800, expected 480.
d3d9ex.c:1579: Test failed: Got screen width 1280, expected 1024.
d3d9ex.c:1580: Test failed: Got screen height 800, expected 768.
d3d9ex.c:1646: Test failed: Got screen width 1280, expected 1024.
d3d9ex.c:1647: Test failed: Got screen height 800, expected 768.
d3d9ex.c:2042: Test failed: Failed to set foreground window.
d3d9ex.c:2049: Test failed: Got unexpected hr 0.
d3d9ex.c:2051: Test failed: Got unexpected hr 0.
d3d9ex.c:2053: Test failed: Got unexpected hr 0x8760878.
d3d9ex.c:2056: Test failed: Failed to set foreground window.
d3d9ex.c:2111: Test failed: Failed to set foreground window.
d3d9ex.c:2124: Test failed: Failed to set foreground window.
d3d9ex.c:2151: Test failed: Failed to set foreground window.
d3d9ex.c:2446: Tests skipped: This GPU supports SM3, skipping unsupported shader test.
d3d9ex.c:2885: device_window 00000000010A0182, focus_window 000000000026038A, dummy_window 0000000000A90388.
d3d9ex.c:2889: Test failed: Expected focus 0000000000000000, got 00000000010A0182.
d3d9ex.c:2891: Test failed: Expected foreground window 0000000000A90388, got 0000000000080338.
d3d9ex.c:2908: Test failed: Expected message 0x46 for window 0x1, but didn't receive it, i=0.
d3d9ex.c:2913: Test failed: Expected focus 000000000026038A, got 00000000010A0182.
d3d9ex.c:2915: Test failed: Expected foreground window 000000000026038A, got 0000000000080338.
d3d9ex.c:2949: Test failed: Expected message 0x46 for window 0, but didn't receive it, i=0.
d3d9ex.c:2953: Test failed: The device window is active, i=0.
d3d9ex.c:2957: Test failed: Got unexpected hr 0, i=0.
d3d9ex.c:2961: Test failed: Got unexpected screen size 640x480.
d3d9ex.c:3007: Test failed: Expected message 0x7e for window 0, but didn't receive it, i=0.
d3d9ex.c:3015: Test failed: Got unexpected width 640.
d3d9ex.c:3016: Test failed: Got unexpected height 480.
d3d9ex.c:3022: Test failed: Got unexpected width 640.
d3d9ex.c:3024: Test failed: Got unexpected height 480.
d3d9ex.c:3100: Test failed: Expected message 0x7e for window 0x1, but didn't receive it, i=0.
d3d9ex.c:3107: Test failed: Expected IsIconic 1, got 0, i=0.
d3d9ex.c:2520: Test failed: Received unexpected message 0x7c for window 000000000026038A.
d3d9ex.c:2520: Test failed: Received unexpected message 0x7d for window 000000000026038A.
d3d9ex.c:3203: Test failed: Expected message 0x18 for window 0, but didn't receive it, i=0.
d3d9ex.c:3209: Test failed: Got unexpected WINDOWPOS hwnd=0000000000000000, x=0, y=0, cx=0, cy=0, flags=0
d3d9ex.c:3226: Test failed: Expected the device window to be visible, i=0.
d3d9ex.c:2885: device_window 00000000003C02F8, focus_window 0000000000AA0388, dummy_window 00000000000701DC.
d3d9ex.c:2889: Test failed: Expected focus 0000000000000000, got 00000000003C02F8.
d3d9ex.c:2891: Test failed: Expected foreground window 00000000000701DC, got 0000000000080338.
d3d9ex.c:2908: Test failed: Expected message 0x46 for window 0x1, but didn't receive it, i=1.
d3d9ex.c:2913: Test failed: Expected focus 0000000000AA0388, got 00000000003C02F8.
d3d9ex.c:2915: Test failed: Expected foreground window 0000000000AA0388, got 0000000000080338.
d3d9ex.c:2949: Test failed: Expected message 0x1c for window 0x1, but didn't receive it, i=1.
d3d9ex.c:2953: Test failed: The device window is active, i=1.
d3d9ex.c:2957: Test failed: Got unexpected hr 0, i=1.
d3d9ex.c:2961: Test failed: Got unexpected screen size 640x480.
d3d9ex.c:3007: Test failed: Expected message 0x7e for window 0, but didn't receive it, i=1.
d3d9ex.c:3015: Test failed: Got unexpected width 640.
d3d9ex.c:3016: Test failed: Got unexpected height 480.
d3d9ex.c:3022: Test failed: Got unexpected width 640.
d3d9ex.c:3024: Test failed: Got unexpected height 480.
d3d9ex.c:3100: Test failed: Expected message 0x7e for window 0x1, but didn't receive it, i=1.
d3d9ex.c:3183: Test failed: Expected message 0x7e for window 0x1, but didn't receive it, i=1.
d3d9ex.c:3203: Test failed: Expected message 0x7e for window 0x1, but didn't receive it, i=1.
d3d9ex.c:3303: device_window 0000000000070258, focus_window 00000000000801DC, dummy_window 000000000029038A.
d3d9ex.c:3307: Test failed: Expected focus 0000000000000000, got 0000000000070258.
d3d9ex.c:3309: Test failed: Expected foreground window 000000000029038A, got 0000000000080338.
d3d9ex.c:3325: Test failed: Expected focus 0000000000000000, got 0000000000070258.
d3d9ex.c:3327: Test failed: Expected foreground window 000000000029038A, got 0000000000080338.
d3d9ex.c:3600: Test failed: Expected device window style 0x14cf0000, got 0x4000000, i=0.
d3d9ex.c:3605: Test failed: Expected device window extended style 0x108, got 0, i=0.
d3d9ex.c:3629: Test failed: Failed to set foreground window.
d3d9ex.c:3633: Test failed: Expected device window style 0x4cf0000, got 0x4000000, i=0.
d3d9ex.c:3637: Test failed: Expected device window extended style 0x100, got 0, i=0.
d3d9ex.c:3605: Test failed: Expected device window extended style 0x108, got 0, i=1.
d3d9ex.c:3629: Test failed: Failed to set foreground window.
d3d9ex.c:3633: Test failed: Expected device window style 0x34cf0000, got 0x14000000, i=1.
d3d9ex.c:3637: Test failed: Expected device window extended style 0x100, got 0, i=1.
d3d9ex.c:3629: Test failed: Failed to set foreground window.
d3d9ex.c:3629: Test failed: Failed to set foreground window.
d3d9ex.c:4391: Tests skipped: ATI2N texture not supported.
d3d9ex.c:4391: Tests skipped: ATI2N texture not supported.
d3d9ex.c:4391: Tests skipped: ATI2N texture not supported.
d3d9ex.c:4391: Tests skipped: ATI2N texture not supported.
d3d9ex.c:4391: Line has been silenced after 4 occurrences
113c:d3d9ex: Silenced 0 todos, 36 skips and 0 traces.
113c:d3d9ex: 2404 tests executed (0 marked as todo, 0 as flaky, 73 failures), 5 skipped.
d3d9:d3d9ex:113c done (73) in 14s 6658B
d3d9:device start dlls/d3d9/tests/device.c
device.c:4871: Test failed: Expected to receive message 0x1c.
device.c:4183: device_window 0000000000490340, focus_window 0000000000D60300, dummy_window 00000000001A02E6.
device.c:4187: Test failed: Expected focus 0000000000000000, got 0000000000490340.
device.c:4189: Test failed: Expected foreground window 00000000001A02E6, got 0000000000080338.
device.c:4207: Test failed: Expected message 0x46 for window 0x1, but didn't receive it, i=0.
device.c:4212: Test failed: Expected focus 0000000000D60300, got 0000000000490340.
device.c:4214: Test failed: Expected foreground window 0000000000D60300, got 0000000000080338.
device.c:4248: Test failed: Expected message 0x46 for window 0, but didn't receive it, i=0.
device.c:4252: Test failed: The device window is active, i=0.
device.c:4257: Test failed: Got unexpected hr 0x88760869.
device.c:4261: Test failed: Got unexpected screen size 1024x768.
device.c:4293: Test failed: Expected message 0x46 for window 0, but didn't receive it, i=0.
device.c:4302: Test failed: Got unexpected screen size 1024x768.
device.c:4319: Test failed: Expected message 0x7e for window 0, but didn't receive it, i=0.
device.c:4328: Test failed: Got unexpected width 640.
device.c:4329: Test failed: Got unexpected height 480.
device.c:4410: Test failed: Expected message 0x1c for window 0x1, but didn't receive it, i=0.
device.c:4420: Test failed: Expected IsIconic 1, got 0, i=0.
device.c:4424: Test failed: Got unexpected hr 0.
device.c:4432: Test failed: Expected message 0x46 for window 0x1, but didn't receive it, i=0.
device.c:4480: Test failed: Expected message 0x1c for window 0x1, but didn't receive it, i=0.
device.c:4487: Test failed: Got unexpected hr 0.
device.c:4545: Test failed: Expected message 0x18 for window 0, but didn't receive it, i=0.
device.c:4551: Test failed: Got unexpected WINDOWPOS hwnd=0000000000000000, insertAfter=0000000000000000, x=0, y=0, cx=0, cy=0, flags=0
device.c:4568: Test failed: Expected the device window to be visible, i=0.
device.c:4183: device_window 000000000102004E, focus_window 00000000001B02E6, dummy_window 0000000000C50246.
device.c:4187: Test failed: Expected focus 0000000000000000, got 000000000102004E.
device.c:4189: Test failed: Expected foreground window 0000000000C50246, got 0000000000080338.
device.c:4207: Test failed: Expected message 0x46 for window 0x1, but didn't receive it, i=1.
device.c:4212: Test failed: Expected focus 00000000001B02E6, got 000000000102004E.
device.c:4214: Test failed: Expected foreground window 00000000001B02E6, got 0000000000080338.
device.c:4248: Test failed: Expected message 0x1c for window 0x1, but didn't receive it, i=1.
device.c:4252: Test failed: The device window is active, i=1.
device.c:4257: Test failed: Got unexpected hr 0x88760869.
device.c:4261: Test failed: Got unexpected screen size 1024x768.
device.c:4302: Test failed: Got unexpected screen size 1024x768.
device.c:4319: Test failed: Expected message 0x7e for window 0, but didn't receive it, i=1.
device.c:4328: Test failed: Got unexpected width 640.
device.c:4329: Test failed: Got unexpected height 480.
device.c:4410: Test failed: Expected message 0x1c for window 0x1, but didn't receive it, i=1.
device.c:4424: Test failed: Got unexpected hr 0.
device.c:4480: Test failed: Expected message 0x1c for window 0x1, but didn't receive it, i=1.
device.c:4487: Test failed: Got unexpected hr 0.
device.c:4652: device_window 00000000002C038A, focus_window 0000000000C60246, dummy_window 0000000001100182.
device.c:4656: Test failed: Expected focus 0000000000000000, got 00000000002C038A.
device.c:4658: Test failed: Expected foreground window 0000000001100182, got 0000000000080338.
device.c:4675: Test failed: Expected focus 0000000000000000, got 00000000002C038A.
device.c:4677: Test failed: Expected foreground window 0000000001100182, got 0000000000080338.
device.c:5179: Test failed: Expected device window style 0x14cf0000, got 0x4000000, i=0.
device.c:5184: Test failed: Expected device window extended style 0x108, got 0, i=0.
device.c:5215: Test failed: Expected device window style 0x14cf0000, got 0x4cf0000, i=0.
device.c:5220: Test failed: Expected device window extended style 0x108, got 0x100, i=0.
device.c:5234: Test failed: Failed to set foreground window.
device.c:5238: Test failed: Expected device window style 0x34cf0000, got 0x4000000, i=0.
device.c:5242: Test failed: Expected device window extended style 0x108, got 0, i=0.
device.c:5258: Test failed: Failed to set foreground window.
device.c:5261: Test failed: Failed to reset device, hr 0x88760868.
device.c:5234: Test failed: Failed to set foreground window.
device.c:5238: Test failed: Expected device window style 0x34cf0000, got 0x14000000, i=1.
device.c:5242: Test failed: Expected device window extended style 0x108, got 0, i=1.
device.c:5258: Test failed: Failed to set foreground window.
device.c:5234: Test failed: Failed to set foreground window.
device.c:5258: Test failed: Failed to set foreground window.
device.c:5261: Test failed: Failed to reset device, hr 0x88760868.
device.c:5234: Test failed: Failed to set foreground window.
device.c:5258: Test failed: Failed to set foreground window.
device.c:5680: Tests skipped: Following tests require two adapters.
device.c:6759: Expects 0x0000000104000000 samples.
device.c:7284: SetPixelShaderConstantF was able to set 224 shader constants.
device.c:7565: Tests skipped: This GPU supports SM3, skipping unsupported shader test.
device.c:7768: Tests skipped: No cube mipmap generation support, skipping tests.
device.c:7935: Tests skipped: No mipmap generation support, skipping tests.
device.c:8137: Tests skipped: D3DFMT_A32B32G32R32F supports filtering, skipping tests.
device.c:8493: Tests skipped: Format ATI1N not supported, skipping lockrect offset tests.
device.c:8493: Tests skipped: Format ATI2N not supported, skipping lockrect offset tests.
device.c:9064: Tests skipped: Failed to create surface for format R8G8B8 (hr 0x8876086c), skipping tests.
device.c:9064: Tests skipped: Failed to create surface for format R3G3B2 (hr 0x8876086c), skipping tests.
device.c:9397: Tests skipped: No D3DFMT_NULL support, skipping test.
device.c:9778: Tests skipped: Format ATI1N not supported, skipping lockrect offset tests.
device.c:9778: Tests skipped: Format ATI2N not supported, skipping lockrect offset tests.
device.c:9900: Tests skipped: Dynamic D3DFMT_YUY2 textures not supported, skipping mipmap test.
device.c:9778: Tests skipped: Format D3DFMT_UYVY not supported, skipping lockrect offset tests.
device.c:12142: Test failed: Failed to set foreground window.
device.c:12144: Test failed: Got unexpected hr 0.
device.c:12146: Test failed: Got unexpected hr 0.
device.c:12151: Test failed: Failed to set foreground window.
device.c:12153: Test failed: Got unexpected hr 0.
device.c:12155: Test failed: Got unexpected hr 0.
device.c:12173: Test failed: Failed to set foreground window.
device.c:12182: Test failed: Failed to set foreground window.
device.c:12197: Test failed: Failed to set foreground window.
device.c:12199: Test failed: Got unexpected hr 0.
device.c:12203: Test failed: Failed to set foreground window.
device.c:12763: Tests skipped: D3DFMT_ATI1 textures not supported, skipping tests.
device.c:12763: Tests skipped: D3DFMT_ATI2 textures not supported, skipping tests.
device.c:13173: Max user clip planes: 8.
device.c:13173: Max user clip planes: 6.
device.c:13826: Tests skipped: ATI2N texture not supported.
device.c:15008: Test failed: Adapter 0: Expect window rect (0,0)-(1280,800), got (0,0)-(1279,799).
device.c:15043: Test failed: Adapter 0: SetForegroundWindow failed, error 0.
device.c:15049: Test failed: Adapter 0: SetForegroundWindow failed, error 0.
device.c:15291: Test failed: Got refcount 29.
2160:device: 160228 tests executed (0 marked as todo, 0 as flaky, 78 failures), 17 skipped.
d3d9:device:2160 done (78) in 24s 7962B
d3d9:stateblock start dlls/d3d9/tests/stateblock.c
stateblock.c:426: Running initial read state tests
stateblock.c:139: event 0.
stateblock.c:429: Running write-read state tests
stateblock.c:139: event 0.
stateblock.c:139: event 1.
stateblock.c:432: Running stateblock abort state tests
stateblock.c:139: event 0.
stateblock.c:139: Line has been silenced after 4 occurrences
stateblock.c:435: Running stateblock apply state tests
stateblock.c:438: Running stateblock capture/reapply state tests
stateblock.c:442: Running create stateblock capture/apply all state tests
stateblock.c:446: Running create stateblock apply state all tests
stateblock.c:450: Running create stateblock capture/apply vertex state tests
stateblock.c:454: Running create stateblock apply vertex state tests
stateblock.c:458: Running create stateblock capture/apply pixel state tests
stateblock.c:462: Running create stateblock apply pixel state tests
stateblock.c:466: Running rendertarget switch state tests
stateblock.c:470: Running stateblock apply over rendertarget switch interrupt tests
03a0:stateblock: Silenced 0 todos, 0 skips and 36 traces.
03a0:stateblock: 14738 tests executed (0 marked as todo, 0 as flaky, 0 failures), 0 skipped.
d3d9:stateblock:03a0 done (0) in 0s 1187B
d3d9:visual start dlls/d3d9/tests/visual.c
visual.c:28868: Driver string: "d3d10warp.dll"
visual.c:28869: Description string: "Microsoft Basic Render Driver"
visual.c:28872: Device name string: "\\.\DISPLAY1"
visual.c:28874: Driver version 10.0.26100.1301
visual.c:1435: sRGB writing to D3DFMT_A8R8G8B8 is supported.
visual.c:1844: Tests skipped: Offscreenplain D3DFMT_DXT1 surfaces not supported, skipping colorfill test
visual.c:8422: Tests skipped: R5G6R5 textures with SRGBREAD are not supported.
visual.c:8422: Tests skipped: A1R5G5R5 textures with SRGBREAD are not supported.
visual.c:8422: Tests skipped: X1R5G5R5 textures with SRGBREAD are not supported.
visual.c:5813: Tests skipped: No autogenmipmap support.
visual.c:9890: Tests skipped: Card has unconditional NP2 support, skipping conditional NP2 tests
visual.c:10286: Tests skipped: L6V5U5 / D3DTOP_BUMPENVMAPLUMINANCE not supported, skipping tests.
visual.c:12837: Tests skipped: D3DFMT_UYVY is not supported.
visual.c:12847: Tests skipped: Driver cannot blit D3DFMT_YUY2 surfaces.
visual.c:12991: Tests skipped: D3DFMT_UYVY is not supported.
visual.c:12997: Tests skipped: Driver cannot blit D3DFMT_YUY2 surfaces.
visual.c:12991: Tests skipped: D3DFMT_YV12 is not supported.
visual.c:12991: Tests skipped: D3DFMT_NV12 is not supported.
visual.c:16825: Test failed: Unbound sampler color is 0.
visual.c:16839: Test failed: Unbound sampler color is 0.
visual.c:16853: Test failed: Unbound sampler color is 0.
visual.c:14929: Tests skipped: No INTZ support, skipping INTZ test.
visual.c:15496: Tests skipped: No DF24 support, skipping Fetch4 test.
visual.c:14337: Tests skipped: No NVDB (depth bounds test) support, skipping tests.
visual.c:17574: Tests skipped: No INTZ support, skipping RESZ test.
visual.c:19498: Test failed: Got unexpected color 0x000000ff.
visual.c:19516: Test failed: Got unexpected color 0x000000ff.
visual.c:19534: Test failed: Got unexpected color 0x000000ff.
visual.c:19631: Tests skipped: ATI1N textures are not supported, skipping test.
visual.c:20574: Tests skipped: Format D3DFMT_X8L8V8U8 not supported, skipping.
visual.c:20574: Tests skipped: Format D3DFMT_L6V5U5 not supported, skipping.
visual.c:21576: Tests skipped: 2D mipmapped ATI2N textures are not supported, skipping some tests.
visual.c:211: Can't read the render target data, hr 0x88760868.
visual.c:211: Can't read the render target data, hr 0x88760868.
visual.c:211: Can't read the render target data, hr 0x88760868.
visual.c:211: Can't read the render target data, hr 0x88760868.
visual.c:211: Line has been silenced after 4 occurrences
visual.c:21576: Tests skipped: Cube ATI2N textures are not supported, skipping some tests.
visual.c:21576: Tests skipped: Volume ATI2N textures are not supported, skipping some tests.
visual.c:21841: Tests skipped: Depth format 71 not supported, skipping.
visual.c:21841: Tests skipped: Depth format 1515474505 not supported, skipping.
visual.c:23644: Line antialiasing support: 0x20.
visual.c:24734: Tests skipped: No NULL format support, skipping NULL test.
visual.c:24981: Tests skipped: Running on WARP, skipping test.
visual.c:26409: Tests skipped: Sampling attached render targets is not supported.
visual.c:26498: Tests skipped: Alpha to coverage is not supported.
1010:visual: Silenced 0 todos, 0 skips and 27 traces.
1010:visual: 204171 tests executed (0 marked as todo, 0 as flaky, 6 failures), 29 skipped.
d3d9:visual:1010 done (6) in 23s 3419B
d3dcompiler_47:asm start dlls/d3dcompiler_47/tests/asm.c
asm.c:1438: D3DAssemble messages:
C:\Users\Docker\AppData\Local\Temp\wct\Shader@0x00007FF6E0863223(3,1-9): error X2000: syntax error : unexpected token 'texldd_x2'
C:\Users\Docker\AppData\Local\Temp\wct\Shader@0x00007FF6E0863223(3,1-9): error X2024: invalid instruction modifiers 'texldd_x2'
asm.c:1438: D3DAssemble messages:
C:\Users\Docker\AppData\Local\Temp\wct\Shader@0x00007FF6E0863252(3,2-4): error X2027: instruction coissue is not supported in this shader version
asm.c:1438: D3DAssemble messages:
C:\Users\Docker\AppData\Local\Temp\wct\Shader@0x00007FF6E0863280(4,2-4): error X2027: instruction coissue is not supported in this shader version
asm.c:1438: D3DAssemble messages:
C:\Users\Docker\AppData\Local\Temp\wct\Shader@0x00007FF6E08632BE(2,2-3): error X2005: invalid register 'p0'
C:\Users\Docker\AppData\Local\Temp\wct\Shader@0x00007FF6E08632BE(2,6-8): error X2028: instruction predication is not supported in this shader version
asm.c:1438: Line has been silenced after 4 occurrences
asm.c:1458: include_type = 0, filename incl.vsh
asm.c:1459: parent_data (0000000000000000) -> (null)
asm.c:1601: D3DAssemble messages:
(1,1): error X2001: shader version expected
asm.c:1691: D3DPreprocess messages:
C:\Users\Docker\AppData\Local\Temp\wct\<memory>(3,3): error X1005: string continues past end of line
asm.c:1458: include_type = 0, filename incl.vsh
asm.c:1459: parent_data (0000000000000000) -> (null)
asm.c:1458: include_type = 0, filename incl2.vsh
asm.c:1459: parent_data (0000000000000000) -> (null)
asm.c:1458: include_type = 0, filename incl3.vsh
asm.c:1459: parent_data (000001DE72D91620) -> #include "incl3.vsh"

asm.c:1458: Line has been silenced after 4 occurrences
asm.c:1459: Line has been silenced after 4 occurrences
097c:asm: Silenced 0 todos, 0 skips and 52 traces.
097c:asm: 259 tests executed (0 marked as todo, 0 as flaky, 0 failures), 0 skipped.
d3dcompiler_47:asm:097c done (0) in 0s 1908B
d3dcompiler_47:blob start dlls/d3dcompiler_47/tests/blob.c
1338:blob: 258 tests executed (0 marked as todo, 0 as flaky, 0 failures), 0 skipped.
d3dcompiler_47:blob:1338 done (0) in 0s 86B
d3dcompiler_47:hlsl_d3d11 start dlls/d3dcompiler_47/tests/hlsl_d3d11.c
1f6c:hlsl_d3d11: 1064 tests executed (0 marked as todo, 0 as flaky, 0 failures), 0 skipped.
d3dcompiler_47:hlsl_d3d11:1f6c done (0) in 0s 93B
d3dcompiler_47:hlsl_d3d9 start dlls/d3dcompiler_47/tests/hlsl_d3d9.c
hlsl_d3d9.c:1857: Tests skipped: Failed to load d3dx9_36.dll.
1d8c:hlsl_d3d9: 0 tests executed (0 marked as todo, 0 as flaky, 0 failures), 1 skipped.
d3dcompiler_47:hlsl_d3d9:1d8c done (0) in 0s 152B
d3dcompiler_47:reflection start dlls/d3dcompiler_47/tests/reflection.c
06c8:reflection: 1348 tests executed (0 marked as todo, 0 as flaky, 0 failures), 0 skipped.
d3dcompiler_47:reflection:06c8 done (0) in 0s 93B
d3dxof:d3dxof start dlls/d3dxof/tests/d3dxof.c
d3dxof.c:415: Tests skipped: DirectXFileCreate is not available
d3dxof.c:482: Tests skipped: DirectXFileCreate is not available
d3dxof.c:552: Tests skipped: DirectXFileCreate is not available
d3dxof.c:621: Tests skipped: DirectXFileCreate is not available
d3dxof.c:658: Tests skipped: DirectXFileCreate is not available
d3dxof.c:700: Tests skipped: DirectXFileCreate is not available
d3dxof.c:783: Tests skipped: DirectXFileCreate is not available
d3dxof.c:891: Tests skipped: DirectXFileCreate is not available
d3dxof.c:986: Tests skipped: DirectXFileCreate is not available
d3dxof.c:1015: Tests skipped: DirectXFileCreate is not available
d3dxof.c:1035: Tests skipped: DirectXFileCreate is not available
233c:d3dxof: 0 tests executed (0 marked as todo, 0 as flaky, 0 failures), 11 skipped.
d3dxof:d3dxof:233c done (0) in 0s 804B
dataexchange:dataexchange start dlls/dataexchange/tests/dataexchange.c
1188:dataexchange: 32 tests executed (0 marked as todo, 0 as flaky, 0 failures), 0 skipped.
dataexchange:dataexchange:1188 done (0) in 0s 93B
dbgeng:dbgeng start dlls/dbgeng/tests/dbgeng.c
dbgeng.c:54: Test failed: Unexpected hr 0.
dbgeng.c:59: Test failed: Unexpected options 0x1000020.
dbgeng.c:90: Test failed: Unexpected hr 0.
dbgeng.c:93: Test failed: Unexpected hr 0.
dbgeng.c:98: Test failed: Unexpected options 0x1000001.
11cc:dbgeng: 2 tests executed (0 marked as todo, 0 as flaky, 0 failures), 0 skipped.
0d78:dbgeng: 2 tests executed (0 marked as todo, 0 as flaky, 0 failures), 0 skipped.
0fdc:dbgeng: 94 tests executed (0 marked as todo, 0 as flaky, 5 failures), 0 skipped.
dbgeng:dbgeng:0fdc done (5) in 0s 505B
dbghelp:dbghelp start dlls/dbghelp/tests/dbghelp.c
1c98:dbghelp: 3298 tests executed (0 marked as todo, 0 as flaky, 0 failures), 0 skipped.
dbghelp:dbghelp:1c98 done (0) in 8s 90B
dbghelp:minidump start dlls/dbghelp/tests/minidump.c
minidump.c:158: Test failed: streams_table[0]: Not expecting stream 13 to be present
minidump.c:158: Test failed: streams_table[1]: Not expecting stream 13 to be present
minidump.c:158: Test failed: streams_table[2]: Not expecting stream 13 to be present
minidump.c:158: Test failed: streams_table[3]: Not expecting stream 13 to be present
minidump.c:158: Test failed: streams_table[4]: Not expecting stream 13 to be present
minidump.c:158: Test failed: streams_table[5]: Not expecting stream 13 to be present
minidump.c:158: Test failed: streams_table[6]: Not expecting stream 13 to be present
minidump.c:158: Test failed: streams_table[7]: Not expecting stream 13 to be present
minidump.c:158: Test failed: streams_table[8]: Not expecting stream 13 to be present
minidump.c:515: Test failed: process_tests[0]: unexpected unknown memory locations
minidump.c:515: Test failed: process_tests[1]: unexpected unknown memory locations
minidump.c:515: Test failed: process_tests[2]: unexpected unknown memory locations
minidump.c:515: Test failed: process_tests[3]: unexpected unknown memory locations
1914:minidump: 2211 tests executed (0 marked as todo, 0 as flaky, 13 failures), 0 skipped.
dbghelp:minidump:1914 done (13) in 1s 1202B
dbghelp:path start dlls/dbghelp/tests/path.c
path.c:871: Test failed: pdb#00: SymSrvGetFileIndexInfo failed: 0
path.c:873: Test failed: pdb#00: Mismatch in age: 806d000c
path.c:871: Test failed: pdb#01: SymSrvGetFileIndexInfo failed: 0
path.c:873: Test failed: pdb#01: Mismatch in age: 806d000c
path.c:874: Test failed: pdb#01: Mismatch in guid: guid={00000000-0000-0000-0000-000000000000}
path.c:998: Test failed: path_pdb_0: SymSrvGetFileIndexInfo failed: 0 C:\Users\Docker\AppData\Local\Temp\dh.tmp\foobar.pdb
path.c:998: Test failed: path_pdb_1: SymSrvGetFileIndexInfo failed: 0 C:\Users\Docker\AppData\Local\Temp\dh.tmp\foobar.pdb
path.c:998: Test failed: path_pdb_2: SymSrvGetFileIndexInfo failed: 0 C:\Users\Docker\AppData\Local\Temp\dh.tmp\foobar.pdb
path.c:998: Test failed: path_pdb_3: SymSrvGetFileIndexInfo failed: 0 C:\Users\Docker\AppData\Local\Temp\dh.tmp\foobar.pdb
path.c:1413: Test failed: path_pdb_3: Couldn't find file: C:\Users\Docker\AppData\Local\Temp\dh.tmp\ 2
path.c:1419: Test failed: path_pdb_3: Mismatch in found file  (expecting )
path.c:998: Test failed: path_pdb_5: SymSrvGetFileIndexInfo failed: 0 C:\Users\Docker\AppData\Local\Temp\dh.tmp\A\foobar.pdb
path.c:998: Test failed: path_pdb_5: SymSrvGetFileIndexInfo failed: 0 C:\Users\Docker\AppData\Local\Temp\dh.tmp\B\foobar.pdb
path.c:1406: Test failed: path_pdb_5: Mismatch in cb count, got 2 (expected 1)
path.c:1413: Test failed: path_pdb_5: Couldn't find file: C:\Users\Docker\AppData\Local\Temp\dh.tmp\A;C:\Users\Docker\AppData\Local\Temp\dh.tmp\B 2
path.c:1419: Test failed: path_pdb_5: Mismatch in found file  (expecting A\)
path.c:998: Test failed: path_pdb_6: SymSrvGetFileIndexInfo failed: 0 C:\Users\Docker\AppData\Local\Temp\dh.tmp\B\foobar.pdb
path.c:998: Test failed: path_pdb_6: SymSrvGetFileIndexInfo failed: 0 C:\Users\Docker\AppData\Local\Temp\dh.tmp\A\foobar.pdb
path.c:1413: Test failed: path_pdb_6: Couldn't find file: C:\Users\Docker\AppData\Local\Temp\dh.tmp\B;C:\Users\Docker\AppData\Local\Temp\dh.tmp\A 2
path.c:1419: Test failed: path_pdb_6: Mismatch in found file  (expecting A\)
path.c:998: Test failed: path_pdb_7: SymSrvGetFileIndexInfo failed: 0 C:\Users\Docker\AppData\Local\Temp\dh.tmp\A\foobar.pdb
path.c:998: Test failed: path_pdb_7: SymSrvGetFileIndexInfo failed: 0 C:\Users\Docker\AppData\Local\Temp\dh.tmp\B\foobar.pdb
path.c:1406: Test failed: path_pdb_7: Mismatch in cb count, got 2 (expected 1)
path.c:1413: Test failed: path_pdb_7: Couldn't find file: C:\Users\Docker\AppData\Local\Temp\dh.tmp\A;C:\Users\Docker\AppData\Local\Temp\dh.tmp\B 2
path.c:1419: Test failed: path_pdb_7: Mismatch in found file  (expecting A\)
path.c:998: Test failed: path_pdb_8: SymSrvGetFileIndexInfo failed: 0 C:\Users\Docker\AppData\Local\Temp\dh.tmp\B\foobar.pdb
path.c:998: Test failed: path_pdb_8: SymSrvGetFileIndexInfo failed: 0 C:\Users\Docker\AppData\Local\Temp\dh.tmp\A\foobar.pdb
path.c:1406: Test failed: path_pdb_8: Mismatch in cb count, got 2 (expected 1)
path.c:1413: Test failed: path_pdb_8: Couldn't find file: C:\Users\Docker\AppData\Local\Temp\dh.tmp\B;C:\Users\Docker\AppData\Local\Temp\dh.tmp\A 2
path.c:1419: Test failed: path_pdb_8: Mismatch in found file  (expecting B\)
path.c:998: Test failed: path_pdb_9: SymSrvGetFileIndexInfo failed: 0 C:\Users\Docker\AppData\Local\Temp\dh.tmp\foobar.pdb
path.c:998: Test failed: path_pdb_10: SymSrvGetFileIndexInfo failed: 0 C:\Users\Docker\AppData\Local\Temp\dh.tmp\foobar.pdb
path.c:998: Test failed: path_pdb_11: SymSrvGetFileIndexInfo failed: 0 C:\Users\Docker\AppData\Local\Temp\dh.tmp\foobar.pdb
path.c:998: Test failed: path_pdb_12: SymSrvGetFileIndexInfo failed: 0 C:\Users\Docker\AppData\Local\Temp\dh.tmp\foobar.pdb
path.c:1413: Test failed: path_pdb_12: Couldn't find file: C:\Users\Docker\AppData\Local\Temp\dh.tmp\ 2
path.c:1419: Test failed: path_pdb_12: Mismatch in found file  (expecting )
path.c:998: Test failed: path_pdb_14: SymSrvGetFileIndexInfo failed: 0 C:\Users\Docker\AppData\Local\Temp\dh.tmp\A\foobar.pdb
path.c:998: Test failed: path_pdb_14: SymSrvGetFileIndexInfo failed: 0 C:\Users\Docker\AppData\Local\Temp\dh.tmp\B\foobar.pdb
path.c:1406: Test failed: path_pdb_14: Mismatch in cb count, got 2 (expected 1)
path.c:1413: Test failed: path_pdb_14: Couldn't find file: C:\Users\Docker\AppData\Local\Temp\dh.tmp\A;C:\Users\Docker\AppData\Local\Temp\dh.tmp\B 2
path.c:1419: Test failed: path_pdb_14: Mismatch in found file  (expecting A\)
path.c:998: Test failed: path_pdb_15: SymSrvGetFileIndexInfo failed: 0 C:\Users\Docker\AppData\Local\Temp\dh.tmp\B\foobar.pdb
path.c:998: Test failed: path_pdb_15: SymSrvGetFileIndexInfo failed: 0 C:\Users\Docker\AppData\Local\Temp\dh.tmp\A\foobar.pdb
path.c:1413: Test failed: path_pdb_15: Couldn't find file: C:\Users\Docker\AppData\Local\Temp\dh.tmp\B;C:\Users\Docker\AppData\Local\Temp\dh.tmp\A 2
path.c:1419: Test failed: path_pdb_15: Mismatch in found file  (expecting A\)
path.c:998: Test failed: path_pdb_16: SymSrvGetFileIndexInfo failed: 0 C:\Users\Docker\AppData\Local\Temp\dh.tmp\A\foobar.pdb
path.c:998: Test failed: path_pdb_16: SymSrvGetFileIndexInfo failed: 0 C:\Users\Docker\AppData\Local\Temp\dh.tmp\B\foobar.pdb
path.c:1406: Test failed: path_pdb_16: Mismatch in cb count, got 2 (expected 1)
path.c:1413: Test failed: path_pdb_16: Couldn't find file: C:\Users\Docker\AppData\Local\Temp\dh.tmp\A;C:\Users\Docker\AppData\Local\Temp\dh.tmp\B 2
path.c:1419: Test failed: path_pdb_16: Mismatch in found file  (expecting A\)
path.c:998: Test failed: path_pdb_17: SymSrvGetFileIndexInfo failed: 0 C:\Users\Docker\AppData\Local\Temp\dh.tmp\B\foobar.pdb
path.c:998: Test failed: path_pdb_17: SymSrvGetFileIndexInfo failed: 0 C:\Users\Docker\AppData\Local\Temp\dh.tmp\A\foobar.pdb
path.c:1406: Test failed: path_pdb_17: Mismatch in cb count, got 2 (expected 1)
path.c:1413: Test failed: path_pdb_17: Couldn't find file: C:\Users\Docker\AppData\Local\Temp\dh.tmp\B;C:\Users\Docker\AppData\Local\Temp\dh.tmp\A 2
path.c:1419: Test failed: path_pdb_17: Mismatch in found file  (expecting B\)
path.c:998: Test failed: path_pdb_18: SymSrvGetFileIndexInfo failed: 0 C:\Users\Docker\AppData\Local\Temp\dh.tmp\A\foobar.pdb
path.c:998: Test failed: path_pdb_18: SymSrvGetFileIndexInfo failed: 0 C:\Users\Docker\AppData\Local\Temp\dh.tmp\B\foobar.pdb
path.c:1406: Test failed: path_pdb_18: Mismatch in cb count, got 2 (expected 1)
path.c:1413: Test failed: path_pdb_18: Couldn't find file: C:\Users\Docker\AppData\Local\Temp\dh.tmp\A;C:\Users\Docker\AppData\Local\Temp\dh.tmp\B 2
path.c:1419: Test failed: path_pdb_18: Mismatch in found file  (expecting A\)
path.c:998: Test failed: path_pdb_19: SymSrvGetFileIndexInfo failed: 0 C:\Users\Docker\AppData\Local\Temp\dh.tmp\B\foobar.pdb
path.c:998: Test failed: path_pdb_19: SymSrvGetFileIndexInfo failed: 0 C:\Users\Docker\AppData\Local\Temp\dh.tmp\A\foobar.pdb
path.c:1413: Test failed: path_pdb_19: Couldn't find file: C:\Users\Docker\AppData\Local\Temp\dh.tmp\B;C:\Users\Docker\AppData\Local\Temp\dh.tmp\A 2
path.c:1419: Test failed: path_pdb_19: Mismatch in found file  (expecting A\)
path.c:998: Test failed: path_pdb_20: SymSrvGetFileIndexInfo failed: 0 C:\Users\Docker\AppData\Local\Temp\dh.tmp\A\foobar.pdb
path.c:998: Test failed: path_pdb_20: SymSrvGetFileIndexInfo failed: 0 C:\Users\Docker\AppData\Local\Temp\dh.tmp\B\foobar.pdb
path.c:1406: Test failed: path_pdb_20: Mismatch in cb count, got 2 (expected 1)
path.c:1413: Test failed: path_pdb_20: Couldn't find file: C:\Users\Docker\AppData\Local\Temp\dh.tmp\A;C:\Users\Docker\AppData\Local\Temp\dh.tmp\B 2
path.c:1419: Test failed: path_pdb_20: Mismatch in found file  (expecting A\)
path.c:998: Test failed: path_pdb_21: SymSrvGetFileIndexInfo failed: 0 C:\Users\Docker\AppData\Local\Temp\dh.tmp\B\foobar.pdb
path.c:998: Test failed: path_pdb_21: SymSrvGetFileIndexInfo failed: 0 C:\Users\Docker\AppData\Local\Temp\dh.tmp\A\foobar.pdb
path.c:1406: Test failed: path_pdb_21: Mismatch in cb count, got 2 (expected 1)
path.c:1413: Test failed: path_pdb_21: Couldn't find file: C:\Users\Docker\AppData\Local\Temp\dh.tmp\B;C:\Users\Docker\AppData\Local\Temp\dh.tmp\A 2
path.c:1419: Test failed: path_pdb_21: Mismatch in found file  (expecting B\)
path.c:998: Test failed: path_pdb_22: SymSrvGetFileIndexInfo failed: 0 C:\Users\Docker\AppData\Local\Temp\dh.tmp\A\foobar.pdb
path.c:998: Test failed: path_pdb_22: SymSrvGetFileIndexInfo failed: 0 C:\Users\Docker\AppData\Local\Temp\dh.tmp\B\foobar.pdb
path.c:1406: Test failed: path_pdb_22: Mismatch in cb count, got 2 (expected 1)
path.c:1413: Test failed: path_pdb_22: Couldn't find file: C:\Users\Docker\AppData\Local\Temp\dh.tmp\A;C:\Users\Docker\AppData\Local\Temp\dh.tmp\B 2
path.c:1419: Test failed: path_pdb_22: Mismatch in found file  (expecting A\)
path.c:998: Test failed: path_pdb_23: SymSrvGetFileIndexInfo failed: 0 C:\Users\Docker\AppData\Local\Temp\dh.tmp\B\foobar.pdb
path.c:998: Test failed: path_pdb_23: SymSrvGetFileIndexInfo failed: 0 C:\Users\Docker\AppData\Local\Temp\dh.tmp\A\foobar.pdb
path.c:1413: Test failed: path_pdb_23: Couldn't find file: C:\Users\Docker\AppData\Local\Temp\dh.tmp\B;C:\Users\Docker\AppData\Local\Temp\dh.tmp\A 2
path.c:1419: Test failed: path_pdb_23: Mismatch in found file  (expecting A\)
path.c:998: Test failed: path_pdb_24: SymSrvGetFileIndexInfo failed: 0 C:\Users\Docker\AppData\Local\Temp\dh.tmp\A\foobar.pdb
path.c:998: Test failed: path_pdb_24: SymSrvGetFileIndexInfo failed: 0 C:\Users\Docker\AppData\Local\Temp\dh.tmp\B\foobar.pdb
path.c:1406: Test failed: path_pdb_24: Mismatch in cb count, got 2 (expected 1)
path.c:1413: Test failed: path_pdb_24: Couldn't find file: C:\Users\Docker\AppData\Local\Temp\dh.tmp\A;C:\Users\Docker\AppData\Local\Temp\dh.tmp\B 2
path.c:1419: Test failed: path_pdb_24: Mismatch in found file  (expecting A\)
path.c:998: Test failed: path_pdb_25: SymSrvGetFileIndexInfo failed: 0 C:\Users\Docker\AppData\Local\Temp\dh.tmp\B\foobar.pdb
path.c:998: Test failed: path_pdb_25: SymSrvGetFileIndexInfo failed: 0 C:\Users\Docker\AppData\Local\Temp\dh.tmp\A\foobar.pdb
path.c:1406: Test failed: path_pdb_25: Mismatch in cb count, got 2 (expected 1)
path.c:1413: Test failed: path_pdb_25: Couldn't find file: C:\Users\Docker\AppData\Local\Temp\dh.tmp\B;C:\Users\Docker\AppData\Local\Temp\dh.tmp\A 2
path.c:1419: Test failed: path_pdb_25: Mismatch in found file  (expecting B\)
path.c:1618: Test failed: module_path_test 0: Unexpected symtype 0
path.c:1620: Test failed: module_path_test 0: Expected bar.pdb as loaded pdb file, got '' instead
path.c:1618: Test failed: module_path_test 1: Unexpected symtype 0
path.c:1620: Test failed: module_path_test 1: Expected bar.pdb as loaded pdb file, got '' instead
path.c:1618: Test failed: module_path_test 2: Unexpected symtype 0
path.c:1620: Test failed: module_path_test 2: Expected search.tmp\bar.pdb as loaded pdb file, got '' instead
path.c:1618: Test failed: module_path_test 3: Unexpected symtype 0
path.c:1620: Test failed: module_path_test 3: Expected search.tmp\bar.pdb as loaded pdb file, got '' instead
path.c:1618: Test failed: module_path_test 4: Unexpected symtype 0
path.c:1620: Test failed: module_path_test 4: Expected search.tmp\dll\bar.pdb as loaded pdb file, got '' instead
path.c:1618: Test failed: module_path_test 5: Unexpected symtype 0
path.c:1620: Test failed: module_path_test 5: Expected search.tmp\symbols\dll\bar.pdb as loaded pdb file, got '' instead
path.c:1618: Test failed: module_path_test 6: Unexpected symtype 0
path.c:1620: Test failed: module_path_test 6: Expected search.tmp\bar.pdb as loaded pdb file, got '' instead
path.c:1618: Test failed: module_path_test 7: Unexpected symtype 0
path.c:1620: Test failed: module_path_test 7: Expected search.tmp\dll\bar.pdb as loaded pdb file, got '' instead
path.c:1618: Test failed: module_path_test 8: Unexpected symtype 0
path.c:1620: Test failed: module_path_test 8: Expected search.tmp\symbols\dll\bar.pdb as loaded pdb file, got '' instead
path.c:1618: Test failed: module_path_test 11: Unexpected symtype 0
path.c:1620: Test failed: module_path_test 11: Expected search.tmp\dll\bar.pdb as loaded pdb file, got '' instead
path.c:1622: Test failed: module_path_test 11: Expected 33cafe as pdb-age, got 30cafe instead
path.c:1624: Test failed: module_path_test 11: Expecting matched PDB
path.c:1618: Test failed: module_path_test 12: Unexpected symtype 0
path.c:1620: Test failed: module_path_test 12: Expected search.tmp\bar.pdb as loaded pdb file, got '' instead
path.c:1622: Test failed: module_path_test 12: Expected 32cafe as pdb-age, got 30cafe instead
path.c:1624: Test failed: module_path_test 12: Expecting matched PDB
path.c:1618: Test failed: module_path_test 14: Unexpected symtype 0
path.c:1620: Test failed: module_path_test 14: Expected search.tmp\bar.pdb as loaded pdb file, got '' instead
path.c:1618: Test failed: module_path_test 15: Unexpected symtype 0
path.c:1620: Test failed: module_path_test 15: Expected search.tmp\bar.pdb as loaded pdb file, got '' instead
path.c:1618: Test failed: module_path_test 16: Unexpected symtype 0
path.c:1620: Test failed: module_path_test 16: Expected search.tmp\bar.pdb as loaded pdb file, got '' instead
path.c:1618: Test failed: module_path_test 17: Unexpected symtype 0
path.c:1620: Test failed: module_path_test 17: Expected search.tmp\bar.pdb as loaded pdb file, got '' instead
path.c:1618: Test failed: module_path_test 20: Unexpected symtype 0
path.c:1620: Test failed: module_path_test 20: Expected mismatch\bar.pdb as loaded pdb file, got '' instead
path.c:1622: Test failed: module_path_test 20: Expected 31cafe as pdb-age, got 30cafe instead
path.c:1624: Test failed: module_path_test 20: Expecting matched PDB
path.c:1618: Test failed: module_path_test 21: Unexpected symtype 0
path.c:1620: Test failed: module_path_test 21: Expected search.tmp\dll\bar.pdb as loaded pdb file, got '' instead
path.c:1622: Test failed: module_path_test 21: Expected 33cafe as pdb-age, got 30cafe instead
path.c:1624: Test failed: module_path_test 21: Expecting matched PDB
path.c:1842: Test failed: module_test 6: Unexpected module type 0
path.c:1850: Test failed: module_test 6: Unexpected value '
path.c:1851: Test failed: module_test 6: Unexpected value
path.c:1853: Test failed: module_test 6: Unexpected value {00000000-0000-0000-0000-000000000000} {1234abcd-3456-5678-a0b0-c0d0e0f00a0b}
path.c:1856: Test failed: module_test 6: Unexpected value
path.c:1842: Test failed: module_test 10: Unexpected module type 0
path.c:1877: Test failed: module_test 10: Unexpected value
1b28:path: 5519 tests executed (0 marked as todo, 0 as flaky, 142 failures), 0 skipped.
dbghelp:path:1b28 done (142) in 2s 14706B
ddrawex:ddrawex start dlls/ddrawex/tests/ddrawex.c
0e34:ddrawex: 12 tests executed (0 marked as todo, 0 as flaky, 0 failures), 0 skipped.
ddrawex:ddrawex:0e34 done (0) in 0s 88B
ddrawex:surface start dlls/ddrawex/tests/surface.c
035c:surface: 160 tests executed (0 marked as todo, 0 as flaky, 0 failures), 0 skipped.
ddrawex:surface:035c done (0) in 0s 89B
ddraw:d3d start dlls/ddraw/tests/d3d.c
d3d.c:2070: Tests skipped: Skipping d3d7 tests
d3d.c:2090: Tests skipped: Skipping d3d2 tests.
d3d.c:2098: Tests skipped: Skipping d3d1 tests
1120:d3d: 9 tests executed (0 marked as todo, 0 as flaky, 0 failures), 3 skipped.
ddraw:d3d:1120 done (0) in 0s 228B
ddraw:ddraw1 start dlls/ddraw/tests/ddraw1.c
ddraw1.c:16384: Driver string: "d3d10warp.dll"
ddraw1.c:16385: Description string: "Red Hat VirtIO GPU DOD controller"
ddraw1.c:16386: Driver version 0.0.0.0
ddraw1.c:135: Test failed: Failed to create foreground window
ddraw1.c:1285: Tests skipped: Failed to create a 3D device, skipping test.
ddraw1.c:1370: Tests skipped: Failed to create a 3D device, skipping test.
ddraw1.c:1521: Tests skipped: Failed to create a 3D device, skipping test.
ddraw1.c:1744: Tests skipped: Failed to create a 3D device, skipping test.
ddraw1.c:1744: Tests skipped: Failed to create a 3D device, skipping test.
ddraw1.c:1880: Tests skipped: Failed to create a 3D device, skipping test.
ddraw1.c:1880: Tests skipped: Failed to create a 3D device, skipping test.
ddraw1.c:2053: Tests skipped: Failed to create a 3D device, skipping test.
ddraw1.c:2213: Tests skipped: Failed to create a 3D device, skipping test.
ddraw1.c:2441: Tests skipped: Failed to create a 3D device, skipping test.
ddraw1.c:2524: Tests skipped: Failed to create a 3D device, skipping test.
ddraw1.c:2574: Test failed: Expected message 0x46, but didn't receive it.
ddraw1.c:2697: Test failed: Failed to set foreground window.
ddraw1.c:2705: Test failed: Failed to set foreground window.
ddraw1.c:2731: Test failed: Expected window style 0x14cf0000, got 0x4cf0000.
ddraw1.c:2734: Test failed: Expected window extended style 0x108, got 0x100.
ddraw1.c:2741: Test failed: Expected window extended style 0x108, got 0x100.
ddraw1.c:2750: Test failed: Expected window extended style 0x108, got 0x100.
ddraw1.c:2759: Test failed: Expected window extended style 0x108, got 0x100.
ddraw1.c:2762: Test failed: Failed to set foreground window.
ddraw1.c:2769: Test failed: Expected window style 0x14cf0000, got 0x4cf0000.
ddraw1.c:2772: Test failed: Expected window extended style 0x108, got 0x100.
ddraw1.c:2785: Test failed: Failed to set foreground window.
ddraw1.c:2810: Test failed: Failed to set foreground window.
ddraw1.c:2825: Test failed: Failed to set foreground window.
ddraw1.c:2834: Test failed: Expected window extended style 0x108, got 0x100.
ddraw1.c:2854: Test failed: Expected window extended style 0x108, got 0x100.
ddraw1.c:2857: Test failed: Failed to set foreground window.
ddraw1.c:2860: Test failed: Expected window style 0x34cf0000, got 0x14cf0000.
ddraw1.c:2863: Test failed: Expected window extended style 0x108, got 0x100.
ddraw1.c:2876: Test failed: Expected WS_EX_TOPMOST.
ddraw1.c:2893: Test failed: Expected WS_EX_TOPMOST.
ddraw1.c:3184: Test failed: Expected message 0x46, but didn't receive it.
ddraw1.c:3186: Test failed: Expected screen size 640x480, got 0x0.
ddraw1.c:3191: Test failed: Expected (0,0)-(640,480), got (0,0)-(848,480).
ddraw1.c:3205: Test failed: Expected message 0xf, but didn't receive it.
ddraw1.c:3239: Test failed: Expected message 0x46, but didn't receive it.
ddraw1.c:3241: Test failed: Expected screen size 848x480, got 0x0.
ddraw1.c:3246: Test failed: Expected (0,0)-(848,480), got (0,0)-(640,480).
ddraw1.c:3251: Test failed: Failed to set foreground window.
ddraw1.c:3252: Test failed: Expected message 0x6, but didn't receive it.
ddraw1.c:3257: Test failed: Got unexpected screen size 848x480.
ddraw1.c:924: Test failed: Got unexpected wparam 0 for message 0x1c, expected 0x1.
ddraw1.c:3263: Test failed: Expected message 0x5, but didn't receive it.
ddraw1.c:3266: Test failed: Expected (0,0)-(640,480), got (-32000,-32000)-(-31840,-31972).
ddraw1.c:3270: Test failed: Got unexpected screen size 1280x800.
ddraw1.c:3283: Test failed: Expected message 0x46, but didn't receive it.
ddraw1.c:3312: Test marked flaky: Expected message 0x46, but didn't receive it.
ddraw1.c:3315: Test marked flaky: Expected screen size 1280x800, got 0x0.
ddraw1.c:3322: Test marked flaky: Expected (0,0)-(1280,800), got (-8,-8)-(1288,760).
ddraw1.c:3337: Test marked flaky: Unexpected WM_PAINT.
ddraw1.c:3367: Test marked flaky: Expected (0,0)-(1280,800), got (-8,-8)-(1288,760).
ddraw1.c:3375: Test marked flaky: Expected (0,0)-(1280,800), got (-8,-8)-(1288,760).
ddraw1.c:3409: Test marked flaky: Expected (0,0)-(1280,800), got (-8,-8)-(1288,760).
ddraw1.c:3427: Test failed: Expected message 0x7e, but didn't receive it.
ddraw1.c:3433: Test marked flaky: Expected (0,0)-(1280,800), got (-8,-8)-(1288,760).
ddraw1.c:3457: Test failed: Expected message 0x7e, but didn't receive it.
ddraw1.c:3463: Test marked flaky: Expected (0,0)-(1280,800), got (-8,-8)-(1288,760).
ddraw1.c:3496: Test marked flaky: Expected (0,0)-(1280,800), got (-8,-8)-(1288,760).
ddraw1.c:3511: Test failed: Expected message 0x7e, but didn't receive it.
ddraw1.c:3517: Test marked flaky: Expected (0,0)-(1280,800), got (-8,-8)-(1288,760).
ddraw1.c:3561: Test marked flaky: Expected (0,0)-(1280,800), got (-8,-8)-(1288,760).
ddraw1.c:3572: Test marked flaky: Expected (0,0)-(1280,800), got (-8,-8)-(1288,760).
ddraw1.c:3606: Test marked flaky: Expected (0,0)-(1280,800), got (-8,-8)-(1288,760).
ddraw1.c:3624: Test failed: Expected message 0x7e, but didn't receive it.
ddraw1.c:3630: Test marked flaky: Expected (0,0)-(1280,800), got (-8,-8)-(1288,760).
ddraw1.c:3647: Test failed: Expected message 0x7e, but didn't receive it.
ddraw1.c:3653: Test marked flaky: Expected (0,0)-(1280,800), got (-8,-8)-(1288,760).
ddraw1.c:3686: Test marked flaky: Expected (0,0)-(1280,800), got (-8,-8)-(1288,760).
ddraw1.c:3701: Test failed: Expected message 0x7e, but didn't receive it.
ddraw1.c:3707: Test marked flaky: Expected (0,0)-(1280,800), got (-8,-8)-(1288,760).
ddraw1.c:3759: Test marked flaky: Expected (0,0)-(1280,800), got (-8,-8)-(1288,760).
ddraw1.c:3800: Test marked flaky: Expected (0,0)-(640,480), got (-8,-8)-(1288,760).
ddraw1.c:4105: Tests skipped: Following tests require two monitors.
ddraw1.c:4334: Tests skipped: D3D interface is not available, skipping test.
ddraw1.c:4426: Tests skipped: Failed to create a 3D device, skipping test.
ddraw1.c:4529: Test failed: Expected WM_ACTIVATEAPP, but did not receive it.
ddraw1.c:4541: Test failed: Expected WM_ACTIVATEAPP, but did not receive it.
ddraw1.c:4553: Test failed: Expected WM_ACTIVATEAPP, but did not receive it.
ddraw1.c:4575: Test failed: Expected WM_ACTIVATEAPP, but did not receive it.
ddraw1.c:4658: Tests skipped: Failed to create a 3D device, skipping test.
ddraw1.c:4890: Tests skipped: Failed to create a 3D device, skipping test.
ddraw1.c:4890: Tests skipped: Failed to create a 3D device, skipping test.
ddraw1.c:5230: Tests skipped: Failed to create a 3D device, skipping test.
ddraw1.c:5322: Tests skipped: Failed to create a 3D device, skipping test.
ddraw1.c:5675: Tests skipped: Failed to set 8 bpp display mode, skipping test.
ddraw1.c:6932: Tests skipped: Failed to create a 3D device, skipping test.
ddraw1.c:7164: Tests skipped: Failed to create a 3D device, skipping test.
ddraw1.c:7585: Tests skipped: Failed to create a 3D device, skipping test.
ddraw1.c:7902: Tests skipped: Failed to set 8 bpp display mode, skipping test.
ddraw1.c:8087: Tests skipped: Failed to set 8 bpp display mode, skipping test.
ddraw1.c:8282: Test failed: Failed to set foreground window.
ddraw1.c:8284: Test failed: Got unexpected hr 0.
ddraw1.c:8286: Test failed: Got unexpected hr 0.
ddraw1.c:8288: Test failed: Got unexpected hr 0.
ddraw1.c:8290: Test failed: Got unexpected hr 0.
ddraw1.c:8300: Test failed: Got unexpected hr 0.
ddraw1.c:8302: Test failed: Got unexpected hr 0.
ddraw1.c:8304: Test failed: Got unexpected hr 0.
ddraw1.c:8308: Test failed: Failed to set foreground window.
ddraw1.c:8310: Test failed: Got unexpected hr 0.
ddraw1.c:8312: Test failed: Got unexpected hr 0.
ddraw1.c:8318: Test failed: Got unexpected hr 0.
ddraw1.c:8366: Test failed: Failed to set foreground window.
ddraw1.c:8378: Test failed: Failed to set foreground window.
ddraw1.c:8674: Tests skipped: Failed to create a 3D device, skipping test.
ddraw1.c:9090: Tests skipped: Failed to create a 3D device, skipping test.
ddraw1.c:9305: Tests skipped: Failed to create a 3D device, skipping test.
ddraw1.c:9723: Tests skipped: Failed to create a 3D device, skipping test.
ddraw1.c:10145: Tests skipped: Failed to create a 3D device, skipping test.
ddraw1.c:10393: Tests skipped: Failed to create a YV12 overlay, skipping test.
ddraw1.c:10515: Tests skipped: Failed to create a UYVY overlay, skipping test.
ddraw1.c:10595: Tests skipped: Failed to create a UYVY overlay, skipping test.
ddraw1.c:10713: Tests skipped: Failed to create a 3D device, skipping test.
ddraw1.c:10877: Tests skipped: Failed to create a 3D device.
ddraw1.c:11078: Tests skipped: Failed to create surface for format D3DFMT_A2R10G10B10 (hr 0x88760091), skipping tests.
ddraw1.c:11449: Tests skipped: Failed to create a 3D device, skipping test.
ddraw1.c:12205: Tests skipped: Failed to create a 3D device, skipping test.
ddraw1.c:12845: Tests skipped: Failed to create a D3D device, skipping tests.
ddraw1.c:12950: Tests skipped: Failed to create a 3D device, skipping test.
ddraw1.c:13407: Tests skipped: Failed to create a 3D device, skipping test.
ddraw1.c:13573: Tests skipped: Failed to create a 3D device, skipping test.
ddraw1.c:13744: Tests skipped: D3D interface is not available, skipping test.
ddraw1.c:13900: Test failed: WM_KILLFOCUS was not received.
ddraw1.c:13936: Test failed: Got unexpected hr 0x887600e1.
ddraw1.c:13939: Test failed: Got unexpected hr 0x887600ff.
ddraw1.c:13940: this is the last test seen before the exception
1424:ddraw1: unhandled exception c0000005 at 00007FF7DE08F16C
ddraw:ddraw1:1424 done (-1073741819) in 13s 9624B
ddraw:ddraw2 start dlls/ddraw/tests/ddraw2.c
ddraw2.c:17455: Driver string: "d3d10warp.dll"
ddraw2.c:17456: Description string: "Red Hat VirtIO GPU DOD controller"
ddraw2.c:17457: Driver version 0.0.0.0
ddraw2.c:136: Test failed: Failed to create foreground window
ddraw2.c:1145: Tests skipped: Skipping test that crashes WARP occasionally.
ddraw2.c:1269: Tests skipped: Failed to create a 3D device, skipping test.
ddraw2.c:1403: Tests skipped: Failed to create a 3D device, skipping test.
ddraw2.c:1403: Tests skipped: Failed to create a 3D device, skipping test.
ddraw2.c:1590: Tests skipped: Could not get Direct3DTexture interface, skipping texture::Load color keying tests.
ddraw2.c:1705: Tests skipped: Failed to create a 3D device, skipping test.
ddraw2.c:1939: Tests skipped: Failed to create a 3D device, skipping test.
ddraw2.c:1939: Tests skipped: Failed to create a 3D device, skipping test.
ddraw2.c:2054: Tests skipped: Failed to create a 3D device, skipping test.
ddraw2.c:2054: Tests skipped: Failed to create a 3D device, skipping test.
ddraw2.c:2191: Tests skipped: Failed to create a 3D device, skipping test.
ddraw2.c:2295: Tests skipped: Failed to create a 3D device, skipping test.
ddraw2.c:2523: Tests skipped: Failed to create a 3D device, skipping test.
ddraw2.c:2605: Tests skipped: Failed to create a 3D device, skipping test.
ddraw2.c:2655: Test failed: Expected message 0x46, but didn't receive it.
ddraw2.c:2778: Test failed: Failed to set foreground window.
ddraw2.c:2786: Test failed: Failed to set foreground window.
ddraw2.c:2812: Test failed: Expected window style 0x14cf0000, got 0x4cf0000.
ddraw2.c:2815: Test failed: Expected window extended style 0x108, got 0x100.
ddraw2.c:2822: Test failed: Expected window extended style 0x108, got 0x100.
ddraw2.c:2831: Test failed: Expected window extended style 0x108, got 0x100.
ddraw2.c:2840: Test failed: Expected window extended style 0x108, got 0x100.
ddraw2.c:2843: Test failed: Failed to set foreground window.
ddraw2.c:2850: Test failed: Expected window style 0x14cf0000, got 0x4cf0000.
ddraw2.c:2853: Test failed: Expected window extended style 0x108, got 0x100.
ddraw2.c:2866: Test failed: Failed to set foreground window.
ddraw2.c:2891: Test failed: Failed to set foreground window.
ddraw2.c:2906: Test failed: Failed to set foreground window.
ddraw2.c:2915: Test failed: Expected window extended style 0x108, got 0x100.
ddraw2.c:2935: Test failed: Expected window extended style 0x108, got 0x100.
ddraw2.c:2938: Test failed: Failed to set foreground window.
ddraw2.c:2941: Test failed: Expected window style 0x34cf0000, got 0x14cf0000.
ddraw2.c:2944: Test failed: Expected window extended style 0x108, got 0x100.
ddraw2.c:2957: Test failed: Expected WS_EX_TOPMOST.
ddraw2.c:2974: Test failed: Expected WS_EX_TOPMOST.
ddraw2.c:3281: Test failed: Expected message 0x46, but didn't receive it.
ddraw2.c:3283: Test failed: Expected screen size 640x480, got 0x0.
ddraw2.c:3288: Test failed: Expected (0,0)-(640,480), got (0,0)-(848,480).
ddraw2.c:3302: Test failed: Expected message 0xf, but didn't receive it.
ddraw2.c:3336: Test failed: Expected message 0x46, but didn't receive it.
ddraw2.c:3338: Test failed: Expected screen size 848x480, got 0x0.
ddraw2.c:3343: Test failed: Expected (0,0)-(848,480), got (0,0)-(640,480).
ddraw2.c:3348: Test failed: Failed to set foreground window.
ddraw2.c:3349: Test failed: Expected message 0x6, but didn't receive it.
ddraw2.c:3354: Test failed: Got unexpected screen size 848x480.
ddraw2.c:3360: Test failed: Expected message 0x7e, but didn't receive it.
ddraw2.c:3363: Test failed: Expected (0,0)-(640,480), got (-32000,-32000)-(-31840,-31972).
ddraw2.c:3367: Test failed: Got unexpected screen size 1280x800.
ddraw2.c:3380: Test failed: Expected message 0x46, but didn't receive it.
ddraw2.c:3409: Test marked flaky: Expected message 0x46, but didn't receive it.
ddraw2.c:3412: Test marked flaky: Expected screen size 1280x800, got 0x0.
ddraw2.c:3419: Test marked flaky: Expected (0,0)-(1280,800), got (-8,-8)-(1288,760).
ddraw2.c:3464: Test marked flaky: Expected (0,0)-(1280,800), got (-8,-8)-(1288,760).
ddraw2.c:3472: Test marked flaky: Expected (0,0)-(1280,800), got (-8,-8)-(1288,760).
ddraw2.c:3506: Test marked flaky: Expected (0,0)-(1280,800), got (-8,-8)-(1288,760).
ddraw2.c:3524: Test failed: Expected message 0x7e, but didn't receive it.
ddraw2.c:3530: Test marked flaky: Expected (0,0)-(1280,800), got (-8,-8)-(1288,760).
ddraw2.c:3554: Test failed: Expected message 0x7e, but didn't receive it.
ddraw2.c:3560: Test marked flaky: Expected (0,0)-(1280,800), got (-8,-8)-(1288,760).
ddraw2.c:3593: Test marked flaky: Expected (0,0)-(1280,800), got (-8,-8)-(1288,760).
ddraw2.c:3608: Test failed: Expected message 0x7e, but didn't receive it.
ddraw2.c:3614: Test marked flaky: Expected (0,0)-(1280,800), got (-8,-8)-(1288,760).
ddraw2.c:3658: Test marked flaky: Expected (0,0)-(1280,800), got (-8,-8)-(1288,760).
ddraw2.c:3669: Test marked flaky: Expected (0,0)-(1280,800), got (-8,-8)-(1288,760).
ddraw2.c:3703: Test marked flaky: Expected (0,0)-(1280,800), got (-8,-8)-(1288,760).
ddraw2.c:3721: Test failed: Expected message 0x7e, but didn't receive it.
ddraw2.c:3727: Test marked flaky: Expected (0,0)-(1280,800), got (-8,-8)-(1288,760).
ddraw2.c:3744: Test failed: Expected message 0x7e, but didn't receive it.
ddraw2.c:3750: Test marked flaky: Expected (0,0)-(1280,800), got (-8,-8)-(1288,760).
ddraw2.c:3783: Test marked flaky: Expected (0,0)-(1280,800), got (-8,-8)-(1288,760).
ddraw2.c:3798: Test failed: Expected message 0x7e, but didn't receive it.
ddraw2.c:3804: Test marked flaky: Expected (0,0)-(1280,800), got (-8,-8)-(1288,760).
ddraw2.c:3856: Test marked flaky: Expected (0,0)-(1280,800), got (-8,-8)-(1288,760).
ddraw2.c:3873: Test failed: Expected message 0x47, but didn't receive it.
ddraw2.c:3875: Test failed: Expected screen size 1280x800, got 0x0.
ddraw2.c:3882: Test failed: Expected (0,0)-(1280,800), got (-8,-8)-(648,440).
ddraw2.c:3958: Test failed: Expected message 0x47, but didn't receive it.
ddraw2.c:3962: Test failed: Expected screen size 2 1280x800, got 0x0.
ddraw2.c:3968: Test marked flaky: Expected (0,0)-(640,480), got (-8,-8)-(648,440).
ddraw2.c:3971: Test failed: Expected (0,0)-(1280,800), got (0,0)-(136,100).
ddraw2.c:4001: Test marked flaky: Expected (0,0)-(640,480), got (-8,-8)-(648,440).
ddraw2.c:4308: Tests skipped: Following tests require two monitors.
ddraw2.c:4610: Tests skipped: Failed to create a 3D device, skipping test.
ddraw2.c:4871: Tests skipped: Failed to create a 3D device, skipping test.
ddraw2.c:4994: Test failed: Expected WM_ACTIVATEAPP, but did not receive it.
ddraw2.c:5006: Test failed: Expected WM_ACTIVATEAPP, but did not receive it.
ddraw2.c:5018: Test failed: Expected WM_ACTIVATEAPP, but did not receive it.
ddraw2.c:5040: Test failed: Expected WM_ACTIVATEAPP, but did not receive it.
ddraw2.c:5123: Tests skipped: Failed to create a 3D device, skipping test.
ddraw2.c:5399: Tests skipped: Failed to create a 3D device, skipping test.
ddraw2.c:5399: Tests skipped: Failed to create a 3D device, skipping test.
ddraw2.c:5817: Tests skipped: Failed to create a 3D device, skipping test.
ddraw2.c:5909: Tests skipped: Failed to create a 3D device, skipping test.
ddraw2.c:6817: Tests skipped: Failed to set 8 bpp display mode, skipping test.
ddraw2.c:8082: Tests skipped: Failed to create a 3D device, skipping test.
ddraw2.c:8298: Tests skipped: Failed to create a 3D device, skipping test.
ddraw2.c:8655: Tests skipped: Failed to create a 3D device, skipping test.
ddraw2.c:8935: Tests skipped: Failed to set 8 bpp display mode, skipping test.
ddraw2.c:9121: Tests skipped: Failed to set 8 bpp display mode, skipping test.
ddraw2.c:9323: Test failed: Failed to set foreground window.
ddraw2.c:9325: Test failed: Got unexpected hr 0.
ddraw2.c:9327: Test failed: Got unexpected hr 0.
ddraw2.c:9329: Test failed: Got unexpected hr 0.
ddraw2.c:9331: Test failed: Got unexpected hr 0.
ddraw2.c:9341: Test failed: Got unexpected hr 0.
ddraw2.c:9343: Test failed: Got unexpected hr 0.
ddraw2.c:9345: Test failed: Got unexpected hr 0.
ddraw2.c:9349: Test failed: Failed to set foreground window.
ddraw2.c:9351: Test failed: Got unexpected hr 0.
ddraw2.c:9353: Test failed: Got unexpected hr 0.
ddraw2.c:9359: Test failed: Got unexpected hr 0.
ddraw2.c:9379: Test failed: Got unexpected hr 0.
ddraw2.c:9381: Test failed: Got unexpected hr 0x887600e1.
ddraw2.c:9387: Test failed: Got unexpected hr 0.
ddraw2.c:9406: Test failed: Failed to set foreground window.
ddraw2.c:9418: Test failed: Failed to set foreground window.
ddraw2.c:9711: Tests skipped: Failed to create a 3D device, skipping test.
ddraw2.c:10013: Tests skipped: Failed to create a 3D device, skipping test.
ddraw2.c:10228: Tests skipped: Failed to create a 3D device, skipping test.
ddraw2.c:10643: Tests skipped: Failed to create a 3D device, skipping test.
ddraw2.c:11042: Tests skipped: Failed to create a 3D device, skipping test.
ddraw2.c:11271: Tests skipped: Failed to create a YV12 overlay, skipping test.
ddraw2.c:11393: Tests skipped: Failed to create a UYVY overlay, skipping test.
ddraw2.c:11473: Tests skipped: Failed to create a UYVY overlay, skipping test.
ddraw2.c:11591: Tests skipped: Failed to create a 3D device, skipping test.
ddraw2.c:11755: Tests skipped: Failed to create a 3D device.
ddraw2.c:11956: Tests skipped: Failed to create surface for format D3DFMT_A2R10G10B10 (hr 0x88760091), skipping tests.
ddraw2.c:12243: Tests skipped: Failed to create a 3D device, skipping test.
ddraw2.c:12323: Tests skipped: Failed to create a 3D device.
ddraw2.c:12600: Tests skipped: Failed to create a 3D device, skipping test.
ddraw2.c:13928: Tests skipped: Failed to create 3D device.
ddraw2.c:13998: Tests skipped: Failed to create a D3D device, skipping tests.
ddraw2.c:14116: Tests skipped: Failed to create a 3D device, skipping test.
ddraw2.c:14606: Tests skipped: Failed to create a 3D device, skipping test.
ddraw2.c:14794: Tests skipped: D3D interface is not available, skipping test.
ddraw2.c:14950: Test failed: WM_KILLFOCUS was not received.
ddraw2.c:14986: Test failed: Got unexpected hr 0x887600e1.
ddraw2.c:14989: Test failed: Got unexpected hr 0x887600ff.
ddraw2.c:14990: this is the last test seen before the exception
03c0:ddraw2: unhandled exception c0000005 at 00007FF7DE1117BB
ddraw:ddraw2:03c0 done (-1073741819) in 16s 10487B
ddraw:ddraw4 start dlls/ddraw/tests/ddraw4.c
ddraw4.c:20536: Driver string: "d3d10warp.dll"
ddraw4.c:20537: Description string: "Red Hat VirtIO GPU DOD controller"
ddraw4.c:20538: Driver version 0.0.0.0
ddraw4.c:142: Test failed: Failed to create foreground window
ddraw4.c:836: Tests skipped: Failed to create a 3D device, skipping test.
ddraw4.c:1336: Tests skipped: Failed to create a 3D device, skipping test.
ddraw4.c:1470: Tests skipped: D3D interface is not available, skipping test.
ddraw4.c:1581: Tests skipped: Failed to create a 3D device, skipping test.
ddraw4.c:1581: Tests skipped: Failed to create a 3D device, skipping test.
ddraw4.c:1766: Tests skipped: Could not get Direct3DTexture2 interface, skipping texture::Load color keying tests.
ddraw4.c:1874: Tests skipped: Failed to create a 3D device, skipping test.
ddraw4.c:2186: Tests skipped: Failed to create a 3D device, skipping test.
ddraw4.c:2186: Tests skipped: Failed to create a 3D device, skipping test.
ddraw4.c:2298: Tests skipped: Failed to create a 3D device, skipping test.
ddraw4.c:2298: Tests skipped: Failed to create a 3D device, skipping test.
ddraw4.c:2434: Tests skipped: Failed to create a 3D device, skipping test.
ddraw4.c:2535: Tests skipped: Failed to create a 3D device, skipping test.
ddraw4.c:2765: Tests skipped: Failed to create a 3D device, skipping test.
ddraw4.c:2847: Tests skipped: Failed to create a 3D device, skipping test.
ddraw4.c:2895: Test failed: Expected message 0x46, but didn't receive it.
ddraw4.c:3018: Test failed: Failed to set foreground window.
ddraw4.c:3026: Test failed: Failed to set foreground window.
ddraw4.c:3052: Test failed: Expected window style 0x14cf0000, got 0x4cf0000.
ddraw4.c:3055: Test failed: Expected window extended style 0x108, got 0x100.
ddraw4.c:3062: Test failed: Expected window extended style 0x108, got 0x100.
ddraw4.c:3071: Test failed: Expected window extended style 0x108, got 0x100.
ddraw4.c:3080: Test failed: Expected window extended style 0x108, got 0x100.
ddraw4.c:3083: Test failed: Failed to set foreground window.
ddraw4.c:3090: Test failed: Expected window style 0x14cf0000, got 0x4cf0000.
ddraw4.c:3093: Test failed: Expected window extended style 0x108, got 0x100.
ddraw4.c:3106: Test failed: Failed to set foreground window.
ddraw4.c:3131: Test failed: Failed to set foreground window.
ddraw4.c:3146: Test failed: Failed to set foreground window.
ddraw4.c:3155: Test failed: Expected window extended style 0x108, got 0x100.
ddraw4.c:3175: Test failed: Expected window extended style 0x108, got 0x100.
ddraw4.c:3178: Test failed: Failed to set foreground window.
ddraw4.c:3181: Test failed: Expected window style 0x34cf0000, got 0x14cf0000.
ddraw4.c:3184: Test failed: Expected window extended style 0x108, got 0x100.
ddraw4.c:3197: Test failed: Expected WS_EX_TOPMOST.
ddraw4.c:3214: Test failed: Expected WS_EX_TOPMOST.
ddraw4.c:3521: Test failed: Expected message 0x46, but didn't receive it.
ddraw4.c:3523: Test failed: Expected screen size 640x480, got 0x0.
ddraw4.c:3528: Test failed: Expected (0,0)-(640,480), got (0,0)-(848,480).
ddraw4.c:3542: Test failed: Expected message 0xf, but didn't receive it.
ddraw4.c:3576: Test failed: Expected message 0x46, but didn't receive it.
ddraw4.c:3578: Test failed: Expected screen size 848x480, got 0x0.
ddraw4.c:3583: Test failed: Expected (0,0)-(848,480), got (0,0)-(640,480).
ddraw4.c:3589: Test failed: Failed to set foreground window.
ddraw4.c:3590: Test failed: Expected message 0x6, but didn't receive it.
ddraw4.c:3597: Test failed: Got unexpected screen size 848x480.
ddraw4.c:3603: Test failed: Expected message 0x7e, but didn't receive it.
ddraw4.c:3606: Test failed: Expected (0,0)-(640,480), got (-32000,-32000)-(-31840,-31972).
ddraw4.c:3610: Test failed: Got unexpected screen size 1280x800.
ddraw4.c:3623: Test failed: Expected message 0x46, but didn't receive it.
ddraw4.c:3652: Test marked flaky: Expected message 0x46, but didn't receive it.
ddraw4.c:3655: Test marked flaky: Expected screen size 1280x800, got 0x0.
ddraw4.c:3662: Test marked flaky: Expected (0,0)-(1280,800), got (-8,-8)-(1288,760).
ddraw4.c:3707: Test marked flaky: Expected (0,0)-(1280,800), got (-8,-8)-(1288,760).
ddraw4.c:3715: Test marked flaky: Expected (0,0)-(1280,800), got (-8,-8)-(1288,760).
ddraw4.c:3749: Test marked flaky: Expected (0,0)-(1280,800), got (-8,-8)-(1288,760).
ddraw4.c:3767: Test failed: Expected message 0x7e, but didn't receive it.
ddraw4.c:3773: Test marked flaky: Expected (0,0)-(1280,800), got (-8,-8)-(1288,760).
ddraw4.c:3790: Test failed: Expected message 0x7e, but didn't receive it.
ddraw4.c:3796: Test marked flaky: Expected (0,0)-(1280,800), got (-8,-8)-(1288,760).
ddraw4.c:3829: Test marked flaky: Expected (0,0)-(1280,800), got (-8,-8)-(1288,760).
ddraw4.c:3844: Test failed: Expected message 0x7e, but didn't receive it.
ddraw4.c:3850: Test marked flaky: Expected (0,0)-(1280,800), got (-8,-8)-(1288,760).
ddraw4.c:3894: Test marked flaky: Expected (0,0)-(1280,800), got (-8,-8)-(1288,760).
ddraw4.c:3905: Test marked flaky: Expected (0,0)-(1280,800), got (-8,-8)-(1288,760).
ddraw4.c:3939: Test marked flaky: Expected (0,0)-(1280,800), got (-8,-8)-(1288,760).
ddraw4.c:3957: Test failed: Expected message 0x7e, but didn't receive it.
ddraw4.c:3963: Test marked flaky: Expected (0,0)-(1280,800), got (-8,-8)-(1288,760).
ddraw4.c:3980: Test failed: Expected message 0x7e, but didn't receive it.
ddraw4.c:3986: Test marked flaky: Expected (0,0)-(1280,800), got (-8,-8)-(1288,760).
ddraw4.c:4019: Test marked flaky: Expected (0,0)-(1280,800), got (-8,-8)-(1288,760).
ddraw4.c:4034: Test failed: Expected message 0x7e, but didn't receive it.
ddraw4.c:4040: Test marked flaky: Expected (0,0)-(1280,800), got (-8,-8)-(1288,760).
ddraw4.c:4092: Test marked flaky: Expected (0,0)-(1280,800), got (-8,-8)-(1288,760).
ddraw4.c:4109: Test failed: Expected message 0x47, but didn't receive it.
ddraw4.c:4111: Test failed: Expected screen size 1280x800, got 0x0.
ddraw4.c:4118: Test failed: Expected (0,0)-(1280,800), got (-8,-8)-(648,440).
ddraw4.c:4194: Test failed: Expected message 0x47, but didn't receive it.
ddraw4.c:4198: Test failed: Expected screen size 2 1280x800, got 0x0.
ddraw4.c:4204: Test marked flaky: Expected (0,0)-(640,480), got (-8,-8)-(648,440).
ddraw4.c:4207: Test failed: Expected (0,0)-(1280,800), got (0,0)-(136,100).
ddraw4.c:4237: Test marked flaky: Expected (0,0)-(640,480), got (-8,-8)-(648,440).
ddraw4.c:4536: Tests skipped: Following tests require two monitors.
ddraw4.c:4821: Tests skipped: Failed to create a 3D device, skipping test.
ddraw4.c:4928: Tests skipped: Failed to create a 3D device, skipping test.
ddraw4.c:5099: Tests skipped: Failed to create a 3D device, skipping test.
ddraw4.c:5578: Tests skipped: Failed to create a 3D device, skipping test.
ddraw4.c:5765: Tests skipped: Failed to create a 3D device, skipping test.
ddraw4.c:6070: Tests skipped: Failed to create a 3D device, skipping test.
ddraw4.c:6187: Test failed: Expected WM_ACTIVATEAPP, but did not receive it.
ddraw4.c:6199: Test failed: Expected WM_ACTIVATEAPP, but did not receive it.
ddraw4.c:6211: Test failed: Expected WM_ACTIVATEAPP, but did not receive it.
ddraw4.c:6233: Test failed: Expected WM_ACTIVATEAPP, but did not receive it.
ddraw4.c:6505: Tests skipped: Failed to create a 3D device, skipping test.
ddraw4.c:6728: Tests skipped: Failed to create a 3D device, skipping test.
ddraw4.c:7027: Tests skipped: D3D interface is not available, skipping test.
ddraw4.c:7027: Tests skipped: D3D interface is not available, skipping test.
ddraw4.c:7467: Tests skipped: D3D interface is not available, skipping test.
ddraw4.c:7569: Tests skipped: Failed to create a 3D device, skipping test.
ddraw4.c:8499: Tests skipped: Failed to set 8 bpp display mode, skipping test.
ddraw4.c:9990: Tests skipped: Failed to create a 3D device, skipping test.
ddraw4.c:10249: Tests skipped: Failed to set 8 bpp display mode, skipping test.
ddraw4.c:10434: Tests skipped: Failed to set 8 bpp display mode, skipping test.
ddraw4.c:10576: Tests skipped: Failed to create a 3D device, skipping test.
ddraw4.c:10697: Test failed: Failed to set foreground window.
ddraw4.c:10699: Test failed: Got unexpected hr 0.
ddraw4.c:10701: Test failed: Got unexpected hr 0.
ddraw4.c:10703: Test failed: Got unexpected hr 0.
ddraw4.c:10705: Test failed: Got unexpected hr 0.
ddraw4.c:10707: Test failed: Got unexpected hr 0.
ddraw4.c:10717: Test failed: Got unexpected hr 0.
ddraw4.c:10719: Test failed: Got unexpected hr 0.
ddraw4.c:10721: Test failed: Got unexpected hr 0.
ddraw4.c:10725: Test failed: Failed to set foreground window.
ddraw4.c:10729: Test failed: Got unexpected hr 0.
ddraw4.c:10731: Test failed: Got unexpected hr 0.
ddraw4.c:10737: Test failed: Got unexpected hr 0.
ddraw4.c:10761: Test failed: Got unexpected hr 0.
ddraw4.c:10763: Test failed: Got unexpected hr 0x887600e1.
ddraw4.c:10769: Test failed: Got unexpected hr 0.
ddraw4.c:10797: Test failed: Failed to set foreground window.
ddraw4.c:10811: Test failed: Failed to set foreground window.
ddraw4.c:11137: Tests skipped: Failed to create a 3D device, skipping test.
ddraw4.c:11649: Tests skipped: Failed to create a 3D device, skipping test.
ddraw4.c:11959: Tests skipped: Failed to create a 3D device, skipping test.
ddraw4.c:12346: Tests skipped: Failed to create a 3D device, skipping test.
ddraw4.c:12569: Tests skipped: Failed to create a 3D device, skipping test.
ddraw4.c:12978: Tests skipped: Failed to create a 3D device, skipping test.
ddraw4.c:13240: Tests skipped: Failed to create a YV12 overlay, skipping test.
ddraw4.c:13362: Tests skipped: Failed to create a UYVY overlay, skipping test.
ddraw4.c:13442: Tests skipped: Failed to create a UYVY overlay, skipping test.
ddraw4.c:13559: Tests skipped: Failed to create a 3D device, skipping test.
ddraw4.c:13727: Tests skipped: Failed to create a 3D device.
ddraw4.c:13874: Tests skipped: Failed to create a 3D device, skipping test.
ddraw4.c:14029: Tests skipped: Failed to create surface for format D3DFMT_A2R10G10B10 (hr 0x88760091), skipping tests.
ddraw4.c:14313: Tests skipped: Failed to create a 3D device, skipping test.
ddraw4.c:14444: Tests skipped: Failed to create a 3D device.
ddraw4.c:14732: Tests skipped: Failed to create a 3D device.
ddraw4.c:16133: Tests skipped: Failed to create a 3D device, skipping test.
ddraw4.c:16247: Tests skipped: Failed to create a 3D device, skipping test.
ddraw4.c:16295: Tests skipped: Failed to create 3D device.
ddraw4.c:16345: Tests skipped: Failed to create 3D device.
ddraw4.c:16437: Tests skipped: Failed to create a D3D device, skipping tests.
ddraw4.c:16612: Tests skipped: Failed to create a D3D device, skipping tests.
ddraw4.c:16740: Tests skipped: Failed to create 3D device.
ddraw4.c:17215: Tests skipped: Failed to create a 3D device, skipping test.
ddraw4.c:17402: Tests skipped: D3D interface is not available, skipping test.
ddraw4.c:17558: Test failed: WM_KILLFOCUS was not received.
ddraw4.c:17605: Tests skipped: Failed to create a 3D device, skipping test.
ddraw4.c:17735: Test failed: Got unexpected hr 0x887600e1.
ddraw4.c:17738: Test failed: Got unexpected hr 0x887600ff.
ddraw4.c:17739: this is the last test seen before the exception
2300:ddraw4: unhandled exception c0000005 at 00007FF7DE1B15C2
ddraw:ddraw4:2300 done (-1073741819) in 17s 11438B
ddraw:ddraw7 start dlls/ddraw/tests/ddraw7.c
ddraw7.c:20946: Driver string: "d3d10warp.dll"
ddraw7.c:20947: Description string: "Red Hat VirtIO GPU DOD controller"
ddraw7.c:20948: Driver version 0.0.0.0
ddraw7.c:20963: D3D interface is not available.
ddraw7.c:183: Test failed: Failed to create foreground window
ddraw7.c:882: Tests skipped: Failed to create a 3D device, skipping test.
ddraw7.c:1420: Tests skipped: Failed to create a 3D device, skipping test.
ddraw7.c:1556: Tests skipped: D3D interface is not available, skipping test.
ddraw7.c:1661: Tests skipped: Hardware device: Failed to create a 3D device, skipping test.
ddraw7.c:1661: Tests skipped: Software device: Failed to create a 3D device, skipping test.
ddraw7.c:1824: Tests skipped: Failed to create a 3D device, skipping test.
ddraw7.c:1919: Tests skipped: Hardware device: Failed to create a 3D device, skipping test.
ddraw7.c:1919: Tests skipped: Software device: Failed to create a 3D device, skipping test.
ddraw7.c:2023: Tests skipped: Hardware device: Failed to create a 3D device, skipping test.
ddraw7.c:2023: Tests skipped: Software device: Failed to create a 3D device, skipping test.
ddraw7.c:2149: Tests skipped: Failed to create a 3D device, skipping test.
ddraw7.c:2243: Tests skipped: Failed to create a 3D device, skipping test.
ddraw7.c:2527: Tests skipped: Failed to create a 3D device, skipping test.
ddraw7.c:2609: Tests skipped: Failed to create a 3D device, skipping test.
ddraw7.c:2657: Test failed: Expected message 0x46, but didn't receive it.
ddraw7.c:2780: Test failed: Failed to set foreground window.
ddraw7.c:2788: Test failed: Failed to set foreground window.
ddraw7.c:2814: Test failed: Expected window style 0x14cf0000, got 0x4cf0000.
ddraw7.c:2817: Test failed: Expected window extended style 0x108, got 0x100.
ddraw7.c:2824: Test failed: Expected window extended style 0x108, got 0x100.
ddraw7.c:2833: Test failed: Expected window extended style 0x108, got 0x100.
ddraw7.c:2842: Test failed: Expected window extended style 0x108, got 0x100.
ddraw7.c:2845: Test failed: Failed to set foreground window.
ddraw7.c:2852: Test failed: Expected window style 0x14cf0000, got 0x4cf0000.
ddraw7.c:2855: Test failed: Expected window extended style 0x108, got 0x100.
ddraw7.c:2868: Test failed: Failed to set foreground window.
ddraw7.c:2893: Test failed: Failed to set foreground window.
ddraw7.c:2908: Test failed: Failed to set foreground window.
ddraw7.c:2917: Test failed: Expected window extended style 0x108, got 0x100.
ddraw7.c:2937: Test failed: Expected window extended style 0x108, got 0x100.
ddraw7.c:2940: Test failed: Failed to set foreground window.
ddraw7.c:2943: Test failed: Expected window style 0x34cf0000, got 0x14cf0000.
ddraw7.c:2946: Test failed: Expected window extended style 0x108, got 0x100.
ddraw7.c:2959: Test failed: Expected WS_EX_TOPMOST.
ddraw7.c:2976: Test failed: Expected WS_EX_TOPMOST.
ddraw7.c:3282: Test failed: Expected message 0x46, but didn't receive it.
ddraw7.c:3284: Test failed: Expected screen size 640x480, got 0x0.
ddraw7.c:3289: Test failed: Expected (0,0)-(640,480), got (0,0)-(848,480).
ddraw7.c:3303: Test failed: Expected message 0xf, but didn't receive it.
ddraw7.c:3337: Test failed: Expected message 0x46, but didn't receive it.
ddraw7.c:3339: Test failed: Expected screen size 848x480, got 0x0.
ddraw7.c:3344: Test failed: Expected (0,0)-(848,480), got (0,0)-(640,480).
ddraw7.c:3350: Test failed: Failed to set foreground window.
ddraw7.c:3351: Test failed: Expected message 0x6, but didn't receive it.
ddraw7.c:3358: Test failed: Got unexpected screen size 848x480.
ddraw7.c:3364: Test failed: Expected message 0x7e, but didn't receive it.
ddraw7.c:3367: Test failed: Expected (0,0)-(640,480), got (-32000,-32000)-(-31840,-31972).
ddraw7.c:3371: Test failed: Got unexpected screen size 1280x800.
ddraw7.c:3384: Test failed: Expected message 0x46, but didn't receive it.
ddraw7.c:3413: Test marked flaky: Expected message 0x46, but didn't receive it.
ddraw7.c:3416: Test marked flaky: Expected screen size 1280x800, got 0x0.
ddraw7.c:3423: Test marked flaky: Expected (0,0)-(1280,800), got (-8,-8)-(1288,760).
ddraw7.c:3468: Test marked flaky: Expected (0,0)-(1280,800), got (-8,-8)-(1288,760).
ddraw7.c:3476: Test marked flaky: Expected (0,0)-(1280,800), got (-8,-8)-(1288,760).
ddraw7.c:3510: Test marked flaky: Expected (0,0)-(1280,800), got (-8,-8)-(1288,760).
ddraw7.c:3528: Test failed: Expected message 0x7e, but didn't receive it.
ddraw7.c:3534: Test marked flaky: Expected (0,0)-(1280,800), got (-8,-8)-(1288,760).
ddraw7.c:3551: Test failed: Expected message 0x7e, but didn't receive it.
ddraw7.c:3557: Test marked flaky: Expected (0,0)-(1280,800), got (-8,-8)-(1288,760).
ddraw7.c:3590: Test marked flaky: Expected (0,0)-(1280,800), got (-8,-8)-(1288,760).
ddraw7.c:3605: Test failed: Expected message 0x7e, but didn't receive it.
ddraw7.c:3611: Test marked flaky: Expected (0,0)-(1280,800), got (-8,-8)-(1288,760).
ddraw7.c:3655: Test marked flaky: Expected (0,0)-(1280,800), got (-8,-8)-(1288,760).
ddraw7.c:3666: Test marked flaky: Expected (0,0)-(1280,800), got (-8,-8)-(1288,760).
ddraw7.c:3700: Test marked flaky: Expected (0,0)-(1280,800), got (-8,-8)-(1288,760).
ddraw7.c:3718: Test failed: Expected message 0x7e, but didn't receive it.
ddraw7.c:3724: Test marked flaky: Expected (0,0)-(1280,800), got (-8,-8)-(1288,760).
ddraw7.c:3741: Test failed: Expected message 0x7e, but didn't receive it.
ddraw7.c:3747: Test marked flaky: Expected (0,0)-(1280,800), got (-8,-8)-(1288,760).
ddraw7.c:3780: Test marked flaky: Expected (0,0)-(1280,800), got (-8,-8)-(1288,760).
ddraw7.c:3795: Test failed: Expected message 0x7e, but didn't receive it.
ddraw7.c:3801: Test marked flaky: Expected (0,0)-(1280,800), got (-8,-8)-(1288,760).
ddraw7.c:3853: Test marked flaky: Expected (0,0)-(1280,800), got (-8,-8)-(1288,760).
ddraw7.c:3870: Test failed: Expected message 0x47, but didn't receive it.
ddraw7.c:3872: Test failed: Expected screen size 1280x800, got 0x0.
ddraw7.c:3879: Test failed: Expected (0,0)-(1280,800), got (-8,-8)-(648,440).
ddraw7.c:3955: Test failed: Expected message 0x47, but didn't receive it.
ddraw7.c:3959: Test failed: Expected screen size 2 1280x800, got 0x0.
ddraw7.c:3965: Test marked flaky: Expected (0,0)-(640,480), got (-8,-8)-(648,440).
ddraw7.c:3968: Test failed: Expected (0,0)-(1280,800), got (0,0)-(136,100).
ddraw7.c:3998: Test marked flaky: Expected (0,0)-(640,480), got (-8,-8)-(648,440).
ddraw7.c:4297: Tests skipped: Following tests require two monitors.
ddraw7.c:4582: Tests skipped: Failed to create a 3D device, skipping test.
ddraw7.c:4687: Tests skipped: Failed to create a 3D device, skipping test.
ddraw7.c:4854: Tests skipped: Failed to create a 3D device, skipping test.
ddraw7.c:5353: Tests skipped: Failed to create a 3D device, skipping test.
ddraw7.c:5514: Tests skipped: Failed to create a 3D device, skipping test.
ddraw7.c:5717: Tests skipped: Failed to create a 3D device, skipping test.
ddraw7.c:5910: Tests skipped: Failed to create a 3D device, skipping test.
ddraw7.c:6028: Test failed: Expected WM_ACTIVATEAPP, but did not receive it.
ddraw7.c:6040: Test failed: Expected WM_ACTIVATEAPP, but did not receive it.
ddraw7.c:6052: Test failed: Expected WM_ACTIVATEAPP, but did not receive it.
ddraw7.c:6074: Test failed: Expected WM_ACTIVATEAPP, but did not receive it.
ddraw7.c:6349: Tests skipped: Failed to create a 3D device, skipping test.
ddraw7.c:6572: Tests skipped: Failed to create a 3D device, skipping test.
ddraw7.c:6871: Tests skipped: Hardware device: D3D interface is not available, skipping test.
ddraw7.c:6871: Tests skipped: Software device: D3D interface is not available, skipping test.
ddraw7.c:7346: Tests skipped: D3D interface is not available, skipping test.
ddraw7.c:7484: Tests skipped: Failed to create a 3D device, skipping test.
ddraw7.c:7784: Tests skipped: Failed to create 3D device.
ddraw7.c:8125: Tests skipped: Mipmaps are not supported.
ddraw7.c:8467: Tests skipped: Failed to set 8 bpp display mode, skipping test.
ddraw7.c:8642: Tests skipped: Failed to create a texture, skipping tests.
ddraw7.c:9072: Tests skipped: Mipmapped textures not supported, skipping mipmap private data test.
ddraw7.c:9556: Tests skipped: Mipmapped textures not supported, skipping tests.
ddraw7.c:9661: Tests skipped: Mipmapped textures not supported, skipping mipmap palette test.
ddraw7.c:9920: Tests skipped: Failed to create a 3D device, skipping test.
ddraw7.c:10111: Tests skipped: Failed to set 8 bpp display mode, skipping test.
ddraw7.c:10296: Tests skipped: Failed to set 8 bpp display mode, skipping test.
ddraw7.c:10443: Tests skipped: Failed to create a 3D device, skipping test.
ddraw7.c:10563: Test failed: Failed to set foreground window.
ddraw7.c:10565: Test failed: Got unexpected hr 0.
ddraw7.c:10567: Test failed: Got unexpected hr 0.
ddraw7.c:10569: Test failed: Got unexpected hr 0.
ddraw7.c:10571: Test failed: Got unexpected hr 0.
ddraw7.c:10573: Test failed: Got unexpected hr 0.
ddraw7.c:10583: Test failed: Got unexpected hr 0.
ddraw7.c:10585: Test failed: Got unexpected hr 0.
ddraw7.c:10587: Test failed: Got unexpected hr 0.
ddraw7.c:10591: Test failed: Failed to set foreground window.
ddraw7.c:10595: Test failed: Got unexpected hr 0.
ddraw7.c:10597: Test failed: Got unexpected hr 0.
ddraw7.c:10603: Test failed: Got unexpected hr 0.
ddraw7.c:10627: Test failed: Got unexpected hr 0.
ddraw7.c:10629: Test failed: Got unexpected hr 0x887600e1.
ddraw7.c:10635: Test failed: Got unexpected hr 0.
ddraw7.c:10665: Test failed: Failed to set foreground window.
ddraw7.c:10679: Test failed: Failed to set foreground window.
ddraw7.c:11149: Tests skipped: Failed to create a 3D device, skipping test.
ddraw7.c:11304: Tests skipped: Failed to create a 3D device, skipping test.
ddraw7.c:11488: Tests skipped: Failed to create a 3D device, skipping test.
ddraw7.c:11599: Tests skipped: Failed to create a 3D device, skipping test.
ddraw7.c:11758: Tests skipped: Failed to create a 3D device, skipping test.
ddraw7.c:12047: Tests skipped: Failed to create a 3D device, skipping test.
ddraw7.c:12438: Tests skipped: Failed to create a 3D device, skipping test.
ddraw7.c:12674: Tests skipped: Failed to create a 3D device, skipping test.
ddraw7.c:13073: Tests skipped: Failed to create a 3D device, skipping test.
ddraw7.c:13345: Tests skipped: Failed to create a YV12 overlay, skipping test.
ddraw7.c:13467: Tests skipped: Failed to create a UYVY overlay, skipping test.
ddraw7.c:13547: Tests skipped: Failed to create a UYVY overlay, skipping test.
ddraw7.c:13664: Tests skipped: Failed to create a 3D device, skipping test.
ddraw7.c:13832: Tests skipped: Failed to create a 3D device.
ddraw7.c:13977: Tests skipped: Failed to create a 3D device, skipping test.
ddraw7.c:14241: Tests skipped: Failed to create cube texture for format D3DFMT_A8R8G8B8 (hr 0x80004002), skipping tests.
ddraw7.c:14241: Tests skipped: Failed to create cube texture for format D3DFMT_X8R8G8B8 (hr 0x80004002), skipping tests.
ddraw7.c:14241: Tests skipped: Failed to create cube texture for format D3DFMT_R5G6B5 (hr 0x80004002), skipping tests.
ddraw7.c:14241: Tests skipped: Failed to create cube texture for format D3DFMT_X1R5G5B5 (hr 0x80004002), skipping tests.
ddraw7.c:14241: Line has been silenced after 4 occurrences
ddraw7.c:14131: Tests skipped: Failed to create surface for format D3DFMT_A2R10G10B10 (hr 0x88760091), skipping tests.
ddraw7.c:14131: Tests skipped: Failed to create surface for format D3DFMT_R3G3B2 (hr 0x80004002), skipping tests.
ddraw7.c:14131: Tests skipped: Failed to create surface for format D3DFMT_DXT1 (hr 0x80004002), skipping tests.
ddraw7.c:14131: Tests skipped: Failed to create surface for format D3DFMT_DXT2 (hr 0x80004002), skipping tests.
ddraw7.c:14131: Line has been silenced after 4 occurrences
ddraw7.c:14417: Tests skipped: Failed to create a 3D device, skipping test.
ddraw7.c:14552: Tests skipped: Failed to create a 3D device.
ddraw7.c:14790: Tests skipped: SetDisplayMode failed, skipping test.ddraw7.c:14880: Tests skipped: Failed to create surface, type systemmemory texture.
ddraw7.c:14880: Tests skipped: Failed to create surface, type videomemory texture.
ddraw7.c:15618: Tests skipped: Failed to create a 3D device, skipping test.
ddraw7.c:15740: Tests skipped: Failed to create a 3D device, skipping test.
ddraw7.c:15787: Tests skipped: Failed to create 3D device.
ddraw7.c:15858: Tests skipped: Failed to create 3D device.
ddraw7.c:15905: Tests skipped: Failed to create 3D device.
ddraw7.c:15995: Tests skipped: Failed to create a D3D device, skipping tests.
ddraw7.c:16177: Tests skipped: Failed to create a D3D device, skipping tests.
ddraw7.c:16321: Tests skipped: Failed to create 3D device.
ddraw7.c:16574: Tests skipped: Failed to create a texture, skipping tests.
ddraw7.c:16754: Tests skipped: Failed to create a 3D device, skipping test.
ddraw7.c:16992: Tests skipped: Failed to create a 3D device, skipping test.
ddraw7.c:17451: Tests skipped: Failed to create a 3D device, skipping test.
ddraw7.c:17550: Test failed: WM_KILLFOCUS was not received.
ddraw7.c:17590: Tests skipped: Failed to create a 3D device, skipping test.
ddraw7.c:17712: Test failed: Got unexpected hr 0x887600e1.
ddraw7.c:17715: Test failed: Got unexpected hr 0x887600ff.
ddraw7.c:17716: this is the last test seen before the exception
1344:ddraw7: unhandled exception c0000005 at 00007FF7DE25CF73
ddraw:ddraw7:1344 done (-1073741819) in 17s 13615B
ddraw:ddrawmodes start dlls/ddraw/tests/ddrawmodes.c
ddrawmodes.c:144: Calling DirectDrawEnumerateA with test_nullcontext_callbackA callback and NULL context.
ddrawmodes.c:110: test_nullcontext_callbackA: 0000000000000000 Primary Display Driver display 0000000000000000
ddrawmodes.c:149: Calling DirectDrawEnumerateA with test_context_callbackA callback and non-NULL context.
ddrawmodes.c:121: test_context_callbackA: 0000000000000000 Primary Display Driver display 00000000DEADBEEF
ddrawmodes.c:245: Calling DirectDrawEnumerateExA with empty flags and NULL context.
ddrawmodes.c:193: test_nullcontext_callbackExA: 0000000000000000 Primary Display Driver display 0000000000000000 0000000000000000
ddrawmodes.c:250: Calling DirectDrawEnumerateExA with empty flags and non-NULL context.
ddrawmodes.c:204: test_context_callbackExA: 0000000000000000 Primary Display Driver display 00000000DEADBEEF 0000000000000000
ddrawmodes.c:217: test_count_callbackExA: 0000000000000000 Primary Display Driver display 000000F8FE8FFA50 0000000000000000
ddrawmodes.c:217: test_count_callbackExA: 0000000000000000 Primary Display Driver display 000000F8FE8FFA50 0000000000000000
ddrawmodes.c:270: Calling DirectDrawEnumerateExA with all flags set and NULL context.
ddrawmodes.c:193: test_nullcontext_callbackExA: 0000000000000000 Primary Display Driver display 0000000000000000 0000000000000000
164c:ddrawmodes: 161 tests executed (0 marked as todo, 0 as flaky, 0 failures), 0 skipped.
ddraw:ddrawmodes:164c done (0) in 0s 1426B
ddraw:dsurface start dlls/ddraw/tests/dsurface.c
dsurface.c:2365: Tests skipped: D3DFMT_UYVY surfaces not supported, skipping partial block lock test
dsurface.c:2365: Tests skipped: D3DFMT_YUY2 surfaces not supported, skipping partial block lock test
1d68:dsurface: 1206 tests executed (0 marked as todo, 0 as flaky, 0 failures), 2 skipped.
ddraw:dsurface:1d68 done (0) in 0s 295B
ddraw:refcount start dlls/ddraw/tests/refcount.c
refcount.c:252: Tests skipped: no IDirect3D7 support
refcount.c:373: Tests skipped: no IDirect3D support
0d58:refcount: 49 tests executed (0 marked as todo, 0 as flaky, 0 failures), 2 skipped.
ddraw:refcount:0d58 done (0) in 0s 196B
ddraw:visual start dlls/ddraw/tests/visual.c
visual.c:1606: Tests skipped: Cannot initialize DirectDraw and Direct3D, skipping
1eb0:visual: 3 tests executed (0 marked as todo, 0 as flaky, 0 failures), 1 skipped.
ddraw:visual:1eb0 done (0) in 0s 169B
devenum:devenum start dlls/devenum/tests/devenum.c
devenum.c:1102: Tests skipped: VFW codecs are not enumerated on 64-bit Windows
0e34:devenum: 1593 tests executed (0 marked as todo, 0 as flaky, 0 failures), 1 skipped.
devenum:devenum:0e34 done (0) in 0s 170B
dhcpcsvc:dhcpcsvc start dlls/dhcpcsvc/tests/dhcpcsvc.c
dhcpcsvc.c:57: adapter 'L"Red Hat VirtIO Ethernet Adapter"' type 6 dhcpv4 enabled 1
dhcpcsvc.c:108: 0: Data 000001345F931430 (00ffffff) nBytesData 4 OptionId 1 Flags 00000000 IsVendor 0
dhcpcsvc.c:108: 1: Data 000001345F931434 (01141414) nBytesData 4 OptionId 3 Flags 00000000 IsVendor 0
dhcpcsvc.c:121: 2: Data 000001345F931438 (qemu) nBytesData 4 OptionId 12 Flags 00000000 IsVendor 0
dhcpcsvc.c:108: 3: Data 000001345F93143C (ff141414) nBytesData 4 OptionId 28 Flags 00000000 IsVendor 0
dhcpcsvc.c:57: adapter 'L"Software Loopback Interface 1"' type 24 dhcpv4 enabled 0
1c54:dhcpcsvc: 7 tests executed (0 marked as todo, 0 as flaky, 0 failures), 0 skipped.
dhcpcsvc:dhcpcsvc:1c54 done (0) in 0s 667B
dinput:device8 start dlls/dinput/tests/device8.c
